0, 1, 0, 0, 0, 1, 0, 0
0.03, 1, 0, 0, 0, 1, 0, 0
0.06, 1, 0, 0, -6.16046e-08, 1, 2.57294e-06, 0
0.09, 1, 0, 0, -2.67916e-07, 1, 2.31343e-05, 0
0.12, 1, 0, 0, 1.99773e-07, 1, 9.26955e-05, 0
0.15, 1, 0, 0, 2.8853e-06, 1, 0.000256074, 0
0.18, 1, 0, 0, 9.99884e-06, 1, 0.000570034, 0
0.21, 1, 0, 0, 2.43038e-05, 0.999999, 0.00110104, 0
0.24, 1, 0, 0, 4.89686e-05, 0.999998, 0.0019227, 0
0.27, 1, 0, 0, 8.74172e-05, 0.999994, 0.0031128, 0
0.3, 1, 0, 0, 0.000143157, 0.999985, 0.00475023, 0
0.33, 1, 0, 0, 0.000219588, 0.999968, 0.00691163, 0
0.36, 1, 0, 0, 0.000332107, 0.999944, 0.00919097, 0
0.39, 1, 0, 0, 0.000413324, 0.9999, 0.0123155, 0
0.42, 1, 0, 0, 0.000568177, 0.999825, 0.0162974, 0
0.45, 1, 0, 0, 0.000740391, 0.999705, 0.021123, 0
0.48, 1, 0, 0, 0.00095167, 0.999521, 0.026926, 0
0.51, 1.00001, 0, 0, 0.00120637, 0.99926, 0.0334815, 0
0.54, 1.00001, 0, 0, 0.00148018, 0.998907, 0.0406776, 0
0.57, 1.00001, 0, 0, 0.00177016, 0.998442, 0.048563, 0
0.6, 1.00002, 0, 0, 0.00207689, 0.99784, 0.0571819, 0
0.63, 1.00002, 0, 0, 0.00240432, 0.997086, 0.066391, 0
0.66, 1.00003, 0, 0, 0.0027338, 0.996165, 0.076134, 0
0.69, 1.00003, 0, 0, 0.00306855, 0.995067, 0.0863133, 0
0.72, 1.00004, 0, 0, 0.00339617, 0.993784, 0.0968377, 0
0.75, 1.00005, 0, 0, 0.00371407, 0.992314, 0.107608, 0
0.78, 1.00007, 0, 0, 0.00401454, 0.990664, 0.118514, 0
0.81, 1.00008, 0, 0, 0.00429191, 0.988841, 0.129463, 0
0.84, 1.0001, 0, 0, 0.00454123, 0.986859, 0.14037, 0
0.87, 1.00011, 0, 0, 0.00475934, 0.984735, 0.151143, 0
0.9, 1.00013, 0, 0, 0.00494176, 0.982491, 0.16171, 0
0.93, 1.00015, 0, 0, 0.00508765, 0.98015, 0.171998, 0
0.96, 1.00017, 0, 0, 0.00519408, 0.977735, 0.181961, 0
0.99, 1.00019, 0, 0, 0.00526262, 0.97527, 0.191554, 0
1.02, 1.00021, 0, 0, 0.005293, 0.972778, 0.200744, 0
1.05, 1.00023, 0, 0, 0.00528647, 0.970276, 0.209523, 0
1.08, 1.00025, 0, 0, 0.0052443, 0.967775, 0.217902, 0
1.11, 1.00027, 0, 0, 0.00516815, 0.965281, 0.22591, 0
1.14, 1.0003, 0, 0, 0.00506143, 0.962801, 0.233564, 0
1.17, 1.00032, 0, 0, 0.00492472, 0.960336, 0.240892, 0
1.2, 1.00034, 0, 0, 0.00476106, 0.957891, 0.247911, 0
1.23, 1.00036, 0, 0, 0.004572, 0.955472, 0.254633, 0
1.26, 1.00038, 0, 0, 0.00435883, 0.953081, 0.261072, 0
1.29, 1.00041, 0, 0, 0.00412278, 0.950722, 0.267243, 0
1.32, 1.00043, 0, 0, 0.00386581, 0.948398, 0.273155, 0
1.35, 1.00045, 0, 0, 0.0035882, 0.946111, 0.27882, 0
1.38, 1.00047, 0, 0, 0.00329072, 0.943862, 0.284252, 0
1.41, 1.00049, 0, 0, 0.00297698, 0.94166, 0.289447, 0
1.44, 1.00051, 0, 0, 0.00264475, 0.939504, 0.294417, 0
1.47, 1.00053, 0, 0, 0.00229561, 0.937395, 0.299175, 0
1.5, 1.00055, 0, 0, 0.00193076, 0.935335, 0.303726, 0
1.53, 1.00057, 0, 0, 0.00154936, 0.933325, 0.308079, 0
1.56, 1.00059, 0, 0, 0.00115854, 0.93138, 0.312209, 0
1.59, 1.00061, 0, 0, 0.000745522, 0.929482, 0.316166, 0
1.62, 1.00063, 0, 0, 0.000337064, 0.927673, 0.319874, 0
1.65, 1.00065, 0, 0, -7.34236e-05, 0.925973, 0.323301, 0
1.68, 1.00066, 0, 0, -0.000537261, 0.924255, 0.326702, 0
1.71, 1.00068, 0, 0, -0.000969037, 0.922637, 0.329865, 0
1.74, 1.0007, 0, 0, -0.00144476, 0.921066, 0.33288, 0
1.77, 1.00071, 0, 0, -0.00193052, 0.919529, 0.335789, 0
1.8, 1.00072, 0, 0, -0.00242758, 0.918063, 0.338524, 0
1.83, 1.00074, 0, 0, -0.00293628, 0.91667, 0.341082, 0
1.86, 1.00075, 0, 0, -0.00345681, 0.915351, 0.34347, 0
1.89, 1.00076, 0, 0, -0.00398944, 0.914105, 0.345692, 0
1.92, 1.00077, 0, 0, -0.00453456, 0.912931, 0.347755, 0
1.95, 1.00078, 0, 0, -0.00509167, 0.91183, 0.349659, 0
1.98, 1.00079, 0, 0, -0.00566091, 0.910805, 0.351406, 0
2.01, 1.0008, 0, 0, -0.00624181, 0.909855, 0.352998, 0
2.04, 1.0008, 0, 0, -0.00683491, 0.90898, 0.354437, 0
2.07, 1.00081, 0, 0, -0.00744003, 0.908182, 0.355724, 0
2.1, 1.00081, 0, 0, -0.00805748, 0.90746, 0.356862, 0
2.13, 1.00082, 0, 0, -0.00868686, 0.906815, 0.357852, 0
2.16, 1.00082, 0, 0, -0.00932878, 0.906246, 0.358695, 0
2.19, 1.00082, 0, 0, -0.00998316, 0.905755, 0.359393, 0
2.22, 1.00082, 0, 0, -0.0106502, 0.905341, 0.359947, 0
2.25, 1.00082, 0, 0, -0.0113299, 0.905004, 0.360358, 0
2.28, 1.00082, 0, 0, -0.0120227, 0.904743, 0.360628, 0
2.31, 1.00081, 0, 0, -0.0127286, 0.904559, 0.360756, 0
2.34, 1.00081, 0, 0, -0.0134479, 0.904452, 0.360745, 0
2.37, 1.0008, 0, 0, -0.0141808, 0.904421, 0.360594, 0
2.4, 1.00079, 0, 0, -0.0149273, 0.904466, 0.360304, 0
2.43, 1.00078, 0, 0, -0.0156877, 0.904586, 0.359876, 0
2.46, 1.00077, 0, 0, -0.016462, 0.904781, 0.359309, 0
2.49, 1.00076, 0, 0, -0.0172508, 0.905051, 0.358605, 0
2.52, 1.00074, 0, 0, -0.0180539, 0.905395, 0.357764, 0
2.55, 1.00073, 0, 0, -0.0188716, 0.905812, 0.356785, 0
2.58, 1.00071, 0, 0, -0.0197041, 0.906302, 0.355668, 0
2.61, 1.00069, 0, 0, -0.0205515, 0.906864, 0.354415, 0
2.64, 1.00067, 0, 0, -0.0214139, 0.907497, 0.353023, 0
2.67, 1.00065, 0, 0, -0.0222915, 0.9082, 0.351494, 0
2.7, 1.00063, 0, 0, -0.0231844, 0.908972, 0.349827, 0
2.73, 1.0006, 0, 0, -0.0240927, 0.909813, 0.348022, 0
2.76, 1.00057, 0, 0, -0.0250164, 0.910721, 0.346078, 0
2.79, 1.00054, 0, 0, -0.0259556, 0.911695, 0.343995, 0
2.82, 1.00051, 0, 0, -0.0269105, 0.912734, 0.341772, 0
2.85, 1.00048, 0, 0, -0.0278808, 0.913837, 0.339409, 0
2.88, 1.00044, 0, 0, -0.0288667, 0.915002, 0.336905, 0
2.91, 1.00041, 0, 0, -0.0298682, 0.916228, 0.334259, 0
2.94, 1.00037, 0, 0, -0.030885, 0.917513, 0.331472, 0
2.97, 1.00033, 0, 0, -0.0319174, 0.918855, 0.328542, 0
3, 1.00028, 0, 0, -0.032965, 0.920254, 0.325468, 0
3.03, 1.00024, 0, 0, -0.0340278, 0.921707, 0.322249, 0
3.06, 1.00019, 0, 0, -0.0351056, 0.923212, 0.318886, 0
3.09, 1.00014, 0, 0, -0.0361983, 0.924768, 0.315377, 0
3.12, 1.00009, 0, 0, -0.0373055, 0.926372, 0.311722, 0
3.15, 1.00003, 0, 0, -0.0384272, 0.928022, 0.307919, 0
3.18, 0.999974, 0, 0, -0.0395628, 0.929717, 0.303968, 0
3.21, 0.999914, 0, 0, -0.0407122, 0.931452, 0.299868, 0
3.24, 0.999853, 0, 0, -0.041875, 0.933227, 0.29562, 0
3.27, 0.999789, 0, 0, -0.0430509, 0.935038, 0.291221, 0
3.3, 0.999722, 0, 0, -0.0442393, 0.936884, 0.286671, 0
3.33, 0.999654, 0, 0, -0.0454399, 0.93876, 0.281971, 0
3.36, 0.999583, 0, 0, -0.0466523, 0.940664, 0.277119, 0
3.39, 0.999509, 0, 0, -0.0478756, 0.942593, 0.272116, 0
3.42, 0.999433, 0, 0, -0.0491096, 0.944545, 0.266961, 0
3.45, 0.999355, 0, 0, -0.0503534, 0.946515, 0.261653, 0
3.48, 0.999275, 0, 0, -0.0516069, 0.9485, 0.256194, 0
3.51, 0.999192, 0, 0, -0.0528689, 0.950497, 0.250583, 0
3.54, 0.999107, 0, 0, -0.054139, 0.952503, 0.24482, 0
3.57, 0.99902, 0, 0, -0.0554164, 0.954513, 0.238906, 0
3.6, 0.99893, 0, 0, -0.0567004, 0.956524, 0.232842, 0
3.63, 0.998838, 0, 0, -0.0579903, 0.958532, 0.226627, 0
3.66, 0.998744, 0, 0, -0.0592852, 0.960533, 0.220264, 0
3.69, 0.998648, 0, 0, -0.0605842, 0.962524, 0.213754, 0
3.72, 0.99855, 0, 0, -0.0618864, 0.964499, 0.207097, 0
3.75, 0.99845, 0, 0, -0.0631912, 0.966455, 0.200295, 0
3.78, 0.998348, 0, 0, -0.0644975, 0.968388, 0.193351, 0
3.81, 0.998245, 0, 0, -0.0658044, 0.970293, 0.186266, 0
3.84, 0.99814, 0, 0, -0.067111, 0.972166, 0.179044, 0
3.87, 0.998033, 0, 0, -0.0684163, 0.974002, 0.171685, 0
3.9, 0.997925, 0, 0, -0.0697194, 0.975799, 0.164194, 0
3.93, 0.997815, 0, 0, -0.0710193, 0.97755, 0.156573, 0
3.96, 0.997704, 0, 0, -0.0723149, 0.979252, 0.148826, 0
3.99, 0.997592, 0, 0, -0.0736054, 0.9809, 0.140957, 0
4.02, 0.997479, 0, 0, -0.0748896, 0.982491, 0.13297, 0
4.05, 0.997365, 0, 0, -0.0761667, 0.984019, 0.12487, 0
4.08, 0.99725, 0, 0, -0.0774355, 0.985482, 0.11666, 0
4.11, 0.997135, 0, 0, -0.0786951, 0.986875, 0.108346, 0
4.14, 0.99702, 0, 0, -0.0799446, 0.988194, 0.0999328, 0
4.17, 0.996903, 0, 0, -0.0811828, 0.989436, 0.0914267, 0
4.2, 0.996787, 0, 0, -0.082409, 0.990597, 0.0828331, 0
4.23, 0.996671, 0, 0, -0.0836221, 0.991674, 0.0741583, 0
4.26, 0.996555, 0, 0, -0.0848211, 0.992663, 0.0654085, 0
4.29, 0.99644, 0, 0, -0.0860053, 0.993562, 0.0565906, 0
4.32, 0.996325, 0, 0, -0.0871736, 0.994368, 0.0477113, 0
4.35, 0.99621, 0, 0, -0.0883254, 0.995079, 0.0387779, 0
4.38, 0.996096, 0, 0, -0.0894596, 0.995692, 0.0297976, 0
4.41, 0.995984, 0, 0, -0.0905757, 0.996205, 0.0207781, 0
4.44, 0.995872, 0, 0, -0.0916726, 0.996618, 0.011727, 0
4.47, 0.995762, 0, 0, -0.0927499, 0.996928, 0.00265227, 0
4.5, 0.995653, 0, 0, -0.0938067, 0.997134, -0.00643813, 0
4.53, 0.995545, 0, 0, -0.0948425, 0.997237, -0.0155361, 0
4.56, 0.99544, 0, 0, -0.0958566, 0.997235, -0.0246334, 0
4.59, 0.995336, 0, 0, -0.0968484, 0.997129, -0.0337219, 0
4.62, 0.995234, 0, 0, -0.0978176, 0.996919, -0.0427933, 0
4.65, 0.995134, 0, 0, -0.0987635, 0.996605, -0.0518393, 0
4.68, 0.995036, 0, 0, -0.0996858, 0.99619, -0.0608516, 0
4.71, 0.994941, 0, 0, -0.100584, 0.995673, -0.0698221, 0
4.74, 0.994848, 0, 0, -0.101458, 0.995057, -0.0787427, 0
4.77, 0.994757, 0, 0, -0.102307, 0.994344, -0.0876054, 0
4.8, 0.99467, 0, 0, -0.103132, 0.993536, -0.0964024, 0
4.83, 0.994584, 0, 0, -0.103931, 0.992636, -0.105126, 0
4.86, 0.994501, 0, 0, -0.104705, 0.991647, -0.113769, 0
4.89, 0.994422, 0, 0, -0.105454, 0.990571, -0.122323, 0
4.92, 0.994345, 0, 0, -0.106178, 0.989413, -0.130782, 0
4.95, 0.994271, 0, 0, -0.106876, 0.988176, -0.139139, 0
4.98, 0.994199, 0, 0, -0.107548, 0.986863, -0.147387, 0
5.01, 0.994131, 0, 0, -0.108196, 0.98548, -0.155521, 0
5.04, 0.994066, 0, 0, -0.108818, 0.98403, -0.163533, 0
5.07, 0.994003, 0, 0, -0.109415, 0.982517, -0.171419, 0
5.1, 0.993944, 0, 0, -0.109987, 0.980947, -0.179173, 0
5.13, 0.993888, 0, 0, -0.110535, 0.979324, -0.186791, 0
5.16, 0.993834, 0, 0, -0.111058, 0.977652, -0.194266, 0
5.19, 0.993784, 0, 0, -0.111557, 0.975937, -0.201596, 0
5.22001, 0.993736, 0, 0, -0.112032, 0.974183, -0.208775, 0
5.25001, 0.993691, 0, 0, -0.112483, 0.972396, -0.215801, 0
5.28001, 0.993649, 0, 0, -0.112911, 0.97058, -0.222669, 0
5.31001, 0.99361, 0, 0, -0.113316, 0.96874, -0.229378, 0
5.34001, 0.993573, 0, 0, -0.113698, 0.966882, -0.235924, 0
5.37001, 0.99354, 0, 0, -0.114058, 0.965009, -0.242304, 0
5.40001, 0.993509, 0, 0, -0.114396, 0.963127, -0.248517, 0
5.43001, 0.99348, 0, 0, -0.114713, 0.961241, -0.254561, 0
5.46001, 0.993454, 0, 0, -0.115009, 0.959354, -0.260435, 0
5.49001, 0.993431, 0, 0, -0.115284, 0.957473, -0.266136, 0
5.52001, 0.99341, 0, 0, -0.115539, 0.9556, -0.271665, 0
5.55001, 0.993392, 0, 0, -0.115774, 0.95374, -0.277019, 0
5.58001, 0.993375, 0, 0, -0.115989, 0.951898, -0.2822, 0
5.61001, 0.993361, 0, 0, -0.116186, 0.950076, -0.287206, 0
5.64001, 0.993349, 0, 0, -0.116363, 0.948281, -0.292037, 0
5.67001, 0.99334, 0, 0, -0.116523, 0.946514, -0.296694, 0
5.70001, 0.993332, 0, 0, -0.116665, 0.94478, -0.301176, 0
5.73001, 0.993326, 0, 0, -0.116789, 0.943081, -0.305484, 0
5.76001, 0.993322, 0, 0, -0.116897, 0.941421, -0.309619, 0
5.79001, 0.99332, 0, 0, -0.116987, 0.939804, -0.313581, 0
5.82001, 0.99332, 0, 0, -0.117061, 0.938231, -0.317371, 0
5.85001, 0.993322, 0, 0, -0.11712, 0.936707, -0.32099, 0
5.88001, 0.993325, 0, 0, -0.117162, 0.935232, -0.324439, 0
5.91001, 0.99333, 0, 0, -0.11719, 0.933811, -0.327718, 0
5.94001, 0.993336, 0, 0, -0.117202, 0.932444, -0.330829, 0
5.97001, 0.993344, 0, 0, -0.1172, 0.931134, -0.333772, 0
6.00001, 0.993353, 0, 0, -0.117184, 0.929884, -0.33655, 0
6.03001, 0.993364, 0, 0, -0.117153, 0.928694, -0.339163, 0
6.06001, 0.993376, 0, 0, -0.117109, 0.927568, -0.341612, 0
6.09001, 0.993389, 0, 0, -0.117051, 0.926505, -0.343899, 0
6.12001, 0.993403, 0, 0, -0.11698, 0.925508, -0.346024, 0
6.15001, 0.993419, 0, 0, -0.116895, 0.924577, -0.347989, 0
6.18001, 0.993436, 0, 0, -0.116798, 0.923715, -0.349795, 0
6.21001, 0.993454, 0, 0, -0.116689, 0.922922, -0.351442, 0
6.24001, 0.993473, 0, 0, -0.116567, 0.922198, -0.352933, 0
6.27001, 0.993493, 0, 0, -0.116433, 0.921546, -0.354268, 0
6.30001, 0.993514, 0, 0, -0.116287, 0.920964, -0.355447, 0
6.33001, 0.993536, 0, 0, -0.11613, 0.920455, -0.356473, 0
6.36001, 0.993559, 0, 0, -0.115961, 0.920019, -0.357345, 0
6.39001, 0.993583, 0, 0, -0.11578, 0.919655, -0.358064, 0
6.42001, 0.993607, 0, 0, -0.115589, 0.919364, -0.358632, 0
6.45001, 0.993633, 0, 0, -0.115386, 0.919147, -0.359049, 0
6.48001, 0.993659, 0, 0, -0.115173, 0.919003, -0.359315, 0
6.51001, 0.993686, 0, 0, -0.114949, 0.918933, -0.359431, 0
6.54001, 0.993714, 0, 0, -0.114715, 0.918937, -0.359397, 0
6.57001, 0.993742, 0, 0, -0.114471, 0.919013, -0.359214, 0
6.60001, 0.993771, 0, 0, -0.114216, 0.919163, -0.358882, 0
6.63001, 0.993801, 0, 0, -0.113952, 0.919385, -0.358402, 0
6.66002, 0.993832, 0, 0, -0.113678, 0.91968, -0.357773, 0
6.69002, 0.993862, 0, 0, -0.113395, 0.920046, -0.356995, 0
6.72002, 0.993894, 0, 0, -0.113102, 0.920484, -0.356069, 0
6.75002, 0.993926, 0, 0, -0.1128, 0.920992, -0.354994, 0
6.78002, 0.993958, 0, 0, -0.11249, 0.92157, -0.353771, 0
6.81002, 0.993992, 0, 0, -0.112171, 0.922217, -0.352399, 0
6.84002, 0.994025, 0, 0, -0.111844, 0.922933, -0.350877, 0
6.87002, 0.994059, 0, 0, -0.111509, 0.923715, -0.349207, 0
6.90002, 0.994093, 0, 0, -0.111166, 0.924564, -0.347386, 0
6.93002, 0.994128, 0, 0, -0.110816, 0.925477, -0.345415, 0
6.96002, 0.994163, 0, 0, -0.110458, 0.926454, -0.343293, 0
6.99002, 0.994198, 0, 0, -0.110094, 0.927493, -0.34102, 0
7.02002, 0.994233, 0, 0, -0.109723, 0.928593, -0.338594, 0
7.05002, 0.994269, 0, 0, -0.109346, 0.929753, -0.336017, 0
7.08002, 0.994304, 0, 0, -0.108963, 0.93097, -0.333286, 0
7.11002, 0.99434, 0, 0, -0.108575, 0.932243, -0.330401, 0
7.14002, 0.994376, 0, 0, -0.108182, 0.933569, -0.327361, 0
7.17002, 0.994412, 0, 0, -0.107785, 0.934948, -0.324166, 0
7.20002, 0.994448, 0, 0, -0.107384, 0.936377, -0.320815, 0
7.23002, 0.994484, 0, 0, -0.106979, 0.937854, -0.317307, 0
7.26002, 0.99452, 0, 0, -0.106571, 0.939375, -0.313641, 0
7.29002, 0.994556, 0, 0, -0.10616, 0.940941, -0.309818, 0
7.32002, 0.994591, 0, 0, -0.105747, 0.942546, -0.305835, 0
7.35002, 0.994627, 0, 0, -0.105333, 0.944189, -0.301693, 0
7.38002, 0.994662, 0, 0, -0.104919, 0.945868, -0.29739, 0
7.41002, 0.994697, 0, 0, -0.104504, 0.947578, -0.292927, 0
7.44002, 0.994732, 0, 0, -0.104089, 0.949317, -0.288302, 0
7.47002, 0.994766, 0, 0, -0.103675, 0.951082, -0.283516, 0
7.50002, 0.9948, 0, 0, -0.103264, 0.95287, -0.278568, 0
7.53002, 0.994833, 0, 0, -0.102854, 0.954677, -0.273458, 0
7.56002, 0.994866, 0, 0, -0.102448, 0.956499, -0.268186, 0
7.59002, 0.994899, 0, 0, -0.102045, 0.958334, -0.262752, 0
7.62002, 0.99493, 0, 0, -0.101648, 0.960176, -0.257155, 0
7.65002, 0.994962, 0, 0, -0.101255, 0.962022, -0.251397, 0
7.68002, 0.994992, 0, 0, -0.100869, 0.963868, -0.245477, 0
7.71002, 0.995022, 0, 0, -0.10049, 0.96571, -0.239397, 0
7.74002, 0.995051, 0, 0, -0.100118, 0.967543, -0.233158, 0
7.77002, 0.995079, 0, 0, -0.0997547, 0.969364, -0.22676, 0
7.80002, 0.995107, 0, 0, -0.0994009, 0.971167, -0.220204, 0
7.83002, 0.995134, 0, 0, -0.0990572, 0.972948, -0.213493, 0
7.86002, 0.995159, 0, 0, -0.0987244, 0.974703, -0.206628, 0
7.89002, 0.995185, 0, 0, -0.0984034, 0.976427, -0.199611, 0
7.92002, 0.995209, 0, 0, -0.098095, 0.978114, -0.192444, 0
7.95002, 0.995232, 0, 0, -0.0978001, 0.979761, -0.18513, 0
7.98002, 0.995254, 0, 0, -0.0975193, 0.981362, -0.177673, 0
8.01002, 0.995275, 0, 0, -0.0972534, 0.982912, -0.170074, 0
8.04002, 0.995295, 0, 0, -0.0970034, 0.984407, -0.162339, 0
8.07002, 0.995314, 0, 0, -0.0967698, 0.985843, -0.154469, 0
8.10002, 0.995331, 0, 0, -0.0965535, 0.987213, -0.146471, 0
8.13002, 0.995348, 0, 0, -0.0963551, 0.988514, -0.138348, 0
8.16002, 0.995364, 0, 0, -0.0961755, 0.989741, -0.130105, 0
8.19002, 0.995378, 0, 0, -0.0960151, 0.990889, -0.121747, 0
8.22002, 0.995391, 0, 0, -0.0958747, 0.991954, -0.113281, 0
8.25002, 0.995403, 0, 0, -0.0957548, 0.992932, -0.104711, 0
8.28002, 0.995414, 0, 0, -0.095656, 0.993819, -0.0960438, 0
8.31002, 0.995424, 0, 0, -0.0955788, 0.994611, -0.0872863, 0
8.34002, 0.995432, 0, 0, -0.0955238, 0.995305, -0.0784451, 0
8.37002, 0.99544, 0, 0, -0.0954913, 0.995896, -0.0695275, 0
8.40002, 0.995446, 0, 0, -0.0954816, 0.996383, -0.0605407, 0
8.43002, 0.995451, 0, 0, -0.0954952, 0.996761, -0.0514926, 0
8.46002, 0.995454, 0, 0, -0.0955324, 0.997029, -0.042391, 0
8.49002, 0.995456, 0, 0, -0.0955933, 0.997185, -0.0332441, 0
8.52002, 0.995458, 0, 0, -0.0956782, 0.997226, -0.0240604, 0
8.55002, 0.995457, 0, 0, -0.0957871, 0.997151, -0.0148484, 0
8.58002, 0.995456, 0, 0, -0.0959202, 0.996959, -0.00561679, 0
8.61002, 0.995453, 0, 0, -0.0960774, 0.996649, 0.00362551, 0
8.64002, 0.995449, 0, 0, -0.0962587, 0.996221, 0.0128696, 0
8.67002, 0.995444, 0, 0, -0.0964641, 0.995675, 0.0221064, 0
8.70002, 0.995437, 0, 0, -0.0966933, 0.995012, 0.0313269, 0
8.73002, 0.995429, 0, 0, -0.0969462, 0.994231, 0.0405221, 0
8.76002, 0.99542, 0, 0, -0.0972224, 0.993335, 0.049683, 0
8.79002, 0.99541, 0, 0, -0.0975219, 0.992325, 0.0588005, 0
8.82002, 0.995398, 0, 0, -0.097844, 0.991203, 0.0678659, 0
8.85002, 0.995385, 0, 0, -0.0981886, 0.989972, 0.0768704, 0
8.88002, 0.99537, 0, 0, -0.0985549, 0.988634, 0.0858056, 0
8.91002, 0.995355, 0, 0, -0.0989428, 0.987193, 0.0946631, 0
8.94002, 0.995338, 0, 0, -0.0993515, 0.985651, 0.103435, 0
8.97002, 0.99532, 0, 0, -0.0997806, 0.984014, 0.112113, 0
9.00002, 0.9953, 0, 0, -0.100229, 0.982284, 0.120689, 0
9.03001, 0.995279, 0, 0, -0.100697, 0.980467, 0.129157, 0
9.06001, 0.995257, 0, 0, -0.101184, 0.978566, 0.13751, 0
9.09001, 0.995233, 0, 0, -0.101688, 0.976588, 0.14574, 0
9.12001, 0.995209, 0, 0, -0.102209, 0.974536, 0.153842, 0
9.15001, 0.995183, 0, 0, -0.102747, 0.972417, 0.16181, 0
9.18001, 0.995155, 0, 0, -0.1033, 0.970235, 0.169639, 0
9.21001, 0.995126, 0, 0, -0.103869, 0.967996, 0.177322, 0
9.24001, 0.995096, 0, 0, -0.104452, 0.965705, 0.184856, 0
9.27001, 0.995065, 0, 0, -0.105048, 0.963369, 0.192236, 0
9.30001, 0.995032, 0, 0, -0.105657, 0.960993, 0.199459, 0
9.33001, 0.994998, 0, 0, -0.106279, 0.958583, 0.206521, 0
9.36001, 0.994962, 0, 0, -0.106911, 0.956143, 0.213418, 0
9.39001, 0.994925, 0, 0, -0.107555, 0.953681, 0.220149, 0
9.42001, 0.994887, 0, 0, -0.108209, 0.951201, 0.226711, 0
9.45001, 0.994848, 0, 0, -0.108872, 0.94871, 0.233101, 0
9.48001, 0.994807, 0, 0, -0.109544, 0.946212, 0.239319, 0
9.51001, 0.994765, 0, 0, -0.110225, 0.943712, 0.245363, 0
9.54001, 0.994721, 0, 0, -0.110913, 0.941217, 0.251232, 0
9.57001, 0.994676, 0, 0, -0.111608, 0.93873, 0.256925, 0
9.60001, 0.994629, 0, 0, -0.11231, 0.936257, 0.262443, 0
9.63001, 0.994581, 0, 0, -0.113019, 0.933802, 0.267785, 0
9.66001, 0.994532, 0, 0, -0.113733, 0.93137, 0.272952, 0
9.69001, 0.994481, 0, 0, -0.114453, 0.928966, 0.277943, 0
9.72001, 0.994429, 0, 0, -0.115177, 0.926592, 0.28276, 0
9.75001, 0.994376, 0, 0, -0.115907, 0.924254, 0.287403, 0
9.78001, 0.994321, 0, 0, -0.116641, 0.921955, 0.291873, 0
9.81001, 0.994264, 0, 0, -0.11738, 0.919697, 0.296172, 0
9.84001, 0.994205, 0, 0, -0.118122, 0.917486, 0.300302, 0
9.87001, 0.994146, 0, 0, -0.118868, 0.915323, 0.304262, 0
9.90001, 0.994084, 0, 0, -0.119619, 0.913212, 0.308056, 0
9.93001, 0.994022, 0, 0, -0.120373, 0.911155, 0.311684, 0
9.96001, 0.993957, 0, 0, -0.121131, 0.909155, 0.315148, 0
9.99001, 0.993891, 0, 0, -0.121892, 0.907215, 0.318451, 0
10.02, 0.993823, 0, 0, -0.122657, 0.905335, 0.321594, 0
10.05, 0.993753, 0, 0, -0.123427, 0.903519, 0.324578, 0
10.08, 0.993681, 0, 0, -0.1242, 0.901769, 0.327406, 0
10.11, 0.993608, 0, 0, -0.124977, 0.900085, 0.33008, 0
10.14, 0.993532, 0, 0, -0.125759, 0.898469, 0.332601, 0
10.17, 0.993455, 0, 0, -0.126546, 0.896923, 0.334971, 0
10.2, 0.993375, 0, 0, -0.127337, 0.895449, 0.337193, 0
10.23, 0.993294, 0, 0, -0.128133, 0.894046, 0.339267, 0
10.26, 0.99321, 0, 0, -0.128935, 0.892716, 0.341196, 0
10.29, 0.993124, 0, 0, -0.129743, 0.89146, 0.342982, 0
10.32, 0.993035, 0, 0, -0.130557, 0.890278, 0.344625, 0
10.35, 0.992945, 0, 0, -0.131377, 0.889172, 0.346128, 0
10.38, 0.992851, 0, 0, -0.132205, 0.888141, 0.347493, 0
10.41, 0.992756, 0, 0, -0.13304, 0.887186, 0.34872, 0
10.44, 0.992657, 0, 0, -0.133883, 0.886308, 0.34981, 0
10.47, 0.992556, 0, 0, -0.134735, 0.885506, 0.350767, 0
10.5, 0.992452, 0, 0, -0.135595, 0.884781, 0.351589, 0
10.53, 0.992345, 0, 0, -0.136465, 0.884133, 0.352279, 0
10.56, 0.992236, 0, 0, -0.137345, 0.883561, 0.352838, 0
10.59, 0.992122, 0, 0, -0.138235, 0.883067, 0.353267, 0
10.62, 0.992006, 0, 0, -0.139136, 0.882649, 0.353566, 0
10.65, 0.991886, 0, 0, -0.140049, 0.882308, 0.353737, 0
10.68, 0.991763, 0, 0, -0.140974, 0.882043, 0.35378, 0
10.71, 0.991637, 0, 0, -0.141912, 0.881853, 0.353695, 0
10.74, 0.991506, 0, 0, -0.142863, 0.88174, 0.353484, 0
10.77, 0.991372, 0, 0, -0.143828, 0.881701, 0.353146, 0
10.8, 0.991234, 0, 0, -0.144807, 0.881738, 0.352683, 0
10.83, 0.991092, 0, 0, -0.145801, 0.881849, 0.352094, 0
10.86, 0.990946, 0, 0, -0.146811, 0.882033, 0.35138, 0
10.89, 0.990795, 0, 0, -0.147836, 0.88229, 0.35054, 0
10.92, 0.99064, 0, 0, -0.148879, 0.88262, 0.349576, 0
10.95, 0.99048, 0, 0, -0.149938, 0.883022, 0.348486, 0
10.98, 0.990316, 0, 0, -0.151015, 0.883494, 0.347271, 0
11.01, 0.990147, 0, 0, -0.15211, 0.884037, 0.34593, 0
11.04, 0.989973, 0, 0, -0.153223, 0.88465, 0.344464, 0
11.07, 0.989794, 0, 0, -0.154356, 0.88533, 0.342872, 0
11.1, 0.98961, 0, 0, -0.155508, 0.886078, 0.341154, 0
11.13, 0.989421, 0, 0, -0.156679, 0.886893, 0.339309, 0
11.16, 0.989226, 0, 0, -0.157871, 0.887773, 0.337337, 0
11.19, 0.989025, 0, 0, -0.159084, 0.888718, 0.335237, 0
11.22, 0.988819, 0, 0, -0.160317, 0.889726, 0.333009, 0
11.25, 0.988607, 0, 0, -0.161572, 0.890796, 0.330652, 0
11.28, 0.988388, 0, 0, -0.162849, 0.891926, 0.328165, 0
11.31, 0.988164, 0, 0, -0.164147, 0.893116, 0.325549, 0
11.34, 0.987934, 0, 0, -0.165467, 0.894364, 0.322801, 0
11.37, 0.987697, 0, 0, -0.166809, 0.895668, 0.319922, 0
11.4, 0.987454, 0, 0, -0.168174, 0.897027, 0.316911, 0
11.43, 0.987205, 0, 0, -0.169561, 0.898439, 0.313766, 0
11.46, 0.986948, 0, 0, -0.170971, 0.899903, 0.310488, 0
11.49, 0.986685, 0, 0, -0.172404, 0.901417, 0.307074, 0
11.52, 0.986416, 0, 0, -0.173859, 0.902978, 0.303526, 0
11.55, 0.986139, 0, 0, -0.175337, 0.904585, 0.299841, 0
11.58, 0.985855, 0, 0, -0.176837, 0.906236, 0.296019, 0
11.61, 0.985564, 0, 0, -0.17836, 0.907929, 0.29206, 0
11.64, 0.985266, 0, 0, -0.179906, 0.909661, 0.287962, 0
11.67, 0.984961, 0, 0, -0.181473, 0.911431, 0.283726, 0
11.7, 0.984648, 0, 0, -0.183062, 0.913235, 0.27935, 0
11.73, 0.984328, 0, 0, -0.184673, 0.915071, 0.274833, 0
11.76, 0.984001, 0, 0, -0.186306, 0.916937, 0.270177, 0
11.79, 0.983666, 0, 0, -0.187959, 0.91883, 0.26538, 0
11.82, 0.983324, 0, 0, -0.189633, 0.920747, 0.260441, 0
11.85, 0.982975, 0, 0, -0.191327, 0.922685, 0.255362, 0
11.88, 0.982618, 0, 0, -0.193041, 0.924641, 0.250141, 0
11.91, 0.982253, 0, 0, -0.194774, 0.926613, 0.244779, 0
11.94, 0.981881, 0, 0, -0.196526, 0.928596, 0.239276, 0
11.97, 0.981502, 0, 0, -0.198295, 0.930588, 0.233632, 0
12, 0.981116, 0, 0, -0.200082, 0.932586, 0.227848, 0
12.03, 0.980722, 0, 0, -0.201886, 0.934585, 0.221925, 0
12.06, 0.980321, 0, 0, -0.203706, 0.936583, 0.215863, 0
12.09, 0.979913, 0, 0, -0.205541, 0.938575, 0.209662, 0
12.12, 0.979498, 0, 0, -0.20739, 0.940559, 0.203326, 0
12.15, 0.979076, 0, 0, -0.209253, 0.942529, 0.196854, 0
12.18, 0.978647, 0, 0, -0.211128, 0.944484, 0.190249, 0
12.21, 0.978211, 0, 0, -0.213016, 0.946418, 0.183512, 0
12.24, 0.97777, 0, 0, -0.214914, 0.948329, 0.176645, 0
12.27, 0.977321, 0, 0, -0.216822, 0.950211, 0.169651, 0
12.3, 0.976867, 0, 0, -0.218739, 0.952061, 0.162532, 0
12.33, 0.976407, 0, 0, -0.220664, 0.953876, 0.155291, 0
12.36, 0.975941, 0, 0, -0.222596, 0.955651, 0.147931, 0
12.39, 0.97547, 0, 0, -0.224533, 0.957382, 0.140456, 0
12.42, 0.974993, 0, 0, -0.226476, 0.959067, 0.132869, 0
12.45, 0.974511, 0, 0, -0.228422, 0.9607, 0.125173, 0
12.48, 0.974025, 0, 0, -0.230371, 0.962278, 0.117374, 0
12.51, 0.973534, 0, 0, -0.232321, 0.963798, 0.109475, 0
12.54, 0.973038, 0, 0, -0.234272, 0.965256, 0.101481, 0
12.57, 0.972539, 0, 0, -0.236221, 0.966649, 0.093397, 0
12.6, 0.972037, 0, 0, -0.238169, 0.967974, 0.0852284, 0
12.63, 0.971531, 0, 0, -0.240114, 0.969226, 0.0769803, 0
12.66, 0.971022, 0, 0, -0.242055, 0.970404, 0.0686589, 0
12.69, 0.970511, 0, 0, -0.243991, 0.971504, 0.0602697, 0
12.72, 0.969997, 0, 0, -0.24592, 0.972525, 0.0518191, 0
12.75, 0.969481, 0, 0, -0.247842, 0.973462, 0.0433134, 0
12.78, 0.968964, 0, 0, -0.249756, 0.974315, 0.0347594, 0
12.81, 0.968445, 0, 0, -0.25166, 0.975082, 0.0261637, 0
12.84, 0.967926, 0, 0, -0.253554, 0.97576, 0.0175333, 0
12.87, 0.967406, 0, 0, -0.255436, 0.976349, 0.00887539, 0
12.9, 0.966886, 0, 0, -0.257305, 0.976846, 0.000197075, 0
12.93, 0.966365, 0, 0, -0.259161, 0.977252, -0.00849412, 0
12.96, 0.965846, 0, 0, -0.261003, 0.977565, -0.0171908, 0
12.99, 0.965327, 0, 0, -0.26283, 0.977786, -0.0258855, 0
13.02, 0.96481, 0, 0, -0.26464, 0.977914, -0.0345706, 0
13.05, 0.964294, 0, 0, -0.266434, 0.977949, -0.0432384, 0
13.08, 0.96378, 0, 0, -0.26821, 0.977893, -0.0518815, 0
13.11, 0.963267, 0, 0, -0.269967, 0.977745, -0.0604923, 0
13.14, 0.962758, 0, 0, -0.271706, 0.977507, -0.0690632, 0
13.17, 0.962251, 0, 0, -0.273425, 0.977181, -0.0775866, 0
13.2, 0.961747, 0, 0, -0.275124, 0.976767, -0.0860553, 0
13.23, 0.961247, 0, 0, -0.276801, 0.976269, -0.094462, 0
13.26, 0.96075, 0, 0, -0.278458, 0.975688, -0.1028, 0
13.29, 0.960257, 0, 0, -0.280093, 0.975027, -0.111061, 0
13.32, 0.959768, 0, 0, -0.281705, 0.974288, -0.11924, 0
13.35, 0.959284, 0, 0, -0.283295, 0.973474, -0.127329, 0
13.38, 0.958804, 0, 0, -0.284863, 0.972589, -0.135322, 0
13.41, 0.958329, 0, 0, -0.286407, 0.971635, -0.143213, 0
13.44, 0.957858, 0, 0, -0.287927, 0.970617, -0.150996, 0
13.47, 0.957393, 0, 0, -0.289424, 0.969538, -0.158666, 0
13.5, 0.956933, 0, 0, -0.290898, 0.968401, -0.166216, 0
13.53, 0.956479, 0, 0, -0.292347, 0.967211, -0.173642, 0
13.56, 0.95603, 0, 0, -0.293773, 0.965972, -0.180939, 0
13.59, 0.955586, 0, 0, -0.295175, 0.964687, -0.188102, 0
13.62, 0.955148, 0, 0, -0.296553, 0.963362, -0.195127, 0
13.65, 0.954717, 0, 0, -0.297907, 0.961999, -0.20201, 0
13.68, 0.95429, 0, 0, -0.299238, 0.960604, -0.208746, 0
13.71, 0.95387, 0, 0, -0.300545, 0.959181, -0.215334, 0
13.74, 0.953456, 0, 0, -0.301829, 0.957733, -0.221769, 0
13.77, 0.953048, 0, 0, -0.30309, 0.956266, -0.228048, 0
13.8, 0.952645, 0, 0, -0.304327, 0.954783, -0.234169, 0
13.83, 0.952249, 0, 0, -0.305543, 0.95329, -0.24013, 0
13.86, 0.951859, 0, 0, -0.306735, 0.951788, -0.245927, 0
13.89, 0.951474, 0, 0, -0.307906, 0.950284, -0.25156, 0
13.92, 0.951096, 0, 0, -0.309055, 0.948781, -0.257027, 0
13.95, 0.950723, 0, 0, -0.310183, 0.947282, -0.262326, 0
13.98, 0.950356, 0, 0, -0.311289, 0.945792, -0.267456, 0
14.01, 0.949994, 0, 0, -0.312376, 0.944314, -0.272416, 0
14.04, 0.949639, 0, 0, -0.313442, 0.942852, -0.277205, 0
14.07, 0.949288, 0, 0, -0.314488, 0.941409, -0.281822, 0
14.1, 0.948944, 0, 0, -0.315515, 0.939989, -0.286268, 0
14.13, 0.948604, 0, 0, -0.316524, 0.938595, -0.290541, 0
14.16, 0.94827, 0, 0, -0.317514, 0.937229, -0.294641, 0
14.19, 0.947941, 0, 0, -0.318487, 0.935895, -0.298569, 0
14.22, 0.947617, 0, 0, -0.319442, 0.934596, -0.302324, 0
14.25, 0.947297, 0, 0, -0.32038, 0.933334, -0.305906, 0
14.28, 0.946982, 0, 0, -0.321303, 0.932111, -0.309316, 0
14.31, 0.946672, 0, 0, -0.32221, 0.930931, -0.312554, 0
14.34, 0.946366, 0, 0, -0.323101, 0.929795, -0.315621, 0
14.37, 0.946064, 0, 0, -0.323979, 0.928705, -0.318516, 0
14.4, 0.945767, 0, 0, -0.324842, 0.927664, -0.321241, 0
14.43, 0.945473, 0, 0, -0.325692, 0.926672, -0.323795, 0
14.46, 0.945183, 0, 0, -0.326528, 0.925732, -0.32618, 0
14.49, 0.944897, 0, 0, -0.327353, 0.924846, -0.328395, 0
14.52, 0.944614, 0, 0, -0.328166, 0.924014, -0.330442, 0
14.55, 0.944334, 0, 0, -0.328968, 0.923238, -0.332322, 0
14.58, 0.944057, 0, 0, -0.32976, 0.922518, -0.334033, 0
14.61, 0.943783, 0, 0, -0.330541, 0.921857, -0.335578, 0
14.64, 0.943512, 0, 0, -0.331313, 0.921255, -0.336957, 0
14.67, 0.943243, 0, 0, -0.332077, 0.920711, -0.33817, 0
14.7, 0.942976, 0, 0, -0.332832, 0.920228, -0.339218, 0
14.73, 0.942712, 0, 0, -0.33358, 0.919806, -0.340101, 0
14.76, 0.942449, 0, 0, -0.334321, 0.919444, -0.340819, 0
14.79, 0.942188, 0, 0, -0.335056, 0.919144, -0.341374, 0
14.82, 0.941929, 0, 0, -0.335784, 0.918905, -0.341765, 0
14.85, 0.941671, 0, 0, -0.336508, 0.918727, -0.341993, 0
14.88, 0.941414, 0, 0, -0.337227, 0.91861, -0.342058, 0
14.91, 0.941158, 0, 0, -0.337943, 0.918555, -0.34196, 0
14.94, 0.940903, 0, 0, -0.338655, 0.918559, -0.3417, 0
14.97, 0.940648, 0, 0, -0.339364, 0.918625, -0.341277, 0
15, 0.940394, 0, 0, -0.340071, 0.918749, -0.340692, 0
15.03, 0.940139, 0, 0, -0.340777, 0.918933, -0.339945, 0
15.06, 0.939885, 0, 0, -0.341482, 0.919175, -0.339035, 0
15.09, 0.93963, 0, 0, -0.342187, 0.919474, -0.337963, 0
15.12, 0.939374, 0, 0, -0.342892, 0.919829, -0.336728, 0
15.15, 0.939118, 0, 0, -0.343598, 0.920239, -0.335331, 0
15.18, 0.938861, 0, 0, -0.344305, 0.920703, -0.333771, 0
15.21, 0.938603, 0, 0, -0.345015, 0.92122, -0.332048, 0
15.24, 0.938343, 0, 0, -0.345728, 0.921788, -0.330162, 0
15.27, 0.938082, 0, 0, -0.346444, 0.922404, -0.328112, 0
15.3, 0.937819, 0, 0, -0.347163, 0.923069, -0.325899, 0
15.33, 0.937554, 0, 0, -0.347888, 0.923779, -0.323522, 0
15.36, 0.937287, 0, 0, -0.348617, 0.924533, -0.32098, 0
15.39, 0.937017, 0, 0, -0.349352, 0.925329, -0.318274, 0
15.42, 0.936745, 0, 0, -0.350094, 0.926165, -0.315404, 0
15.45, 0.93647, 0, 0, -0.350842, 0.927037, -0.312368, 0
15.48, 0.936192, 0, 0, -0.351598, 0.927944, -0.309167, 0
15.51, 0.935911, 0, 0, -0.352362, 0.928883, -0.3058, 0
15.54, 0.935626, 0, 0, -0.353134, 0.929852, -0.302268, 0
15.57, 0.935338, 0, 0, -0.353915, 0.930847, -0.29857, 0
15.6, 0.935046, 0, 0, -0.354706, 0.931865, -0.294706, 0
15.63, 0.93475, 0, 0, -0.355506, 0.932904, -0.290677, 0
15.66, 0.93445, 0, 0, -0.356317, 0.93396, -0.286482, 0
15.69, 0.934146, 0, 0, -0.357139, 0.935029, -0.282122, 0
15.72, 0.933837, 0, 0, -0.357972, 0.936109, -0.277597, 0
15.75, 0.933523, 0, 0, -0.358817, 0.937195, -0.272907, 0
15.78, 0.933205, 0, 0, -0.359675, 0.938284, -0.268053, 0
15.81, 0.932882, 0, 0, -0.360544, 0.939371, -0.263036, 0
15.84, 0.932554, 0, 0, -0.361427, 0.940454, -0.257857, 0
15.87, 0.932221, 0, 0, -0.362322, 0.941528, -0.252517, 0
15.9, 0.931882, 0, 0, -0.363231, 0.942589, -0.247017, 0
15.93, 0.931539, 0, 0, -0.364153, 0.943632, -0.241358, 0
15.96, 0.931189, 0, 0, -0.365089, 0.944653, -0.235543, 0
15.99, 0.930835, 0, 0, -0.366039, 0.945649, -0.229572, 0
16.02, 0.930475, 0, 0, -0.367004, 0.946613, -0.223449, 0
16.05, 0.930109, 0, 0, -0.367982, 0.947543, -0.217176, 0
16.08, 0.929738, 0, 0, -0.368974, 0.948433, -0.210755, 0
16.11, 0.929361, 0, 0, -0.36998, 0.949279, -0.20419, 0
16.14, 0.928978, 0, 0, -0.371, 0.950076, -0.197483, 0
16.17, 0.92859, 0, 0, -0.372035, 0.95082, -0.190638, 0
16.2, 0.928197, 0, 0, -0.373082, 0.951507, -0.183659, 0
16.23, 0.927798, 0, 0, -0.374144, 0.952132, -0.17655, 0
16.26, 0.927394, 0, 0, -0.375218, 0.95269, -0.169315, 0
16.29, 0.926985, 0, 0, -0.376305, 0.953178, -0.16196, 0
16.32, 0.92657, 0, 0, -0.377404, 0.953592, -0.154488, 0
16.35, 0.926151, 0, 0, -0.378516, 0.953926, -0.146906, 0
16.38, 0.925727, 0, 0, -0.379638, 0.954179, -0.13922, 0
16.41, 0.925299, 0, 0, -0.380772, 0.954345, -0.131434, 0
16.44, 0.924866, 0, 0, -0.381916, 0.954422, -0.123556, 0
16.47, 0.92443, 0, 0, -0.383069, 0.954406, -0.115592, 0
16.5, 0.92399, 0, 0, -0.384231, 0.954294, -0.107548, 0
16.53, 0.923546, 0, 0, -0.385401, 0.954085, -0.0994327, 0
16.56, 0.9231, 0, 0, -0.386578, 0.953774, -0.0912521, 0
16.59, 0.92265, 0, 0, -0.387761, 0.95336, -0.0830139, 0
16.62, 0.922198, 0, 0, -0.388949, 0.952842, -0.0747261, 0
16.65, 0.921744, 0, 0, -0.390142, 0.952218, -0.0663965, 0
16.68, 0.921289, 0, 0, -0.391338, 0.951487, -0.058033, 0
16.71, 0.920832, 0, 0, -0.392536, 0.950648, -0.0496438, 0
16.74, 0.920375, 0, 0, -0.393735, 0.9497, -0.0412373, 0
16.77, 0.919917, 0, 0, -0.394934, 0.948644, -0.0328217, 0
16.8, 0.91946, 0, 0, -0.396132, 0.947481, -0.0244054, 0
16.83, 0.919003, 0, 0, -0.397327, 0.94621, -0.015997, 0
16.86, 0.918547, 0, 0, -0.398519, 0.944833, -0.00760451, 0
16.89, 0.918093, 0, 0, -0.399706, 0.943352, 0.000763647, 0
16.92, 0.917641, 0, 0, -0.400887, 0.941768, 0.00909922, 0
16.95, 0.917192, 0, 0, -0.402061, 0.940084, 0.0173942, 0
16.98, 0.916745, 0, 0, -0.403226, 0.938302, 0.0256406, 0
17.01, 0.916303, 0, 0, -0.404382, 0.936425, 0.0338306, 0
17.04, 0.915864, 0, 0, -0.405527, 0.934457, 0.0419568, 0
17.07, 0.915431, 0, 0, -0.40666, 0.932401, 0.0500119, 0
17.1, 0.915002, 0, 0, -0.407779, 0.930262, 0.0579886, 0
17.13, 0.914579, 0, 0, -0.408884, 0.928042, 0.0658803, 0
17.16, 0.914162, 0, 0, -0.409974, 0.925746, 0.0736804, 0
17.19, 0.913751, 0, 0, -0.411047, 0.92338, 0.081383, 0
17.22, 0.913347, 0, 0, -0.412103, 0.920948, 0.0889819, 0
17.25, 0.912952, 0, 0, -0.41314, 0.918454, 0.0964719, 0
17.28, 0.912563, 0, 0, -0.414157, 0.915904, 0.103848, 0
17.31, 0.912183, 0, 0, -0.415155, 0.913303, 0.111105, 0
17.34, 0.911811, 0, 0, -0.41613, 0.910656, 0.118239, 0
17.37, 0.911449, 0, 0, -0.417084, 0.907969, 0.125245, 0
17.4, 0.911095, 0, 0, -0.418015, 0.905246, 0.132121, 0
17.43, 0.910752, 0, 0, -0.418923, 0.902494, 0.138863, 0
17.46, 0.910418, 0, 0, -0.419806, 0.899717, 0.145468, 0
17.49, 0.910094, 0, 0, -0.420665, 0.896922, 0.151933, 0
17.52, 0.909781, 0, 0, -0.421499, 0.894112, 0.158257, 0
17.55, 0.909477, 0, 0, -0.422307, 0.891293, 0.164437, 0
17.58, 0.909185, 0, 0, -0.423088, 0.888471, 0.170472, 0
17.61, 0.908904, 0, 0, -0.423844, 0.88565, 0.176361, 0
17.64, 0.908634, 0, 0, -0.424573, 0.882835, 0.182102, 0
17.67, 0.908374, 0, 0, -0.425276, 0.880031, 0.187697, 0
17.7, 0.908126, 0, 0, -0.425951, 0.877241, 0.193143, 0
17.73, 0.907889, 0, 0, -0.4266, 0.874471, 0.198441, 0
17.76, 0.907663, 0, 0, -0.427222, 0.871725, 0.203592, 0
17.79, 0.907448, 0, 0, -0.427816, 0.869007, 0.208595, 0
17.82, 0.907243, 0, 0, -0.428385, 0.866319, 0.213451, 0
17.85, 0.90705, 0, 0, -0.428926, 0.863667, 0.218162, 0
17.88, 0.906868, 0, 0, -0.429442, 0.861053, 0.222727, 0
17.91, 0.906697, 0, 0, -0.429931, 0.858481, 0.227148, 0
17.94, 0.906536, 0, 0, -0.430395, 0.855953, 0.231427, 0
17.97, 0.906385, 0, 0, -0.430834, 0.853473, 0.235564, 0
18, 0.906244, 0, 0, -0.431248, 0.851043, 0.239561, 0
18.03, 0.906113, 0, 0, -0.431638, 0.848665, 0.24342, 0
18.06, 0.905992, 0, 0, -0.432004, 0.846342, 0.247141, 0
18.09, 0.90588, 0, 0, -0.432347, 0.844076, 0.250728, 0
18.12, 0.905777, 0, 0, -0.432669, 0.841869, 0.254181, 0
18.15, 0.905683, 0, 0, -0.432968, 0.839723, 0.257503, 0
18.18, 0.905597, 0, 0, -0.433246, 0.837639, 0.260694, 0
18.21, 0.905519, 0, 0, -0.433505, 0.835618, 0.263757, 0
18.24, 0.905449, 0, 0, -0.433744, 0.833663, 0.266694, 0
18.27, 0.905385, 0, 0, -0.433965, 0.831773, 0.269506, 0
18.3, 0.905328, 0, 0, -0.434168, 0.829951, 0.272194, 0
18.33, 0.905278, 0, 0, -0.434355, 0.828197, 0.274761, 0
18.36, 0.905233, 0, 0, -0.434526, 0.826512, 0.277209, 0
18.39, 0.905194, 0, 0, -0.434683, 0.824896, 0.279538, 0
18.42, 0.905159, 0, 0, -0.434826, 0.823351, 0.281751, 0
18.45, 0.905129, 0, 0, -0.434957, 0.821876, 0.283848, 0
18.48, 0.905103, 0, 0, -0.435076, 0.820473, 0.285832, 0
18.51, 0.90508, 0, 0, -0.435185, 0.819141, 0.287703, 0
18.54, 0.905059, 0, 0, -0.435284, 0.81788, 0.289464, 0
18.57, 0.905041, 0, 0, -0.435376, 0.816691, 0.291115, 0
18.6, 0.905025, 0, 0, -0.435461, 0.815574, 0.292657, 0
18.63, 0.90501, 0, 0, -0.435539, 0.814529, 0.294092, 0
18.66, 0.904996, 0, 0, -0.435614, 0.813556, 0.29542, 0
18.69, 0.904981, 0, 0, -0.435684, 0.812654, 0.296643, 0
18.72, 0.904967, 0, 0, -0.435753, 0.811824, 0.297762, 0
18.75, 0.904951, 0, 0, -0.43582, 0.811066, 0.298777, 0
18.78, 0.904934, 0, 0, -0.435888, 0.810378, 0.299689, 0
18.81, 0.904914, 0, 0, -0.435956, 0.809762, 0.300498, 0
18.84, 0.904892, 0, 0, -0.436028, 0.809216, 0.301206, 0
18.87, 0.904866, 0, 0, -0.436103, 0.80874, 0.301813, 0
18.9, 0.904837, 0, 0, -0.436182, 0.808335, 0.302319, 0
18.93, 0.904803, 0, 0, -0.436268, 0.807998, 0.302724, 0
18.96, 0.904764, 0, 0, -0.436362, 0.807731, 0.30303, 0
18.99, 0.90472, 0, 0, -0.436463, 0.807532, 0.303236, 0
19.02, 0.90467, 0, 0, -0.436575, 0.807402, 0.303342, 0
19.05, 0.904613, 0, 0, -0.436697, 0.807339, 0.303348, 0
19.08, 0.904549, 0, 0, -0.436831, 0.807343, 0.303255, 0
19.11, 0.904477, 0, 0, -0.436979, 0.807414, 0.303062, 0
19.14, 0.904397, 0, 0, -0.43714, 0.807551, 0.302769, 0
19.17, 0.904308, 0, 0, -0.437317, 0.807753, 0.302376, 0
19.2, 0.904211, 0, 0, -0.43751, 0.80802, 0.301884, 0
19.23, 0.904103, 0, 0, -0.437721, 0.808351, 0.30129, 0
19.26, 0.903985, 0, 0, -0.43795, 0.808745, 0.300596, 0
19.29, 0.903856, 0, 0, -0.438198, 0.809202, 0.299801, 0
19.32, 0.903716, 0, 0, -0.438467, 0.809721, 0.298903, 0
19.35, 0.903564, 0, 0, -0.438757, 0.810301, 0.297904, 0
19.38, 0.903401, 0, 0, -0.43907, 0.810943, 0.296801, 0
19.41, 0.903224, 0, 0, -0.439406, 0.811643, 0.295596, 0
19.44, 0.903035, 0, 0, -0.439766, 0.812403, 0.294286, 0
19.47, 0.902832, 0, 0, -0.440151, 0.813221, 0.292871, 0
19.5, 0.902615, 0, 0, -0.440562, 0.814096, 0.291351, 0
19.53, 0.902384, 0, 0, -0.440999, 0.815028, 0.289724, 0
19.56, 0.902138, 0, 0, -0.441463, 0.816014, 0.287991, 0
19.59, 0.901877, 0, 0, -0.441956, 0.817055, 0.286149, 0
19.62, 0.9016, 0, 0, -0.442477, 0.81815, 0.284199, 0
19.65, 0.901308, 0, 0, -0.443027, 0.819296, 0.282139, 0
19.68, 0.900999, 0, 0, -0.443607, 0.820494, 0.279968, 0
19.71, 0.900674, 0, 0, -0.444217, 0.821742, 0.277686, 0
19.74, 0.900333, 0, 0, -0.444858, 0.823039, 0.275291, 0
19.77, 0.899974, 0, 0, -0.44553, 0.824383, 0.272784, 0
19.8, 0.899599, 0, 0, -0.446234, 0.825773, 0.270161, 0
19.83, 0.899205, 0, 0, -0.44697, 0.827208, 0.267424, 0
19.86, 0.898794, 0, 0, -0.447738, 0.828687, 0.26457, 0
19.89, 0.898364, 0, 0, -0.448538, 0.830207, 0.261599, 0
19.92, 0.897917, 0, 0, -0.449372, 0.831768, 0.25851, 0
19.95, 0.897451, 0, 0, -0.450238, 0.833367, 0.255303, 0
19.98, 0.896966, 0, 0, -0.451137, 0.835003, 0.251976, 0
20.01, 0.896463, 0, 0, -0.452069, 0.836675, 0.248528, 0
20.04, 0.895941, 0, 0, -0.453034, 0.83838, 0.244959, 0
20.07, 0.895399, 0, 0, -0.454032, 0.840116, 0.241268, 0
20.1, 0.89484, 0, 0, -0.455063, 0.841882, 0.237454, 0
20.13, 0.89426, 0, 0, -0.456127, 0.843675, 0.233517, 0
20.16, 0.893662, 0, 0, -0.457223, 0.845493, 0.229457, 0
20.19, 0.893045, 0, 0, -0.458352, 0.847335, 0.225272, 0
20.22, 0.892408, 0, 0, -0.459513, 0.849196, 0.220963, 0
20.25, 0.891752, 0, 0, -0.460705, 0.851077, 0.216529, 0
20.2801, 0.891078, 0, 0, -0.461928, 0.852973, 0.21197, 0
20.3101, 0.890384, 0, 0, -0.463182, 0.854882, 0.207286, 0
20.3401, 0.889672, 0, 0, -0.464466, 0.856802, 0.202477, 0
20.3701, 0.888941, 0, 0, -0.46578, 0.85873, 0.197543, 0
20.4001, 0.888191, 0, 0, -0.467123, 0.860662, 0.192485, 0
20.4301, 0.887424, 0, 0, -0.468495, 0.862598, 0.187302, 0
20.4601, 0.886638, 0, 0, -0.469894, 0.864532, 0.181997, 0
20.4901, 0.885834, 0, 0, -0.47132, 0.866463, 0.176569, 0
20.5201, 0.885012, 0, 0, -0.472772, 0.868388, 0.171019, 0
20.5501, 0.884174, 0, 0, -0.474249, 0.870302, 0.165349, 0
20.5801, 0.883318, 0, 0, -0.475751, 0.872204, 0.15956, 0
20.6101, 0.882446, 0, 0, -0.477277, 0.87409, 0.153654, 0
20.6401, 0.881558, 0, 0, -0.478824, 0.875956, 0.147631, 0
20.6701, 0.880654, 0, 0, -0.480394, 0.8778, 0.141495, 0
20.7001, 0.879735, 0, 0, -0.481984, 0.879618, 0.135247, 0
20.7301, 0.8788, 0, 0, -0.483593, 0.881408, 0.128889, 0
20.7601, 0.877852, 0, 0, -0.48522, 0.883165, 0.122425, 0
20.7901, 0.876889, 0, 0, -0.486865, 0.884886, 0.115857, 0
20.8201, 0.875913, 0, 0, -0.488526, 0.886569, 0.109188, 0
20.8501, 0.874925, 0, 0, -0.490201, 0.88821, 0.102421, 0
20.8801, 0.873924, 0, 0, -0.491891, 0.889807, 0.0955601, 0
20.9101, 0.872911, 0, 0, -0.493592, 0.891354, 0.0886089, 0
20.9401, 0.871887, 0, 0, -0.495305, 0.892851, 0.0815713, 0
20.9701, 0.870854, 0, 0, -0.497028, 0.894295, 0.0744515, 0
21.0001, 0.86981, 0, 0, -0.49876, 0.895681, 0.067254, 0
21.0301, 0.868758, 0, 0, -0.500499, 0.897008, 0.0599835, 0
21.0601, 0.867697, 0, 0, -0.502244, 0.898272, 0.0526448, 0
21.0901, 0.866629, 0, 0, -0.503994, 0.899473, 0.0452431, 0
21.1201, 0.865554, 0, 0, -0.505748, 0.900606, 0.0377835, 0
21.1501, 0.864472, 0, 0, -0.507504, 0.901671, 0.0302716, 0
21.1801, 0.863386, 0, 0, -0.509261, 0.902665, 0.0227131, 0
21.2101, 0.862295, 0, 0, -0.511018, 0.903586, 0.0151138, 0
21.2401, 0.861199, 0, 0, -0.512774, 0.904433, 0.0074798, 0
21.2701, 0.860101, 0, 0, -0.514528, 0.905204, -0.000183027, 0
21.3001, 0.859001, 0, 0, -0.516277, 0.905899, -0.00786828, 0
21.3301, 0.857898, 0, 0, -0.518022, 0.906516, -0.0155697, 0
21.3601, 0.856795, 0, 0, -0.519761, 0.907054, -0.0232806, 0
21.3901, 0.855692, 0, 0, -0.521493, 0.907514, -0.0309946, 0
21.4201, 0.854589, 0, 0, -0.523216, 0.907894, -0.0387053, 0
21.4501, 0.853488, 0, 0, -0.52493, 0.908196, -0.0464056, 0
21.4801, 0.852389, 0, 0, -0.526635, 0.908418, -0.0540893, 0
21.5101, 0.851293, 0, 0, -0.528327, 0.908562, -0.0617496, 0
21.5401, 0.8502, 0, 0, -0.530008, 0.908628, -0.06938, 0
21.5701, 0.849112, 0, 0, -0.531675, 0.908617, -0.0769737, 0
21.6001, 0.848028, 0, 0, -0.533329, 0.90853, -0.0845243, 0
21.6301, 0.846949, 0, 0, -0.534968, 0.908368, -0.0920254, 0
21.6601, 0.845877, 0, 0, -0.536592, 0.908134, -0.0994706, 0
21.6901, 0.844811, 0, 0, -0.538199, 0.907829, -0.106854, 0
21.7201, 0.843753, 0, 0, -0.539789, 0.907454, -0.114168, 0
21.7501, 0.842703, 0, 0, -0.541362, 0.907013, -0.121409, 0
21.7801, 0.84166, 0, 0, -0.542917, 0.906507, -0.128569, 0
21.8101, 0.840627, 0, 0, -0.544453, 0.905939, -0.135643, 0
21.8401, 0.839603, 0, 0, -0.545969, 0.905311, -0.142627, 0
21.8701, 0.838589, 0, 0, -0.547467, 0.904627, -0.149513, 0
21.9001, 0.837585, 0, 0, -0.548944, 0.903889, -0.156298, 0
21.9301, 0.836591, 0, 0, -0.550401, 0.903101, -0.162977, 0
21.9601, 0.835609, 0, 0, -0.551837, 0.902265, -0.169544, 0
21.9901, 0.834637, 0, 0, -0.553253, 0.901384, -0.175996, 0
22.0201, 0.833677, 0, 0, -0.554647, 0.900463, -0.182328, 0
22.0501, 0.832729, 0, 0, -0.55602, 0.899504, -0.188536, 0
22.0801, 0.831793, 0, 0, -0.557372, 0.898511, -0.194616, 0
22.1101, 0.830869, 0, 0, -0.558702, 0.897487, -0.200565, 0
22.1401, 0.829957, 0, 0, -0.560011, 0.896436, -0.206379, 0
22.1701, 0.829058, 0, 0, -0.561298, 0.895362, -0.212056, 0
22.2001, 0.828172, 0, 0, -0.562564, 0.894266, -0.217593, 0
22.2301, 0.827299, 0, 0, -0.563808, 0.893154, -0.222986, 0
22.2601, 0.826437, 0, 0, -0.565032, 0.892028, -0.228233, 0
22.2901, 0.825589, 0, 0, -0.566234, 0.890892, -0.233333, 0
22.3201, 0.824754, 0, 0, -0.567415, 0.889749, -0.238283, 0
22.3501, 0.823931, 0, 0, -0.568576, 0.888602, -0.243081, 0
22.3801, 0.823121, 0, 0, -0.569716, 0.887454, -0.247725, 0
22.4101, 0.822323, 0, 0, -0.570836, 0.88631, -0.252215, 0
22.4401, 0.821539, 0, 0, -0.571936, 0.88517, -0.256549, 0
22.4701, 0.820766, 0, 0, -0.573017, 0.884039, -0.260725, 0
22.5001, 0.820006, 0, 0, -0.574078, 0.882919, -0.264743, 0
22.5301, 0.819257, 0, 0, -0.575121, 0.881813, -0.268601, 0
22.5601, 0.818521, 0, 0, -0.576146, 0.880724, -0.2723, 0
22.5901, 0.817796, 0, 0, -0.577153, 0.879653, -0.275838, 0
22.6201, 0.817083, 0, 0, -0.578142, 0.878603, -0.279215, 0
22.6501, 0.81638, 0, 0, -0.579114, 0.877577, -0.28243, 0
22.6801, 0.815689, 0, 0, -0.58007, 0.876577, -0.285484, 0
22.7101, 0.815008, 0, 0, -0.58101, 0.875605, -0.288375, 0
22.7401, 0.814338, 0, 0, -0.581934, 0.874662, -0.291105, 0
22.7701, 0.813678, 0, 0, -0.582844, 0.87375, -0.293673, 0
22.8001, 0.813027, 0, 0, -0.583739, 0.87287, -0.296078, 0
22.8301, 0.812386, 0, 0, -0.58462, 0.872026, -0.298321, 0
22.8601, 0.811754, 0, 0, -0.585488, 0.871217, -0.300403, 0
22.8901, 0.81113, 0, 0, -0.586343, 0.870445, -0.302322, 0
22.9201, 0.810515, 0, 0, -0.587186, 0.86971, -0.30408, 0
22.9501, 0.809908, 0, 0, -0.588017, 0.869015, -0.305677, 0
22.9801, 0.809309, 0, 0, -0.588837, 0.86836, -0.307112, 0
23.0101, 0.808717, 0, 0, -0.589647, 0.867745, -0.308387, 0
23.0401, 0.808131, 0, 0, -0.590447, 0.867172, -0.3095, 0
23.0701, 0.807553, 0, 0, -0.591237, 0.86664, -0.310454, 0
23.1001, 0.80698, 0, 0, -0.592019, 0.86615, -0.311247, 0
23.1301, 0.806414, 0, 0, -0.592793, 0.865703, -0.311881, 0
23.1601, 0.805852, 0, 0, -0.593559, 0.865298, -0.312355, 0
23.1901, 0.805296, 0, 0, -0.594318, 0.864936, -0.31267, 0
23.2201, 0.804745, 0, 0, -0.59507, 0.864615, -0.312827, 0
23.2501, 0.804197, 0, 0, -0.595817, 0.864338, -0.312824, 0
23.2801, 0.803654, 0, 0, -0.596558, 0.864101, -0.312663, 0
23.3101, 0.803115, 0, 0, -0.597294, 0.863907, -0.312345, 0
23.3401, 0.802578, 0, 0, -0.598026, 0.863753, -0.311868, 0
23.3701, 0.802045, 0, 0, -0.598753, 0.863639, -0.311235, 0
23.4001, 0.801514, 0, 0, -0.599478, 0.863564, -0.310444, 0
23.4301, 0.800985, 0, 0, -0.600199, 0.863528, -0.309496, 0
23.4601, 0.800458, 0, 0, -0.600918, 0.86353, -0.308392, 0
23.4901, 0.799933, 0, 0, -0.601635, 0.863567, -0.307131, 0
23.5201, 0.79941, 0, 0, -0.60235, 0.86364, -0.305714, 0
23.5501, 0.798887, 0, 0, -0.603063, 0.863747, -0.304142, 0
23.5801, 0.798365, 0, 0, -0.603776, 0.863886, -0.302414, 0
23.6101, 0.797844, 0, 0, -0.604489, 0.864056, -0.300532, 0
23.6401, 0.797323, 0, 0, -0.605201, 0.864255, -0.298494, 0
23.6701, 0.796802, 0, 0, -0.605914, 0.864482, -0.296303, 0
23.7001, 0.796281, 0, 0, -0.606626, 0.864734, -0.293957, 0
23.7301, 0.79576, 0, 0, -0.60734, 0.86501, -0.291458, 0
23.7601, 0.795239, 0, 0, -0.608054, 0.865308, -0.288807, 0
23.7901, 0.794717, 0, 0, -0.60877, 0.865625, -0.286003, 0
23.8201, 0.794194, 0, 0, -0.609487, 0.865959, -0.283048, 0
23.8501, 0.79367, 0, 0, -0.610205, 0.866309, -0.279941, 0
23.8801, 0.793146, 0, 0, -0.610925, 0.866671, -0.276685, 0
23.9101, 0.792621, 0, 0, -0.611647, 0.867043, -0.273279, 0
23.9401, 0.792095, 0, 0, -0.61237, 0.867423, -0.269725, 0
23.9701, 0.791568, 0, 0, -0.613095, 0.867809, -0.266023, 0
24.0001, 0.79104, 0, 0, -0.613822, 0.868196, -0.262176, 0
24.0301, 0.790511, 0, 0, -0.61455, 0.868583, -0.258183, 0
24.0601, 0.789982, 0, 0, -0.61528, 0.868966, -0.254047, 0
24.0901, 0.789451, 0, 0, -0.616011, 0.869343, -0.249769, 0
24.1201, 0.788921, 0, 0, -0.616744, 0.869712, -0.24535, 0
24.1501, 0.78839, 0, 0, -0.617478, 0.870068, -0.240793, 0
24.1801, 0.787859, 0, 0, -0.618212, 0.870409, -0.236098, 0
24.2101, 0.787328, 0, 0, -0.618948, 0.870732, -0.23127, 0
24.2401, 0.786798, 0, 0, -0.619683, 0.871033, -0.226308, 0
24.2701, 0.786268, 0, 0, -0.620419, 0.871311, -0.221217, 0
24.3001, 0.785739, 0, 0, -0.621154, 0.871561, -0.215998, 0
24.3301, 0.785212, 0, 0, -0.621888, 0.871781, -0.210654, 0
24.3601, 0.784686, 0, 0, -0.622621, 0.871968, -0.205189, 0
24.3901, 0.784162, 0, 0, -0.623353, 0.872118, -0.199605, 0
24.4201, 0.783641, 0, 0, -0.624082, 0.872229, -0.193905, 0
24.4501, 0.783123, 0, 0, -0.624808, 0.872298, -0.188093, 0
24.4801, 0.782609, 0, 0, -0.625531, 0.872322, -0.182174, 0
24.5101, 0.782098, 0, 0, -0.62625, 0.872298, -0.176149, 0
24.5401, 0.781592, 0, 0, -0.626964, 0.872223, -0.170025, 0
24.5701, 0.781091, 0, 0, -0.627672, 0.872096, -0.163804, 0
24.6001, 0.780596, 0, 0, -0.628375, 0.871914, -0.157492, 0
24.6301, 0.780107, 0, 0, -0.62907, 0.871673, -0.151093, 0
24.6602, 0.779625, 0, 0, -0.629759, 0.871373, -0.144611, 0
24.6902, 0.77915, 0, 0, -0.630438, 0.871011, -0.138053, 0
24.7202, 0.778685, 0, 0, -0.631109, 0.870585, -0.131422, 0
24.7502, 0.778227, 0, 0, -0.631769, 0.870094, -0.124724, 0
24.7802, 0.77778, 0, 0, -0.632419, 0.869536, -0.117964, 0
24.8102, 0.777343, 0, 0, -0.633057, 0.86891, -0.111149, 0
24.8402, 0.776917, 0, 0, -0.633682, 0.868215, -0.104283, 0
24.8702, 0.776502, 0, 0, -0.634294, 0.867449, -0.0973726, 0
24.9002, 0.7761, 0, 0, -0.634892, 0.866612, -0.0904234, 0
24.9302, 0.775712, 0, 0, -0.635474, 0.865705, -0.0834414, 0
24.9602, 0.775337, 0, 0, -0.636041, 0.864726, -0.0764325, 0
24.9902, 0.774977, 0, 0, -0.63659, 0.863675, -0.0694027, 0
