0, 0, 0, 0, 0
0.03, 0, 0, 0, 0
0.06, 1.07816e-05, 5.40167e-07, -1.04998e-05, 3.60422e-07
0.09, 9.61708e-05, 4.23938e-06, -9.25787e-05, 2.88989e-06
0.12, 0.000381915, 1.4253e-05, -0.000362807, 1.0035e-05
0.15, 0.00104877, 3.43919e-05, -0.000987338, 2.48319e-05
0.18, 0.00232499, 6.89253e-05, -0.002175, 5.08493e-05
0.21, 0.00447734, 0.00012248, -0.00416915, 9.18871e-05
0.24, 0.00780087, 0.000199832, -0.00723854, 0.000151909
0.27, 0.0126073, 0.00030572, -0.0116668, 0.000235117
0.3, 0.0192126, 0.000444777, -0.0177413, 0.000345266
0.33, 0.0279235, 0.000621118, -0.0257411, 0.000485814
0.36, 0.0370236, 0.000738278, -0.0339731, 0.00059273
0.39, 0.0496943, 0.00105293, -0.0457244, 0.000826142
0.42, 0.0657039, 0.00133811, -0.0603724, 0.00105932
0.45, 0.0851479, 0.00171213, -0.0782237, 0.00135519
0.48, 0.108521, 0.00214307, -0.0996667, 0.00169971
0.51, 0.134887, 0.00258474, -0.123793, 0.00206002
0.54, 0.163854, 0.00306846, -0.150323, 0.0024509
0.57, 0.195636, 0.00360323, -0.179473, 0.00287851
0.6, 0.230423, 0.00418825, -0.21142, 0.00334283
0.63, 0.267622, 0.00478916, -0.245587, 0.00382092
0.66, 0.307063, 0.00543182, -0.281882, 0.00432607
0.69, 0.348347, 0.00608982, -0.319915, 0.00484129
0.72, 0.391144, 0.00677124, -0.359419, 0.00536921
0.75, 0.435062, 0.00746286, -0.400031, 0.00590052
0.78, 0.479686, 0.00816187, -0.441386, 0.00643148
0.81, 0.52465, 0.00886361, -0.483156, 0.00695799
0.84, 0.569623, 0.00956447, -0.525047, 0.00747666
0.87, 0.614242, 0.0102576, -0.566726, 0.0079822
0.9, 0.658214, 0.0109419, -0.60793, 0.00847307
0.93, 0.701245, 0.0116113, -0.648381, 0.00894479
0.96, 0.743141, 0.0122673, -0.687908, 0.00939784
0.99, 0.783702, 0.0129042, -0.726312, 0.00982854
1.02, 0.822785, 0.0135226, -0.763458, 0.0102373
1.05, 0.860336, 0.0141231, -0.799291, 0.0106248
1.08, 0.896396, 0.0147079, -0.833842, 0.0109931
1.11, 0.931069, 0.0152793, -0.867207, 0.0113448
1.14, 0.964417, 0.0158353, -0.899428, 0.0116799
1.17, 0.996541, 0.0163793, -0.930602, 0.0120012
1.2, 1.0275, 0.0169089, -0.960773, 0.0123084
1.23, 1.05734, 0.0174249, -0.989971, 0.0126025
1.26, 1.08609, 0.0179275, -1.01824, 0.0128841
1.29, 1.11383, 0.0184175, -1.04562, 0.0131546
1.32, 1.14057, 0.0188937, -1.07213, 0.0134136
1.35, 1.16635, 0.0193577, -1.09782, 0.0136626
1.38, 1.19124, 0.0198098, -1.12273, 0.0139022
1.41, 1.21519, 0.0202459, -1.14681, 0.0141301
1.44, 1.23825, 0.0206716, -1.17012, 0.0143499
1.47, 1.26048, 0.0210848, -1.1927, 0.0145612
1.5, 1.28188, 0.0214851, -1.21455, 0.0147635
1.53, 1.30248, 0.0218742, -1.23571, 0.0149585
1.56, 1.32217, 0.0222436, -1.25602, 0.0151405
1.59, 1.34117, 0.0226127, -1.27578, 0.0153221
1.62, 1.35908, 0.0229452, -1.29447, 0.01548
1.65, 1.37575, 0.0232633, -1.31199, 0.0156254
1.68, 1.39248, 0.0236222, -1.32978, 0.0157994
1.71, 1.40807, 0.0239018, -1.34635, 0.0159259
1.74, 1.42313, 0.0242215, -1.36259, 0.0160754
1.77, 1.43775, 0.0245128, -1.37845, 0.0162118
1.8, 1.45163, 0.0247898, -1.39364, 0.0163396
1.83, 1.46474, 0.0250542, -1.40815, 0.0164599
1.86, 1.4771, 0.0253066, -1.42199, 0.0165732
1.89, 1.48875, 0.0255471, -1.4352, 0.0166798
1.92, 1.4997, 0.0257759, -1.44779, 0.01678
1.95, 1.50995, 0.0259924, -1.45975, 0.0168734
1.98, 1.5195, 0.026197, -1.47111, 0.0169603
2.01, 1.52837, 0.0263894, -1.48184, 0.0170406
2.04, 1.53655, 0.0265702, -1.49198, 0.0171147
2.07, 1.54405, 0.0267388, -1.50151, 0.0171823
2.1, 1.55089, 0.0268959, -1.51045, 0.0172438
2.13, 1.55705, 0.0270411, -1.5188, 0.017299
2.16, 1.56255, 0.0271748, -1.52657, 0.0173481
2.19, 1.5674, 0.0272968, -1.53376, 0.0173912
2.22, 1.57159, 0.0274072, -1.54037, 0.0174283
2.25, 1.57513, 0.027506, -1.54641, 0.0174594
2.28, 1.57803, 0.0275935, -1.55189, 0.0174847
2.31, 1.58029, 0.0276694, -1.55681, 0.0175041
2.34, 1.58191, 0.027734, -1.56117, 0.0175178
2.37, 1.5829, 0.0277872, -1.56498, 0.0175256
2.4, 1.58326, 0.0278291, -1.56824, 0.0175278
2.43, 1.58299, 0.0278598, -1.57096, 0.0175243
2.46, 1.58209, 0.0278791, -1.57313, 0.0175152
2.49, 1.58057, 0.0278873, -1.57476, 0.0175004
2.52, 1.57843, 0.0278843, -1.57586, 0.01748
2.55, 1.57567, 0.0278701, -1.57642, 0.0174541
2.58, 1.57229, 0.0278448, -1.57645, 0.0174226
2.61, 1.56829, 0.0278084, -1.57594, 0.0173856
2.64, 1.56369, 0.027761, -1.57492, 0.0173431
2.67, 1.55846, 0.0277024, -1.57336, 0.0172952
2.7, 1.55263, 0.0276328, -1.57128, 0.0172417
2.73, 1.54619, 0.0275522, -1.56868, 0.0171828
2.76, 1.53913, 0.0274606, -1.56555, 0.0171185
2.79, 1.53147, 0.027358, -1.56191, 0.0170486
2.82, 1.5232, 0.0272443, -1.55774, 0.0169733
2.85, 1.51432, 0.0271197, -1.55306, 0.0168927
2.88, 1.50484, 0.0269842, -1.54785, 0.0168065
2.91, 1.49475, 0.0268377, -1.54213, 0.016715
2.94, 1.48405, 0.0266802, -1.53589, 0.0166181
2.97, 1.47274, 0.0265117, -1.52913, 0.0165157
3, 1.46083, 0.0263323, -1.52185, 0.0164079
3.03, 1.44831, 0.026142, -1.51405, 0.0162947
3.06, 1.43519, 0.0259408, -1.50574, 0.016176
3.09, 1.42146, 0.0257286, -1.4969, 0.016052
3.12, 1.40713, 0.0255055, -1.48755, 0.0159225
3.15, 1.3922, 0.0252715, -1.47767, 0.0157876
3.18, 1.37666, 0.0250266, -1.46728, 0.0156472
3.21, 1.36052, 0.0247708, -1.45636, 0.0155014
3.24, 1.34377, 0.0245041, -1.44493, 0.0153502
3.27, 1.32643, 0.0242265, -1.43297, 0.0151935
3.3, 1.30849, 0.0239382, -1.42049, 0.0150315
3.33, 1.28994, 0.023639, -1.40748, 0.0148641
3.36, 1.27081, 0.023329, -1.39396, 0.0146912
3.39, 1.25108, 0.0230083, -1.37991, 0.014513
3.42, 1.23075, 0.0226769, -1.36534, 0.0143295
3.45, 1.20984, 0.0223349, -1.35025, 0.0141406
3.48, 1.18834, 0.0219822, -1.33463, 0.0139464
3.51, 1.16626, 0.021619, -1.3185, 0.0137469
3.54, 1.1436, 0.0212452, -1.30185, 0.0135422
3.57, 1.12037, 0.0208611, -1.28468, 0.0133323
3.6, 1.09657, 0.0204666, -1.26699, 0.0131171
3.63, 1.07221, 0.0200619, -1.24879, 0.0128969
3.66, 1.04728, 0.0196471, -1.23008, 0.0126715
3.69, 1.02181, 0.0192222, -1.21086, 0.0124413
3.72, 0.995796, 0.0187873, -1.19114, 0.012206
3.75, 0.969245, 0.0183427, -1.17092, 0.011966
3.78, 0.942167, 0.0178885, -1.1502, 0.0117211
3.81, 0.914571, 0.0174247, -1.129, 0.0114716
3.84, 0.886468, 0.0169516, -1.10731, 0.0112175
3.87, 0.857869, 0.0164693, -1.08514, 0.0109589
3.9, 0.828784, 0.0159781, -1.06251, 0.0106959
3.93, 0.799227, 0.0154781, -1.03941, 0.0104287
3.96, 0.76921, 0.0149696, -1.01586, 0.0101574
3.99, 0.738748, 0.0144528, -0.991868, 0.00988219
4.02, 0.707855, 0.0139279, -0.967442, 0.00960307
4.05, 0.676547, 0.0133951, -0.942593, 0.00932031
4.08, 0.644841, 0.0128548, -0.917335, 0.00903407
4.11, 0.612754, 0.0123073, -0.891678, 0.00874448
4.14, 0.580303, 0.0117528, -0.865638, 0.00845178
4.17, 0.547509, 0.0111917, -0.839227, 0.00815614
4.2, 0.51439, 0.0106242, -0.812462, 0.00785776
4.23, 0.480968, 0.0100508, -0.785357, 0.00755685
4.26, 0.447263, 0.00947169, -0.75793, 0.00725361
4.29, 0.413298, 0.00888737, -0.730199, 0.00694831
4.32, 0.379096, 0.00829816, -0.702181, 0.00664115
4.35, 0.34468, 0.00770446, -0.673895, 0.00633233
4.38, 0.310074, 0.00710665, -0.645361, 0.00602214
4.41, 0.275302, 0.00650517, -0.6166, 0.00571081
4.44, 0.240391, 0.00590042, -0.587632, 0.00539859
4.47, 0.205366, 0.00529284, -0.55848, 0.00508576
4.5, 0.170253, 0.00468287, -0.529165, 0.00477257
4.53, 0.135079, 0.00407094, -0.49971, 0.00445929
4.56, 0.0998707, 0.00345751, -0.470138, 0.00414617
4.59, 0.0646549, 0.00284302, -0.440473, 0.0038335
4.62, 0.0294593, 0.00222795, -0.410739, 0.00352154
4.65, -0.0056885, 0.00161275, -0.38096, 0.00321056
4.68, -0.0407611, 0.000997886, -0.351161, 0.00290082
4.71, -0.0757308, 0.000383821, -0.321366, 0.0025926
4.74, -0.11057, -0.000228978, -0.291601, 0.00228616
4.77, -0.145252, -0.000840049, -0.26189, 0.00198175
4.8, -0.179749, -0.00144892, -0.232257, 0.00167966
4.83, -0.214034, -0.00205515, -0.202728, 0.00138012
4.86, -0.248081, -0.00265829, -0.173327, 0.00108335
4.89, -0.281864, -0.00325788, -0.144078, 0.000789712
4.92, -0.315357, -0.00385348, -0.115006, 0.000499326
4.95, -0.348535, -0.00444467, -0.0861345, 0.000212449
4.98, -0.381374, -0.005031, -0.0574864, -7.07032e-05
5.01, -0.41385, -0.00561209, -0.0290847, -0.000349936
5.04, -0.445939, -0.00618751, -0.000951815, -0.000624937
5.07, -0.47762, -0.00675685, 0.0268905, -0.000895572
5.1, -0.508871, -0.00731979, 0.0544211, -0.00116169
5.13, -0.53967, -0.0078759, 0.0816194, -0.00142301
5.16, -0.569999, -0.00842483, 0.108466, -0.00167943
5.19, -0.599838, -0.00896624, 0.13494, -0.00193079
5.22001, -0.629168, -0.0094998, 0.161026, -0.00217691
5.25001, -0.657973, -0.0100252, 0.186704, -0.00241765
5.28001, -0.686237, -0.0105421, 0.211958, -0.00265285
5.31001, -0.713943, -0.0110502, 0.236772, -0.00288246
5.34001, -0.741078, -0.0115494, 0.261131, -0.00310634
5.37001, -0.767628, -0.0120392, 0.28502, -0.00332434
5.40001, -0.79358, -0.0125195, 0.308426, -0.00353645
5.43001, -0.818922, -0.01299, 0.331336, -0.00374248
5.46001, -0.843645, -0.0134505, 0.353739, -0.00394234
5.49001, -0.867738, -0.0139008, 0.375624, -0.00413599
5.52001, -0.891191, -0.0143407, 0.396979, -0.00432341
5.55001, -0.913997, -0.0147701, 0.417796, -0.00450454
5.58001, -0.936149, -0.0151887, 0.438066, -0.00467927
5.61001, -0.957639, -0.0155965, 0.457782, -0.00484761
5.64001, -0.978462, -0.0159932, 0.476935, -0.00500953
5.67001, -0.998613, -0.0163788, 0.495519, -0.00516493
5.70001, -1.01809, -0.0167531, 0.513529, -0.00531389
5.73001, -1.03688, -0.017116, 0.530959, -0.00545636
5.76001, -1.05499, -0.0174675, 0.547805, -0.00559227
5.79001, -1.07241, -0.0178074, 0.564063, -0.00572169
5.82001, -1.08915, -0.0181358, 0.579729, -0.00584449
5.85001, -1.1052, -0.0184524, 0.5948, -0.00596085
5.88001, -1.12055, -0.0187573, 0.609273, -0.0060706
5.91001, -1.13521, -0.0190504, 0.623148, -0.00617391
5.94001, -1.14918, -0.0193317, 0.636421, -0.00627061
5.97001, -1.16246, -0.019601, 0.649093, -0.00636087
6.00001, -1.17504, -0.0198586, 0.661161, -0.00644463
6.03001, -1.18694, -0.0201041, 0.672625, -0.00652185
6.06001, -1.19814, -0.0203377, 0.683486, -0.00659263
6.09001, -1.20866, -0.0205594, 0.693742, -0.00665699
6.12001, -1.21848, -0.0207691, 0.703394, -0.00671486
6.15001, -1.22762, -0.0209669, 0.712442, -0.00676636
6.18001, -1.23607, -0.0211526, 0.720887, -0.00681147
6.21001, -1.24384, -0.0213264, 0.72873, -0.00685015
6.24001, -1.25093, -0.0214883, 0.73597, -0.00688255
6.27001, -1.25734, -0.0216381, 0.74261, -0.00690856
6.30001, -1.26307, -0.021776, 0.748649, -0.0069282
6.33001, -1.26812, -0.021902, 0.754088, -0.00694148
6.36001, -1.2725, -0.022016, 0.758929, -0.00694853
6.39001, -1.2762, -0.0221181, 0.763172, -0.00694927
6.42001, -1.27923, -0.0222083, 0.766818, -0.00694377
6.45001, -1.2816, -0.0222865, 0.769868, -0.00693199
6.48001, -1.28329, -0.0223529, 0.772322, -0.00691394
6.51001, -1.28432, -0.0224073, 0.774182, -0.00688965
6.54001, -1.28468, -0.0224499, 0.775447, -0.00685911
6.57001, -1.28437, -0.0224806, 0.776119, -0.00682229
6.60001, -1.2834, -0.0224995, 0.776197, -0.00677919
6.63001, -1.28177, -0.0225065, 0.775682, -0.00672988
6.66002, -1.27948, -0.0225016, 0.774574, -0.00667436
6.69002, -1.27653, -0.0224849, 0.772872, -0.00661251
6.72002, -1.27292, -0.0224563, 0.770578, -0.00654441
6.75002, -1.26865, -0.0224159, 0.767689, -0.00647001
6.78002, -1.26372, -0.0223636, 0.764207, -0.00638933
6.81002, -1.25813, -0.0222995, 0.760129, -0.00630235
6.84002, -1.25188, -0.0222235, 0.755456, -0.00620906
6.87002, -1.24497, -0.0221357, 0.750187, -0.00610946
6.90002, -1.23741, -0.022036, 0.744319, -0.00600354
6.93002, -1.22918, -0.0219245, 0.737853, -0.00589128
6.96002, -1.2203, -0.0218011, 0.730787, -0.00577265
6.99002, -1.21076, -0.0216658, 0.723119, -0.0056476
7.02002, -1.20056, -0.0215186, 0.714848, -0.00551612
7.05002, -1.1897, -0.0213595, 0.705972, -0.00537817
7.08002, -1.17818, -0.0211886, 0.696488, -0.00523381
7.11002, -1.166, -0.0210057, 0.686397, -0.00508292
7.14002, -1.15316, -0.0208108, 0.675694, -0.00492553
7.17002, -1.13965, -0.0206041, 0.664378, -0.00476157
7.20002, -1.12549, -0.0203853, 0.652448, -0.00459109
7.23002, -1.11066, -0.0201547, 0.639901, -0.00441397
7.26002, -1.09517, -0.0199121, 0.626734, -0.00423027
7.29002, -1.07902, -0.0196575, 0.612946, -0.00403996
7.32002, -1.06221, -0.019391, 0.598535, -0.00384302
7.35002, -1.04473, -0.0191125, 0.583499, -0.00363935
7.38002, -1.0266, -0.0188221, 0.567836, -0.00342901
7.41002, -1.0078, -0.0185197, 0.551543, -0.00321202
7.44002, -0.98834, -0.0182054, 0.53462, -0.00298835
7.47002, -0.968224, -0.0178792, 0.517066, -0.00275796
7.50002, -0.94745, -0.0175411, 0.498878, -0.00252086
7.53002, -0.92602, -0.0171911, 0.480056, -0.00227707
7.56002, -0.903937, -0.0168293, 0.460599, -0.00202661
7.59002, -0.881202, -0.0164557, 0.440507, -0.00176944
7.62002, -0.85782, -0.0160704, 0.41978, -0.00150561
7.65002, -0.833794, -0.0156734, 0.398418, -0.00123511
7.68002, -0.809127, -0.0152647, 0.376423, -0.000958023
7.71002, -0.783824, -0.0148446, 0.353794, -0.000674319
7.74002, -0.757891, -0.0144129, 0.330536, -0.000384134
7.77002, -0.731333, -0.01397, 0.306649, -8.74074e-05
7.80002, -0.704157, -0.0135157, 0.282136, 0.000215712
7.83002, -0.676369, -0.0130504, 0.257002, 0.000525194
7.86002, -0.647978, -0.012574, 0.231251, 0.00084098
7.89002, -0.618993, -0.0120867, 0.204888, 0.00116295
7.92002, -0.589423, -0.0115888, 0.177918, 0.00149101
7.95002, -0.559278, -0.0110803, 0.150349, 0.00182508
7.98002, -0.52857, -0.0105614, 0.122188, 0.00216501
8.01002, -0.49731, -0.0100324, 0.0934431, 0.00251064
8.04002, -0.465512, -0.00949349, 0.0641238, 0.00286189
8.07002, -0.433189, -0.00894487, 0.0342404, 0.00321856
8.10002, -0.400357, -0.00838677, 0.00380431, 0.00358057
8.13002, -0.367031, -0.00781947, -0.0271723, 0.00394765
8.16002, -0.333228, -0.00724328, -0.0586761, 0.00431969
8.19002, -0.298966, -0.00665846, -0.0906928, 0.00469648
8.22002, -0.264264, -0.00606535, -0.123207, 0.0050778
8.25002, -0.229141, -0.00546423, -0.156203, 0.00546341
8.28002, -0.193619, -0.00485551, -0.189662, 0.00585307
8.31002, -0.157718, -0.00423953, -0.223566, 0.00624657
8.34002, -0.121462, -0.00361666, -0.257895, 0.00664366
8.37002, -0.0848748, -0.00298729, -0.292629, 0.00704409
8.40002, -0.0479801, -0.00235185, -0.327746, 0.00744754
8.43002, -0.0108036, -0.00171074, -0.363223, 0.00785373
8.46002, 0.0266286, -0.00106441, -0.399036, 0.00826237
8.49002, 0.0642896, -0.000413302, -0.435161, 0.0086732
8.52002, 0.102151, 0.00024209, -0.471572, 0.00908586
8.55002, 0.140185, 0.000901327, -0.508243, 0.00950006
8.58002, 0.178363, 0.00156391, -0.545146, 0.00991544
8.61002, 0.216655, 0.00222934, -0.582254, 0.0103317
8.64002, 0.25503, 0.00289711, -0.619537, 0.0107485
8.67002, 0.29346, 0.00356672, -0.656967, 0.0111655
8.70002, 0.331911, 0.00423766, -0.694513, 0.0115824
8.73002, 0.370355, 0.00490939, -0.732147, 0.0119988
8.76002, 0.40876, 0.0055814, -0.769836, 0.0124144
8.79002, 0.447094, 0.00625315, -0.807551, 0.0128288
8.82002, 0.485326, 0.00692412, -0.84526, 0.0132418
8.85002, 0.523425, 0.00759379, -0.882932, 0.0136529
8.88002, 0.561361, 0.00826163, -0.920536, 0.0140618
8.91002, 0.599103, 0.00892712, -0.958041, 0.0144682
8.94002, 0.63662, 0.00958975, -0.995417, 0.0148718
8.97002, 0.673883, 0.010249, -1.03263, 0.0152723
9.00002, 0.710862, 0.0109044, -1.06966, 0.0156693
9.03001, 0.74753, 0.0115554, -1.10646, 0.0160626
9.06001, 0.783857, 0.0122016, -1.14302, 0.0164519
9.09001, 0.819818, 0.0128425, -1.1793, 0.0168368
9.12001, 0.855385, 0.0134776, -1.21527, 0.0172171
9.15001, 0.890533, 0.0141065, -1.25091, 0.0175925
9.18001, 0.925239, 0.0147287, -1.2862, 0.0179629
9.21001, 0.959478, 0.0153439, -1.3211, 0.018328
9.24001, 0.993228, 0.0159516, -1.35559, 0.0186874
9.27001, 1.02647, 0.0165515, -1.38965, 0.0190411
9.30001, 1.05918, 0.0171431, -1.42326, 0.0193889
9.33001, 1.09134, 0.0177262, -1.4564, 0.0197305
9.36001, 1.12293, 0.0183005, -1.48904, 0.0200658
9.39001, 1.15394, 0.0188655, -1.52117, 0.0203946
9.42001, 1.18435, 0.019421, -1.55277, 0.0207168
9.45001, 1.21415, 0.0199668, -1.58383, 0.0210323
9.48001, 1.24332, 0.0205025, -1.61433, 0.021341
9.51001, 1.27185, 0.021028, -1.64425, 0.0216426
9.54001, 1.29973, 0.0215431, -1.67358, 0.0219372
9.57001, 1.32695, 0.0220474, -1.70231, 0.0222247
9.60001, 1.3535, 0.0225408, -1.73044, 0.022505
9.63001, 1.37938, 0.0230233, -1.75794, 0.022778
9.66001, 1.40457, 0.0234945, -1.78482, 0.0230438
9.69001, 1.42908, 0.0239544, -1.81107, 0.0233022
9.72001, 1.4529, 0.0244029, -1.83668, 0.0235533
9.75001, 1.47601, 0.0248399, -1.86164, 0.023797
9.78001, 1.49843, 0.0252651, -1.88596, 0.0240333
9.81001, 1.52015, 0.0256787, -1.90962, 0.0242623
9.84001, 1.54117, 0.0260805, -1.93264, 0.024484
9.87001, 1.56148, 0.0264705, -1.95499, 0.0246984
9.90001, 1.58109, 0.0268486, -1.97669, 0.0249054
9.93001, 1.6, 0.0272148, -1.99774, 0.0251052
9.96001, 1.61821, 0.0275691, -2.01813, 0.0252978
9.99001, 1.63571, 0.0279115, -2.03788, 0.0254832
10.02, 1.65252, 0.0282419, -2.05697, 0.0256615
10.05, 1.66864, 0.0285605, -2.07541, 0.0258327
10.08, 1.68406, 0.0288671, -2.09321, 0.0259969
10.11, 1.6988, 0.0291619, -2.11037, 0.0261541
10.14, 1.71285, 0.0294448, -2.12689, 0.0263045
10.17, 1.72622, 0.0297159, -2.14278, 0.0264481
10.2, 1.73892, 0.0299752, -2.15805, 0.0265849
10.23, 1.75094, 0.0302229, -2.17269, 0.0267151
10.26, 1.7623, 0.0304588, -2.18672, 0.0268388
10.29, 1.77299, 0.0306831, -2.20014, 0.0269558
10.32, 1.78303, 0.0308958, -2.21295, 0.0270665
10.35, 1.79241, 0.031097, -2.22516, 0.0271708
10.38, 1.80114, 0.0312868, -2.23679, 0.0272688
10.41, 1.80923, 0.0314652, -2.24782, 0.0273605
10.44, 1.81667, 0.0316322, -2.25828, 0.0274462
10.47, 1.82349, 0.031788, -2.26816, 0.0275257
10.5, 1.82967, 0.0319325, -2.27747, 0.0275993
10.53, 1.83522, 0.0320659, -2.28623, 0.027667
10.56, 1.84016, 0.0321883, -2.29442, 0.0277289
10.59, 1.84448, 0.0322995, -2.30207, 0.027785
10.62, 1.84818, 0.0323999, -2.30918, 0.0278354
10.65, 1.85128, 0.0324893, -2.31575, 0.0278802
10.68, 1.85377, 0.0325678, -2.32179, 0.0279194
10.71, 1.85565, 0.0326356, -2.3273, 0.027953
10.74, 1.85695, 0.0326926, -2.3323, 0.0279813
10.77, 1.85764, 0.0327389, -2.33678, 0.0280041
10.8, 1.85774, 0.0327746, -2.34075, 0.0280217
10.83, 1.85726, 0.0327997, -2.34422, 0.0280339
10.86, 1.85619, 0.0328142, -2.34719, 0.028041
10.89, 1.85454, 0.0328183, -2.34967, 0.0280429
10.92, 1.8523, 0.0328118, -2.35165, 0.0280398
10.95, 1.84949, 0.032795, -2.35315, 0.0280315
10.98, 1.8461, 0.0327677, -2.35417, 0.0280182
11.01, 1.84214, 0.0327302, -2.35471, 0.0279999
11.04, 1.83761, 0.0326822, -2.35478, 0.0279767
11.07, 1.83251, 0.032624, -2.35438, 0.0279486
11.1, 1.82683, 0.0325556, -2.35352, 0.0279156
11.13, 1.82059, 0.0324769, -2.35219, 0.0278778
11.16, 1.81379, 0.0323879, -2.35039, 0.0278352
11.19, 1.80642, 0.0322888, -2.34814, 0.0277878
11.22, 1.79848, 0.0321795, -2.34544, 0.0277357
11.25, 1.78998, 0.0320601, -2.34228, 0.0276789
11.28, 1.78092, 0.0319305, -2.33867, 0.0276174
11.31, 1.7713, 0.0317908, -2.33461, 0.0275512
11.34, 1.76112, 0.031641, -2.3301, 0.0274803
11.37, 1.75038, 0.0314811, -2.32515, 0.0274049
11.4, 1.73908, 0.0313112, -2.31975, 0.0273248
11.43, 1.72722, 0.0311311, -2.31391, 0.0272402
11.46, 1.7148, 0.030941, -2.30763, 0.0271509
11.49, 1.70183, 0.0307409, -2.3009, 0.0270572
11.52, 1.6883, 0.0305308, -2.29374, 0.0269588
11.55, 1.67421, 0.0303106, -2.28614, 0.026856
11.58, 1.65957, 0.0300805, -2.27809, 0.0267487
11.61, 1.64438, 0.0298404, -2.26961, 0.0266369
11.64, 1.62864, 0.0295904, -2.2607, 0.0265206
11.67, 1.61234, 0.0293304, -2.25134, 0.0263999
11.7, 1.5955, 0.0290606, -2.24155, 0.0262748
11.73, 1.57811, 0.0287809, -2.23133, 0.0261453
11.76, 1.56017, 0.0284913, -2.22067, 0.0260114
11.79, 1.54169, 0.028192, -2.20958, 0.0258732
11.82, 1.52267, 0.0278829, -2.19806, 0.0257307
11.85, 1.50311, 0.0275641, -2.18611, 0.0255839
11.88, 1.48302, 0.0272357, -2.17373, 0.0254328
11.91, 1.46239, 0.0268976, -2.16092, 0.0252775
11.94, 1.44124, 0.0265501, -2.14769, 0.0251181
11.97, 1.41957, 0.0261931, -2.13403, 0.0249545
12, 1.39738, 0.0258267, -2.11995, 0.024787
12.03, 1.37468, 0.025451, -2.10545, 0.0246153
12.06, 1.35148, 0.0250662, -2.09054, 0.0244398
12.09, 1.32777, 0.0246722, -2.07522, 0.0242603
12.12, 1.30357, 0.0242693, -2.05948, 0.024077
12.15, 1.27889, 0.0238576, -2.04334, 0.0238899
12.18, 1.25373, 0.0234371, -2.02681, 0.0236992
12.21, 1.22811, 0.0230081, -2.00988, 0.0235049
12.24, 1.20203, 0.0225707, -1.99255, 0.0233072
12.27, 1.17549, 0.0221251, -1.97485, 0.0231061
12.3, 1.14853, 0.0216713, -1.95677, 0.0229017
12.33, 1.12114, 0.0212097, -1.93832, 0.0226942
12.36, 1.09333, 0.0207404, -1.91951, 0.0224836
12.39, 1.06513, 0.0202637, -1.90035, 0.0222701
12.42, 1.03654, 0.0197797, -1.88084, 0.0220539
12.45, 1.00758, 0.0192887, -1.86101, 0.021835
12.48, 0.978266, 0.018791, -1.84084, 0.0216137
12.51, 0.948612, 0.0182868, -1.82037, 0.0213901
12.54, 0.918636, 0.0177764, -1.79959, 0.0211643
12.57, 0.888355, 0.0172601, -1.77853, 0.0209366
12.6, 0.857788, 0.0167381, -1.75719, 0.020707
12.63, 0.826954, 0.0162109, -1.73559, 0.0204759
12.66, 0.795872, 0.0156786, -1.71374, 0.0202433
12.69, 0.764562, 0.0151418, -1.69166, 0.0200096
12.72, 0.733047, 0.0146005, -1.66937, 0.0197748
12.75, 0.701347, 0.0140554, -1.64687, 0.0195392
12.78, 0.669484, 0.0135067, -1.62419, 0.019303
12.81, 0.637482, 0.0129548, -1.60135, 0.0190665
12.84, 0.605364, 0.0124, -1.57836, 0.0188298
12.87, 0.573153, 0.0118428, -1.55524, 0.0185932
12.9, 0.540873, 0.0112836, -1.532, 0.0183569
12.93, 0.508549, 0.0107227, -1.50868, 0.0181211
12.96, 0.476205, 0.0101606, -1.48529, 0.017886
12.99, 0.443867, 0.00959774, -1.46184, 0.017652
13.02, 0.411559, 0.00903445, -1.43837, 0.0174192
13.05, 0.379307, 0.00847121, -1.41488, 0.0171878
13.08, 0.347136, 0.00790842, -1.39141, 0.0169582
13.11, 0.315072, 0.00734652, -1.36796, 0.0167304
13.14, 0.28314, 0.00678594, -1.34457, 0.0165049
13.17, 0.251365, 0.00622709, -1.32126, 0.0162817
13.2, 0.219772, 0.00567038, -1.29804, 0.0160611
13.23, 0.188386, 0.00511626, -1.27494, 0.0158433
13.26, 0.157231, 0.00456514, -1.25198, 0.0156286
13.29, 0.126333, 0.00401744, -1.22918, 0.0154171
13.32, 0.0957137, 0.00347356, -1.20656, 0.015209
13.35, 0.0653976, 0.00293391, -1.18414, 0.0150047
13.38, 0.0354073, 0.00239886, -1.16194, 0.0148042
13.41, 0.00576522, 0.00186884, -1.13998, 0.0146077
13.44, -0.0235067, 0.00134421, -1.11828, 0.0144154
13.47, -0.0523876, 0.000825319, -1.09687, 0.0142275
13.5, -0.0808566, 0.000312577, -1.07575, 0.0140442
13.53, -0.108894, -0.000193705, -1.05495, 0.0138656
13.56, -0.136481, -0.000693162, -1.03449, 0.0136918
13.59, -0.163599, -0.00118544, -1.01438, 0.0135231
13.62, -0.19023, -0.00167027, -0.994634, 0.0133595
13.65, -0.216357, -0.00214728, -0.975278, 0.0132013
13.68, -0.241964, -0.00261621, -0.956324, 0.0130485
13.71, -0.267036, -0.00307678, -0.937785, 0.0129011
13.74, -0.291559, -0.00352868, -0.919678, 0.0127595
13.77, -0.315518, -0.0039717, -0.902015, 0.0126235
13.8, -0.3389, -0.00440553, -0.88481, 0.0124934
13.83, -0.361694, -0.00482996, -0.868075, 0.0123693
13.86, -0.383888, -0.00524477, -0.851822, 0.0122511
13.89, -0.40547, -0.00564974, -0.836063, 0.0121389
13.92, -0.426432, -0.00604462, -0.820809, 0.0120329
13.95, -0.446763, -0.00642926, -0.80607, 0.0119331
13.98, -0.466456, -0.00680347, -0.791855, 0.0118397
14.01, -0.485502, -0.00716708, -0.778173, 0.0117525
14.04, -0.503895, -0.00751991, -0.765034, 0.0116716
14.07, -0.521626, -0.00786187, -0.752444, 0.0115972
14.1, -0.538691, -0.00819275, -0.740413, 0.0115291
14.13, -0.555084, -0.0085124, -0.728946, 0.0114677
14.16, -0.5708, -0.00882078, -0.71805, 0.0114128
14.19, -0.585834, -0.0091177, -0.707733, 0.0113644
14.22, -0.600183, -0.00940311, -0.697999, 0.0113225
14.25, -0.613842, -0.00967688, -0.688854, 0.0112873
14.28, -0.626809, -0.00993891, -0.680303, 0.0112587
14.31, -0.639081, -0.0101891, -0.672351, 0.0112368
14.34, -0.650656, -0.0104275, -0.665002, 0.0112215
14.37, -0.661531, -0.0106539, -0.658262, 0.0112129
14.4, -0.671705, -0.0108682, -0.652133, 0.011211
14.43, -0.681176, -0.0110705, -0.646619, 0.0112158
14.46, -0.689942, -0.0112606, -0.641725, 0.0112274
14.49, -0.698003, -0.0114385, -0.637452, 0.0112458
14.52, -0.705358, -0.0116042, -0.633806, 0.0112709
14.55, -0.712005, -0.0117576, -0.630789, 0.0113029
14.58, -0.717945, -0.0118987, -0.628403, 0.0113416
14.61, -0.723176, -0.0120274, -0.626652, 0.0113871
14.64, -0.727699, -0.0121437, -0.625539, 0.0114395
14.67, -0.731512, -0.0122476, -0.625066, 0.0114988
14.7, -0.734616, -0.012339, -0.625237, 0.0115649
14.73, -0.73701, -0.0124179, -0.626053, 0.0116381
14.76, -0.738695, -0.0124843, -0.627518, 0.0117181
14.79, -0.739669, -0.0125382, -0.629634, 0.0118051
14.82, -0.739933, -0.0125795, -0.632403, 0.0118991
14.85, -0.739486, -0.0126081, -0.63583, 0.0120001
14.88, -0.738329, -0.0126242, -0.639916, 0.0121082
14.91, -0.73646, -0.0126276, -0.644663, 0.0122233
14.94, -0.73388, -0.0126183, -0.650076, 0.0123455
14.97, -0.730589, -0.0125964, -0.656156, 0.0124748
15, -0.726585, -0.0125618, -0.662907, 0.0126112
15.03, -0.72187, -0.0125144, -0.67033, 0.0127549
15.06, -0.716441, -0.0124542, -0.67843, 0.0129059
15.09, -0.7103, -0.0123814, -0.687209, 0.0130641
15.12, -0.703446, -0.0122957, -0.696669, 0.0132296
15.15, -0.695878, -0.0121972, -0.706815, 0.0134025
15.18, -0.687596, -0.012086, -0.717647, 0.0135826
15.21, -0.678599, -0.0119619, -0.72917, 0.0137702
15.24, -0.668888, -0.0118249, -0.741387, 0.0139652
15.27, -0.658461, -0.011675, -0.754299, 0.0141677
15.3, -0.647319, -0.0115123, -0.767911, 0.0143776
15.33, -0.635462, -0.0113367, -0.782223, 0.0145951
15.36, -0.622889, -0.0111482, -0.79724, 0.0148201
15.39, -0.609601, -0.0109468, -0.812963, 0.0150526
15.42, -0.595597, -0.0107324, -0.829395, 0.0152928
15.45, -0.580878, -0.0105052, -0.846538, 0.0155406
15.48, -0.565444, -0.0102651, -0.864393, 0.015796
15.51, -0.549297, -0.0100121, -0.882962, 0.016059
15.54, -0.532436, -0.00974619, -0.902247, 0.0163297
15.57, -0.514863, -0.00946741, -0.922248, 0.016608
15.6, -0.496581, -0.00917577, -0.942968, 0.016894
15.63, -0.477589, -0.00887131, -0.964405, 0.0171876
15.66, -0.457892, -0.00855408, -0.98656, 0.0174888
15.69, -0.43749, -0.0082241, -1.00943, 0.0177976
15.72, -0.416388, -0.00788141, -1.03302, 0.0181141
15.75, -0.394588, -0.00752605, -1.05732, 0.0184381
15.78, -0.372094, -0.0071581, -1.08234, 0.0187696
15.81, -0.348912, -0.00677768, -1.10807, 0.0191086
15.84, -0.325045, -0.00638481, -1.1345, 0.0194549
15.87, -0.3005, -0.0059796, -1.16164, 0.0198086
15.9, -0.275283, -0.00556215, -1.18947, 0.0201696
15.93, -0.249401, -0.00513263, -1.218, 0.0205376
15.96, -0.222861, -0.00469108, -1.24722, 0.0209128
15.99, -0.195672, -0.00423773, -1.27711, 0.021295
16.02, -0.167844, -0.00377267, -1.30767, 0.0216839
16.05, -0.139385, -0.0032961, -1.3389, 0.0220796
16.08, -0.110308, -0.0028082, -1.37077, 0.0224817
16.11, -0.0806237, -0.00230913, -1.40329, 0.0228903
16.14, -0.0503447, -0.00179915, -1.43644, 0.0233052
16.17, -0.0194851, -0.00127848, -1.4702, 0.023726
16.2, 0.0119409, -0.00074735, -1.50456, 0.0241527
16.23, 0.0439174, -0.000206028, -1.5395, 0.024585
16.26, 0.076428, 0.000345196, -1.57502, 0.0250227
16.29, 0.109455, 0.000906016, -1.61108, 0.0254655
16.32, 0.14298, 0.00147614, -1.64768, 0.0259133
16.35, 0.176983, 0.00205522, -1.68478, 0.0263657
16.38, 0.211444, 0.00264291, -1.72237, 0.0268224
16.41, 0.24634, 0.00323885, -1.76043, 0.0272832
16.44, 0.28165, 0.00384268, -1.79893, 0.0277477
16.47, 0.317351, 0.00445397, -1.83785, 0.0282156
16.5, 0.353416, 0.00507231, -1.87716, 0.0286866
16.53, 0.389821, 0.00569729, -1.91683, 0.0291604
16.56, 0.426541, 0.00632845, -1.95684, 0.0296365
16.59, 0.463547, 0.00696534, -1.99716, 0.0301147
16.62, 0.500812, 0.00760749, -2.03774, 0.0305945
16.65, 0.538307, 0.00825443, -2.07858, 0.0310757
16.68, 0.576003, 0.00890565, -2.11962, 0.0315577
16.71, 0.613871, 0.00956065, -2.16085, 0.0320403
16.74, 0.65188, 0.0102189, -2.20222, 0.0325229
16.77, 0.689999, 0.0108799, -2.2437, 0.0330053
16.8, 0.728197, 0.0115432, -2.28526, 0.033487
16.83, 0.766443, 0.0122081, -2.32686, 0.0339675
16.86, 0.804705, 0.0128742, -2.36847, 0.0344466
16.89, 0.842951, 0.0135409, -2.41005, 0.0349238
16.92, 0.881151, 0.0142077, -2.45157, 0.0353987
16.95, 0.919271, 0.0148741, -2.49299, 0.035871
16.98, 0.957281, 0.0155394, -2.53428, 0.0363401
17.01, 0.99515, 0.0162032, -2.5754, 0.0368058
17.04, 1.03285, 0.016865, -2.61631, 0.0372676
17.07, 1.07034, 0.0175243, -2.65699, 0.0377253
17.1, 1.1076, 0.0181804, -2.6974, 0.0381784
17.13, 1.1446, 0.018833, -2.73751, 0.0386266
17.16, 1.18131, 0.0194815, -2.77727, 0.0390695
17.19, 1.21771, 0.0201254, -2.81668, 0.0395069
17.22, 1.25375, 0.0207643, -2.85568, 0.0399384
17.25, 1.28943, 0.0213978, -2.89426, 0.0403637
17.28, 1.32471, 0.0220254, -2.93238, 0.0407826
17.31, 1.35957, 0.0226466, -2.97002, 0.0411947
17.34, 1.39399, 0.023261, -3.00716, 0.0415999
17.37, 1.42794, 0.0238684, -3.04376, 0.0419978
17.4, 1.46141, 0.0244682, -3.07981, 0.0423884
17.43, 1.49437, 0.0250603, -3.11528, 0.0427713
17.46, 1.52681, 0.0256441, -3.15015, 0.0431464
17.49, 1.55871, 0.0262193, -3.1844, 0.0435135
17.52, 1.59006, 0.0267858, -3.21802, 0.0438725
17.55, 1.62083, 0.0273432, -3.25098, 0.0442232
17.58, 1.65101, 0.0278913, -3.28328, 0.0445654
17.61, 1.6806, 0.0284297, -3.3149, 0.0448992
17.64, 1.70959, 0.0289584, -3.34583, 0.0452243
17.67, 1.73795, 0.0294771, -3.37606, 0.0455408
17.7, 1.76568, 0.0299855, -3.40557, 0.0458485
17.73, 1.79278, 0.0304836, -3.43436, 0.0461474
17.76, 1.81924, 0.0309711, -3.46243, 0.0464374
17.79, 1.84505, 0.031448, -3.48976, 0.0467186
17.82, 1.8702, 0.0319141, -3.51635, 0.0469909
17.85, 1.8947, 0.0323693, -3.5422, 0.0472544
17.88, 1.91854, 0.0328136, -3.56731, 0.0475091
17.91, 1.94172, 0.0332468, -3.59168, 0.0477549
17.94, 1.96423, 0.0336689, -3.6153, 0.0479919
17.97, 1.98608, 0.0340799, -3.63818, 0.0482202
18, 2.00727, 0.0344797, -3.66031, 0.0484398
18.03, 2.02779, 0.0348682, -3.68171, 0.0486508
18.06, 2.04765, 0.0352456, -3.70237, 0.0488532
18.09, 2.06685, 0.0356117, -3.7223, 0.0490471
18.12, 2.08539, 0.0359666, -3.7415, 0.0492326
18.15, 2.10327, 0.0363103, -3.75998, 0.0494098
18.18, 2.12051, 0.0366428, -3.77775, 0.0495787
18.21, 2.13709, 0.0369642, -3.79481, 0.0497395
18.24, 2.15303, 0.0372745, -3.81117, 0.0498922
18.27, 2.16833, 0.0375737, -3.82683, 0.050037
18.3, 2.183, 0.0378619, -3.84181, 0.0501741
18.33, 2.19703, 0.0381391, -3.85611, 0.0503034
18.36, 2.21044, 0.0384054, -3.86974, 0.0504251
18.39, 2.22322, 0.0386609, -3.88272, 0.0505393
18.42, 2.23539, 0.0389056, -3.89504, 0.0506462
18.45, 2.24695, 0.0391397, -3.90672, 0.0507459
18.48, 2.2579, 0.039363, -3.91777, 0.0508384
18.51, 2.26825, 0.0395758, -3.9282, 0.0509239
18.54, 2.27801, 0.0397782, -3.93802, 0.0510026
18.57, 2.28717, 0.0399701, -3.94723, 0.0510744
18.6, 2.29575, 0.0401516, -3.95585, 0.0511397
18.63, 2.30376, 0.040323, -3.96389, 0.0511984
18.66, 2.31118, 0.0404841, -3.97136, 0.0512508
18.69, 2.31804, 0.0406351, -3.97826, 0.0512969
18.72, 2.32433, 0.0407761, -3.98461, 0.0513368
18.75, 2.33007, 0.0409071, -3.99042, 0.0513707
18.78, 2.33524, 0.0410283, -3.9957, 0.0513986
18.81, 2.33987, 0.0411396, -4.00045, 0.0514208
18.84, 2.34395, 0.0412412, -4.00469, 0.0514372
18.87, 2.34749, 0.0413331, -4.00842, 0.051448
18.9, 2.35049, 0.0414154, -4.01165, 0.0514534
18.93, 2.35296, 0.0414881, -4.0144, 0.0514534
18.96, 2.3549, 0.0415514, -4.01667, 0.0514481
18.99, 2.35631, 0.0416052, -4.01847, 0.0514376
19.02, 2.3572, 0.0416497, -4.01981, 0.0514221
19.05, 2.35756, 0.0416849, -4.0207, 0.0514016
19.08, 2.35741, 0.0417108, -4.02114, 0.0513762
19.11, 2.35675, 0.0417276, -4.02114, 0.0513461
19.14, 2.35557, 0.0417352, -4.02071, 0.0513112
19.17, 2.35389, 0.0417336, -4.01986, 0.0512718
19.2, 2.3517, 0.041723, -4.01859, 0.0512277
19.23, 2.349, 0.0417034, -4.01692, 0.0511793
19.26, 2.34581, 0.0416748, -4.01484, 0.0511265
19.29, 2.34211, 0.0416372, -4.01236, 0.0510694
19.32, 2.33791, 0.0415907, -4.0095, 0.051008
19.35, 2.33322, 0.0415354, -4.00624, 0.0509426
19.38, 2.32803, 0.0414711, -4.00261, 0.050873
19.41, 2.32235, 0.0413981, -3.99861, 0.0507994
19.44, 2.31617, 0.0413162, -3.99423, 0.0507219
19.47, 2.3095, 0.0412255, -3.98949, 0.0506404
19.5, 2.30234, 0.041126, -3.9844, 0.0505551
19.53, 2.29468, 0.0410178, -3.97894, 0.050466
19.56, 2.28654, 0.0409008, -3.97313, 0.0503732
19.59, 2.2779, 0.0407751, -3.96698, 0.0502767
19.62, 2.26878, 0.0406407, -3.96047, 0.0501766
19.65, 2.25917, 0.0404976, -3.95363, 0.0500728
19.68, 2.24907, 0.0403457, -3.94645, 0.0499656
19.71, 2.23848, 0.0401852, -3.93893, 0.0498547
19.74, 2.2274, 0.040016, -3.93108, 0.0497405
19.77, 2.21583, 0.0398381, -3.9229, 0.0496227
19.8, 2.20378, 0.0396515, -3.91439, 0.0495016
19.83, 2.19124, 0.0394563, -3.90555, 0.0493771
19.86, 2.17821, 0.0392524, -3.89638, 0.0492493
19.89, 2.16469, 0.0390399, -3.8869, 0.0491182
19.92, 2.15069, 0.0388187, -3.87709, 0.0489838
19.95, 2.13621, 0.0385889, -3.86696, 0.0488462
19.98, 2.12123, 0.0383505, -3.85651, 0.0487053
20.01, 2.10578, 0.0381034, -3.84575, 0.0485613
20.04, 2.08984, 0.0378478, -3.83467, 0.0484141
20.07, 2.07342, 0.0375836, -3.82327, 0.0482638
20.1, 2.05651, 0.0373108, -3.81156, 0.0481104
20.13, 2.03913, 0.0370295, -3.79954, 0.047954
20.16, 2.02127, 0.0367397, -3.78721, 0.0477945
20.19, 2.00293, 0.0364414, -3.77456, 0.0476321
20.22, 1.98412, 0.0361347, -3.76161, 0.0474667
20.25, 1.96484, 0.0358196, -3.74835, 0.0472983
20.2801, 1.9451, 0.0354962, -3.73478, 0.0471271
20.3101, 1.92488, 0.0351644, -3.72091, 0.0469531
20.3401, 1.90421, 0.0348244, -3.70674, 0.0467763
20.3701, 1.88308, 0.0344763, -3.69226, 0.0465967
20.4001, 1.8615, 0.03412, -3.67749, 0.0464144
20.4301, 1.83947, 0.0337557, -3.66242, 0.0462295
20.4601, 1.817, 0.0333835, -3.64706, 0.046042
20.4901, 1.7941, 0.0330034, -3.6314, 0.0458521
20.5201, 1.77076, 0.0326156, -3.61546, 0.0456596
20.5501, 1.74701, 0.0322202, -3.59924, 0.0454648
20.5801, 1.72284, 0.0318173, -3.58273, 0.0452677
20.6101, 1.69826, 0.031407, -3.56595, 0.0450683
20.6401, 1.67329, 0.0309894, -3.54889, 0.0448669
20.6701, 1.64793, 0.0305648, -3.53157, 0.0446634
20.7001, 1.6222, 0.0301332, -3.51399, 0.0444579
20.7301, 1.5961, 0.0296949, -3.49616, 0.0442506
20.7601, 1.56964, 0.02925, -3.47808, 0.0440416
20.7901, 1.54284, 0.0287987, -3.45975, 0.0438309
20.8201, 1.51571, 0.0283412, -3.44119, 0.0436188
20.8501, 1.48826, 0.0278778, -3.42241, 0.0434053
20.8801, 1.46051, 0.0274086, -3.40341, 0.0431906
20.9101, 1.43248, 0.026934, -3.3842, 0.0429748
20.9401, 1.40417, 0.026454, -3.36479, 0.042758
20.9701, 1.3756, 0.0259691, -3.34519, 0.0425403
21.0001, 1.3468, 0.0254794, -3.32541, 0.0423221
21.0301, 1.31777, 0.0249853, -3.30547, 0.0421033
21.0601, 1.28854, 0.024487, -3.28537, 0.0418842
21.0901, 1.25912, 0.0239849, -3.26513, 0.0416649
21.1201, 1.22954, 0.0234792, -3.24476, 0.0414457
21.1501, 1.19981, 0.0229702, -3.22427, 0.0412266
21.1801, 1.16995, 0.0224584, -3.20367, 0.0410079
21.2101, 1.13998, 0.0219439, -3.18299, 0.0407897
21.2401, 1.10993, 0.0214272, -3.16223, 0.0405723
21.2701, 1.07982, 0.0209086, -3.14141, 0.0403558
21.3001, 1.04966, 0.0203885, -3.12055, 0.0401404
21.3301, 1.01948, 0.0198672, -3.09965, 0.0399263
21.3601, 0.989302, 0.0193451, -3.07875, 0.0397136
21.3901, 0.959149, 0.0188226, -3.05784, 0.0395027
21.4201, 0.929043, 0.0182999, -3.03696, 0.0392937
21.4501, 0.899006, 0.0177776, -3.01611, 0.0390867
21.4801, 0.86906, 0.017256, -2.99532, 0.0388819
21.5101, 0.83923, 0.0167354, -2.9746, 0.0386797
21.5401, 0.809537, 0.0162162, -2.95396, 0.03848
21.5701, 0.780003, 0.0156989, -2.93343, 0.0382832
21.6001, 0.750653, 0.0151837, -2.91302, 0.0380894
21.6301, 0.721507, 0.0146712, -2.89275, 0.0378987
21.6601, 0.692588, 0.0141615, -2.87264, 0.0377115
21.6901, 0.663918, 0.0136552, -2.8527, 0.0375277
21.7201, 0.635518, 0.0131526, -2.83296, 0.0373477
21.7501, 0.60741, 0.012654, -2.81342, 0.0371715
21.7801, 0.579613, 0.0121598, -2.7941, 0.0369993
21.8101, 0.552148, 0.0116703, -2.77503, 0.0368313
21.8401, 0.525036, 0.011186, -2.75621, 0.0366675
21.8701, 0.498294, 0.010707, -2.73767, 0.0365083
21.9001, 0.471942, 0.0102339, -2.71941, 0.0363536
21.9301, 0.445998, 0.00976677, -2.70146, 0.0362037
21.9601, 0.42048, 0.00930608, -2.68383, 0.0360585
21.9901, 0.395404, 0.00885209, -2.66653, 0.0359184
22.0201, 0.370787, 0.0084051, -2.64958, 0.0357833
22.0501, 0.346644, 0.00796541, -2.63299, 0.0356534
22.0801, 0.322991, 0.00753326, -2.61677, 0.0355288
22.1101, 0.299841, 0.00710896, -2.60095, 0.0354095
22.1401, 0.277209, 0.00669275, -2.58552, 0.0352957
22.1701, 0.255108, 0.00628489, -2.57051, 0.0351874
22.2001, 0.23355, 0.00588561, -2.55592, 0.0350847
22.2301, 0.212546, 0.00549512, -2.54176, 0.0349877
22.2601, 0.192109, 0.00511368, -2.52805, 0.0348965
22.2901, 0.172248, 0.00474149, -2.5148, 0.034811
22.3201, 0.152973, 0.00437874, -2.50202, 0.0347314
22.3501, 0.134295, 0.00402563, -2.48971, 0.0346577
22.3801, 0.11622, 0.00368235, -2.47789, 0.03459
22.4101, 0.0987579, 0.00334904, -2.46656, 0.0345284
22.4401, 0.0819158, 0.00302591, -2.45573, 0.0344728
22.4701, 0.0657007, 0.00271308, -2.44542, 0.0344233
22.5001, 0.0501192, 0.00241072, -2.43562, 0.0343799
22.5301, 0.0351773, 0.00211895, -2.42635, 0.0343427
22.5601, 0.0208806, 0.00183792, -2.41761, 0.0343118
22.5901, 0.00723419, 0.00156777, -2.40941, 0.0342871
22.6201, -0.00575717, 0.00130861, -2.40175, 0.0342686
22.6501, -0.0180893, 0.00106051, -2.39465, 0.0342565
22.6801, -0.0297582, 0.00082358, -2.3881, 0.0342506
22.7101, -0.0407603, 0.000597961, -2.38212, 0.0342511
22.7401, -0.0510926, 0.000383705, -2.37671, 0.034258
22.7701, -0.060752, 0.00018093, -2.37186, 0.0342713
22.8001, -0.0697359, -1.03116e-05, -2.3676, 0.034291
22.8301, -0.078042, -0.00018996, -2.36392, 0.0343172
22.8601, -0.0856681, -0.000357881, -2.36083, 0.0343497
22.8901, -0.0926126, -0.000514083, -2.35833, 0.0343887
22.9201, -0.0988736, -0.000658475, -2.35642, 0.0344343
22.9501, -0.10445, -0.000790976, -2.35512, 0.0344863
22.9801, -0.10934, -0.000911556, -2.35441, 0.0345449
23.0101, -0.113543, -0.00102019, -2.35432, 0.0346099
23.0401, -0.117058, -0.00111681, -2.35483, 0.0346816
23.0701, -0.119884, -0.00120139, -2.35596, 0.0347598
23.1001, -0.122021, -0.00127386, -2.35771, 0.0348447
23.1301, -0.123467, -0.00133423, -2.36008, 0.0349361
23.1601, -0.124224, -0.00138246, -2.36307, 0.0350342
23.1901, -0.12429, -0.00141849, -2.36669, 0.035139
23.2201, -0.123665, -0.00144233, -2.37094, 0.0352503
23.2501, -0.12235, -0.00145394, -2.37582, 0.0353684
23.2801, -0.120344, -0.00145329, -2.38133, 0.0354932
23.3101, -0.117647, -0.00144039, -2.38748, 0.0356248
23.3401, -0.114261, -0.00141523, -2.39426, 0.035763
23.3701, -0.110185, -0.00137779, -2.40169, 0.0359079
23.4001, -0.10542, -0.00132804, -2.40976, 0.0360596
23.4301, -0.0999664, -0.00126598, -2.41848, 0.0362181
23.4601, -0.0938253, -0.00119163, -2.42784, 0.0363833
23.4901, -0.0869973, -0.00110496, -2.43785, 0.0365553
23.5201, -0.0794837, -0.001006, -2.4485, 0.0367341
23.5501, -0.0712858, -0.000894755, -2.4598, 0.0369197
23.5801, -0.0624048, -0.000771247, -2.47176, 0.037112
23.6101, -0.0528423, -0.000635467, -2.48436, 0.037311
23.6401, -0.0426, -0.000487462, -2.49761, 0.0375168
23.6701, -0.0316801, -0.000327229, -2.51151, 0.0377293
23.7001, -0.0200846, -0.000154801, -2.52606, 0.0379486
23.7301, -0.00781585, 2.98023e-05, -2.54126, 0.0381745
23.7601, 0.00512326, 0.000226498, -2.5571, 0.0384071
23.7901, 0.01873, 0.000435293, -2.57359, 0.0386463
23.8201, 0.0330008, 0.00065612, -2.59072, 0.0388922
23.8501, 0.0479324, 0.000888899, -2.60849, 0.0391446
23.8801, 0.0635207, 0.00113358, -2.6269, 0.0394035
23.9101, 0.0797615, 0.00139013, -2.64594, 0.0396689
23.9401, 0.0966503, 0.00165845, -2.66561, 0.0399406
23.9701, 0.114182, 0.00193846, -2.6859, 0.0402187
24.0001, 0.132351, 0.00223009, -2.70681, 0.040503
24.0301, 0.151152, 0.0025332, -2.72834, 0.0407935
24.0601, 0.170577, 0.00284773, -2.75048, 0.04109
24.0901, 0.190622, 0.00317355, -2.77321, 0.0413925
24.1201, 0.211277, 0.00351054, -2.79654, 0.0417009
24.1501, 0.232535, 0.00385857, -2.82045, 0.0420151
24.1801, 0.254388, 0.00421751, -2.84494, 0.0423348
24.2101, 0.276826, 0.0045872, -2.86999, 0.0426601
24.2401, 0.299841, 0.00496744, -2.8956, 0.0429907
24.2701, 0.323422, 0.00535811, -2.92175, 0.0433266
24.3001, 0.347558, 0.00575902, -2.94843, 0.0436674
24.3301, 0.372238, 0.00616995, -2.97564, 0.0440132
24.3601, 0.397449, 0.00659072, -3.00335, 0.0443636
24.3901, 0.423179, 0.0070211, -3.03155, 0.0447185
24.4201, 0.449415, 0.00746086, -3.06022, 0.0450778
24.4501, 0.476143, 0.00790977, -3.08935, 0.0454411
24.4801, 0.503347, 0.00836756, -3.11893, 0.0458083
24.5101, 0.531013, 0.008834, -3.14893, 0.0461792
24.5401, 0.559125, 0.00930879, -3.17934, 0.0465535
24.5701, 0.587665, 0.00979165, -3.21014, 0.046931
24.6001, 0.616616, 0.0102823, -3.2413, 0.0473115
24.6301, 0.64596, 0.0107804, -3.27281, 0.0476946
24.6602, 0.675679, 0.0112857, -3.30465, 0.0480801
24.6902, 0.705753, 0.0117978, -3.33679, 0.0484678
24.7202, 0.736163, 0.0123163, -3.36921, 0.0488573
24.7502, 0.766887, 0.012841, -3.40188, 0.0492483
24.7802, 0.797905, 0.0133715, -3.43479, 0.0496407
24.8102, 0.829196, 0.0139073, -3.4679, 0.050034
24.8402, 0.860736, 0.0144482, -3.50119, 0.050428
24.8702, 0.892505, 0.0149937, -3.53464, 0.0508224
24.9002, 0.924478, 0.0155435, -3.56822, 0.0512168
24.9302, 0.956632, 0.0160971, -3.6019, 0.051611
24.9602, 0.988945, 0.0166542, -3.63566, 0.0520046
24.9902, 1.02139, 0.0172143, -3.66946, 0.0523973
