0, 1, 0, 0, 0, 0.8, 0, 0.3
0.03, 1, 0, 0, 0, 0.8, 0.00674943, 0.299924
0.06, 1, 0, 0, 0, 0.8, 0.0134954, 0.299696
0.09, 1, 0, 0, 0, 0.8, 0.0202346, 0.299317
0.12, 1, 0, 0, 0, 0.8, 0.0269636, 0.298786
0.15, 1, 0, 0, 0, 0.8, 0.0336789, 0.298104
0.18, 1, 0, 0, 0, 0.8, 0.0403771, 0.29727
0.21, 1, 0, 0, 0, 0.8, 0.0470549, 0.296287
0.24, 1, 0, 0, 0, 0.8, 0.0537089, 0.295153
0.27, 1, 0, 0, 0, 0.8, 0.0603357, 0.29387
0.3, 1, 0, 0, 0, 0.8, 0.0669319, 0.292438
0.33, 1, 0, 0, 0, 0.8, 0.0734943, 0.290858
0.36, 1, 0, 0, 0, 0.8, 0.0800194, 0.289131
0.39, 1, 0, 0, 0, 0.8, 0.0865041, 0.287258
0.42, 1, 0, 0, 0, 0.8, 0.0929449, 0.285239
0.45, 1, 0, 0, 0, 0.8, 0.0993387, 0.283076
0.48, 1, 0, 0, 0, 0.8, 0.105682, 0.280769
0.51, 1, 0, 0, 0, 0.8, 0.111972, 0.27832
0.54, 1, 0, 0, 0, 0.8, 0.118206, 0.275731
0.57, 1, 0, 0, 0, 0.8, 0.124379, 0.273002
0.6, 1, 0, 0, 0, 0.8, 0.13049, 0.270134
0.63, 1, 0, 0, 0, 0.8, 0.136534, 0.26713
0.66, 1, 0, 0, 0, 0.8, 0.142509, 0.263991
0.69, 1, 0, 0, 0, 0.8, 0.148413, 0.260718
0.72, 1, 0, 0, 0, 0.8, 0.154241, 0.257313
0.75, 1, 0, 0, 0, 0.8, 0.159991, 0.253777
0.78, 1, 0, 0, 0, 0.8, 0.16566, 0.250114
0.81, 1, 0, 0, 0, 0.8, 0.171245, 0.246323
0.84, 1, 0, 0, 0, 0.8, 0.176743, 0.242408
0.87, 1, 0, 0, 0, 0.8, 0.182152, 0.238371
0.9, 1, 0, 0, 0, 0.8, 0.187469, 0.234212
0.93, 1, 0, 0, 0, 0.8, 0.192691, 0.229935
0.96, 1, 0, 0, 0, 0.8, 0.197815, 0.225542
0.99, 1, 0, 0, 0, 0.8, 0.20284, 0.221034
1.02, 1, 0, 0, 0, 0.8, 0.207761, 0.216415
1.05, 1, 0, 0, 0, 0.8, 0.212577, 0.211686
1.08, 1, 0, 0, 0, 0.8, 0.217286, 0.20685
1.11, 1, 0, 0, 0, 0.8, 0.221885, 0.201909
1.14, 1, 0, 0, 0, 0.8, 0.226371, 0.196866
1.17, 1, 0, 0, 0, 0.8, 0.230743, 0.191723
1.2, 1, 0, 0, 0, 0.8, 0.234998, 0.186483
1.23, 1, 0, 0, 0, 0.8, 0.239134, 0.181149
1.26, 1, 0, 0, 0, 0.8, 0.243149, 0.175723
1.29, 1, 0, 0, 0, 0.8, 0.247041, 0.170208
1.32, 1, 0, 0, 0, 0.8, 0.250808, 0.164607
1.35, 1, 0, 0, 0, 0.8, 0.254448, 0.158923
1.38, 1, 0, 0, 0, 0.8, 0.257959, 0.153158
1.41, 1, 0, 0, 0, 0.8, 0.261339, 0.147316
1.44, 1, 0, 0, 0, 0.8, 0.264587, 0.141399
1.47, 1, 0, 0, 0, 0.8, 0.267701, 0.13541
1.5, 1, 0, 0, 0, 0.8, 0.27068, 0.129353
1.53, 1, 0, 0, 0, 0.8, 0.273522, 0.123231
1.56, 1, 0, 0, 0, 0.8, 0.276225, 0.117046
1.59, 1, 0, 0, 0, 0.8, 0.278788, 0.110802
1.62, 1, 0, 0, 0, 0.8, 0.281211, 0.104501
1.65, 1, 0, 0, 0, 0.8, 0.283491, 0.0981482
1.68, 1, 0, 0, 0, 0.8, 0.285627, 0.0917453
1.71, 1, 0, 0, 0, 0.8, 0.287619, 0.085296
1.74, 1, 0, 0, 0, 0.8, 0.289465, 0.0788036
1.77, 1, 0, 0, 0, 0.8, 0.291165, 0.0722712
1.8, 1, 0, 0, 0, 0.8, 0.292717, 0.0657023
1.83, 1, 0, 0, 0, 0.8, 0.294121, 0.0591001
1.86, 1, 0, 0, 0, 0.8, 0.295376, 0.052468
1.89, 1, 0, 0, 0, 0.8, 0.296482, 0.0458093
1.92, 1, 0, 0, 0, 0.8, 0.297437, 0.0391274
1.95, 1, 0, 0, 0, 0.8, 0.298242, 0.0324257
1.98, 1, 0, 0, 0, 0.8, 0.298897, 0.0257076
2.01, 1, 0, 0, 0, 0.8, 0.299399, 0.0189765
2.04, 1, 0, 0, 0, 0.8, 0.29975, 0.0122358
2.07, 1, 0, 0, 0, 0.8, 0.29995, 0.00548893
2.1, 1, 0, 0, 0, 0.8, 0.299997, -0.00126076
2.13, 1, 0, 0, 0, 0.8, 0.299893, -0.0080098
2.16, 1, 0, 0, 0, 0.8, 0.299637, -0.0147548
2.19, 1, 0, 0, 0, 0.8, 0.299229, -0.0214923
2.22, 1, 0, 0, 0, 0.8, 0.29867, -0.028219
2.25, 1, 0, 0, 0, 0.8, 0.297959, -0.0349313
2.28, 1, 0, 0, 0, 0.8, 0.297098, -0.041626
2.31, 1, 0, 0, 0, 0.8, 0.296086, -0.0482996
2.34, 1, 0, 0, 0, 0.8, 0.294925, -0.0549487
2.37, 1, 0, 0, 0, 0.8, 0.293614, -0.0615701
2.4, 1, 0, 0, 0, 0.8, 0.292154, -0.0681602
2.43, 1, 0, 0, 0, 0.8, 0.290547, -0.0747159
2.46, 1, 0, 0, 0, 0.8, 0.288792, -0.0812337
2.49, 1, 0, 0, 0, 0.8, 0.286892, -0.0877104
2.52, 1, 0, 0, 0, 0.8, 0.284846, -0.0941428
2.55, 1, 0, 0, 0, 0.8, 0.282656, -0.100527
2.58, 1, 0, 0, 0, 0.8, 0.280322, -0.106861
2.61, 1, 0, 0, 0, 0.8, 0.277847, -0.113141
2.64, 1, 0, 0, 0, 0.8, 0.275232, -0.119363
2.67, 1, 0, 0, 0, 0.8, 0.272476, -0.125525
2.7, 1, 0, 0, 0, 0.8, 0.269583, -0.131624
2.73, 1, 0, 0, 0, 0.8, 0.266554, -0.137655
2.76, 1, 0, 0, 0, 0.8, 0.263389, -0.143618
2.79, 1, 0, 0, 0, 0.8, 0.260092, -0.149507
2.82, 1, 0, 0, 0, 0.8, 0.256662, -0.155321
2.85, 1, 0, 0, 0, 0.8, 0.253103, -0.161056
2.88, 1, 0, 0, 0, 0.8, 0.249415, -0.166709
2.91, 1, 0, 0, 0, 0.8, 0.245602, -0.172278
2.94, 1, 0, 0, 0, 0.8, 0.241663, -0.17776
2.97, 1, 0, 0, 0, 0.8, 0.237603, -0.183152
3, 1, 0, 0, 0, 0.8, 0.233422, -0.188452
3.03, 1, 0, 0, 0, 0.8, 0.229123, -0.193656
3.06, 1, 0, 0, 0, 0.8, 0.224709, -0.198761
3.09, 1, 0, 0, 0, 0.8, 0.22018, -0.203767
3.12, 1, 0, 0, 0, 0.8, 0.21554, -0.208669
3.15, 1, 0, 0, 0, 0.8, 0.210791, -0.213465
3.18, 1, 0, 0, 0, 0.8, 0.205935, -0.218153
3.21, 1, 0, 0, 0, 0.8, 0.200975, -0.222731
3.24, 1, 0, 0, 0, 0.8, 0.195913, -0.227196
3.27, 1, 0, 0, 0, 0.8, 0.190752, -0.231547
3.3, 1, 0, 0, 0, 0.8, 0.185494, -0.23578
3.33, 1, 0, 0, 0, 0.8, 0.180142, -0.239893
3.36, 1, 0, 0, 0, 0.8, 0.1747, -0.243885
3.39, 1, 0, 0, 0, 0.8, 0.169169, -0.247754
3.42, 1, 0, 0, 0, 0.8, 0.163552, -0.251497
3.45, 1, 0, 0, 0, 0.8, 0.157852, -0.255113
3.48, 1, 0, 0, 0, 0.8, 0.152073, -0.2586
3.51, 1, 0, 0, 0, 0.8, 0.146216, -0.261956
3.54, 1, 0, 0, 0, 0.8, 0.140286, -0.265179
3.57, 1, 0, 0, 0, 0.8, 0.134284, -0.268268
3.6, 1, 0, 0, 0, 0.8, 0.128215, -0.271221
3.63, 1, 0, 0, 0, 0.8, 0.12208, -0.274037
3.66, 1, 0, 0, 0, 0.8, 0.115884, -0.276715
3.69, 1, 0, 0, 0, 0.8, 0.109629, -0.279252
3.72, 1, 0, 0, 0, 0.8, 0.103319, -0.281647
3.75, 1, 0, 0, 0, 0.8, 0.096956, -0.283901
3.78, 1, 0, 0, 0, 0.8, 0.0905443, -0.28601
3.81, 1, 0, 0, 0, 0.8, 0.0840867, -0.287975
3.84, 1, 0, 0, 0, 0.8, 0.0775865, -0.289794
3.87, 1, 0, 0, 0, 0.8, 0.0710471, -0.291466
3.9, 1, 0, 0, 0, 0.8, 0.0644717, -0.29299
3.93, 1, 0, 0, 0, 0.8, 0.0578636, -0.294367
3.96, 1, 0, 0, 0, 0.8, 0.0512263, -0.295594
3.99, 1, 0, 0, 0, 0.8, 0.044563, -0.296672
4.02, 1, 0, 0, 0, 0.8, 0.0378772, -0.297599
4.05, 1, 0, 0, 0, 0.8, 0.0311721, -0.298376
4.08, 1, 0, 0, 0, 0.8, 0.0244513, -0.299002
4.11, 1, 0, 0, 0, 0.8, 0.0177181, -0.299476
4.14, 1, 0, 0, 0, 0.8, 0.0109759, -0.299799
4.17, 1, 0, 0, 0, 0.8, 0.00422818, -0.29997
4.2, 1, 0, 0, 0, 0.8, -0.0025217, -0.299989
4.23, 1, 0, 0, 0, 0.8, -0.0092703, -0.299857
4.26, 1, 0, 0, 0, 0.8, -0.0160142, -0.299572
4.29, 1, 0, 0, 0, 0.8, -0.02275, -0.299136
4.32, 1, 0, 0, 0, 0.8, -0.0294743, -0.298549
4.35, 1, 0, 0, 0, 0.8, -0.0361837, -0.29781
4.38, 1, 0, 0, 0, 0.8, -0.0428747, -0.29692
4.41, 1, 0, 0, 0, 0.8, -0.049544, -0.295881
4.44, 1, 0, 0, 0, 0.8, -0.0561883, -0.294691
4.47, 1, 0, 0, 0, 0.8, -0.0628041, -0.293352
4.5, 1, 0, 0, 0, 0.8, -0.0693881, -0.291865
4.53, 1, 0, 0, 0, 0.8, -0.075937, -0.29023
4.56, 1, 0, 0, 0, 0.8, -0.0824475, -0.288448
4.59, 1, 0, 0, 0, 0.8, -0.0889162, -0.28652
4.62, 1, 0, 0, 0, 0.8, -0.0953399, -0.284447
4.65, 1, 0, 0, 0, 0.8, -0.101715, -0.28223
4.68, 1, 0, 0, 0, 0.8, -0.108039, -0.279871
4.71, 1, 0, 0, 0, 0.8, -0.114309, -0.277369
4.74, 1, 0, 0, 0, 0.8, -0.12052, -0.274727
4.77, 1, 0, 0, 0, 0.8, -0.12667, -0.271946
4.8, 1, 0, 0, 0, 0.8, -0.132757, -0.269027
4.83, 1, 0, 0, 0, 0.8, -0.138776, -0.265972
4.86, 1, 0, 0, 0, 0.8, -0.144724, -0.262783
4.89, 1, 0, 0, 0, 0.8, -0.1506, -0.25946
4.92, 1, 0, 0, 0, 0.8, -0.156399, -0.256006
4.95, 1, 0, 0, 0, 0.8, -0.162119, -0.252423
4.98, 1, 0, 0, 0, 0.8, -0.167757, -0.248712
5.01, 1, 0, 0, 0, 0.8, -0.17331, -0.244874
5.04, 1, 0, 0, 0, 0.8, -0.178776, -0.240913
5.07, 1, 0, 0, 0, 0.8, -0.184151, -0.23683
5.1, 1, 0, 0, 0, 0.8, -0.189432, -0.232627
5.13, 1, 0, 0, 0, 0.8, -0.194618, -0.228306
5.16, 1, 0, 0, 0, 0.8, -0.199705, -0.22387
5.19, 1, 0, 0, 0, 0.8, -0.204692, -0.21932
5.22001, 1, 0, 0, 0, 0.8, -0.209574, -0.21466
5.25001, 1, 0, 0, 0, 0.8, -0.21435, -0.20989
5.28001, 1, 0, 0, 0, 0.8, -0.219018, -0.205015
5.31001, 1, 0, 0, 0, 0.8, -0.223575, -0.200035
5.34001, 1, 0, 0, 0, 0.8, -0.228019, -0.194954
5.37001, 1, 0, 0, 0, 0.8, -0.232348, -0.189775
5.40001, 1, 0, 0, 0, 0.8, -0.236558, -0.1845
5.43001, 1, 0, 0, 0, 0.8, -0.24065, -0.179131
5.46001, 1, 0, 0, 0, 0.8, -0.244619, -0.173671
5.49001, 1, 0, 0, 0, 0.8, -0.248464, -0.168124
5.52001, 1, 0, 0, 0, 0.8, -0.252184, -0.162491
5.55001, 1, 0, 0, 0, 0.8, -0.255776, -0.156776
5.58001, 1, 0, 0, 0, 0.8, -0.259238, -0.150982
5.61001, 1, 0, 0, 0, 0.8, -0.262569, -0.145112
5.64001, 1, 0, 0, 0, 0.8, -0.265768, -0.139167
5.67001, 1, 0, 0, 0, 0.8, -0.268831, -0.133153
5.70001, 1, 0, 0, 0, 0.8, -0.271759, -0.127071
5.73001, 1, 0, 0, 0, 0.8, -0.274549, -0.120925
5.76001, 1, 0, 0, 0, 0.8, -0.2772, -0.114717
5.79001, 1, 0, 0, 0, 0.8, -0.279711, -0.108452
5.82001, 1, 0, 0, 0, 0.8, -0.28208, -0.102131
5.85001, 1, 0, 0, 0, 0.8, -0.284307, -0.0957591
5.88001, 1, 0, 0, 0, 0.8, -0.286389, -0.0893384
5.91001, 1, 0, 0, 0, 0.8, -0.288326, -0.0828726
5.94001, 1, 0, 0, 0, 0.8, -0.290118, -0.0763647
5.97001, 1, 0, 0, 0, 0.8, -0.291763, -0.0698183
6.00001, 1, 0, 0, 0, 0.8, -0.29326, -0.0632364
6.03001, 1, 0, 0, 0, 0.8, -0.294608, -0.0566226
6.06001, 1, 0, 0, 0, 0.8, -0.295807, -0.0499801
6.09001, 1, 0, 0, 0, 0.8, -0.296857, -0.0433123
6.12001, 1, 0, 0, 0, 0.8, -0.297756, -0.0366226
6.15001, 1, 0, 0, 0, 0.8, -0.298505, -0.0299143
6.18001, 1, 0, 0, 0, 0.8, -0.299102, -0.0231909
6.21001, 1, 0, 0, 0, 0.8, -0.299548, -0.0164557
6.24001, 1, 0, 0, 0, 0.8, -0.299843, -0.00971226
6.27001, 1, 0, 0, 0, 0.8, -0.299985, -0.00296386
6.30001, 1, 0, 0, 0, 0.8, -0.299976, 0.00378604
6.33001, 1, 0, 0, 0, 0.8, -0.299815, 0.010534
6.36001, 1, 0, 0, 0, 0.8, -0.299502, 0.0172767
6.39001, 1, 0, 0, 0, 0.8, -0.299038, 0.0240106
6.42001, 1, 0, 0, 0, 0.8, -0.298422, 0.0307323
6.45001, 1, 0, 0, 0, 0.8, -0.297655, 0.0374385
6.48001, 1, 0, 0, 0, 0.8, -0.296737, 0.0441258
6.51001, 1, 0, 0, 0, 0.8, -0.295669, 0.0507906
6.54001, 1, 0, 0, 0, 0.8, -0.294452, 0.0574298
6.57001, 1, 0, 0, 0, 0.8, -0.293085, 0.06404
6.60001, 1, 0, 0, 0, 0.8, -0.29157, 0.0706176
6.63001, 1, 0, 0, 0, 0.8, -0.289908, 0.0771596
6.66002, 1, 0, 0, 0, 0.8, -0.288098, 0.0836625
6.69002, 1, 0, 0, 0, 0.8, -0.286143, 0.090123
6.72002, 1, 0, 0, 0, 0.8, -0.284043, 0.0965379
6.75002, 1, 0, 0, 0, 0.8, -0.281799, 0.102904
6.78002, 1, 0, 0, 0, 0.8, -0.279413, 0.109218
6.81002, 1, 0, 0, 0, 0.8, -0.276885, 0.115477
6.84002, 1, 0, 0, 0, 0.8, -0.274217, 0.121677
6.87002, 1, 0, 0, 0, 0.8, -0.27141, 0.127815
6.90002, 1, 0, 0, 0, 0.8, -0.268465, 0.133889
6.93002, 1, 0, 0, 0, 0.8, -0.265385, 0.139895
6.96002, 1, 0, 0, 0, 0.8, -0.262171, 0.145831
6.99002, 1, 0, 0, 0, 0.8, -0.258823, 0.151692
7.02002, 1, 0, 0, 0, 0.8, -0.255345, 0.157477
7.05002, 1, 0, 0, 0, 0.8, -0.251737, 0.163182
7.08002, 1, 0, 0, 0, 0.8, -0.248002, 0.168804
7.11002, 1, 0, 0, 0, 0.8, -0.244142, 0.174341
7.14002, 1, 0, 0, 0, 0.8, -0.240158, 0.17979
7.17002, 1, 0, 0, 0, 0.8, -0.236052, 0.185147
7.20002, 1, 0, 0, 0, 0.8, -0.231827, 0.190411
7.23002, 1, 0, 0, 0, 0.8, -0.227484, 0.195579
7.26002, 1, 0, 0, 0, 0.8, -0.223026, 0.200647
7.29002, 1, 0, 0, 0, 0.8, -0.218456, 0.205614
7.32002, 1, 0, 0, 0, 0.8, -0.213774, 0.210477
7.35002, 1, 0, 0, 0, 0.8, -0.208985, 0.215233
7.38002, 1, 0, 0, 0, 0.8, -0.20409, 0.21988
7.41002, 1, 0, 0, 0, 0.8, -0.199091, 0.224416
7.44002, 1, 0, 0, 0, 0.8, -0.193992, 0.228839
7.47002, 1, 0, 0, 0, 0.8, -0.188794, 0.233145
7.50002, 1, 0, 0, 0, 0.8, -0.183501, 0.237334
7.53002, 1, 0, 0, 0, 0.8, -0.178115, 0.241402
7.56002, 1, 0, 0, 0, 0.8, -0.172639, 0.245349
7.59002, 1, 0, 0, 0, 0.8, -0.167075, 0.24917
7.62002, 1, 0, 0, 0, 0.8, -0.161427, 0.252866
7.65002, 1, 0, 0, 0, 0.8, -0.155697, 0.256434
7.68002, 1, 0, 0, 0, 0.8, -0.149888, 0.259872
7.71002, 1, 0, 0, 0, 0.8, -0.144004, 0.263179
7.74002, 1, 0, 0, 0, 0.8, -0.138046, 0.266352
7.77002, 1, 0, 0, 0, 0.8, -0.132019, 0.26939
7.80002, 1, 0, 0, 0, 0.8, -0.125924, 0.272292
7.83002, 1, 0, 0, 0, 0.8, -0.119767, 0.275056
7.86002, 1, 0, 0, 0, 0.8, -0.113548, 0.277681
7.89002, 1, 0, 0, 0, 0.8, -0.107272, 0.280166
7.92002, 1, 0, 0, 0, 0.8, -0.100941, 0.282508
7.95002, 1, 0, 0, 0, 0.8, -0.09456, 0.284708
7.98002, 1, 0, 0, 0, 0.8, -0.0881306, 0.286763
8.01002, 1, 0, 0, 0, 0.8, -0.0816567, 0.288673
8.04002, 1, 0, 0, 0, 0.8, -0.0751415, 0.290437
8.07002, 1, 0, 0, 0, 0.8, -0.0685883, 0.292054
8.10002, 1, 0, 0, 0, 0.8, -0.0620003, 0.293523
8.13002, 1, 0, 0, 0, 0.8, -0.0553809, 0.294844
8.16002, 1, 0, 0, 0, 0.8, -0.0487336, 0.296015
8.19002, 1, 0, 0, 0, 0.8, -0.0420615, 0.297037
8.22002, 1, 0, 0, 0, 0.8, -0.0353682, 0.297908
8.25002, 1, 0, 0, 0, 0.8, -0.0286569, 0.298628
8.28002, 1, 0, 0, 0, 0.8, -0.0219311, 0.299197
8.31002, 1, 0, 0, 0, 0.8, -0.0151943, 0.299615
8.34002, 1, 0, 0, 0, 0.8, -0.00844972, 0.299881
8.37002, 1, 0, 0, 0, 0.8, -0.00170089, 0.299995
8.40002, 1, 0, 0, 0, 0.8, 0.0050488, 0.299958
8.43002, 1, 0, 0, 0, 0.8, 0.0117959, 0.299768
8.46002, 1, 0, 0, 0, 0.8, 0.0185371, 0.299427
8.49002, 1, 0, 0, 0, 0.8, 0.0252689, 0.298934
8.52002, 1, 0, 0, 0, 0.8, 0.0319879, 0.29829
8.55002, 1, 0, 0, 0, 0.8, 0.0386907, 0.297495
8.58002, 1, 0, 0, 0, 0.8, 0.0453739, 0.296549
8.61002, 1, 0, 0, 0, 0.8, 0.0520341, 0.295453
8.64002, 1, 0, 0, 0, 0.8, 0.058668, 0.294208
8.67002, 1, 0, 0, 0, 0.8, 0.0652722, 0.292813
8.70002, 1, 0, 0, 0, 0.8, 0.0718434, 0.291271
8.73002, 1, 0, 0, 0, 0.8, 0.0783782, 0.28958
8.76002, 1, 0, 0, 0, 0.8, 0.0848733, 0.287744
8.79002, 1, 0, 0, 0, 0.8, 0.0913255, 0.285762
8.82002, 1, 0, 0, 0, 0.8, 0.0977314, 0.283635
8.85002, 1, 0, 0, 0, 0.8, 0.104088, 0.281364
8.88002, 1, 0, 0, 0, 0.8, 0.110392, 0.278951
8.91002, 1, 0, 0, 0, 0.8, 0.116639, 0.276397
8.94002, 1, 0, 0, 0, 0.8, 0.122828, 0.273703
8.97002, 1, 0, 0, 0, 0.8, 0.128955, 0.27087
9.00002, 1, 0, 0, 0, 0.8, 0.135016, 0.2679
9.03001, 1, 0, 0, 0, 0.8, 0.141009, 0.264795
9.06001, 1, 0, 0, 0, 0.8, 0.146931, 0.261556
9.09001, 1, 0, 0, 0, 0.8, 0.152778, 0.258184
9.12001, 1, 0, 0, 0, 0.8, 0.158548, 0.254681
9.15001, 1, 0, 0, 0, 0.8, 0.164238, 0.25105
9.18001, 1, 0, 0, 0, 0.8, 0.169844, 0.247291
9.21001, 1, 0, 0, 0, 0.8, 0.175365, 0.243407
9.24001, 1, 0, 0, 0, 0.8, 0.180797, 0.2394
9.27001, 1, 0, 0, 0, 0.8, 0.186137, 0.235272
9.30001, 1, 0, 0, 0, 0.8, 0.191383, 0.231025
9.33001, 1, 0, 0, 0, 0.8, 0.196532, 0.226661
9.36001, 1, 0, 0, 0, 0.8, 0.201582, 0.222182
9.39001, 1, 0, 0, 0, 0.8, 0.206529, 0.217591
9.42001, 1, 0, 0, 0, 0.8, 0.211372, 0.212889
9.45001, 1, 0, 0, 0, 0.8, 0.216108, 0.20808
9.48001, 1, 0, 0, 0, 0.8, 0.220735, 0.203165
9.51001, 1, 0, 0, 0, 0.8, 0.22525, 0.198148
9.54001, 1, 0, 0, 0, 0.8, 0.229651, 0.19303
9.57001, 1, 0, 0, 0, 0.8, 0.233936, 0.187814
9.60001, 1, 0, 0, 0, 0.8, 0.238102, 0.182504
9.63001, 1, 0, 0, 0, 0.8, 0.242147, 0.177101
9.66001, 1, 0, 0, 0, 0.8, 0.246071, 0.171608
9.69001, 1, 0, 0, 0, 0.8, 0.249869, 0.166029
9.72001, 1, 0, 0, 0, 0.8, 0.253541, 0.160365
9.75001, 1, 0, 0, 0, 0.8, 0.257085, 0.15462
9.78001, 1, 0, 0, 0, 0.8, 0.260498, 0.148797
9.81001, 1, 0, 0, 0, 0.8, 0.26378, 0.142899
9.84001, 1, 0, 0, 0, 0.8, 0.266928, 0.136928
9.87001, 1, 0, 0, 0, 0.8, 0.269941, 0.130888
9.90001, 1, 0, 0, 0, 0.8, 0.272818, 0.124782
9.93001, 1, 0, 0, 0, 0.8, 0.275556, 0.118613
9.96001, 1, 0, 0, 0, 0.8, 0.278155, 0.112383
9.99001, 1, 0, 0, 0, 0.8, 0.280613, 0.106097
10.02, 1, 0, 0, 0, 0.8, 0.282929, 0.0997567
10.05, 1, 0, 0, 0, 0.8, 0.285101, 0.0933662
10.08, 1, 0, 0, 0, 0.8, 0.28713, 0.0869284
10.11, 1, 0, 0, 0, 0.8, 0.289013, 0.0804466
10.14, 1, 0, 0, 0, 0.8, 0.290749, 0.073924
10.17, 1, 0, 0, 0, 0.8, 0.292339, 0.0673641
10.2, 1, 0, 0, 0, 0.8, 0.293781, 0.06077
10.23, 1, 0, 0, 0, 0.8, 0.295073, 0.0541452
10.26, 1, 0, 0, 0, 0.8, 0.296217, 0.0474929
10.29, 1, 0, 0, 0, 0.8, 0.29721, 0.0408167
10.32, 1, 0, 0, 0, 0.8, 0.298053, 0.0341197
10.35, 1, 0, 0, 0, 0.8, 0.298746, 0.0274055
10.38, 1, 0, 0, 0, 0.8, 0.299287, 0.0206774
10.41, 1, 0, 0, 0, 0.8, 0.299676, 0.0139389
10.44, 1, 0, 0, 0, 0.8, 0.299914, 0.00719325
10.47, 1, 0, 0, 0, 0.8, 0.3, 0.000444001
10.5, 1, 0, 0, 0, 0.8, 0.299934, -0.00630547
10.53, 1, 0, 0, 0, 0.8, 0.299716, -0.0130518
10.56, 1, 0, 0, 0, 0.8, 0.299346, -0.0197914
10.59, 1, 0, 0, 0, 0.8, 0.298825, -0.0265211
10.62, 1, 0, 0, 0, 0.8, 0.298153, -0.0332373
10.65, 1, 0, 0, 0, 0.8, 0.29733, -0.0399367
10.68, 1, 0, 0, 0, 0.8, 0.296356, -0.0466159
10.71, 1, 0, 0, 0, 0.8, 0.295232, -0.0532715
10.74, 1, 0, 0, 0, 0.8, 0.293959, -0.0599001
10.77, 1, 0, 0, 0, 0.8, 0.292537, -0.0664984
10.8, 1, 0, 0, 0, 0.8, 0.290967, -0.0730631
10.83, 1, 0, 0, 0, 0.8, 0.28925, -0.0795907
10.86, 1, 0, 0, 0, 0.8, 0.287386, -0.0860781
10.89, 1, 0, 0, 0, 0.8, 0.285376, -0.0925219
10.92, 1, 0, 0, 0, 0.8, 0.283223, -0.0989188
10.95, 1, 0, 0, 0, 0.8, 0.280926, -0.105266
10.98, 1, 0, 0, 0, 0.8, 0.278486, -0.111559
11.01, 1, 0, 0, 0, 0.8, 0.275906, -0.117796
11.04, 1, 0, 0, 0, 0.8, 0.273186, -0.123974
11.07, 1, 0, 0, 0, 0.8, 0.270327, -0.130089
11.1, 1, 0, 0, 0, 0.8, 0.267332, -0.136138
11.13, 1, 0, 0, 0, 0.8, 0.264202, -0.142117
11.16, 1, 0, 0, 0, 0.8, 0.260938, -0.148025
11.19, 1, 0, 0, 0, 0.8, 0.257541, -0.153859
11.22, 1, 0, 0, 0, 0.8, 0.254015, -0.159614
11.25, 1, 0, 0, 0, 0.8, 0.250359, -0.165288
11.28, 1, 0, 0, 0, 0.8, 0.246577, -0.170879
11.31, 1, 0, 0, 0, 0.8, 0.242671, -0.176383
11.34, 1, 0, 0, 0, 0.8, 0.238641, -0.181798
11.37, 1, 0, 0, 0, 0.8, 0.23449, -0.187121
11.4, 1, 0, 0, 0, 0.8, 0.230221, -0.192349
11.43, 1, 0, 0, 0, 0.8, 0.225836, -0.19748
11.46, 1, 0, 0, 0, 0.8, 0.221335, -0.202511
11.49, 1, 0, 0, 0, 0.8, 0.216723, -0.207439
11.52, 1, 0, 0, 0, 0.8, 0.212002, -0.212262
11.55, 1, 0, 0, 0, 0.8, 0.207172, -0.216978
11.58, 1, 0, 0, 0, 0.8, 0.202238, -0.221584
11.61, 1, 0, 0, 0, 0.8, 0.197202, -0.226078
11.64, 1, 0, 0, 0, 0.8, 0.192066, -0.230458
11.67, 1, 0, 0, 0, 0.8, 0.186832, -0.23472
11.7, 1, 0, 0, 0, 0.8, 0.181504, -0.238864
11.73, 1, 0, 0, 0, 0.8, 0.176085, -0.242887
11.76, 1, 0, 0, 0, 0.8, 0.170576, -0.246787
11.79, 1, 0, 0, 0, 0.8, 0.16498, -0.250562
11.82, 1, 0, 0, 0, 0.8, 0.159301, -0.254211
11.85, 1, 0, 0, 0, 0.8, 0.153542, -0.25773
11.88, 1, 0, 0, 0, 0.8, 0.147705, -0.261119
11.91, 1, 0, 0, 0, 0.8, 0.141792, -0.264376
11.94, 1, 0, 0, 0, 0.8, 0.135809, -0.2675
11.97, 1, 0, 0, 0, 0.8, 0.129756, -0.270487
12, 1, 0, 0, 0, 0.8, 0.123638, -0.273338
12.03, 1, 0, 0, 0, 0.8, 0.117457, -0.27605
12.06, 1, 0, 0, 0, 0.8, 0.111217, -0.278623
12.09, 1, 0, 0, 0, 0.8, 0.10492, -0.281055
12.12, 1, 0, 0, 0, 0.8, 0.0985705, -0.283344
12.15, 1, 0, 0, 0, 0.8, 0.0921709, -0.28549
12.18, 1, 0, 0, 0, 0.8, 0.0857247, -0.287491
12.21, 1, 0, 0, 0, 0.8, 0.079235, -0.289347
12.24, 1, 0, 0, 0, 0.8, 0.0727052, -0.291057
12.27, 1, 0, 0, 0, 0.8, 0.0661387, -0.292619
12.3, 1, 0, 0, 0, 0.8, 0.0595386, -0.294033
12.33, 1, 0, 0, 0, 0.8, 0.0529084, -0.295298
12.36, 1, 0, 0, 0, 0.8, 0.0462515, -0.296413
12.39, 1, 0, 0, 0, 0.8, 0.0395711, -0.297379
12.42, 1, 0, 0, 0, 0.8, 0.0328707, -0.298194
12.45, 1, 0, 0, 0, 0.8, 0.0261536, -0.298858
12.48, 1, 0, 0, 0, 0.8, 0.0194233, -0.299371
12.51, 1, 0, 0, 0, 0.8, 0.0126832, -0.299732
12.54, 1, 0, 0, 0, 0.8, 0.00593666, -0.299941
12.57, 1, 0, 0, 0, 0.8, -0.000812894, -0.299999
12.6, 1, 0, 0, 0, 0.8, -0.00756203, -0.299905
12.63, 1, 0, 0, 0, 0.8, -0.0143073, -0.299659
12.66, 1, 0, 0, 0, 0.8, -0.0210454, -0.299261
12.69, 1, 0, 0, 0, 0.8, -0.0277728, -0.298712
12.72, 1, 0, 0, 0, 0.8, -0.0344862, -0.298011
12.75, 1, 0, 0, 0, 0.8, -0.0411821, -0.29716
12.78, 1, 0, 0, 0, 0.8, -0.0478571, -0.296158
12.81, 1, 0, 0, 0, 0.8, -0.054508, -0.295007
12.84, 1, 0, 0, 0, 0.8, -0.0611312, -0.293706
12.87, 1, 0, 0, 0, 0.8, -0.0677235, -0.292256
12.9, 1, 0, 0, 0, 0.8, -0.0742815, -0.290658
12.93, 1, 0, 0, 0, 0.8, -0.0808019, -0.288914
12.96, 1, 0, 0, 0, 0.8, -0.0872814, -0.287023
12.99, 1, 0, 0, 0, 0.8, -0.0937167, -0.284986
13.02, 1, 0, 0, 0, 0.8, -0.100105, -0.282806
13.05, 1, 0, 0, 0, 0.8, -0.106442, -0.280482
13.08, 1, 0, 0, 0, 0.8, -0.112725, -0.278016
13.11, 1, 0, 0, 0, 0.8, -0.118951, -0.27541
13.14, 1, 0, 0, 0, 0.8, -0.125117, -0.272664
13.17, 1, 0, 0, 0, 0.8, -0.13122, -0.26978
13.2, 1, 0, 0, 0, 0.8, -0.137256, -0.26676
13.23, 1, 0, 0, 0, 0.8, -0.143223, -0.263604
13.26, 1, 0, 0, 0, 0.8, -0.149117, -0.260315
13.29, 1, 0, 0, 0, 0.8, -0.154936, -0.256894
13.32, 1, 0, 0, 0, 0.8, -0.160677, -0.253344
13.35, 1, 0, 0, 0, 0.8, -0.166336, -0.249665
13.38, 1, 0, 0, 0, 0.8, -0.17191, -0.245859
13.41, 1, 0, 0, 0, 0.8, -0.177398, -0.241929
13.44, 1, 0, 0, 0, 0.8, -0.182796, -0.237877
13.47, 1, 0, 0, 0, 0.8, -0.188102, -0.233704
13.5, 1, 0, 0, 0, 0.8, -0.193312, -0.229413
13.53, 1, 0, 0, 0, 0.8, -0.198424, -0.225006
13.56, 1, 0, 0, 0, 0.8, -0.203436, -0.220485
13.59, 1, 0, 0, 0, 0.8, -0.208345, -0.215852
13.62, 1, 0, 0, 0, 0.8, -0.213149, -0.21111
13.65, 1, 0, 0, 0, 0.8, -0.217844, -0.206262
13.68, 1, 0, 0, 0, 0.8, -0.22243, -0.201308
13.71, 1, 0, 0, 0, 0.8, -0.226902, -0.196253
13.74, 1, 0, 0, 0, 0.8, -0.23126, -0.191099
13.77, 1, 0, 0, 0, 0.8, -0.235501, -0.185847
13.8, 1, 0, 0, 0, 0.8, -0.239623, -0.180502
13.83, 1, 0, 0, 0, 0.8, -0.243623, -0.175065
13.86, 1, 0, 0, 0, 0.8, -0.2475, -0.16954
13.89, 1, 0, 0, 0, 0.8, -0.251251, -0.163929
13.92, 1, 0, 0, 0, 0.8, -0.254876, -0.158235
13.95, 1, 0, 0, 0, 0.8, -0.258371, -0.152461
13.98, 1, 0, 0, 0, 0.8, -0.261736, -0.146609
14.01, 1, 0, 0, 0, 0.8, -0.264968, -0.140684
14.04, 1, 0, 0, 0, 0.8, -0.268066, -0.134687
14.07, 1, 0, 0, 0, 0.8, -0.271029, -0.128622
14.1, 1, 0, 0, 0, 0.8, -0.273854, -0.122492
14.13, 1, 0, 0, 0, 0.8, -0.27654, -0.116299
14.16, 1, 0, 0, 0, 0.8, -0.279087, -0.110048
14.19, 1, 0, 0, 0, 0.8, -0.281492, -0.103742
14.22, 1, 0, 0, 0, 0.8, -0.283755, -0.0973825
14.25, 1, 0, 0, 0, 0.8, -0.285874, -0.090974
14.28, 1, 0, 0, 0, 0.8, -0.287848, -0.0845194
14.31, 1, 0, 0, 0, 0.8, -0.289677, -0.078022
14.34, 1, 0, 0, 0, 0.8, -0.291359, -0.0714852
14.37, 1, 0, 0, 0, 0.8, -0.292893, -0.0649121
14.4, 1, 0, 0, 0, 0.8, -0.294279, -0.0583062
14.43, 1, 0, 0, 0, 0.8, -0.295517, -0.0516708
14.46, 1, 0, 0, 0, 0.8, -0.296604, -0.0450092
14.49, 1, 0, 0, 0, 0.8, -0.297542, -0.0383248
14.52, 1, 0, 0, 0, 0.8, -0.298329, -0.0316211
14.55, 1, 0, 0, 0, 0.8, -0.298965, -0.0249013
14.58, 1, 0, 0, 0, 0.8, -0.299449, -0.0181689
14.61, 1, 0, 0, 0, 0.8, -0.299782, -0.0114273
14.64, 1, 0, 0, 0, 0.8, -0.299964, -0.00467996
14.67, 1, 0, 0, 0, 0.8, -0.299993, 0.00206978
14.7, 1, 0, 0, 0, 0.8, -0.29987, 0.00881846
14.73, 1, 0, 0, 0, 0.8, -0.299596, 0.0155627
14.76, 1, 0, 0, 0, 0.8, -0.29917, 0.022299
14.79, 1, 0, 0, 0, 0.8, -0.298593, 0.0290241
14.82, 1, 0, 0, 0, 0.8, -0.297864, 0.0357344
14.85, 1, 0, 0, 0, 0.8, -0.296985, 0.0424267
14.88, 1, 0, 0, 0, 0.8, -0.295955, 0.0490975
14.91, 1, 0, 0, 0, 0.8, -0.294776, 0.0557435
14.94, 1, 0, 0, 0, 0.8, -0.293447, 0.0623612
14.97, 1, 0, 0, 0, 0.8, -0.29197, 0.0689473
15, 1, 0, 0, 0, 0.8, -0.290345, 0.0754986
15.03, 1, 0, 0, 0, 0.8, -0.288573, 0.0820116
15.06, 1, 0, 0, 0, 0.8, -0.286654, 0.0884831
15.09, 1, 0, 0, 0, 0.8, -0.284591, 0.0949099
15.12, 1, 0, 0, 0, 0.8, -0.282384, 0.101289
15.15, 1, 0, 0, 0, 0.8, -0.280034, 0.107616
15.18, 1, 0, 0, 0, 0.8, -0.277542, 0.113889
15.21, 1, 0, 0, 0, 0.8, -0.274909, 0.120104
15.24, 1, 0, 0, 0, 0.8, -0.272137, 0.126259
15.27, 1, 0, 0, 0, 0.8, -0.269228, 0.132349
15.3, 1, 0, 0, 0, 0.8, -0.266182, 0.138373
15.33, 1, 0, 0, 0, 0.8, -0.263002, 0.144326
15.36, 1, 0, 0, 0, 0.8, -0.259688, 0.150207
15.39, 1, 0, 0, 0, 0.8, -0.256243, 0.156011
15.42, 1, 0, 0, 0, 0.8, -0.252668, 0.161737
15.45, 1, 0, 0, 0, 0.8, -0.248966, 0.16738
15.48, 1, 0, 0, 0, 0.8, -0.245137, 0.172939
15.51, 1, 0, 0, 0, 0.8, -0.241184, 0.17841
15.54, 1, 0, 0, 0, 0.8, -0.237109, 0.183791
15.57, 1, 0, 0, 0, 0.8, -0.232914, 0.189079
15.6, 1, 0, 0, 0, 0.8, -0.228601, 0.194271
15.63, 1, 0, 0, 0, 0.8, -0.224173, 0.199365
15.66, 1, 0, 0, 0, 0.8, -0.219631, 0.204358
15.69, 1, 0, 0, 0, 0.8, -0.214978, 0.209248
15.72, 1, 0, 0, 0, 0.8, -0.210216, 0.214031
15.75, 1, 0, 0, 0, 0.8, -0.205347, 0.218707
15.78, 1, 0, 0, 0, 0.8, -0.200375, 0.223271
15.81, 1, 0, 0, 0, 0.8, -0.195301, 0.227723
15.84, 1, 0, 0, 0, 0.8, -0.190128, 0.232059
15.87, 1, 0, 0, 0, 0.8, -0.184859, 0.236278
15.9, 1, 0, 0, 0, 0.8, -0.179497, 0.240377
15.93, 1, 0, 0, 0, 0.8, -0.174043, 0.244354
15.96, 1, 0, 0, 0, 0.8, -0.168502, 0.248208
15.99, 1, 0, 0, 0, 0.8, -0.162875, 0.251936
16.02, 1, 0, 0, 0, 0.8, -0.157166, 0.255537
16.05, 1, 0, 0, 0, 0.8, -0.151377, 0.259008
16.08, 1, 0, 0, 0, 0.8, -0.145511, 0.262348
16.11, 1, 0, 0, 0, 0.8, -0.139572, 0.265556
16.14, 1, 0, 0, 0, 0.8, -0.133562, 0.268629
16.17, 1, 0, 0, 0, 0.8, -0.127484, 0.271565
16.2, 1, 0, 0, 0, 0.8, -0.121342, 0.274365
16.23, 1, 0, 0, 0, 0.8, -0.115138, 0.277026
16.26, 1, 0, 0, 0, 0.8, -0.108877, 0.279546
16.29, 1, 0, 0, 0, 0.8, -0.10256, 0.281925
16.32, 1, 0, 0, 0, 0.8, -0.0961908, 0.284161
16.35, 1, 0, 0, 0, 0.8, -0.0897732, 0.286253
16.38, 1, 0, 0, 0, 0.8, -0.0833102, 0.2882
16.41, 1, 0, 0, 0, 0.8, -0.076805, 0.290002
16.44, 1, 0, 0, 0, 0.8, -0.0702609, 0.291656
16.47, 1, 0, 0, 0, 0.8, -0.0636813, 0.293163
16.5, 1, 0, 0, 0, 0.8, -0.0570694, 0.294522
16.53, 1, 0, 0, 0, 0.8, -0.0504286, 0.295731
16.56, 1, 0, 0, 0, 0.8, -0.0437623, 0.296791
16.59, 1, 0, 0, 0, 0.8, -0.0370739, 0.2977
16.62, 1, 0, 0, 0, 0.8, -0.0303666, 0.298459
16.65, 1, 0, 0, 0, 0.8, -0.023644, 0.299067
16.68, 1, 0, 0, 0, 0.8, -0.0169094, 0.299523
16.71, 1, 0, 0, 0, 0.8, -0.0101663, 0.299828
16.74, 1, 0, 0, 0, 0.8, -0.00341803, 0.299981
16.77, 1, 0, 0, 0, 0.8, 0.00333198, 0.299982
16.8, 1, 0, 0, 0, 0.8, 0.0100803, 0.299831
16.83, 1, 0, 0, 0, 0.8, 0.0168235, 0.299528
16.86, 1, 0, 0, 0, 0.8, 0.0235582, 0.299074
16.89, 1, 0, 0, 0, 0.8, 0.030281, 0.298468
16.92, 1, 0, 0, 0, 0.8, 0.0369885, 0.297711
16.95, 1, 0, 0, 0, 0.8, 0.0436772, 0.296803
16.98, 1, 0, 0, 0, 0.8, 0.0503438, 0.295746
17.01, 1, 0, 0, 0, 0.8, 0.0569849, 0.294538
17.04, 1, 0, 0, 0, 0.8, 0.0635972, 0.293182
17.07, 1, 0, 0, 0, 0.8, 0.0701773, 0.291676
17.1, 1, 0, 0, 0, 0.8, 0.0767218, 0.290024
17.13, 1, 0, 0, 0, 0.8, 0.0832276, 0.288224
17.16, 1, 0, 0, 0, 0.8, 0.0896911, 0.286279
17.19, 1, 0, 0, 0, 0.8, 0.0961093, 0.284188
17.22, 1, 0, 0, 0, 0.8, 0.102479, 0.281954
17.25, 1, 0, 0, 0, 0.8, 0.108796, 0.279577
17.28, 1, 0, 0, 0, 0.8, 0.115059, 0.277059
17.31, 1, 0, 0, 0, 0.8, 0.121263, 0.2744
17.34, 1, 0, 0, 0, 0.8, 0.127406, 0.271602
17.37, 1, 0, 0, 0, 0.8, 0.133485, 0.268667
17.4, 1, 0, 0, 0, 0.8, 0.139496, 0.265596
17.43, 1, 0, 0, 0, 0.8, 0.145436, 0.26239
17.46, 1, 0, 0, 0, 0.8, 0.151302, 0.259051
17.49, 1, 0, 0, 0, 0.8, 0.157092, 0.255582
17.52, 1, 0, 0, 0, 0.8, 0.162803, 0.251983
17.55, 1, 0, 0, 0, 0.8, 0.168431, 0.248256
17.58, 1, 0, 0, 0, 0.8, 0.173974, 0.244404
17.61, 1, 0, 0, 0, 0.8, 0.179428, 0.240428
17.64, 1, 0, 0, 0, 0.8, 0.184792, 0.23633
17.67, 1, 0, 0, 0, 0.8, 0.190063, 0.232113
17.7, 1, 0, 0, 0, 0.8, 0.195237, 0.227778
17.73, 1, 0, 0, 0, 0.8, 0.200312, 0.223327
17.76, 1, 0, 0, 0, 0.8, 0.205286, 0.218764
17.79, 1, 0, 0, 0, 0.8, 0.210156, 0.21409
17.82, 1, 0, 0, 0, 0.8, 0.214919, 0.209308
17.85, 1, 0, 0, 0, 0.8, 0.219574, 0.204419
17.88, 1, 0, 0, 0, 0.8, 0.224118, 0.199428
17.91, 1, 0, 0, 0, 0.8, 0.228548, 0.194335
17.94, 1, 0, 0, 0, 0.8, 0.232862, 0.189144
17.97, 1, 0, 0, 0, 0.8, 0.237059, 0.183857
18, 1, 0, 0, 0, 0.8, 0.241135, 0.178477
18.03, 1, 0, 0, 0, 0.8, 0.24509, 0.173006
18.06, 1, 0, 0, 0, 0.8, 0.24892, 0.167448
18.09, 1, 0, 0, 0, 0.8, 0.252624, 0.161805
18.12, 1, 0, 0, 0, 0.8, 0.256201, 0.156081
18.15, 1, 0, 0, 0, 0.8, 0.259647, 0.150277
18.18, 1, 0, 0, 0, 0.8, 0.262963, 0.144397
18.21, 1, 0, 0, 0, 0.8, 0.266145, 0.138445
18.24, 1, 0, 0, 0, 0.8, 0.269192, 0.132422
18.27, 1, 0, 0, 0, 0.8, 0.272104, 0.126332
18.3, 1, 0, 0, 0, 0.8, 0.274877, 0.120178
18.33, 1, 0, 0, 0, 0.8, 0.277511, 0.113963
18.36, 1, 0, 0, 0, 0.8, 0.280005, 0.10769
18.39, 1, 0, 0, 0, 0.8, 0.282357, 0.101363
18.42, 1, 0, 0, 0, 0.8, 0.284566, 0.0949852
18.45, 1, 0, 0, 0, 0.8, 0.286631, 0.0885588
18.48, 1, 0, 0, 0, 0.8, 0.288551, 0.0820876
18.51, 1, 0, 0, 0, 0.8, 0.290325, 0.0755748
18.54, 1, 0, 0, 0, 0.8, 0.291952, 0.0690238
18.57, 1, 0, 0, 0, 0.8, 0.293431, 0.0624378
18.6, 1, 0, 0, 0, 0.8, 0.294761, 0.0558202
18.63, 1, 0, 0, 0, 0.8, 0.295942, 0.0491744
18.66, 1, 0, 0, 0, 0.8, 0.296974, 0.0425036
18.69, 1, 0, 0, 0, 0.8, 0.297855, 0.0358114
18.72, 1, 0, 0, 0, 0.8, 0.298585, 0.029101
18.75, 1, 0, 0, 0, 0.8, 0.299164, 0.0223759
18.78, 1, 0, 0, 0, 0.8, 0.299592, 0.0156394
18.81, 1, 0, 0, 0, 0.8, 0.299868, 0.00889504
18.84, 1, 0, 0, 0, 0.8, 0.299992, 0.00214617
18.87, 1, 0, 0, 0, 0.8, 0.299965, -0.00460379
18.9, 1, 0, 0, 0, 0.8, 0.299785, -0.0113514
18.93, 1, 0, 0, 0, 0.8, 0.299454, -0.0180933
18.96, 1, 0, 0, 0, 0.8, 0.298971, -0.024826
18.99, 1, 0, 0, 0, 0.8, 0.298337, -0.0315462
19.02, 1, 0, 0, 0, 0.8, 0.297552, -0.0382503
19.05, 1, 0, 0, 0, 0.8, 0.296616, -0.0449352
19.08, 1, 0, 0, 0, 0.8, 0.29553, -0.0515972
19.11, 1, 0, 0, 0, 0.8, 0.294294, -0.0582332
19.14, 1, 0, 0, 0, 0.8, 0.292909, -0.0648396
19.17, 1, 0, 0, 0, 0.8, 0.291376, -0.0714133
19.2, 1, 0, 0, 0, 0.8, 0.289696, -0.0779508
19.23, 1, 0, 0, 0, 0.8, 0.287869, -0.0844488
19.26, 1, 0, 0, 0, 0.8, 0.285896, -0.0909041
19.29, 1, 0, 0, 0, 0.8, 0.283778, -0.0973133
19.32, 1, 0, 0, 0, 0.8, 0.281517, -0.103673
19.35, 1, 0, 0, 0, 0.8, 0.279113, -0.109981
19.38, 1, 0, 0, 0, 0.8, 0.276568, -0.116233
19.41, 1, 0, 0, 0, 0.8, 0.273883, -0.122426
19.44, 1, 0, 0, 0, 0.8, 0.271059, -0.128557
19.47, 1, 0, 0, 0, 0.8, 0.268098, -0.134623
19.5, 1, 0, 0, 0, 0.8, 0.265002, -0.14062
19.53, 1, 0, 0, 0, 0.8, 0.261771, -0.146547
19.56, 1, 0, 0, 0, 0.8, 0.258408, -0.152399
19.59, 1, 0, 0, 0, 0.8, 0.254913, -0.158174
19.62, 1, 0, 0, 0, 0.8, 0.25129, -0.16387
19.65, 1, 0, 0, 0, 0.8, 0.24754, -0.169482
19.68, 1, 0, 0, 0, 0.8, 0.243664, -0.175008
19.71, 1, 0, 0, 0, 0.8, 0.239665, -0.180446
19.74, 1, 0, 0, 0, 0.8, 0.235544, -0.185793
19.77, 1, 0, 0, 0, 0.8, 0.231305, -0.191045
19.8, 1, 0, 0, 0, 0.8, 0.226948, -0.196201
19.83, 1, 0, 0, 0, 0.8, 0.222476, -0.201257
19.86, 1, 0, 0, 0, 0.8, 0.217892, -0.206211
19.89, 1, 0, 0, 0, 0.8, 0.213197, -0.211061
19.92, 1, 0, 0, 0, 0.8, 0.208395, -0.215805
19.95, 1, 0, 0, 0, 0.8, 0.203487, -0.220439
19.98, 1, 0, 0, 0, 0.8, 0.198476, -0.224961
20.01, 1, 0, 0, 0, 0.8, 0.193364, -0.22937
20.04, 1, 0, 0, 0, 0.8, 0.188155, -0.233662
20.07, 1, 0, 0, 0, 0.8, 0.18285, -0.237836
20.1, 1, 0, 0, 0, 0.8, 0.177453, -0.24189
20.13, 1, 0, 0, 0, 0.8, 0.171966, -0.245821
20.16, 1, 0, 0, 0, 0.8, 0.166391, -0.249628
20.19, 1, 0, 0, 0, 0.8, 0.160733, -0.253308
20.22, 1, 0, 0, 0, 0.8, 0.154993, -0.25686
20.25, 1, 0, 0, 0, 0.8, 0.149175, -0.260282
20.2801, 1, 0, 0, 0, 0.8, 0.143281, -0.263573
20.3101, 1, 0, 0, 0, 0.8, 0.137315, -0.266729
20.3401, 1, 0, 0, 0, 0.8, 0.131279, -0.269751
20.3701, 1, 0, 0, 0, 0.8, 0.125177, -0.272637
20.4001, 1, 0, 0, 0, 0.8, 0.119011, -0.275384
20.4301, 1, 0, 0, 0, 0.8, 0.112785, -0.277992
20.4601, 1, 0, 0, 0, 0.8, 0.106502, -0.280459
20.4901, 1, 0, 0, 0, 0.8, 0.100165, -0.282784
20.5201, 1, 0, 0, 0, 0.8, 0.0937779, -0.284966
20.5501, 1, 0, 0, 0, 0.8, 0.0873428, -0.287004
20.5801, 1, 0, 0, 0, 0.8, 0.0808635, -0.288896
20.6101, 1, 0, 0, 0, 0.8, 0.0743432, -0.290643
20.6401, 1, 0, 0, 0, 0.8, 0.0677854, -0.292242
20.6701, 1, 0, 0, 0, 0.8, 0.0611932, -0.293693
20.7001, 1, 0, 0, 0, 0.8, 0.05457, -0.294995
20.7301, 1, 0, 0, 0, 0.8, 0.0479192, -0.296148
20.7601, 1, 0, 0, 0, 0.8, 0.0412442, -0.297151
20.7901, 1, 0, 0, 0, 0.8, 0.0345482, -0.298004
20.8201, 1, 0, 0, 0, 0.8, 0.0278348, -0.298706
20.8501, 1, 0, 0, 0, 0.8, 0.0211073, -0.299257
20.8801, 1, 0, 0, 0, 0.8, 0.0143691, -0.299656
20.9101, 1, 0, 0, 0, 0.8, 0.0076236, -0.299903
20.9401, 1, 0, 0, 0, 0.8, 0.000874268, -0.299999
20.9701, 1, 0, 0, 0, 0.8, -0.00587551, -0.299942
21.0001, 1, 0, 0, 0, 0.8, -0.0126223, -0.299734
21.0301, 1, 0, 0, 0, 0.8, -0.0193627, -0.299374
21.0601, 1, 0, 0, 0, 0.8, -0.0260933, -0.298863
21.0901, 1, 0, 0, 0, 0.8, -0.0328107, -0.2982
21.1201, 1, 0, 0, 0, 0.8, -0.0395115, -0.297387
21.1501, 1, 0, 0, 0, 0.8, -0.0461923, -0.296422
21.1801, 1, 0, 0, 0, 0.8, -0.0528497, -0.295308
21.2101, 1, 0, 0, 0, 0.8, -0.0594804, -0.294044
21.2401, 1, 0, 0, 0, 0.8, -0.0660809, -0.292632
21.2701, 1, 0, 0, 0, 0.8, -0.072648, -0.291071
21.3001, 1, 0, 0, 0, 0.8, -0.0791783, -0.289363
21.3301, 1, 0, 0, 0, 0.8, -0.0856685, -0.287508
21.3601, 1, 0, 0, 0, 0.8, -0.0921154, -0.285508
21.3901, 1, 0, 0, 0, 0.8, -0.0985156, -0.283363
21.4201, 1, 0, 0, 0, 0.8, -0.104866, -0.281075
21.4501, 1, 0, 0, 0, 0.8, -0.111163, -0.278645
21.4801, 1, 0, 0, 0, 0.8, -0.117404, -0.276073
21.5101, 1, 0, 0, 0, 0.8, -0.123586, -0.273362
21.5401, 1, 0, 0, 0, 0.8, -0.129705, -0.270512
21.5701, 1, 0, 0, 0, 0.8, -0.135758, -0.267525
21.6001, 1, 0, 0, 0, 0.8, -0.141743, -0.264403
21.6301, 1, 0, 0, 0, 0.8, -0.147655, -0.261147
21.6601, 1, 0, 0, 0, 0.8, -0.153493, -0.257759
21.6901, 1, 0, 0, 0, 0.8, -0.159254, -0.25424
21.7201, 1, 0, 0, 0, 0.8, -0.164934, -0.250593
21.7501, 1, 0, 0, 0, 0.8, -0.17053, -0.246819
21.7801, 1, 0, 0, 0, 0.8, -0.17604, -0.24292
21.8101, 1, 0, 0, 0, 0.8, -0.181461, -0.238898
21.8401, 1, 0, 0, 0, 0.8, -0.186789, -0.234755
21.8701, 1, 0, 0, 0, 0.8, -0.192024, -0.230493
21.9001, 1, 0, 0, 0, 0.8, -0.197161, -0.226114
21.9301, 1, 0, 0, 0, 0.8, -0.202198, -0.221621
21.9601, 1, 0, 0, 0, 0.8, -0.207133, -0.217016
21.9901, 1, 0, 0, 0, 0.8, -0.211963, -0.2123
22.0201, 1, 0, 0, 0, 0.8, -0.216686, -0.207478
22.0501, 1, 0, 0, 0, 0.8, -0.221299, -0.20255
22.0801, 1, 0, 0, 0, 0.8, -0.2258, -0.19752
22.1101, 1, 0, 0, 0, 0.8, -0.230187, -0.19239
22.1401, 1, 0, 0, 0, 0.8, -0.234457, -0.187162
22.1701, 1, 0, 0, 0, 0.8, -0.238609, -0.18184
22.2001, 1, 0, 0, 0, 0.8, -0.24264, -0.176425
22.2301, 1, 0, 0, 0, 0.8, -0.246548, -0.170922
22.2601, 1, 0, 0, 0, 0.8, -0.250331, -0.165331
22.2901, 1, 0, 0, 0, 0.8, -0.253987, -0.159658
22.3201, 1, 0, 0, 0, 0.8, -0.257515, -0.153903
22.3501, 1, 0, 0, 0, 0.8, -0.260912, -0.14807
22.3801, 1, 0, 0, 0, 0.8, -0.264178, -0.142162
22.4101, 1, 0, 0, 0, 0.8, -0.267309, -0.136183
22.4401, 1, 0, 0, 0, 0.8, -0.270306, -0.130134
22.4701, 1, 0, 0, 0, 0.8, -0.273165, -0.12402
22.5001, 1, 0, 0, 0, 0.8, -0.275886, -0.117843
22.5301, 1, 0, 0, 0, 0.8, -0.278468, -0.111606
22.5601, 1, 0, 0, 0, 0.8, -0.280908, -0.105312
22.5901, 1, 0, 0, 0, 0.8, -0.283206, -0.0989656
22.6201, 1, 0, 0, 0, 0.8, -0.285361, -0.0925688
22.6501, 1, 0, 0, 0, 0.8, -0.287372, -0.0861252
22.6801, 1, 0, 0, 0, 0.8, -0.289237, -0.0796379
22.7101, 1, 0, 0, 0, 0.8, -0.290955, -0.0731103
22.7401, 1, 0, 0, 0, 0.8, -0.292526, -0.0665457
22.7701, 1, 0, 0, 0, 0.8, -0.29395, -0.0599475
22.8001, 1, 0, 0, 0, 0.8, -0.295224, -0.0533188
22.8301, 1, 0, 0, 0, 0.8, -0.296349, -0.0466632
22.8601, 1, 0, 0, 0, 0.8, -0.297324, -0.0399839
22.8901, 1, 0, 0, 0, 0.8, -0.298148, -0.0332845
22.9201, 1, 0, 0, 0, 0.8, -0.298821, -0.0265681
22.9501, 1, 0, 0, 0, 0.8, -0.299343, -0.0198383
22.9801, 1, 0, 0, 0, 0.8, -0.299714, -0.0130985
23.0101, 1, 0, 0, 0, 0.8, -0.299933, -0.00635203
23.0401, 1, 0, 0, 0, 0.8, -0.3, 0.000397648
23.0701, 1, 0, 0, 0, 0.8, -0.299915, 0.00714713
23.1001, 1, 0, 0, 0, 0.8, -0.299678, 0.013893
23.1301, 1, 0, 0, 0, 0.8, -0.29929, 0.0206318
23.1601, 1, 0, 0, 0, 0.8, -0.29875, 0.0273602
23.1901, 1, 0, 0, 0, 0.8, -0.298059, 0.0340747
23.2201, 1, 0, 0, 0, 0.8, -0.297217, 0.040772
23.2501, 1, 0, 0, 0, 0.8, -0.296224, 0.0474486
23.2801, 1, 0, 0, 0, 0.8, -0.295081, 0.0541013
23.3101, 1, 0, 0, 0, 0.8, -0.29379, 0.0607265
23.3401, 1, 0, 0, 0, 0.8, -0.292349, 0.067321
23.3701, 1, 0, 0, 0, 0.8, -0.29076, 0.0738814
23.4001, 1, 0, 0, 0, 0.8, -0.289024, 0.0804044
23.4301, 1, 0, 0, 0, 0.8, -0.287142, 0.0868867
23.4601, 1, 0, 0, 0, 0.8, -0.285115, 0.093325
23.4901, 1, 0, 0, 0, 0.8, -0.282943, 0.0997161
23.5201, 1, 0, 0, 0, 0.8, -0.280628, 0.106057
23.5501, 1, 0, 0, 0, 0.8, -0.278171, 0.112344
23.5801, 1, 0, 0, 0, 0.8, -0.275573, 0.118574
23.6101, 1, 0, 0, 0, 0.8, -0.272835, 0.124744
23.6401, 1, 0, 0, 0, 0.8, -0.26996, 0.13085
23.6701, 1, 0, 0, 0, 0.8, -0.266947, 0.136891
23.7001, 1, 0, 0, 0, 0.8, -0.2638, 0.142862
23.7301, 1, 0, 0, 0, 0.8, -0.260519, 0.148761
23.7601, 1, 0, 0, 0, 0.8, -0.257106, 0.154585
23.7901, 1, 0, 0, 0, 0.8, -0.253563, 0.16033
23.8201, 1, 0, 0, 0, 0.8, -0.249892, 0.165995
23.8501, 1, 0, 0, 0, 0.8, -0.246094, 0.171575
23.8801, 1, 0, 0, 0, 0.8, -0.242171, 0.177068
23.9101, 1, 0, 0, 0, 0.8, -0.238126, 0.182472
23.9401, 1, 0, 0, 0, 0.8, -0.23396, 0.187783
23.9701, 1, 0, 0, 0, 0.8, -0.229676, 0.192999
24.0001, 1, 0, 0, 0, 0.8, -0.225276, 0.198118
24.0301, 1, 0, 0, 0, 0.8, -0.220762, 0.203136
24.0601, 1, 0, 0, 0, 0.8, -0.216136, 0.208052
24.0901, 1, 0, 0, 0, 0.8, -0.2114, 0.212862
24.1201, 1, 0, 0, 0, 0.8, -0.206557, 0.217564
24.1501, 1, 0, 0, 0, 0.8, -0.20161, 0.222156
24.1801, 1, 0, 0, 0, 0.8, -0.196561, 0.226636
24.2101, 1, 0, 0, 0, 0.8, -0.191412, 0.231001
24.2401, 1, 0, 0, 0, 0.8, -0.186166, 0.235249
24.2701, 1, 0, 0, 0, 0.8, -0.180827, 0.239378
24.3001, 1, 0, 0, 0, 0.8, -0.175395, 0.243386
24.3301, 1, 0, 0, 0, 0.8, -0.169875, 0.24727
24.3601, 1, 0, 0, 0, 0.8, -0.164269, 0.251029
24.3901, 1, 0, 0, 0, 0.8, -0.158579, 0.254662
24.4201, 1, 0, 0, 0, 0.8, -0.15281, 0.258165
24.4501, 1, 0, 0, 0, 0.8, -0.146963, 0.261538
24.4801, 1, 0, 0, 0, 0.8, -0.141041, 0.264778
24.5101, 1, 0, 0, 0, 0.8, -0.135048, 0.267884
24.5401, 1, 0, 0, 0, 0.8, -0.128987, 0.270855
24.5701, 1, 0, 0, 0, 0.8, -0.122861, 0.273688
24.6001, 1, 0, 0, 0, 0.8, -0.116672, 0.276383
24.6301, 1, 0, 0, 0, 0.8, -0.110424, 0.278938
24.6602, 1, 0, 0, 0, 0.8, -0.10412, 0.281352
24.6902, 1, 0, 0, 0, 0.8, -0.097764, 0.283623
24.7202, 1, 0, 0, 0, 0.8, -0.0913582, 0.285751
24.7502, 1, 0, 0, 0, 0.8, -0.084906, 0.287734
24.7802, 1, 0, 0, 0, 0.8, -0.0784109, 0.289572
24.8102, 1, 0, 0, 0, 0.8, -0.0718761, 0.291262
24.8402, 1, 0, 0, 0, 0.8, -0.0653049, 0.292806
24.8702, 1, 0, 0, 0, 0.8, -0.0587007, 0.294201
24.9002, 1, 0, 0, 0, 0.8, -0.0520667, 0.295447
24.9302, 1, 0, 0, 0, 0.8, -0.0454063, 0.296544
24.9602, 1, 0, 0, 0, 0.8, -0.038723, 0.29749
24.9902, 1, 0, 0, 0, 0.8, -0.0320201, 0.298286
