0 1.76778e-007 2.07328e-005 
0.01 2.36071e-007 2.05966e-005 
0.02 4.4338e-007 2.14711e-005 
0.03 6.0779e-007 2.16036e-005 
0.04 8.36598e-007 2.27581e-005 
0.05 1.0672e-006 2.30323e-005 
0.06 1.3536e-006 2.43861e-005 
0.07 1.65707e-006 2.48229e-005 
0.08 2.01509e-006 2.63685e-005 
0.09 2.39242e-006 2.69762e-005 
0.1 2.82121e-006 2.87049e-005 
0.11 3.26574e-006 2.94718e-005 
0.12 3.75585e-006 3.13582e-005 
0.13 4.25503e-006 3.22568e-005 
0.14 4.7912e-006 3.42589e-005 
0.15 5.32778e-006 3.52495e-005 
0.16 5.89046e-006 3.73134e-005 
0.17 6.44364e-006 3.83482e-005 
0.18 7.01036e-006 4.04119e-005 
0.19 7.5571e-006 4.14389e-005 
0.2 8.10402e-006 4.34377e-005 
0.21 8.62066e-006 4.44041e-005 
0.22 9.12428e-006 4.62747e-005 
0.23 9.58824e-006 4.7131e-005 
0.24 1.00271e-005 4.88156e-005 
0.25 1.04186e-005 4.9519e-005 
0.26 1.07748e-005 5.09701e-005 
0.27 1.10781e-005 5.14874e-005 
0.28 1.13388e-005 5.26703e-005 
0.29 1.15436e-005 5.29805e-005 
0.3 1.17015e-005 5.38757e-005 
0.31 1.18032e-005 5.39709e-005 
0.32 1.18569e-005 5.45749e-005 
0.33 1.1857e-005 5.44603e-005 
0.34 1.18109e-005 5.47845e-005 
0.35 1.17159e-005 5.44769e-005 
0.36 1.15791e-005 5.45452e-005 
0.37 1.14e-005 5.407e-005 
0.38 1.11853e-005 5.39154e-005 
0.39 1.09358e-005 5.33033e-005 
0.4 1.06579e-005 5.29638e-005 
0.41 1.0353e-005 5.22474e-005 
0.42 1.00274e-005 5.17622e-005 
0.43 9.68246e-006 5.0973e-005 
0.44 9.32401e-006 5.03795e-005 
0.45 8.95319e-006 4.95462e-005 
0.46 8.57542e-006 4.88783e-005 
0.47 8.1913e-006 4.80252e-005 
0.48 7.80585e-006 4.73119e-005 
0.49 7.41909e-006 4.64592e-005 
0.5 7.03557e-006 4.57246e-005 
0.51 6.6548e-006 4.48884e-005 
0.52 6.28085e-006 4.41521e-005 
0.53 5.91284e-006 4.33446e-005 
0.54 5.5543e-006 4.26221e-005 
0.55 5.20414e-006 4.18528e-005 
0.56 4.86537e-006 4.11562e-005 
0.57 4.53673e-006 4.04317e-005 
0.58 4.22075e-006 3.977e-005 
0.59 3.91614e-006 3.90953e-005 
0.6 3.62494e-006 3.84753e-005 
0.61 3.3459e-006 3.78534e-005 
0.62 3.08061e-006 3.72798e-005 
0.63 2.82788e-006 3.67125e-005 
0.64 2.58889e-006 3.61881e-005 
0.65 2.36257e-006 3.5676e-005 
0.66 2.14974e-006 3.52023e-005 
0.67 1.94939e-006 3.4745e-005 
0.68 1.76206e-006 3.43222e-005 
0.69 1.58682e-006 3.39182e-005 
0.7 1.42395e-006 3.35456e-005 
0.71 1.27261e-006 3.31929e-005 
0.72 1.13285e-006 3.28686e-005 
0.73 1.00391e-006 3.25646e-005 
0.74 8.85675e-007 3.22861e-005 
0.75 7.77437e-007 3.20275e-005 
0.76 6.78962e-007 3.17919e-005 
0.77 5.89584e-007 3.15752e-005 
0.78 5.08989e-007 3.13791e-005 
0.79 4.36544e-007 3.12005e-005 
0.8 3.71888e-007 3.10401e-005 
0.81 3.14429e-007 3.08957e-005 
0.82 2.63766e-007 3.07674e-005 
0.83 2.19354e-007 3.06533e-005 
0.839999 1.80783e-007 3.05532e-005 
0.849999 1.47548e-007 3.04656e-005 
0.859999 1.19247e-007 3.039e-005 
0.869999 9.54178e-008 3.03253e-005 
0.879999 7.5676e-008 3.02707e-005 
0.889999 5.96053e-008 3.02253e-005 
0.899999 4.68489e-008 3.01884e-005 
0.909999 3.70359e-008 3.01592e-005 
0.919999 2.98437e-008 3.0137e-005 
0.929999 2.49465e-008 3.01211e-005 
0.939999 2.20586e-008 3.01108e-005 
0.949999 2.08992e-008 3.01056e-005 
0.959999 2.12203e-008 3.01049e-005 
0.969999 2.27839e-008 3.01081e-005 
0.979999 2.53799e-008 3.01148e-005 
0.989999 2.88102e-008 3.01245e-005 
0.999999 3.29009e-008 3.01368e-005 
1.01 3.74924e-008 3.01513e-005 
1.02 4.24479e-008 3.01676e-005 
1.03 4.76436e-008 3.01855e-005 
1.04 5.29737e-008 3.02046e-005 
1.05 5.83435e-008 3.02247e-005 
1.06 6.36729e-008 3.02456e-005 
1.07 6.88911e-008 3.0267e-005 
1.08 7.39393e-008 3.02888e-005 
1.09 7.87669e-008 3.03108e-005 
1.1 8.33329e-008 3.03328e-005 
1.11 8.76035e-008 3.03548e-005 
1.12 9.15522e-008 3.03766e-005 
1.13 9.51589e-008 3.0398e-005 
1.14 9.84091e-008 3.04192e-005 
1.15 1.01293e-007 3.04398e-005 
1.16 1.03807e-007 3.04599e-005 
1.17 1.05948e-007 3.04795e-005 
1.18 1.07721e-007 3.04985e-005 
1.19 1.09129e-007 3.05168e-005 
1.2 1.10182e-007 3.05345e-005 
1.21 1.1089e-007 3.05514e-005 
1.22 1.11265e-007 3.05677e-005 
1.23 1.11321e-007 3.05832e-005 
1.24 1.11073e-007 3.05981e-005 
1.25 1.10537e-007 3.06122e-005 
1.26 1.09729e-007 3.06256e-005 
1.27 1.08667e-007 3.06383e-005 
1.28 1.07369e-007 3.06503e-005 
1.29 1.05853e-007 3.06617e-005 
1.3 1.04135e-007 3.06724e-005 
1.31 1.02235e-007 3.06824e-005 
1.32 1.00169e-007 3.06919e-005 
1.33 9.79554e-008 3.07007e-005 
1.34 9.56099e-008 3.07089e-005 
1.35 9.31496e-008 3.07166e-005 
1.36 9.05897e-008 3.07238e-005 
1.37 8.79456e-008 3.07304e-005 
1.38 8.52321e-008 3.07366e-005 
1.39 8.24622e-008 3.07423e-005 
1.4 7.96501e-008 3.07475e-005 
1.41 7.68076e-008 3.07523e-005 
1.42 7.39461e-008 3.07568e-005 
1.43 7.10774e-008 3.07608e-005 
1.44 6.82111e-008 3.07645e-005 
1.45 6.5357e-008 3.07679e-005 
1.46 6.25238e-008 3.0771e-005 
1.47 5.97198e-008 3.07738e-005 
1.48 5.6952e-008 3.07763e-005 
1.49 5.42275e-008 3.07786e-005 
1.5 5.15521e-008 3.07806e-005 
1.51 4.89314e-008 3.07825e-005 
1.52 4.63704e-008 3.07841e-005 
1.53 4.38731e-008 3.07856e-005 
1.54 4.14433e-008 3.07868e-005 
1.55 3.90842e-008 3.0788e-005 
1.56 3.67985e-008 3.0789e-005 
1.57 3.45884e-008 3.07898e-005 
1.58 3.24554e-008 3.07906e-005 
1.59 3.04012e-008 3.07912e-005 
1.6 2.84264e-008 3.07918e-005 
1.61 2.65318e-008 3.07922e-005 
1.62 2.47174e-008 3.07926e-005 
1.63 2.29834e-008 3.0793e-005 
1.64 2.13291e-008 3.07932e-005 
1.65 1.9754e-008 3.07935e-005 
1.66 1.82573e-008 3.07936e-005 
1.67 1.68376e-008 3.07938e-005 
1.68 1.54938e-008 3.07939e-005 
1.69 1.42242e-008 3.0794e-005 
1.7 1.30274e-008 3.0794e-005 
1.71 1.19014e-008 3.07941e-005 
1.72 1.08442e-008 3.07941e-005 
1.73 9.85402e-009 3.07941e-005 
1.74 8.92853e-009 3.07941e-005 
1.75 8.06565e-009 3.07941e-005 
1.76 7.2631e-009 3.07941e-005 
1.77 6.51855e-009 3.0794e-005 
1.78 5.82971e-009 3.0794e-005 
1.79 5.19422e-009 3.0794e-005 
1.8 4.60972e-009 3.0794e-005 
1.81 4.07385e-009 3.0794e-005 
1.82 3.58428e-009 3.0794e-005 
1.83 3.13866e-009 3.0794e-005 
1.84 2.73471e-009 3.0794e-005 
1.85 2.37013e-009 3.0794e-005 
1.86 2.04271e-009 3.0794e-005 
1.87 1.75026e-009 3.0794e-005 
1.88 1.49062e-009 3.07941e-005 
1.89 1.26174e-009 3.07941e-005 
1.9 1.06157e-009 3.07941e-005 
1.91 8.88144e-010 3.07942e-005 
1.92 7.3959e-010 3.07942e-005 
1.93 6.14024e-010 3.07942e-005 
1.94 5.09733e-010 3.07943e-005 
1.95 4.24966e-010 3.07943e-005 
1.96 3.58175e-010 3.07944e-005 
1.97 3.07719e-010 3.07945e-005 
1.98 2.72171e-010 3.07945e-005 
1.99 2.5006e-010 3.07946e-005 
2 2.40098e-010 3.07946e-005 
2.01 2.4099e-010 3.07947e-005 
2.02 2.51569e-010 3.07947e-005 
2.03 2.70631e-010 3.07948e-005 
2.04 2.97146e-010 3.07949e-005 
2.05 3.30104e-010 3.07949e-005 
2.06 3.6859e-010 3.0795e-005 
2.07 4.11702e-010 3.0795e-005 
2.08 4.58641e-010 3.07951e-005 
2.09 5.08665e-010 3.07951e-005 
2.1 5.61058e-010 3.07951e-005 
2.11 6.15168e-010 3.07952e-005 
2.12 6.70386e-010 3.07952e-005 
2.13 7.26238e-010 3.07952e-005 
2.14 7.82189e-010 3.07953e-005 
2.15 8.37785e-010 3.07953e-005 
2.16 8.92638e-010 3.07953e-005 
2.17 9.46387e-010 3.07953e-005 
2.18 9.98727e-010 3.07953e-005 
2.19 1.04936e-009 3.07953e-005 
2.2 1.09802e-009 3.07953e-005 
2.21 1.14454e-009 3.07953e-005 
2.22 1.18871e-009 3.07953e-005 
2.23 1.23038e-009 3.07952e-005 
2.24 1.26942e-009 3.07952e-005 
2.25 1.30574e-009 3.07952e-005 
2.26 1.33925e-009 3.07951e-005 
2.27 1.36991e-009 3.07951e-005 
2.28 1.39769e-009 3.07951e-005 
2.29 1.42255e-009 3.0795e-005 
2.3 1.44452e-009 3.07949e-005 
2.31 1.46359e-009 3.07949e-005 
2.32 1.47982e-009 3.07948e-005 
2.33 1.49323e-009 3.07948e-005 
2.34 1.50387e-009 3.07947e-005 
2.35 1.51181e-009 3.07946e-005 
2.36 1.51715e-009 3.07945e-005 
2.37 1.51993e-009 3.07944e-005 
2.38 1.52027e-009 3.07944e-005 
2.39 1.51825e-009 3.07943e-005 
2.4 1.51395e-009 3.07942e-005 
2.41 1.50751e-009 3.07941e-005 
2.42 1.499e-009 3.0794e-005 
2.43 1.48855e-009 3.07939e-005 
2.44 1.47624e-009 3.07938e-005 
2.45 1.46219e-009 3.07937e-005 
2.46 1.44653e-009 3.07936e-005 
2.47 1.42934e-009 3.07935e-005 
2.48 1.41076e-009 3.07934e-005 
2.49 1.39087e-009 3.07933e-005 
2.5 1.36979e-009 3.07931e-005 
2.51 1.34762e-009 3.0793e-005 
2.52 1.32445e-009 3.07929e-005 
2.53 1.3004e-009 3.07928e-005 
2.54 1.27556e-009 3.07927e-005 
2.55 1.25002e-009 3.07926e-005 
2.56 1.22386e-009 3.07925e-005 
2.57 1.19719e-009 3.07924e-005 
2.58 1.17008e-009 3.07923e-005 
2.59 1.14261e-009 3.07922e-005 
2.6 1.11486e-009 3.07921e-005 
2.61 1.0869e-009 3.0792e-005 
2.62 1.0588e-009 3.07918e-005 
2.63 1.03063e-009 3.07917e-005 
2.64 1.00244e-009 3.07916e-005 
2.65 9.7431e-010 3.07915e-005 
2.66 9.46271e-010 3.07914e-005 
2.67 9.1839e-010 3.07913e-005 
2.68 8.90709e-010 3.07912e-005 
2.69 8.63274e-010 3.07911e-005 
2.7 8.36126e-010 3.0791e-005 
2.71 8.09302e-010 3.07909e-005 
2.72 7.82835e-010 3.07909e-005 
2.73 7.56758e-010 3.07908e-005 
2.74 7.311e-010 3.07907e-005 
2.75 7.05887e-010 3.07906e-005 
2.76 6.81136e-010 3.07905e-005 
2.77 6.56875e-010 3.07904e-005 
2.78 6.33117e-010 3.07903e-005 
2.79 6.09879e-010 3.07903e-005 
2.8 5.87173e-010 3.07902e-005 
2.81 5.65013e-010 3.07901e-005 
2.82 5.43404e-010 3.079e-005 
2.83 5.22354e-010 3.07899e-005 
2.84 5.01869e-010 3.07899e-005 
2.85 4.81951e-010 3.07898e-005 
2.86 4.626e-010 3.07897e-005 
2.87 4.43819e-010 3.07897e-005 
2.88 4.25606e-010 3.07896e-005 
2.89 4.07958e-010 3.07895e-005 
2.9 3.90868e-010 3.07895e-005 
2.91 3.74337e-010 3.07894e-005 
2.92 3.58357e-010 3.07894e-005 
2.93 3.4292e-010 3.07893e-005 
2.94 3.2802e-010 3.07893e-005 
2.95 3.13648e-010 3.07892e-005 
2.96 2.99794e-010 3.07892e-005 
2.97 2.86448e-010 3.07891e-005 
2.98 2.73603e-010 3.07891e-005 
2.99 2.61245e-010 3.0789e-005 
3 2.49366e-010 3.0789e-005 
3.01 2.37952e-010 3.07889e-005 
3.02 2.26992e-010 3.07889e-005 
3.03 2.16476e-010 3.07888e-005 
3.04 2.0639e-010 3.07888e-005 
3.05 1.96721e-010 3.07888e-005 
3.06 1.87461e-010 3.07887e-005 
3.07 1.78593e-010 3.07887e-005 
3.08 1.70108e-010 3.07886e-005 
3.09 1.6199e-010 3.07886e-005 
3.1 1.54232e-010 3.07886e-005 
3.11 1.46818e-010 3.07885e-005 
3.12 1.39738e-010 3.07885e-005 
3.13 1.32979e-010 3.07885e-005 
3.14 1.2653e-010 3.07885e-005 
3.15 1.2038e-010 3.07884e-005 
3.16 1.14516e-010 3.07884e-005 
3.17 1.08929e-010 3.07884e-005 
3.18 1.03607e-010 3.07884e-005 
3.19 9.85399e-011 3.07883e-005 
3.2 9.37174e-011 3.07883e-005 
3.21 8.9129e-011 3.07883e-005 
3.22 8.47647e-011 3.07883e-005 
3.23 8.06159e-011 3.07882e-005 
3.24 7.6672e-011 3.07882e-005 
3.25 7.29257e-011 3.07882e-005 
3.26 6.93668e-011 3.07882e-005 
3.27 6.5988e-011 3.07882e-005 
3.28 6.27805e-011 3.07881e-005 
3.29 5.97362e-011 3.07881e-005 
3.3 5.68486e-011 3.07881e-005 
3.31 5.41092e-011 3.07881e-005 
3.32 5.15119e-011 3.07881e-005 
3.33 4.90494e-011 3.07881e-005 
3.34 4.67154e-011 3.07881e-005 
3.35 4.45031e-011 3.0788e-005 
3.36 4.24076e-011 3.0788e-005 
3.37 4.04217e-011 3.0788e-005 
3.38 3.85408e-011 3.0788e-005 
3.39 3.67599e-011 3.0788e-005 
3.4 3.50736e-011 3.0788e-005 
3.41 3.34766e-011 3.0788e-005 
3.42 3.19651e-011 3.0788e-005 
3.43 3.05341e-011 3.0788e-005 
3.44 2.91797e-011 3.07879e-005 
3.45 2.78978e-011 3.07879e-005 
3.46 2.66846e-011 3.07879e-005 
3.47 2.55364e-011 3.07879e-005 
3.48 2.445e-011 3.07879e-005 
3.49 2.3422e-011 3.07879e-005 
3.5 2.24491e-011 3.07879e-005 
3.51 2.15283e-011 3.07879e-005 
3.52 2.06573e-011 3.07879e-005 
3.53 1.9833e-011 3.07879e-005 
3.54 1.90527e-011 3.07879e-005 
3.55 1.83142e-011 3.07878e-005 
3.56 1.76154e-011 3.07878e-005 
3.57 1.69539e-011 3.07878e-005 
3.58 1.63277e-011 3.07878e-005 
3.59 1.57348e-011 3.07878e-005 
3.6 1.51735e-011 3.07878e-005 
3.61 1.46421e-011 3.07878e-005 
3.62 1.41387e-011 3.07878e-005 
3.63 1.36618e-011 3.07878e-005 
3.64 1.321e-011 3.07878e-005 
3.65 1.2782e-011 3.07878e-005 
3.66 1.23763e-011 3.07878e-005 
3.67 1.19919e-011 3.07878e-005 
3.68 1.16274e-011 3.07878e-005 
3.69 1.12817e-011 3.07878e-005 
3.7 1.09538e-011 3.07878e-005 
3.71 1.06428e-011 3.07878e-005 
3.72 1.03475e-011 3.07878e-005 
3.73 1.00672e-011 3.07878e-005 
3.74 9.80105e-012 3.07877e-005 
3.75 9.54832e-012 3.07877e-005 
3.76 9.30799e-012 3.07877e-005 
3.77 9.07953e-012 3.07877e-005 
3.78 8.86236e-012 3.07877e-005 
3.79 8.65582e-012 3.07877e-005 
3.8 8.45919e-012 3.07877e-005 
3.81 8.27199e-012 3.07877e-005 
3.82 8.09359e-012 3.07877e-005 
3.83 7.92357e-012 3.07877e-005 
3.84 7.76139e-012 3.07877e-005 
3.85 7.60662e-012 3.07877e-005 
3.86 7.45881e-012 3.07877e-005 
3.87 7.31765e-012 3.07877e-005 
3.88 7.18267e-012 3.07877e-005 
3.89 7.05351e-012 3.07877e-005 
3.9 6.92984e-012 3.07877e-005 
3.91 6.8113e-012 3.07877e-005 
3.92 6.69764e-012 3.07877e-005 
3.93 6.58851e-012 3.07877e-005 
3.94 6.48371e-012 3.07877e-005 
3.95 6.38285e-012 3.07877e-005 
3.96 6.28585e-012 3.07877e-005 
3.97 6.19236e-012 3.07877e-005 
3.98 6.10222e-012 3.07877e-005 
3.99 6.01514e-012 3.07877e-005 
4 5.93103e-012 3.07877e-005 
4.01 5.84963e-012 3.07877e-005 
4.02 5.77075e-012 3.07877e-005 
4.03 5.69422e-012 3.07877e-005 
4.04 5.61993e-012 3.07877e-005 
4.05 5.54771e-012 3.07877e-005 
4.06 5.47742e-012 3.07877e-005 
4.07 5.4089e-012 3.07877e-005 
4.08 5.34208e-012 3.07877e-005 
4.09 5.27678e-012 3.07877e-005 
4.1 5.21297e-012 3.07877e-005 
4.11 5.15046e-012 3.07877e-005 
4.12 5.08923e-012 3.07877e-005 
4.13 5.02908e-012 3.07877e-005 
4.14 4.96999e-012 3.07877e-005 
4.15 4.9119e-012 3.07877e-005 
4.16 4.85472e-012 3.07877e-005 
4.17 4.7984e-012 3.07876e-005 
4.18 4.74281e-012 3.07877e-005 
4.19 4.68791e-012 3.07877e-005 
4.2 4.63367e-012 3.07876e-005 
4.21 4.57998e-012 3.07877e-005 
4.22 4.5269e-012 3.07876e-005 
4.23 4.47429e-012 3.07876e-005 
4.24 4.42211e-012 3.07876e-005 
4.25 4.37034e-012 3.07876e-005 
4.26 4.31899e-012 3.07876e-005 
4.27 4.26798e-012 3.07876e-005 
4.28 4.21732e-012 3.07876e-005 
4.29 4.16694e-012 3.07876e-005 
4.3 4.11682e-012 3.07876e-005 
4.31 4.06697e-012 3.07876e-005 
4.32 4.01734e-012 3.07876e-005 
4.33 3.96796e-012 3.07876e-005 
4.34 3.91878e-012 3.07876e-005 
4.35 3.86979e-012 3.07876e-005 
4.36 3.821e-012 3.07876e-005 
4.37001 3.77235e-012 3.07876e-005 
4.38001 3.72388e-012 3.07876e-005 
4.39001 3.6756e-012 3.07876e-005 
4.40001 3.62747e-012 3.07876e-005 
4.41001 3.5795e-012 3.07876e-005 
4.42001 3.5317e-012 3.07876e-005 
4.43001 3.48406e-012 3.07876e-005 
4.44001 3.43657e-012 3.07876e-005 
4.45001 3.38927e-012 3.07876e-005 
4.46001 3.34213e-012 3.07876e-005 
4.47001 3.29517e-012 3.07876e-005 
4.48001 3.24839e-012 3.07876e-005 
4.49001 3.20178e-012 3.07876e-005 
4.50001 3.15538e-012 3.07876e-005 
4.51001 3.10917e-012 3.07876e-005 
4.52001 3.06317e-012 3.07876e-005 
4.53001 3.01737e-012 3.07876e-005 
4.54001 2.97183e-012 3.07876e-005 
4.55001 2.9265e-012 3.07876e-005 
4.56001 2.88142e-012 3.07876e-005 
4.57001 2.83657e-012 3.07876e-005 
4.58001 2.792e-012 3.07876e-005 
4.59001 2.74768e-012 3.07876e-005 
4.60001 2.70365e-012 3.07876e-005 
4.61001 2.6599e-012 3.07876e-005 
4.62001 2.61645e-012 3.07876e-005 
4.63001 2.57331e-012 3.07876e-005 
4.64001 2.53049e-012 3.07876e-005 
4.65001 2.48799e-012 3.07876e-005 
4.66001 2.44583e-012 3.07876e-005 
4.67001 2.404e-012 3.07876e-005 
4.68001 2.36253e-012 3.07876e-005 
4.69001 2.32142e-012 3.07876e-005 
4.70001 2.28069e-012 3.07876e-005 
4.71001 2.24033e-012 3.07876e-005 
4.72001 2.20035e-012 3.07876e-005 
4.73001 2.16076e-012 3.07876e-005 
4.74001 2.12157e-012 3.07876e-005 
4.75001 2.0828e-012 3.07876e-005 
4.76001 2.04442e-012 3.07876e-005 
4.77001 2.00647e-012 3.07876e-005 
4.78001 1.96894e-012 3.07876e-005 
4.79001 1.93185e-012 3.07876e-005 
4.80001 1.89518e-012 3.07876e-005 
4.81002 1.85896e-012 3.07876e-005 
4.82002 1.82318e-012 3.07876e-005 
4.83002 1.78785e-012 3.07876e-005 
4.84002 1.75297e-012 3.07876e-005 
4.85002 1.71855e-012 3.07876e-005 
4.86002 1.68458e-012 3.07876e-005 
4.87002 1.65108e-012 3.07876e-005 
4.88002 1.61804e-012 3.07876e-005 
4.89002 1.58546e-012 3.07876e-005 
4.90002 1.55335e-012 3.07876e-005 
4.91002 1.52171e-012 3.07876e-005 
4.92002 1.49053e-012 3.07876e-005 
4.93002 1.45982e-012 3.07876e-005 
4.94002 1.42958e-012 3.07876e-005 
4.95002 1.39982e-012 3.07876e-005 
4.96002 1.37052e-012 3.07876e-005 
4.97002 1.34168e-012 3.07876e-005 
4.98002 1.31332e-012 3.07876e-005 
4.99002 1.28542e-012 3.07876e-005 
5.00002 1.25797e-012 3.07876e-005 
5.01002 1.23099e-012 3.07876e-005 
5.02002 1.20448e-012 3.07876e-005 
5.03002 1.17843e-012 3.07876e-005 
5.04002 1.15283e-012 3.07876e-005 
5.05002 1.12768e-012 3.07876e-005 
5.06002 1.10298e-012 3.07876e-005 
5.07002 1.07872e-012 3.07876e-005 
5.08002 1.05492e-012 3.07876e-005 
5.09002 1.03154e-012 3.07876e-005 
5.10002 1.00861e-012 3.07876e-005 
5.11002 9.86106e-013 3.07876e-005 
5.12002 9.64028e-013 3.07876e-005 
5.13002 9.42373e-013 3.07876e-005 
5.14002 9.21141e-013 3.07876e-005 
5.15002 9.00322e-013 3.07876e-005 
5.16002 8.79909e-013 3.07876e-005 
5.17002 8.59901e-013 3.07876e-005 
5.18002 8.40294e-013 3.07876e-005 
5.19002 8.21083e-013 3.07876e-005 
5.20002 8.02264e-013 3.07876e-005 
5.21002 7.83831e-013 3.07876e-005 
5.22002 7.65778e-013 3.07876e-005 
5.23002 7.48098e-013 3.07876e-005 
5.24003 7.30787e-013 3.07876e-005 
5.25003 7.13841e-013 3.07876e-005 
5.26003 6.97254e-013 3.07876e-005 
5.27003 6.81019e-013 3.07876e-005 
5.28003 6.65133e-013 3.07876e-005 
5.29003 6.4959e-013 3.07876e-005 
5.30003 6.34384e-013 3.07876e-005 
5.31003 6.19508e-013 3.07876e-005 
5.32003 6.0496e-013 3.07876e-005 
5.33003 5.90732e-013 3.07876e-005 
5.34003 5.76819e-013 3.07876e-005 
5.35003 5.63215e-013 3.07876e-005 
5.36003 5.49916e-013 3.07876e-005 
5.37003 5.36915e-013 3.07876e-005 
5.38003 5.24208e-013 3.07876e-005 
5.39003 5.11789e-013 3.07876e-005 
5.40003 4.9965e-013 3.07876e-005 
5.41003 4.8779e-013 3.07876e-005 
5.42003 4.76202e-013 3.07876e-005 
5.43003 4.6488e-013 3.07876e-005 
5.44003 4.53821e-013 3.07876e-005 
5.45003 4.43017e-013 3.07876e-005 
5.46003 4.32464e-013 3.07876e-005 
5.47003 4.22158e-013 3.07876e-005 
5.48003 4.12093e-013 3.07876e-005 
5.49003 4.02264e-013 3.07876e-005 
5.50003 3.92666e-013 3.07876e-005 
5.51003 3.83295e-013 3.07876e-005 
5.52003 3.74146e-013 3.07876e-005 
5.53003 3.65213e-013 3.07876e-005 
5.54003 3.56493e-013 3.07876e-005 
5.55003 3.4798e-013 3.07876e-005 
5.56003 3.3967e-013 3.07876e-005 
5.57003 3.31559e-013 3.07876e-005 
5.58003 3.23643e-013 3.07876e-005 
5.59003 3.15916e-013 3.07876e-005 
5.60003 3.08375e-013 3.07876e-005 
5.61003 3.01016e-013 3.07876e-005 
5.62003 2.93835e-013 3.07876e-005 
5.63003 2.86826e-013 3.07876e-005 
5.64003 2.79987e-013 3.07876e-005 
5.65003 2.73314e-013 3.07876e-005 
5.66003 2.66802e-013 3.07876e-005 
5.67003 2.60448e-013 3.07876e-005 
5.68004 2.54249e-013 3.07876e-005 
5.69004 2.48201e-013 3.07876e-005 
5.70004 2.423e-013 3.07876e-005 
5.71004 2.36543e-013 3.07876e-005 
5.72004 2.30925e-013 3.07876e-005 
5.73004 2.25444e-013 3.07876e-005 
5.74004 2.20097e-013 3.07876e-005 
5.75004 2.14881e-013 3.07876e-005 
5.76004 2.09793e-013 3.07876e-005 
5.77004 2.04828e-013 3.07876e-005 
5.78004 1.99985e-013 3.07876e-005 
5.79004 1.9526e-013 3.07876e-005 
5.80004 1.90651e-013 3.07876e-005 
5.81004 1.86154e-013 3.07876e-005 
5.82004 1.81766e-013 3.07876e-005 
5.83004 1.77486e-013 3.07876e-005 
5.84004 1.7331e-013 3.07876e-005 
5.85004 1.69236e-013 3.07876e-005 
5.86004 1.65262e-013 3.07876e-005 
5.87004 1.61384e-013 3.07876e-005 
5.88004 1.57601e-013 3.07876e-005 
5.89004 1.53911e-013 3.07876e-005 
5.90004 1.5031e-013 3.07876e-005 
5.91004 1.46796e-013 3.07876e-005 
5.92004 1.43368e-013 3.07876e-005 
5.93004 1.40024e-013 3.07876e-005 
5.94004 1.3676e-013 3.07876e-005 
5.95004 1.33576e-013 3.07876e-005 
5.96004 1.30469e-013 3.07876e-005 
5.97004 1.27437e-013 3.07876e-005 
5.98004 1.24478e-013 3.07876e-005 
5.99004 1.21592e-013 3.07876e-005 
6.00004 1.18774e-013 3.07876e-005 
6.01004 1.16025e-013 3.07876e-005 
6.02004 1.13342e-013 3.07876e-005 
6.03004 1.10723e-013 3.07876e-005 
6.04004 1.08168e-013 3.07876e-005 
6.05004 1.05673e-013 3.07876e-005 
6.06004 1.03239e-013 3.07876e-005 
6.07004 1.00863e-013 3.07876e-005 
6.08004 9.85437e-014 3.07876e-005 
6.09004 9.62802e-014 3.07876e-005 
6.10004 9.40704e-014 3.07876e-005 
6.11004 9.19132e-014 3.07876e-005 
6.12005 8.98073e-014 3.07876e-005 
6.13005 8.77512e-014 3.07876e-005 
6.14005 8.57441e-014 3.07876e-005 
6.15005 8.37847e-014 3.07876e-005 
6.16005 8.18714e-014 3.07876e-005 
6.17005 8.00038e-014 3.07876e-005 
6.18005 7.81803e-014 3.07876e-005 
6.19005 7.63993e-014 3.07876e-005 
6.20005 7.46603e-014 3.07876e-005 
6.21005 7.29623e-014 3.07876e-005 
6.22005 7.13043e-014 3.07876e-005 
6.23005 6.96851e-014 3.07876e-005 
6.24005 6.81037e-014 3.07876e-005 
6.25005 6.65595e-014 3.07876e-005 
6.26005 6.50514e-014 3.07876e-005 
6.27005 6.35784e-014 3.07876e-005 
6.28005 6.21397e-014 3.07876e-005 
6.29005 6.07344e-014 3.07876e-005 
6.30005 5.93616e-014 3.07876e-005 
6.31005 5.80206e-014 3.07876e-005 
6.32005 5.67105e-014 3.07876e-005 
6.33005 5.54309e-014 3.07876e-005 
6.34005 5.41809e-014 3.07876e-005 
6.35005 5.29596e-014 3.07876e-005 
6.36005 5.17666e-014 3.07876e-005 
6.37005 5.06009e-014 3.07876e-005 
6.38005 4.94618e-014 3.07876e-005 
6.39005 4.83488e-014 3.07876e-005 
6.40005 4.72614e-014 3.07876e-005 
6.41005 4.6199e-014 3.07876e-005 
6.42005 4.51608e-014 3.07876e-005 
6.43005 4.41463e-014 3.07876e-005 
6.44005 4.31548e-014 3.07876e-005 
6.45005 4.21859e-014 3.07876e-005 
6.46005 4.12389e-014 3.07876e-005 
6.47005 4.03135e-014 3.07876e-005 
6.48005 3.94091e-014 3.07876e-005 
6.49005 3.85251e-014 3.07876e-005 
6.50005 3.76613e-014 3.07876e-005 
6.51005 3.68169e-014 3.07876e-005 
6.52005 3.59915e-014 3.07876e-005 
6.53005 3.51848e-014 3.07876e-005 
6.54005 3.43964e-014 3.07876e-005 
6.55006 3.36257e-014 3.07876e-005 
6.56006 3.28723e-014 3.07876e-005 
6.57006 3.21359e-014 3.07876e-005 
6.58006 3.1416e-014 3.07876e-005 
6.59006 3.07123e-014 3.07876e-005 
6.60006 3.00243e-014 3.07876e-005 
6.61006 2.93517e-014 3.07876e-005 
6.62006 2.86942e-014 3.07876e-005 
6.63006 2.80515e-014 3.07876e-005 
6.64006 2.74231e-014 3.07876e-005 
6.65006 2.68088e-014 3.07876e-005 
6.66006 2.62082e-014 3.07876e-005 
6.67006 2.5621e-014 3.07876e-005 
6.68006 2.5047e-014 3.07876e-005 
6.69006 2.44856e-014 3.07876e-005 
6.70006 2.39368e-014 3.07876e-005 
6.71006 2.34002e-014 3.07876e-005 
6.72006 2.28755e-014 3.07876e-005 
6.73006 2.23626e-014 3.07876e-005 
6.74006 2.18609e-014 3.07876e-005 
6.75006 2.13705e-014 3.07876e-005 
6.76006 2.08909e-014 3.07876e-005 
6.77006 2.0422e-014 3.07876e-005 
6.78006 1.99635e-014 3.07876e-005 
6.79006 1.95152e-014 3.07876e-005 
6.80006 1.90768e-014 3.07876e-005 
6.81006 1.86482e-014 3.07876e-005 
6.82006 1.8229e-014 3.07876e-005 
6.83006 1.78192e-014 3.07876e-005 
6.84006 1.74185e-014 3.07876e-005 
6.85006 1.70266e-014 3.07876e-005 
6.86006 1.66435e-014 3.07876e-005 
6.87006 1.62688e-014 3.07876e-005 
6.88006 1.59025e-014 3.07876e-005 
6.89006 1.55442e-014 3.07876e-005 
6.90006 1.5194e-014 3.07876e-005 
6.91006 1.48514e-014 3.07876e-005 
6.92006 1.45165e-014 3.07876e-005 
6.93006 1.4189e-014 3.07876e-005 
6.94006 1.38688e-014 3.07876e-005 
6.95006 1.35557e-014 3.07876e-005 
6.96006 1.32495e-014 3.07876e-005 
6.97006 1.29501e-014 3.07876e-005 
6.98006 1.26573e-014 3.07876e-005 
6.99007 1.23711e-014 3.07876e-005 
7.00007 1.20912e-014 3.07876e-005 
7.01007 1.18175e-014 3.07876e-005 
7.02007 1.15498e-014 3.07876e-005 
7.03007 1.12881e-014 3.07876e-005 
7.04007 1.10323e-014 3.07876e-005 
7.05007 1.07822e-014 3.07876e-005 
7.06007 1.05376e-014 3.07876e-005 
7.07007 1.02984e-014 3.07876e-005 
7.08007 1.00645e-014 3.07876e-005 
7.09007 9.83586e-015 3.07876e-005 
7.10007 9.6123e-015 3.07876e-005 
7.11007 9.39373e-015 3.07876e-005 
7.12007 9.18002e-015 3.07876e-005 
7.13007 8.97107e-015 3.07876e-005 
7.14007 8.76679e-015 3.07876e-005 
7.15007 8.5671e-015 3.07876e-005 
7.16007 8.37186e-015 3.07876e-005 
7.17007 8.18098e-015 3.07876e-005 
7.18007 7.99436e-015 3.07876e-005 
7.19007 7.8119e-015 3.07876e-005 
7.20007 7.63353e-015 3.07876e-005 
7.21007 7.45915e-015 3.07876e-005 
7.22007 7.28867e-015 3.07876e-005 
7.23007 7.12201e-015 3.07876e-005 
7.24007 6.95908e-015 3.07876e-005 
7.25007 6.7998e-015 3.07876e-005 
7.26007 6.64409e-015 3.07876e-005 
7.27007 6.49188e-015 3.07876e-005 
7.28007 6.34309e-015 3.07876e-005 
7.29007 6.19764e-015 3.07876e-005 
7.30007 6.05547e-015 3.07876e-005 
7.31007 5.91651e-015 3.07876e-005 
7.32007 5.78067e-015 3.07876e-005 
7.33007 5.64789e-015 3.07876e-005 
7.34007 5.51811e-015 3.07876e-005 
7.35007 5.39125e-015 3.07876e-005 
7.36007 5.26727e-015 3.07876e-005 
7.37007 5.14608e-015 3.07876e-005 
7.38007 5.02763e-015 3.07876e-005 
7.39007 4.91186e-015 3.07876e-005 
7.40007 4.7987e-015 3.07876e-005 
7.41007 4.68811e-015 3.07876e-005 
7.42007 4.58003e-015 3.07876e-005 
7.43008 4.47438e-015 3.07876e-005 
7.44008 4.37113e-015 3.07876e-005 
7.45008 4.27022e-015 3.07876e-005 
7.46008 4.1716e-015 3.07876e-005 
7.47008 4.07523e-015 3.07876e-005 
7.48008 3.98104e-015 3.07876e-005 
7.49008 3.889e-015 3.07876e-005 
7.50008 3.79904e-015 3.07876e-005 
7.51008 3.71114e-015 3.07876e-005 
7.52008 3.62524e-015 3.07876e-005 
7.53008 3.54129e-015 3.07876e-005 
7.54008 3.45926e-015 3.07876e-005 
7.55008 3.3791e-015 3.07876e-005 
7.56008 3.30077e-015 3.07876e-005 
7.57008 3.22423e-015 3.07876e-005 
7.58008 3.14944e-015 3.07876e-005 
7.59008 3.07636e-015 3.07876e-005 
7.60008 3.00495e-015 3.07876e-005 
7.61008 2.93517e-015 3.07876e-005 
7.62008 2.867e-015 3.07876e-005 
7.63008 2.80038e-015 3.07876e-005 
7.64008 2.73529e-015 3.07876e-005 
7.65008 2.6717e-015 3.07876e-005 
7.66008 2.60956e-015 3.07876e-005 
7.67008 2.54885e-015 3.07876e-005 
7.68008 2.48954e-015 3.07876e-005 
7.69008 2.43158e-015 3.07876e-005 
7.70008 2.37496e-015 3.07876e-005 
7.71008 2.31965e-015 3.07876e-005 
7.72008 2.2656e-015 3.07876e-005 
7.73008 2.21281e-015 3.07876e-005 
7.74008 2.16122e-015 3.07876e-005 
7.75008 2.11083e-015 3.07876e-005 
7.76008 2.0616e-015 3.07876e-005 
7.77008 2.0135e-015 3.07876e-005 
7.78008 1.96652e-015 3.07876e-005 
7.79008 1.92062e-015 3.07876e-005 
7.80008 1.87577e-015 3.07876e-005 
7.81008 1.83197e-015 3.07876e-005 
7.82008 1.78918e-015 3.07876e-005 
7.83008 1.74738e-015 3.07876e-005 
7.84008 1.70654e-015 3.07876e-005 
7.85008 1.66665e-015 3.07876e-005 
7.86009 1.62769e-015 3.07876e-005 
7.87009 1.58962e-015 3.07876e-005 
7.88009 1.55244e-015 3.07876e-005 
7.89009 1.51612e-015 3.07876e-005 
7.90009 1.48064e-015 3.07876e-005 
7.91009 1.44599e-015 3.07876e-005 
7.92009 1.41214e-015 3.07876e-005 
7.93009 1.37908e-015 3.07876e-005 
7.94009 1.34678e-015 3.07876e-005 
7.95009 1.31523e-015 3.07876e-005 
7.96009 1.28442e-015 3.07876e-005 
7.97009 1.25433e-015 3.07876e-005 
7.98009 1.22493e-015 3.07876e-005 
7.99009 1.19622e-015 3.07876e-005 
8.00009 1.16817e-015 3.07876e-005 
8.01009 1.14078e-015 3.07876e-005 
8.02009 1.11403e-015 3.07876e-005 
8.03009 1.08789e-015 3.07876e-005 
8.04009 1.06237e-015 3.07876e-005 
8.05009 1.03744e-015 3.07876e-005 
8.06009 1.0131e-015 3.07876e-005 
8.07009 9.89318e-016 3.07876e-005 
8.08009 9.66093e-016 3.07876e-005 
8.09009 9.4341e-016 3.07876e-005 
8.10009 9.21257e-016 3.07876e-005 
8.11009 8.9962e-016 3.07876e-005 
8.12009 8.78489e-016 3.07876e-005 
8.13009 8.57851e-016 3.07876e-005 
8.14009 8.37695e-016 3.07876e-005 
8.15009 8.18009e-016 3.07876e-005 
8.16009 7.98784e-016 3.07876e-005 
8.17009 7.80008e-016 3.07876e-005 
8.18009 7.61671e-016 3.07876e-005 
8.19009 7.43762e-016 3.07876e-005 
8.20009 7.26273e-016 3.07876e-005 
8.21009 7.09192e-016 3.07876e-005 
8.22009 6.92511e-016 3.07876e-005 
8.23009 6.7622e-016 3.07876e-005 
8.24009 6.60311e-016 3.07876e-005 
8.25009 6.44774e-016 3.07876e-005 
8.26009 6.29601e-016 3.07876e-005 
8.27009 6.14783e-016 3.07876e-005 
8.28009 6.00312e-016 3.07876e-005 
8.29009 5.8618e-016 3.07876e-005 
8.30009 5.72379e-016 3.07876e-005 
8.31009 5.58901e-016 3.07876e-005 
8.3201 5.4574e-016 3.07876e-005 
8.3301 5.32886e-016 3.07876e-005 
8.3401 5.20334e-016 3.07876e-005 
8.3501 5.08076e-016 3.07876e-005 
8.3601 4.96106e-016 3.07876e-005 
8.3701 4.84417e-016 3.07876e-005 
8.3801 4.73001e-016 3.07876e-005 
8.3901 4.61853e-016 3.07876e-005 
8.4001 4.50967e-016 3.07876e-005 
8.4101 4.40336e-016 3.07876e-005 
8.4201 4.29955e-016 3.07876e-005 
8.4301 4.19817e-016 3.07876e-005 
8.4401 4.09917e-016 3.07876e-005 
8.4501 4.0025e-016 3.07876e-005 
8.4601 3.9081e-016 3.07876e-005 
8.4701 3.81591e-016 3.07876e-005 
8.4801 3.72589e-016 3.07876e-005 
8.4901 3.63798e-016 3.07876e-005 
8.5001 3.55213e-016 3.07876e-005 
8.5101 3.46831e-016 3.07876e-005 
8.5201 3.38645e-016 3.07876e-005 
8.5301 3.30651e-016 3.07876e-005 
8.5401 3.22846e-016 3.07876e-005 
8.5501 3.15224e-016 3.07876e-005 
8.5601 3.0778e-016 3.07876e-005 
8.5701 3.00512e-016 3.07876e-005 
8.5801 2.93415e-016 3.07876e-005 
8.5901 2.86485e-016 3.07876e-005 
8.6001 2.79717e-016 3.07876e-005 
8.6101 2.73109e-016 3.07876e-005 
8.6201 2.66656e-016 3.07876e-005 
8.6301 2.60354e-016 3.07876e-005 
8.6401 2.54201e-016 3.07876e-005 
8.6501 2.48193e-016 3.07876e-005 
8.6601 2.42326e-016 3.07876e-005 
8.6701 2.36597e-016 3.07876e-005 
8.6801 2.31003e-016 3.07876e-005 
8.6901 2.25541e-016 3.07876e-005 
8.7001 2.20207e-016 3.07876e-005 
8.7101 2.14998e-016 3.07876e-005 
8.7201 2.09912e-016 3.07876e-005 
8.7301 2.04946e-016 3.07876e-005 
8.7401 2.00097e-016 3.07876e-005 
8.7501 1.95362e-016 3.07876e-005 
8.76011 1.90738e-016 3.07876e-005 
8.77011 1.86224e-016 3.07876e-005 
8.78011 1.81815e-016 3.07876e-005 
8.79011 1.77511e-016 3.07876e-005 
8.80011 1.73308e-016 3.07876e-005 
8.81011 1.69203e-016 3.07876e-005 
8.82011 1.65196e-016 3.07876e-005 
8.83011 1.61283e-016 3.07876e-005 
8.84011 1.57462e-016 3.07876e-005 
8.85011 1.53731e-016 3.07876e-005 
8.86011 1.50088e-016 3.07876e-005 
8.87011 1.46531e-016 3.07876e-005 
8.88011 1.43058e-016 3.07876e-005 
8.89011 1.39667e-016 3.07876e-005 
8.90011 1.36356e-016 3.07876e-005 
8.91011 1.33122e-016 3.07876e-005 
8.92011 1.29965e-016 3.07876e-005 
8.93011 1.26883e-016 3.07876e-005 
8.94011 1.23873e-016 3.07876e-005 
8.95011 1.20934e-016 3.07876e-005 
8.96011 1.18065e-016 3.07876e-005 
8.97011 1.15263e-016 3.07876e-005 
8.98011 1.12527e-016 3.07876e-005 
8.99011 1.09856e-016 3.07876e-005 
9.00011 1.07248e-016 3.07876e-005 
9.01011 1.04701e-016 3.07876e-005 
9.02011 1.02215e-016 3.07876e-005 
9.03011 9.97869e-017 3.07876e-005 
9.04011 9.74165e-017 3.07876e-005 
9.05011 9.51021e-017 3.07876e-005 
9.06011 9.28423e-017 3.07876e-005 
9.07011 9.06359e-017 3.07876e-005 
9.08011 8.84816e-017 3.07876e-005 
9.09011 8.63782e-017 3.07876e-005 
9.10011 8.43245e-017 3.07876e-005 
9.11011 8.23194e-017 3.07876e-005 
9.12011 8.03617e-017 3.07876e-005 
9.13011 7.84501e-017 3.07876e-005 
9.14011 7.65838e-017 3.07876e-005 
9.15011 7.47617e-017 3.07876e-005 
9.16011 7.29826e-017 3.07876e-005 
9.17011 7.12455e-017 3.07876e-005 
9.18011 6.95496e-017 3.07876e-005 
9.19011 6.78938e-017 3.07876e-005 
9.20012 6.62771e-017 3.07876e-005 
9.21012 6.46987e-017 3.07876e-005 
9.22012 6.31577e-017 3.07876e-005 
9.23012 6.16531e-017 3.07876e-005 
9.24012 6.01841e-017 3.07876e-005 
9.25012 5.875e-017 3.07876e-005 
9.26012 5.73498e-017 3.07876e-005 
9.27012 5.59827e-017 3.07876e-005 
9.28012 5.4648e-017 3.07876e-005 
9.29012 5.33449e-017 3.07876e-005 
9.30012 5.20727e-017 3.07876e-005 
9.31012 5.08307e-017 3.07876e-005 
9.32012 4.9618e-017 3.07876e-005 
9.33012 4.84341e-017 3.07876e-005 
9.34012 4.72783e-017 3.07876e-005 
9.35012 4.61499e-017 3.07876e-005 
9.36012 4.50482e-017 3.07876e-005 
9.37012 4.39727e-017 3.07876e-005 
9.38012 4.29227e-017 3.07876e-005 
9.39012 4.18975e-017 3.07876e-005 
9.40012 4.08967e-017 3.07876e-005 
9.41012 3.99197e-017 3.07876e-005 
9.42012 3.89658e-017 3.07876e-005 
9.43012 3.80346e-017 3.07876e-005 
9.44012 3.71254e-017 3.07876e-005 
9.45012 3.62379e-017 3.07876e-005 
9.46012 3.53714e-017 3.07876e-005 
9.47012 3.45256e-017 3.07876e-005 
9.48012 3.36998e-017 3.07876e-005 
9.49012 3.28936e-017 3.07876e-005 
9.50012 3.21066e-017 3.07876e-005 
9.51012 3.13383e-017 3.07876e-005 
9.52012 3.05882e-017 3.07876e-005 
9.53012 2.98561e-017 3.07876e-005 
9.54012 2.91412e-017 3.07876e-005 
9.55012 2.84434e-017 3.07876e-005 
9.56012 2.77622e-017 3.07876e-005 
9.57012 2.70972e-017 3.07876e-005 
9.58012 2.6448e-017 3.07876e-005 
9.59012 2.58143e-017 3.07876e-005 
9.60012 2.51957e-017 3.07876e-005 
9.61012 2.45918e-017 3.07876e-005 
9.62012 2.40022e-017 3.07876e-005 
9.63013 2.34267e-017 3.07876e-005 
9.64013 2.28649e-017 3.07876e-005 
9.65013 2.23165e-017 3.07876e-005 
9.66013 2.17811e-017 3.07876e-005 
9.67013 2.12585e-017 3.07876e-005 
9.68013 2.07484e-017 3.07876e-005 
9.69013 2.02504e-017 3.07876e-005 
9.70013 1.97643e-017 3.07876e-005 
9.71013 1.92898e-017 3.07876e-005 
9.72013 1.88266e-017 3.07876e-005 
9.73013 1.83744e-017 3.07876e-005 
9.74013 1.79331e-017 3.07876e-005 
9.75013 1.75023e-017 3.07876e-005 
9.76013 1.70817e-017 3.07876e-005 
9.77013 1.66712e-017 3.07876e-005 
9.78013 1.62705e-017 3.07876e-005 
9.79013 1.58793e-017 3.07876e-005 
9.80013 1.54975e-017 3.07876e-005 
9.81013 1.51249e-017 3.07876e-005 
9.82013 1.47611e-017 3.07876e-005 
9.83013 1.4406e-017 3.07876e-005 
9.84013 1.40594e-017 3.07876e-005 
9.85013 1.37211e-017 3.07876e-005 
9.86013 1.33908e-017 3.07876e-005 
9.87013 1.30685e-017 3.07876e-005 
9.88013 1.27539e-017 3.07876e-005 
9.89013 1.24468e-017 3.07876e-005 
9.90013 1.2147e-017 3.07876e-005 
9.91013 1.18545e-017 3.07876e-005 
9.92013 1.15689e-017 3.07876e-005 
9.93013 1.12901e-017 3.07876e-005 
9.94013 1.10181e-017 3.07876e-005 
9.95013 1.07525e-017 3.07876e-005 
9.96013 1.04933e-017 3.07876e-005 
9.97013 1.02403e-017 3.07876e-005 
9.98013 9.99338e-018 3.07876e-005 
9.99013 9.75237e-018 3.07876e-005 
