0 1 0 0 0 1.1 0 0 
0.01 1 0 0 0 1.08522 0 0 
0.02 1 0 0 0 1.0909 0 0 
0.03 1 0 0 0 1.07669 0 0 
0.04 1 0 0 0 1.08266 0 0 
0.05 1 0 0 0 1.06899 0 0 
0.06 1 0 0 0 1.0752 0 0 
0.07 1 0 0 0 1.06202 0 0 
0.08 1 0 0 0 1.06845 0 0 
0.09 1 0 0 0 1.05572 0 0 
0.1 1 0 0 0 1.06233 0 0 
0.11 1 0 0 0 1.05002 0 0 
0.12 1 0 0 0 1.05679 0 0 
0.13 1 0 0 0 1.04487 0 0 
0.14 1 0 0 0 1.05177 0 0 
0.15 1 0 0 0 1.04022 0 0 
0.16 1 0 0 0 1.04722 0 0 
0.17 1 0 0 0 1.03601 0 0 
0.18 1 0 0 0 1.0431 0 0 
0.19 1 0 0 0 1.03221 0 0 
0.2 1 0 0 0 1.03936 0 0 
0.21 1 0 0 0 1.02877 0 0 
0.22 1 0 0 0 1.03598 0 0 
0.23 1 0 0 0 1.02567 0 0 
0.24 1 0 0 0 1.03291 0 0 
0.25 1 0 0 0 1.02287 0 0 
0.26 1 0 0 0 1.03013 0 0 
0.27 1 0 0 0 1.02033 0 0 
0.28 1 0 0 0 1.02761 0 0 
0.29 1 0 0 0 1.01805 0 0 
0.3 1 0 0 0 1.02533 0 0 
0.31 1 0 0 0 1.01598 0 0 
0.32 1 0 0 0 1.02326 0 0 
0.33 1 0 0 0 1.01412 0 0 
0.34 1 0 0 0 1.02138 0 0 
0.35 1 0 0 0 1.01244 0 0 
0.36 1 0 0 0 1.01967 0 0 
0.37 1 0 0 0 1.01092 0 0 
0.38 1 0 0 0 1.01812 0 0 
0.39 1 0 0 0 1.00955 0 0 
0.4 1 0 0 0 1.01672 0 0 
0.41 1 0 0 0 1.00831 0 0 
0.42 1 0 0 0 1.01544 0 0 
0.43 1 0 0 0 1.0072 0 0 
0.44 1 0 0 0 1.01429 0 0 
0.45 1 0 0 0 1.0062 0 0 
0.46 1 0 0 0 1.01323 0 0 
0.47 1 0 0 0 1.0053 0 0 
0.48 1 0 0 0 1.01228 0 0 
0.49 1 0 0 0 1.00448 0 0 
0.5 1 0 0 0 1.01141 0 0 
0.51 1 0 0 0 1.00375 0 0 
0.52 1 0 0 0 1.01062 0 0 
0.53 1 0 0 0 1.00309 0 0 
0.54 1 0 0 0 1.0099 0 0 
0.55 1 0 0 0 1.0025 0 0 
0.56 1 0 0 0 1.00924 0 0 
0.57 1 0 0 0 1.00197 0 0 
0.58 1 0 0 0 1.00865 0 0 
0.59 1 0 0 0 1.00149 0 0 
0.6 1 0 0 0 1.0081 0 0 
0.61 1 0 0 0 1.00106 0 0 
0.62 1 0 0 0 1.00761 0 0 
0.63 1 0 0 0 1.00068 0 0 
0.64 1 0 0 0 1.00716 0 0 
0.65 1 0 0 0 1.00034 0 0 
0.66 1 0 0 0 1.00674 0 0 
0.67 1 0 0 0 1.00003 0 0 
0.68 1 0 0 0 1.00636 0 0 
0.69 1 0 0 0 0.999755 0 0 
0.7 1 0 0 0 1.00602 0 0 
0.71 1 0 0 0 0.999511 0 0 
0.72 1 0 0 0 1.0057 0 0 
0.73 1 0 0 0 0.999293 0 0 
0.74 1 0 0 0 1.00542 0 0 
0.75 1 0 0 0 0.999099 0 0 
0.76 1 0 0 0 1.00515 0 0 
0.77 1 0 0 0 0.998927 0 0 
0.78 1 0 0 0 1.00491 0 0 
0.79 1 0 0 0 0.998775 0 0 
0.8 1 0 0 0 1.00468 0 0 
0.81 1 0 0 0 0.99864 0 0 
0.82 1 0 0 0 1.00448 0 0 
0.83 1 0 0 0 0.998522 0 0 
0.839999 1 0 0 0 1.00429 0 0 
0.849999 1 0 0 0 0.998418 0 0 
0.859999 1 0 0 0 1.00411 0 0 
0.869999 1 0 0 0 0.998327 0 0 
0.879999 1 0 0 0 1.00395 0 0 
0.889999 1 0 0 0 0.998248 0 0 
0.899999 1 0 0 0 1.00381 0 0 
0.909999 1 0 0 0 0.998179 0 0 
0.919999 1 0 0 0 1.00367 0 0 
0.929999 1 0 0 0 0.99812 0 0 
0.939999 1 0 0 0 1.00354 0 0 
0.949999 1 0 0 0 0.99807 0 0 
0.959999 1 0 0 0 1.00342 0 0 
0.969999 1 0 0 0 0.998027 0 0 
0.979999 1 0 0 0 1.00331 0 0 
0.989999 1 0 0 0 0.997992 0 0 
0.999999 1 0 0 0 1.00321 0 0 
1.01 1 0 0 0 0.997962 0 0 
1.02 1 0 0 0 1.00311 0 0 
1.03 1 0 0 0 0.997939 0 0 
1.04 1 0 0 0 1.00302 0 0 
1.05 1 0 0 0 0.99792 0 0 
1.06 1 0 0 0 1.00294 0 0 
1.07 1 0 0 0 0.997906 0 0 
1.08 1 0 0 0 1.00286 0 0 
1.09 1 0 0 0 0.997896 0 0 
1.1 1 0 0 0 1.00279 0 0 
1.11 1 0 0 0 0.99789 0 0 
1.12 1 0 0 0 1.00272 0 0 
1.13 1 0 0 0 0.997887 0 0 
1.14 1 0 0 0 1.00265 0 0 
1.15 1 0 0 0 0.997887 0 0 
1.16 1 0 0 0 1.00259 0 0 
1.17 1 0 0 0 0.997889 0 0 
1.18 1 0 0 0 1.00253 0 0 
1.19 1 0 0 0 0.997894 0 0 
1.2 1 0 0 0 1.00248 0 0 
1.21 1 0 0 0 0.997901 0 0 
1.22 1 0 0 0 1.00242 0 0 
1.23 1 0 0 0 0.99791 0 0 
1.24 1 0 0 0 1.00237 0 0 
1.25 1 0 0 0 0.99792 0 0 
1.26 1 0 0 0 1.00233 0 0 
1.27 1 0 0 0 0.997932 0 0 
1.28 1 0 0 0 1.00228 0 0 
1.29 1 0 0 0 0.997945 0 0 
1.3 1 0 0 0 1.00224 0 0 
1.31 1 0 0 0 0.997959 0 0 
1.32 1 0 0 0 1.00219 0 0 
1.33 1 0 0 0 0.997974 0 0 
1.34 1 0 0 0 1.00215 0 0 
1.35 1 0 0 0 0.99799 0 0 
1.36 1 0 0 0 1.00212 0 0 
1.37 1 0 0 0 0.998007 0 0 
1.38 1 0 0 0 1.00208 0 0 
1.39 1 0 0 0 0.998025 0 0 
1.4 1 0 0 0 1.00204 0 0 
1.41 1 0 0 0 0.998043 0 0 
1.42 1 0 0 0 1.00201 0 0 
1.43 1 0 0 0 0.998061 0 0 
1.44 1 0 0 0 1.00197 0 0 
1.45 1 0 0 0 0.99808 0 0 
1.46 1 0 0 0 1.00194 0 0 
1.47 1 0 0 0 0.998099 0 0 
1.48 1 0 0 0 1.00191 0 0 
1.49 1 0 0 0 0.998119 0 0 
1.5 1 0 0 0 1.00188 0 0 
1.51 1 0 0 0 0.998138 0 0 
1.52 1 0 0 0 1.00185 0 0 
1.53 1 0 0 0 0.998158 0 0 
1.54 1 0 0 0 1.00182 0 0 
1.55 1 0 0 0 0.998178 0 0 
1.56 1 0 0 0 1.00179 0 0 
1.57 1 0 0 0 0.998198 0 0 
1.58 1 0 0 0 1.00176 0 0 
1.59 1 0 0 0 0.998219 0 0 
1.6 1 0 0 0 1.00174 0 0 
1.61 1 0 0 0 0.998239 0 0 
1.62 1 0 0 0 1.00171 0 0 
1.63 1 0 0 0 0.998259 0 0 
1.64 1 0 0 0 1.00169 0 0 
1.65 1 0 0 0 0.998279 0 0 
1.66 1 0 0 0 1.00166 0 0 
1.67 1 0 0 0 0.998299 0 0 
1.68 1 0 0 0 1.00164 0 0 
1.69 1 0 0 0 0.998319 0 0 
1.7 1 0 0 0 1.00161 0 0 
1.71 1 0 0 0 0.998339 0 0 
1.72 1 0 0 0 1.00159 0 0 
1.73 1 0 0 0 0.998359 0 0 
1.74 1 0 0 0 1.00156 0 0 
1.75 1 0 0 0 0.998379 0 0 
1.76 1 0 0 0 1.00154 0 0 
1.77 1 0 0 0 0.998398 0 0 
1.78 1 0 0 0 1.00152 0 0 
1.79 1 0 0 0 0.998418 0 0 
1.8 1 0 0 0 1.0015 0 0 
1.81 1 0 0 0 0.998437 0 0 
1.82 1 0 0 0 1.00148 0 0 
1.83 1 0 0 0 0.998456 0 0 
1.84 1 0 0 0 1.00146 0 0 
1.85 1 0 0 0 0.998475 0 0 
1.86 1 0 0 0 1.00143 0 0 
1.87 1 0 0 0 0.998494 0 0 
1.88 1 0 0 0 1.00141 0 0 
1.89 1 0 0 0 0.998512 0 0 
1.9 1 0 0 0 1.00139 0 0 
1.91 1 0 0 0 0.998531 0 0 
1.92 1 0 0 0 1.00137 0 0 
1.93 1 0 0 0 0.998549 0 0 
1.94 1 0 0 0 1.00136 0 0 
1.95 1 0 0 0 0.998567 0 0 
1.96 1 0 0 0 1.00134 0 0 
1.97 1 0 0 0 0.998585 0 0 
1.98 1 0 0 0 1.00132 0 0 
1.99 1 0 0 0 0.998603 0 0 
2 1 0 0 0 1.0013 0 0 
2.01 1 0 0 0 0.99862 0 0 
2.02 1 0 0 0 1.00128 0 0 
2.03 1 0 0 0 0.998637 0 0 
2.04 1 0 0 0 1.00126 0 0 
2.05 1 0 0 0 0.998654 0 0 
2.06 1 0 0 0 1.00125 0 0 
2.07 1 0 0 0 0.998671 0 0 
2.08 1 0 0 0 1.00123 0 0 
2.09 1 0 0 0 0.998688 0 0 
2.1 1 0 0 0 1.00121 0 0 
2.11 1 0 0 0 0.998704 0 0 
2.12 1 0 0 0 1.00119 0 0 
2.13 1 0 0 0 0.998721 0 0 
2.14 1 0 0 0 1.00118 0 0 
2.15 1 0 0 0 0.998737 0 0 
2.16 1 0 0 0 1.00116 0 0 
2.17 1 0 0 0 0.998753 0 0 
2.18 1 0 0 0 1.00114 0 0 
2.19 1 0 0 0 0.998769 0 0 
2.2 1 0 0 0 1.00113 0 0 
2.21 1 0 0 0 0.998784 0 0 
2.22 1 0 0 0 1.00111 0 0 
2.23 1 0 0 0 0.998799 0 0 
2.24 1 0 0 0 1.0011 0 0 
2.25 1 0 0 0 0.998815 0 0 
2.26 1 0 0 0 1.00108 0 0 
2.27 1 0 0 0 0.998829 0 0 
2.28 1 0 0 0 1.00107 0 0 
2.29 1 0 0 0 0.998844 0 0 
2.3 1 0 0 0 1.00105 0 0 
2.31 1 0 0 0 0.998859 0 0 
2.32 1 0 0 0 1.00104 0 0 
2.33 1 0 0 0 0.998873 0 0 
2.34 1 0 0 0 1.00102 0 0 
2.35 1 0 0 0 0.998887 0 0 
2.36 1 0 0 0 1.00101 0 0 
2.37 1 0 0 0 0.998901 0 0 
2.38 1 0 0 0 1.00099 0 0 
2.39 1 0 0 0 0.998915 0 0 
2.4 1 0 0 0 1.00098 0 0 
2.41 1 0 0 0 0.998929 0 0 
2.42 1 0 0 0 1.00097 0 0 
2.43 1 0 0 0 0.998942 0 0 
2.44 1 0 0 0 1.00095 0 0 
2.45 1 0 0 0 0.998955 0 0 
2.46 1 0 0 0 1.00094 0 0 
2.47 1 0 0 0 0.998969 0 0 
2.48 1 0 0 0 1.00093 0 0 
2.49 1 0 0 0 0.998982 0 0 
2.5 1 0 0 0 1.00091 0 0 
2.51 1 0 0 0 0.998995 0 0 
2.52 1 0 0 0 1.0009 0 0 
2.53 1 0 0 0 0.999007 0 0 
2.54 1 0 0 0 1.00089 0 0 
2.55 1 0 0 0 0.99902 0 0 
2.56 1 0 0 0 1.00088 0 0 
2.57 1 0 0 0 0.999032 0 0 
2.58 1 0 0 0 1.00086 0 0 
2.59 1 0 0 0 0.999044 0 0 
2.6 1 0 0 0 1.00085 0 0 
2.61 1 0 0 0 0.999056 0 0 
2.62 1 0 0 0 1.00084 0 0 
2.63 1 0 0 0 0.999068 0 0 
2.64 1 0 0 0 1.00083 0 0 
2.65 1 0 0 0 0.999079 0 0 
2.66 1 0 0 0 1.00082 0 0 
2.67 1 0 0 0 0.999091 0 0 
2.68 1 0 0 0 1.00081 0 0 
2.69 1 0 0 0 0.999102 0 0 
2.7 1 0 0 0 1.00079 0 0 
2.71 1 0 0 0 0.999114 0 0 
2.72 1 0 0 0 1.00078 0 0 
2.73 1 0 0 0 0.999125 0 0 
2.74 1 0 0 0 1.00077 0 0 
2.75 1 0 0 0 0.999136 0 0 
2.76 1 0 0 0 1.00076 0 0 
2.77 1 0 0 0 0.999147 0 0 
2.78 1 0 0 0 1.00075 0 0 
2.79 1 0 0 0 0.999157 0 0 
2.8 1 0 0 0 1.00074 0 0 
2.81 1 0 0 0 0.999168 0 0 
2.82 1 0 0 0 1.00073 0 0 
2.83 1 0 0 0 0.999178 0 0 
2.84 1 0 0 0 1.00072 0 0 
2.85 1 0 0 0 0.999188 0 0 
2.86 1 0 0 0 1.00071 0 0 
2.87 1 0 0 0 0.999198 0 0 
2.88 1 0 0 0 1.0007 0 0 
2.89 1 0 0 0 0.999208 0 0 
2.9 1 0 0 0 1.00069 0 0 
2.91 1 0 0 0 0.999218 0 0 
2.92 1 0 0 0 1.00068 0 0 
2.93 1 0 0 0 0.999228 0 0 
2.94 1 0 0 0 1.00067 0 0 
2.95 1 0 0 0 0.999237 0 0 
2.96 1 0 0 0 1.00066 0 0 
2.97 1 0 0 0 0.999247 0 0 
2.98 1 0 0 0 1.00065 0 0 
2.99 1 0 0 0 0.999256 0 0 
3 1 0 0 0 1.00064 0 0 
3.01 1 0 0 0 0.999265 0 0 
3.02 1 0 0 0 1.00063 0 0 
3.03 1 0 0 0 0.999274 0 0 
3.04 1 0 0 0 1.00062 0 0 
3.05 1 0 0 0 0.999283 0 0 
3.06 1 0 0 0 1.00061 0 0 
3.07 1 0 0 0 0.999292 0 0 
3.08 1 0 0 0 1.00061 0 0 
3.09 1 0 0 0 0.999301 0 0 
3.1 1 0 0 0 1.0006 0 0 
3.11 1 0 0 0 0.999309 0 0 
3.12 1 0 0 0 1.00059 0 0 
3.13 1 0 0 0 0.999318 0 0 
3.14 1 0 0 0 1.00058 0 0 
3.15 1 0 0 0 0.999326 0 0 
3.16 1 0 0 0 1.00057 0 0 
3.17 1 0 0 0 0.999335 0 0 
3.18 1 0 0 0 1.00056 0 0 
3.19 1 0 0 0 0.999343 0 0 
3.2 1 0 0 0 1.00056 0 0 
3.21 1 0 0 0 0.999351 0 0 
3.22 1 0 0 0 1.00055 0 0 
3.23 1 0 0 0 0.999359 0 0 
3.24 1 0 0 0 1.00054 0 0 
3.25 1 0 0 0 0.999367 0 0 
3.26 1 0 0 0 1.00053 0 0 
3.27 1 0 0 0 0.999374 0 0 
3.28 1 0 0 0 1.00052 0 0 
3.29 1 0 0 0 0.999382 0 0 
3.3 1 0 0 0 1.00052 0 0 
3.31 1 0 0 0 0.999389 0 0 
3.32 1 0 0 0 1.00051 0 0 
3.33 1 0 0 0 0.999397 0 0 
3.34 1 0 0 0 1.0005 0 0 
3.35 1 0 0 0 0.999404 0 0 
3.36 1 0 0 0 1.00049 0 0 
3.37 1 0 0 0 0.999411 0 0 
3.38 1 0 0 0 1.00049 0 0 
3.39 1 0 0 0 0.999419 0 0 
3.4 1 0 0 0 1.00048 0 0 
3.41 1 0 0 0 0.999426 0 0 
3.42 1 0 0 0 1.00047 0 0 
3.43 1 0 0 0 0.999433 0 0 
3.44 1 0 0 0 1.00047 0 0 
3.45 1 0 0 0 0.999439 0 0 
3.46 1 0 0 0 1.00046 0 0 
3.47 1 0 0 0 0.999446 0 0 
3.48 1 0 0 0 1.00045 0 0 
3.49 1 0 0 0 0.999453 0 0 
3.5 1 0 0 0 1.00045 0 0 
3.51 1 0 0 0 0.99946 0 0 
3.52 1 0 0 0 1.00044 0 0 
3.53 1 0 0 0 0.999466 0 0 
3.54 1 0 0 0 1.00043 0 0 
3.55 1 0 0 0 0.999473 0 0 
3.56 1 0 0 0 1.00043 0 0 
3.57 1 0 0 0 0.999479 0 0 
3.58 1 0 0 0 1.00042 0 0 
3.59 1 0 0 0 0.999485 0 0 
3.6 1 0 0 0 1.00041 0 0 
3.61 1 0 0 0 0.999491 0 0 
3.62 1 0 0 0 1.00041 0 0 
3.63 1 0 0 0 0.999497 0 0 
3.64 1 0 0 0 1.0004 0 0 
3.65 1 0 0 0 0.999503 0 0 
3.66 1 0 0 0 1.0004 0 0 
3.67 1 0 0 0 0.999509 0 0 
3.68 1 0 0 0 1.00039 0 0 
3.69 1 0 0 0 0.999515 0 0 
3.7 1 0 0 0 1.00038 0 0 
3.71 1 0 0 0 0.999521 0 0 
3.72 1 0 0 0 1.00038 0 0 
3.73 1 0 0 0 0.999526 0 0 
3.74 1 0 0 0 1.00037 0 0 
3.75 1 0 0 0 0.999532 0 0 
3.76 1 0 0 0 1.00037 0 0 
3.77 1 0 0 0 0.999538 0 0 
3.78 1 0 0 0 1.00036 0 0 
3.79 1 0 0 0 0.999543 0 0 
3.8 1 0 0 0 1.00036 0 0 
3.81 1 0 0 0 0.999548 0 0 
3.82 1 0 0 0 1.00035 0 0 
3.83 1 0 0 0 0.999554 0 0 
3.84 1 0 0 0 1.00035 0 0 
3.85 1 0 0 0 0.999559 0 0 
3.86 1 0 0 0 1.00034 0 0 
3.87 1 0 0 0 0.999564 0 0 
3.88 1 0 0 0 1.00034 0 0 
3.89 1 0 0 0 0.999569 0 0 
3.9 1 0 0 0 1.00033 0 0 
3.91 1 0 0 0 0.999575 0 0 
3.92 1 0 0 0 1.00032 0 0 
3.93 1 0 0 0 0.999579 0 0 
3.94 1 0 0 0 1.00032 0 0 
3.95 1 0 0 0 0.999584 0 0 
3.96 1 0 0 0 1.00032 0 0 
3.97 1 0 0 0 0.999589 0 0 
3.98 1 0 0 0 1.00031 0 0 
3.99 1 0 0 0 0.999594 0 0 
4 1 0 0 0 1.00031 0 0 
4.01 1 0 0 0 0.999599 0 0 
4.02 1 0 0 0 1.0003 0 0 
4.03 1 0 0 0 0.999603 0 0 
4.04 1 0 0 0 1.0003 0 0 
4.05 1 0 0 0 0.999608 0 0 
4.06 1 0 0 0 1.00029 0 0 
4.07 1 0 0 0 0.999613 0 0 
4.08 1 0 0 0 1.00029 0 0 
4.09 1 0 0 0 0.999617 0 0 
4.1 1 0 0 0 1.00028 0 0 
4.11 1 0 0 0 0.999622 0 0 
4.12 1 0 0 0 1.00028 0 0 
4.13 1 0 0 0 0.999626 0 0 
4.14 1 0 0 0 1.00027 0 0 
4.15 1 0 0 0 0.99963 0 0 
4.16 1 0 0 0 1.00027 0 0 
4.17 1 0 0 0 0.999634 0 0 
4.18 1 0 0 0 1.00027 0 0 
4.19 1 0 0 0 0.999638 0 0 
4.2 1 0 0 0 1.00026 0 0 
4.21 1 0 0 0 0.999643 0 0 
4.22 1 0 0 0 1.00026 0 0 
4.23 1 0 0 0 0.999647 0 0 
4.24 1 0 0 0 1.00025 0 0 
4.25 1 0 0 0 0.999651 0 0 
4.26 1 0 0 0 1.00025 0 0 
4.27 1 0 0 0 0.999655 0 0 
4.28 1 0 0 0 1.00025 0 0 
4.29 1 0 0 0 0.999659 0 0 
4.3 1 0 0 0 1.00024 0 0 
4.31 1 0 0 0 0.999662 0 0 
4.32 1 0 0 0 1.00024 0 0 
4.33 1 0 0 0 0.999666 0 0 
4.34 1 0 0 0 1.00023 0 0 
4.35 1 0 0 0 0.99967 0 0 
4.36 1 0 0 0 1.00023 0 0 
4.37001 1 0 0 0 0.999674 0 0 
4.38001 1 0 0 0 1.00023 0 0 
4.39001 1 0 0 0 0.999678 0 0 
4.40001 1 0 0 0 1.00022 0 0 
4.41001 1 0 0 0 0.999681 0 0 
4.42001 1 0 0 0 1.00022 0 0 
4.43001 1 0 0 0 0.999685 0 0 
4.44001 1 0 0 0 1.00022 0 0 
4.45001 1 0 0 0 0.999688 0 0 
4.46001 1 0 0 0 1.00021 0 0 
4.47001 1 0 0 0 0.999692 0 0 
4.48001 1 0 0 0 1.00021 0 0 
4.49001 1 0 0 0 0.999695 0 0 
4.50001 1 0 0 0 1.00021 0 0 
4.51001 1 0 0 0 0.999699 0 0 
4.52001 1 0 0 0 1.0002 0 0 
4.53001 1 0 0 0 0.999702 0 0 
4.54001 1 0 0 0 1.0002 0 0 
4.55001 1 0 0 0 0.999705 0 0 
4.56001 1 0 0 0 1.0002 0 0 
4.57001 1 0 0 0 0.999708 0 0 
4.58001 1 0 0 0 1.00019 0 0 
4.59001 1 0 0 0 0.999712 0 0 
4.60001 1 0 0 0 1.00019 0 0 
4.61001 1 0 0 0 0.999715 0 0 
4.62001 1 0 0 0 1.00019 0 0 
4.63001 1 0 0 0 0.999718 0 0 
4.64001 1 0 0 0 1.00018 0 0 
4.65001 1 0 0 0 0.999721 0 0 
4.66001 1 0 0 0 1.00018 0 0 
4.67001 1 0 0 0 0.999724 0 0 
4.68001 1 0 0 0 1.00018 0 0 
4.69001 1 0 0 0 0.999727 0 0 
4.70001 1 0 0 0 1.00017 0 0 
4.71001 1 0 0 0 0.99973 0 0 
4.72001 1 0 0 0 1.00017 0 0 
4.73001 1 0 0 0 0.999733 0 0 
4.74001 1 0 0 0 1.00017 0 0 
4.75001 1 0 0 0 0.999736 0 0 
4.76001 1 0 0 0 1.00016 0 0 
4.77001 1 0 0 0 0.999739 0 0 
4.78001 1 0 0 0 1.00016 0 0 
4.79001 1 0 0 0 0.999741 0 0 
4.80001 1 0 0 0 1.00016 0 0 
4.81002 1 0 0 0 0.999744 0 0 
4.82002 1 0 0 0 1.00016 0 0 
4.83002 1 0 0 0 0.999747 0 0 
4.84002 1 0 0 0 1.00015 0 0 
4.85002 1 0 0 0 0.99975 0 0 
4.86002 1 0 0 0 1.00015 0 0 
4.87002 1 0 0 0 0.999752 0 0 
4.88002 1 0 0 0 1.00015 0 0 
4.89002 1 0 0 0 0.999755 0 0 
4.90002 1 0 0 0 1.00015 0 0 
4.91002 1 0 0 0 0.999758 0 0 
4.92002 1 0 0 0 1.00014 0 0 
4.93002 1 0 0 0 0.99976 0 0 
4.94002 1 0 0 0 1.00014 0 0 
4.95002 1 0 0 0 0.999763 0 0 
4.96002 1 0 0 0 1.00014 0 0 
4.97002 1 0 0 0 0.999765 0 0 
4.98002 1 0 0 0 1.00014 0 0 
4.99002 1 0 0 0 0.999768 0 0 
