0 0 0 0 
0.01 0 -0.00301343 -2.45665e-006 
0.02 0 -0.0117176 -4.67367e-006 
0.03 0 -0.0255297 -6.94357e-006 
0.04 0 -0.0438994 -9.0166e-006 
0.05 0 -0.0662946 -1.11691e-005 
0.06 0 -0.0922255 -1.31447e-005 
0.07 0 -0.121212 -1.52079e-005 
0.08 0 -0.152824 -1.70997e-005 
0.09 0 -0.186634 -1.90761e-005 
0.1 0 -0.222268 -2.08782e-005 
0.11 0 -0.25935 -2.27558e-005 
0.12 0 -0.297562 -2.44527e-005 
0.13 0 -0.336577 -2.6214e-005 
0.14 0 -0.376127 -2.77874e-005 
0.15 0 -0.415933 -2.94146e-005 
0.16 0 -0.455773 -3.08482e-005 
0.17 0 -0.495414 -3.23269e-005 
0.18 0 -0.534678 -3.36088e-005 
0.19 0 -0.573371 -3.49299e-005 
0.2 0 -0.611355 -3.60539e-005 
0.21 0 -0.648475 -3.7214e-005 
0.22 0 -0.684626 -3.81796e-005 
0.23 0 -0.71969 -3.91809e-005 
0.24 0 -0.753592 -3.99928e-005 
0.25 0 -0.786245 -4.08423e-005 
0.26 0 -0.817602 -4.15093e-005 
0.27 0 -0.847602 -4.22174e-005 
0.28 0 -0.876222 -4.27514e-005 
0.29 0 -0.903426 -4.33311e-005 
0.3 0 -0.92921 -4.37459e-005 
0.31 0 -0.953559 -4.42117e-005 
0.32 0 -0.976484 -4.45218e-005 
0.33 0 -0.997989 -4.48886e-005 
0.34 0 -1.0181 -4.51088e-005 
0.35 0 -1.03683 -4.53912e-005 
0.36 0 -1.05422 -4.55357e-005 
0.37 0 -1.07029 -4.57473e-005 
0.38 0 -1.08509 -4.58292e-005 
0.39 0 -1.09865 -4.59827e-005 
0.4 0 -1.11103 -4.60139e-005 
0.41 0 -1.12226 -4.61205e-005 
0.42 0 -1.1324 -4.61115e-005 
0.43 0 -1.1415 -4.61811e-005 
0.44 0 -1.14961 -4.61407e-005 
0.45 0 -1.15677 -4.61816e-005 
0.46 0 -1.16305 -4.61176e-005 
0.47 0 -1.16849 -4.61368e-005 
0.48 0 -1.17314 -4.60555e-005 
0.49 0 -1.17707 -4.60588e-005 
0.5 0 -1.18031 -4.59653e-005 
0.51 0 -1.18291 -4.59575e-005 
0.52 0 -1.18493 -4.5856e-005 
0.53 0 -1.1864 -4.58408e-005 
0.54 0 -1.18738 -4.57345e-005 
0.55 0 -1.18791 -4.57149e-005 
0.56 0 -1.18803 -4.56066e-005 
0.57 0 -1.18778 -4.55848e-005 
0.58 0 -1.1872 -4.54764e-005 
0.59 0 -1.18631 -4.54543e-005 
0.6 0 -1.18517 -4.53472e-005 
0.61 0 -1.1838 -4.53261e-005 
0.62 0 -1.18222 -4.52215e-005 
0.63 0 -1.18048 -4.52023e-005 
0.64 0 -1.17859 -4.5101e-005 
0.65 0 -1.17659 -4.50845e-005 
0.66 0 -1.17448 -4.49871e-005 
0.67 0 -1.1723 -4.49736e-005 
0.68 0 -1.17007 -4.48805e-005 
0.69 0 -1.1678 -4.48705e-005 
0.7 0 -1.1655 -4.47817e-005 
0.71 0 -1.16321 -4.47753e-005 
0.72 0 -1.16092 -4.46911e-005 
0.73 0 -1.15865 -4.46884e-005 
0.74 0 -1.15641 -4.46087e-005 
0.75 0 -1.15421 -4.46096e-005 
0.76 0 -1.15205 -4.45345e-005 
0.77 0 -1.14996 -4.45388e-005 
0.78 0 -1.14793 -4.44681e-005 
0.79 0 -1.14596 -4.44758e-005 
0.8 0 -1.14407 -4.44093e-005 
0.81 0 -1.14225 -4.44202e-005 
0.82 0 -1.14051 -4.43577e-005 
0.83 0 -1.13885 -4.43716e-005 
0.839999 0 -1.13727 -4.43128e-005 
0.849999 0 -1.13577 -4.43296e-005 
0.859999 0 -1.13436 -4.42743e-005 
0.869999 0 -1.13303 -4.42936e-005 
0.879999 0 -1.13178 -4.42416e-005 
0.889999 0 -1.13062 -4.42632e-005 
0.899999 0 -1.12953 -4.42142e-005 
0.909999 0 -1.12852 -4.42378e-005 
0.919999 0 -1.12759 -4.41916e-005 
0.929999 0 -1.12673 -4.4217e-005 
0.939999 0 -1.12594 -4.41733e-005 
0.949999 0 -1.12522 -4.42002e-005 
0.959999 0 -1.12456 -4.41588e-005 
0.969999 0 -1.12397 -4.4187e-005 
0.979999 0 -1.12344 -4.41475e-005 
0.989999 0 -1.12296 -4.41768e-005 
0.999999 0 -1.12255 -4.41392e-005 
1.01 0 -1.12218 -4.41693e-005 
1.02 0 -1.12186 -4.41333e-005 
1.03 0 -1.12158 -4.41641e-005 
1.04 0 -1.12135 -4.41294e-005 
1.05 0 -1.12116 -4.41608e-005 
1.06 0 -1.121 -4.41273e-005 
1.07 0 -1.12088 -4.4159e-005 
1.08 0 -1.12079 -4.41266e-005 
1.09 0 -1.12073 -4.41584e-005 
1.1 0 -1.1207 -4.41269e-005 
1.11 0 -1.12069 -4.41588e-005 
1.12 0 -1.1207 -4.41281e-005 
1.13 0 -1.12073 -4.416e-005 
1.14 0 -1.12077 -4.41299e-005 
1.15 0 -1.12084 -4.41616e-005 
1.16 0 -1.12091 -4.41321e-005 
1.17 0 -1.121 -4.41636e-005 
1.18 0 -1.1211 -4.41347e-005 
1.19 0 -1.12121 -4.41659e-005 
1.2 0 -1.12132 -4.41373e-005 
1.21 0 -1.12144 -4.41682e-005 
1.22 0 -1.12157 -4.414e-005 
1.23 0 -1.1217 -4.41705e-005 
1.24 0 -1.12183 -4.41426e-005 
1.25 0 -1.12196 -4.41727e-005 
1.26 0 -1.12209 -4.41451e-005 
1.27 0 -1.12222 -4.41748e-005 
1.28 0 -1.12235 -4.41475e-005 
1.29 0 -1.12248 -4.41767e-005 
1.3 0 -1.12261 -4.41496e-005 
1.31 0 -1.12274 -4.41783e-005 
1.32 0 -1.12286 -4.41515e-005 
1.33 0 -1.12298 -4.41798e-005 
1.34 0 -1.12309 -4.41531e-005 
1.35 0 -1.1232 -4.4181e-005 
1.36 0 -1.12331 -4.41545e-005 
1.37 0 -1.12341 -4.41819e-005 
1.38 0 -1.1235 -4.41557e-005 
1.39 0 -1.1236 -4.41827e-005 
1.4 0 -1.12368 -4.41567e-005 
1.41 0 -1.12377 -4.41832e-005 
1.42 0 -1.12384 -4.41574e-005 
1.43 0 -1.12392 -4.41835e-005 
1.44 0 -1.12398 -4.4158e-005 
1.45 0 -1.12405 -4.41837e-005 
1.46 0 -1.12411 -4.41583e-005 
1.47 0 -1.12416 -4.41836e-005 
1.48 0 -1.12421 -4.41585e-005 
1.49 0 -1.12426 -4.41835e-005 
1.5 0 -1.1243 -4.41586e-005 
1.51 0 -1.12434 -4.41832e-005 
1.52 0 -1.12438 -4.41586e-005 
1.53 0 -1.12441 -4.41828e-005 
1.54 0 -1.12444 -4.41584e-005 
1.55 0 -1.12446 -4.41823e-005 
1.56 0 -1.12448 -4.41582e-005 
1.57 0 -1.1245 -4.41818e-005 
1.58 0 -1.12452 -4.41579e-005 
1.59 0 -1.12453 -4.41812e-005 
1.6 0 -1.12454 -4.41576e-005 
1.61 0 -1.12455 -4.41805e-005 
1.62 0 -1.12456 -4.41573e-005 
1.63 0 -1.12457 -4.41799e-005 
1.64 0 -1.12457 -4.41569e-005 
1.65 0 -1.12457 -4.41792e-005 
1.66 0 -1.12457 -4.41565e-005 
1.67 0 -1.12457 -4.41786e-005 
1.68 0 -1.12457 -4.41561e-005 
1.69 0 -1.12457 -4.41779e-005 
1.7 0 -1.12457 -4.41557e-005 
1.71 0 -1.12456 -4.41773e-005 
1.72 0 -1.12456 -4.41554e-005 
1.73 0 -1.12455 -4.41767e-005 
1.74 0 -1.12454 -4.41551e-005 
1.75 0 -1.12454 -4.41761e-005 
1.76 0 -1.12453 -4.41547e-005 
1.77 0 -1.12452 -4.41755e-005 
1.78 0 -1.12452 -4.41545e-005 
1.79 0 -1.12451 -4.4175e-005 
1.8 0 -1.1245 -4.41542e-005 
1.81 0 -1.12449 -4.41745e-005 
1.82 0 -1.12449 -4.4154e-005 
1.83 0 -1.12448 -4.41741e-005 
1.84 0 -1.12447 -4.41538e-005 
1.85 0 -1.12446 -4.41736e-005 
1.86 0 -1.12446 -4.41536e-005 
1.87 0 -1.12445 -4.41732e-005 
1.88 0 -1.12444 -4.41535e-005 
1.89 0 -1.12444 -4.41729e-005 
1.9 0 -1.12443 -4.41534e-005 
1.91 0 -1.12442 -4.41725e-005 
1.92 0 -1.12442 -4.41533e-005 
1.93 0 -1.12441 -4.41722e-005 
1.94 0 -1.12441 -4.41532e-005 
1.95 0 -1.1244 -4.4172e-005 
1.96 0 -1.1244 -4.41532e-005 
1.97 0 -1.12439 -4.41717e-005 
1.98 0 -1.12439 -4.41532e-005 
1.99 0 -1.12438 -4.41715e-005 
2 0 -1.12438 -4.41532e-005 
2.01 0 -1.12438 -4.41713e-005 
2.02 0 -1.12437 -4.41532e-005 
2.03 0 -1.12437 -4.41711e-005 
2.04 0 -1.12437 -4.41532e-005 
2.05 0 -1.12436 -4.41709e-005 
2.06 0 -1.12436 -4.41533e-005 
2.07 0 -1.12436 -4.41707e-005 
2.08 0 -1.12436 -4.41533e-005 
2.09 0 -1.12436 -4.41706e-005 
2.1 0 -1.12436 -4.41534e-005 
2.11 0 -1.12435 -4.41705e-005 
2.12 0 -1.12435 -4.41535e-005 
2.13 0 -1.12435 -4.41703e-005 
2.14 0 -1.12435 -4.41536e-005 
2.15 0 -1.12435 -4.41702e-005 
2.16 0 -1.12435 -4.41537e-005 
2.17 0 -1.12435 -4.41701e-005 
2.18 0 -1.12435 -4.41538e-005 
2.19 0 -1.12435 -4.417e-005 
2.2 0 -1.12435 -4.41539e-005 
2.21 0 -1.12435 -4.41699e-005 
2.22 0 -1.12435 -4.4154e-005 
2.23 0 -1.12435 -4.41698e-005 
2.24 0 -1.12435 -4.41541e-005 
2.25 0 -1.12435 -4.41697e-005 
2.26 0 -1.12435 -4.41541e-005 
2.27 0 -1.12435 -4.41696e-005 
2.28 0 -1.12435 -4.41542e-005 
2.29 0 -1.12435 -4.41695e-005 
2.3 0 -1.12435 -4.41543e-005 
2.31 0 -1.12435 -4.41694e-005 
2.32 0 -1.12435 -4.41544e-005 
2.33 0 -1.12435 -4.41693e-005 
2.34 0 -1.12435 -4.41545e-005 
2.35 0 -1.12435 -4.41693e-005 
2.36 0 -1.12435 -4.41546e-005 
2.37 0 -1.12435 -4.41692e-005 
2.38 0 -1.12435 -4.41547e-005 
2.39 0 -1.12435 -4.41691e-005 
2.4 0 -1.12436 -4.41548e-005 
2.41 0 -1.12436 -4.4169e-005 
2.42 0 -1.12436 -4.41549e-005 
2.43 0 -1.12436 -4.41689e-005 
2.44 0 -1.12436 -4.4155e-005 
2.45 0 -1.12436 -4.41689e-005 
2.46 0 -1.12436 -4.41551e-005 
2.47 0 -1.12436 -4.41688e-005 
2.48 0 -1.12436 -4.41552e-005 
2.49 0 -1.12436 -4.41687e-005 
2.5 0 -1.12436 -4.41553e-005 
2.51 0 -1.12436 -4.41686e-005 
2.52 0 -1.12436 -4.41554e-005 
2.53 0 -1.12436 -4.41685e-005 
2.54 0 -1.12436 -4.41554e-005 
2.55 0 -1.12436 -4.41685e-005 
2.56 0 -1.12436 -4.41555e-005 
2.57 0 -1.12436 -4.41684e-005 
2.58 0 -1.12436 -4.41556e-005 
2.59 0 -1.12436 -4.41683e-005 
2.6 0 -1.12436 -4.41557e-005 
2.61 0 -1.12436 -4.41682e-005 
2.62 0 -1.12436 -4.41557e-005 
2.63 0 -1.12436 -4.41681e-005 
2.64 0 -1.12436 -4.41558e-005 
2.65 0 -1.12436 -4.41681e-005 
2.66 0 -1.12436 -4.41559e-005 
2.67 0 -1.12436 -4.4168e-005 
2.68 0 -1.12436 -4.4156e-005 
2.69 0 -1.12436 -4.41679e-005 
2.7 0 -1.12436 -4.4156e-005 
2.71 0 -1.12436 -4.41678e-005 
2.72 0 -1.12436 -4.41561e-005 
2.73 0 -1.12436 -4.41678e-005 
2.74 0 -1.12436 -4.41562e-005 
2.75 0 -1.12436 -4.41677e-005 
2.76 0 -1.12436 -4.41562e-005 
2.77 0 -1.12436 -4.41676e-005 
2.78 0 -1.12436 -4.41563e-005 
2.79 0 -1.12436 -4.41675e-005 
2.8 0 -1.12436 -4.41564e-005 
2.81 0 -1.12436 -4.41675e-005 
2.82 0 -1.12436 -4.41564e-005 
2.83 0 -1.12436 -4.41674e-005 
2.84 0 -1.12436 -4.41565e-005 
2.85 0 -1.12436 -4.41673e-005 
2.86 0 -1.12436 -4.41566e-005 
2.87 0 -1.12436 -4.41673e-005 
2.88 0 -1.12436 -4.41566e-005 
2.89 0 -1.12436 -4.41672e-005 
2.9 0 -1.12436 -4.41567e-005 
2.91 0 -1.12436 -4.41671e-005 
2.92 0 -1.12436 -4.41568e-005 
2.93 0 -1.12436 -4.41671e-005 
2.94 0 -1.12436 -4.41568e-005 
2.95 0 -1.12436 -4.4167e-005 
2.96 0 -1.12436 -4.41569e-005 
2.97 0 -1.12436 -4.41669e-005 
2.98 0 -1.12436 -4.41569e-005 
2.99 0 -1.12436 -4.41669e-005 
3 0 -1.12436 -4.4157e-005 
3.01 0 -1.12436 -4.41668e-005 
3.02 0 -1.12436 -4.41571e-005 
3.03 0 -1.12436 -4.41668e-005 
3.04 0 -1.12436 -4.41571e-005 
3.05 0 -1.12436 -4.41667e-005 
3.06 0 -1.12436 -4.41572e-005 
3.07 0 -1.12436 -4.41666e-005 
3.08 0 -1.12436 -4.41572e-005 
3.09 0 -1.12436 -4.41666e-005 
3.1 0 -1.12436 -4.41573e-005 
3.11 0 -1.12436 -4.41665e-005 
3.12 0 -1.12436 -4.41574e-005 
3.13 0 -1.12436 -4.41665e-005 
3.14 0 -1.12436 -4.41574e-005 
3.15 0 -1.12436 -4.41664e-005 
3.16 0 -1.12436 -4.41575e-005 
3.17 0 -1.12436 -4.41664e-005 
3.18 0 -1.12436 -4.41575e-005 
3.19 0 -1.12436 -4.41663e-005 
3.2 0 -1.12436 -4.41576e-005 
3.21 0 -1.12436 -4.41663e-005 
3.22 0 -1.12436 -4.41576e-005 
3.23 0 -1.12436 -4.41662e-005 
3.24 0 -1.12436 -4.41577e-005 
3.25 0 -1.12436 -4.41662e-005 
3.26 0 -1.12436 -4.41577e-005 
3.27 0 -1.12436 -4.41661e-005 
3.28 0 -1.12436 -4.41578e-005 
3.29 0 -1.12436 -4.4166e-005 
3.3 0 -1.12436 -4.41578e-005 
3.31 0 -1.12436 -4.4166e-005 
3.32 0 -1.12436 -4.41579e-005 
3.33 0 -1.12436 -4.41659e-005 
3.34 0 -1.12436 -4.41579e-005 
3.35 0 -1.12436 -4.41659e-005 
3.36 0 -1.12436 -4.4158e-005 
3.37 0 -1.12436 -4.41658e-005 
3.38 0 -1.12436 -4.4158e-005 
3.39 0 -1.12436 -4.41658e-005 
3.4 0 -1.12436 -4.41581e-005 
3.41 0 -1.12436 -4.41658e-005 
3.42 0 -1.12436 -4.41581e-005 
3.43 0 -1.12436 -4.41657e-005 
3.44 0 -1.12436 -4.41582e-005 
3.45 0 -1.12436 -4.41657e-005 
3.46 0 -1.12436 -4.41582e-005 
3.47 0 -1.12436 -4.41656e-005 
3.48 0 -1.12436 -4.41583e-005 
3.49 0 -1.12436 -4.41656e-005 
3.5 0 -1.12436 -4.41583e-005 
3.51 0 -1.12436 -4.41655e-005 
3.52 0 -1.12436 -4.41584e-005 
3.53 0 -1.12436 -4.41655e-005 
3.54 0 -1.12436 -4.41584e-005 
3.55 0 -1.12436 -4.41654e-005 
3.56 0 -1.12436 -4.41584e-005 
3.57 0 -1.12436 -4.41654e-005 
3.58 0 -1.12436 -4.41585e-005 
3.59 0 -1.12436 -4.41654e-005 
3.6 0 -1.12436 -4.41585e-005 
3.61 0 -1.12436 -4.41653e-005 
3.62 0 -1.12436 -4.41586e-005 
3.63 0 -1.12436 -4.41653e-005 
3.64 0 -1.12436 -4.41586e-005 
3.65 0 -1.12436 -4.41652e-005 
3.66 0 -1.12436 -4.41586e-005 
3.67 0 -1.12436 -4.41652e-005 
3.68 0 -1.12436 -4.41587e-005 
3.69 0 -1.12436 -4.41652e-005 
3.7 0 -1.12436 -4.41587e-005 
3.71 0 -1.12436 -4.41651e-005 
3.72 0 -1.12436 -4.41588e-005 
3.73 0 -1.12436 -4.41651e-005 
3.74 0 -1.12436 -4.41588e-005 
3.75 0 -1.12436 -4.4165e-005 
3.76 0 -1.12436 -4.41588e-005 
3.77 0 -1.12436 -4.4165e-005 
3.78 0 -1.12436 -4.41589e-005 
3.79 0 -1.12436 -4.4165e-005 
3.8 0 -1.12436 -4.41589e-005 
3.81 0 -1.12436 -4.41649e-005 
3.82 0 -1.12436 -4.41589e-005 
3.83 0 -1.12436 -4.41649e-005 
3.84 0 -1.12436 -4.4159e-005 
3.85 0 -1.12436 -4.41648e-005 
3.86 0 -1.12436 -4.4159e-005 
3.87 0 -1.12436 -4.41648e-005 
3.88 0 -1.12436 -4.41591e-005 
3.89 0 -1.12436 -4.41648e-005 
3.9 0 -1.12436 -4.41591e-005 
3.91 0 -1.12436 -4.41647e-005 
3.92 0 -1.12436 -4.41591e-005 
3.93 0 -1.12436 -4.41647e-005 
3.94 0 -1.12436 -4.41592e-005 
3.95 0 -1.12436 -4.41647e-005 
3.96 0 -1.12436 -4.41592e-005 
3.97 0 -1.12436 -4.41646e-005 
3.98 0 -1.12436 -4.41592e-005 
3.99 0 -1.12436 -4.41646e-005 
4 0 -1.12436 -4.41593e-005 
4.01 0 -1.12436 -4.41646e-005 
4.02 0 -1.12436 -4.41593e-005 
4.03 0 -1.12436 -4.41645e-005 
4.04 0 -1.12436 -4.41593e-005 
4.05 0 -1.12436 -4.41645e-005 
4.06 0 -1.12436 -4.41594e-005 
4.07 0 -1.12436 -4.41645e-005 
4.08 0 -1.12436 -4.41594e-005 
4.09 0 -1.12436 -4.41644e-005 
4.1 0 -1.12436 -4.41594e-005 
4.11 0 -1.12436 -4.41644e-005 
4.12 0 -1.12436 -4.41594e-005 
4.13 0 -1.12436 -4.41644e-005 
4.14 0 -1.12436 -4.41595e-005 
4.15 0 -1.12436 -4.41644e-005 
4.16 0 -1.12436 -4.41595e-005 
4.17 0 -1.12436 -4.41643e-005 
4.18 0 -1.12436 -4.41595e-005 
4.19 0 -1.12436 -4.41643e-005 
4.2 0 -1.12436 -4.41596e-005 
4.21 0 -1.12436 -4.41643e-005 
4.22 0 -1.12436 -4.41596e-005 
4.23 0 -1.12436 -4.41642e-005 
4.24 0 -1.12436 -4.41596e-005 
4.25 0 -1.12436 -4.41642e-005 
4.26 0 -1.12436 -4.41597e-005 
4.27 0 -1.12436 -4.41642e-005 
4.28 0 -1.12436 -4.41597e-005 
4.29 0 -1.12436 -4.41642e-005 
4.3 0 -1.12436 -4.41597e-005 
4.31 0 -1.12436 -4.41641e-005 
4.32 0 -1.12436 -4.41597e-005 
4.33 0 -1.12436 -4.41641e-005 
4.34 0 -1.12436 -4.41598e-005 
4.35 0 -1.12436 -4.41641e-005 
4.36 0 -1.12436 -4.41598e-005 
4.37001 0 -1.12436 -4.41641e-005 
4.38001 0 -1.12436 -4.41598e-005 
4.39001 0 -1.12436 -4.4164e-005 
4.40001 0 -1.12436 -4.41598e-005 
4.41001 0 -1.12436 -4.4164e-005 
4.42001 0 -1.12436 -4.41599e-005 
4.43001 0 -1.12436 -4.4164e-005 
4.44001 0 -1.12436 -4.41599e-005 
4.45001 0 -1.12436 -4.41639e-005 
4.46001 0 -1.12436 -4.41599e-005 
4.47001 0 -1.12436 -4.41639e-005 
4.48001 0 -1.12436 -4.41599e-005 
4.49001 0 -1.12436 -4.41639e-005 
4.50001 0 -1.12436 -4.416e-005 
4.51001 0 -1.12436 -4.41639e-005 
4.52001 0 -1.12436 -4.416e-005 
4.53001 0 -1.12436 -4.41638e-005 
4.54001 0 -1.12436 -4.416e-005 
4.55001 0 -1.12436 -4.41638e-005 
4.56001 0 -1.12436 -4.416e-005 
4.57001 0 -1.12436 -4.41638e-005 
4.58001 0 -1.12436 -4.416e-005 
4.59001 0 -1.12436 -4.41638e-005 
4.60001 0 -1.12436 -4.41601e-005 
4.61001 0 -1.12436 -4.41638e-005 
4.62001 0 -1.12436 -4.41601e-005 
4.63001 0 -1.12436 -4.41637e-005 
4.64001 0 -1.12436 -4.41601e-005 
4.65001 0 -1.12436 -4.41637e-005 
4.66001 0 -1.12436 -4.41601e-005 
4.67001 0 -1.12436 -4.41637e-005 
4.68001 0 -1.12436 -4.41602e-005 
4.69001 0 -1.12436 -4.41637e-005 
4.70001 0 -1.12436 -4.41602e-005 
4.71001 0 -1.12436 -4.41636e-005 
4.72001 0 -1.12436 -4.41602e-005 
4.73001 0 -1.12436 -4.41636e-005 
4.74001 0 -1.12436 -4.41602e-005 
4.75001 0 -1.12436 -4.41636e-005 
4.76001 0 -1.12436 -4.41602e-005 
4.77001 0 -1.12436 -4.41636e-005 
4.78001 0 -1.12436 -4.41603e-005 
4.79001 0 -1.12436 -4.41636e-005 
4.80001 0 -1.12436 -4.41603e-005 
4.81002 0 -1.12436 -4.41635e-005 
4.82002 0 -1.12436 -4.41603e-005 
4.83002 0 -1.12436 -4.41635e-005 
4.84002 0 -1.12436 -4.41603e-005 
4.85002 0 -1.12436 -4.41635e-005 
4.86002 0 -1.12436 -4.41604e-005 
4.87002 0 -1.12436 -4.41635e-005 
4.88002 0 -1.12436 -4.41604e-005 
4.89002 0 -1.12436 -4.41635e-005 
4.90002 0 -1.12436 -4.41604e-005 
4.91002 0 -1.12436 -4.41635e-005 
4.92002 0 -1.12436 -4.41604e-005 
4.93002 0 -1.12436 -4.41634e-005 
4.94002 0 -1.12436 -4.41604e-005 
4.95002 0 -1.12436 -4.41634e-005 
4.96002 0 -1.12436 -4.41604e-005 
4.97002 0 -1.12436 -4.41634e-005 
4.98002 0 -1.12436 -4.41605e-005 
4.99002 0 -1.12436 -4.41634e-005 
5.00002 0 -1.12436 -4.41605e-005 
5.01002 0 -1.12436 -4.41634e-005 
5.02002 0 -1.12436 -4.41605e-005 
5.03002 0 -1.12436 -4.41633e-005 
5.04002 0 -1.12436 -4.41605e-005 
5.05002 0 -1.12436 -4.41633e-005 
5.06002 0 -1.12436 -4.41605e-005 
5.07002 0 -1.12436 -4.41633e-005 
5.08002 0 -1.12436 -4.41606e-005 
5.09002 0 -1.12436 -4.41633e-005 
5.10002 0 -1.12436 -4.41606e-005 
5.11002 0 -1.12436 -4.41633e-005 
5.12002 0 -1.12436 -4.41606e-005 
5.13002 0 -1.12436 -4.41633e-005 
5.14002 0 -1.12436 -4.41606e-005 
5.15002 0 -1.12436 -4.41632e-005 
5.16002 0 -1.12436 -4.41606e-005 
5.17002 0 -1.12436 -4.41632e-005 
5.18002 0 -1.12436 -4.41606e-005 
5.19002 0 -1.12436 -4.41632e-005 
5.20002 0 -1.12436 -4.41606e-005 
5.21002 0 -1.12436 -4.41632e-005 
5.22002 0 -1.12436 -4.41607e-005 
5.23002 0 -1.12436 -4.41632e-005 
5.24003 0 -1.12436 -4.41607e-005 
5.25003 0 -1.12436 -4.41632e-005 
5.26003 0 -1.12436 -4.41607e-005 
5.27003 0 -1.12436 -4.41631e-005 
5.28003 0 -1.12436 -4.41607e-005 
5.29003 0 -1.12436 -4.41631e-005 
5.30003 0 -1.12436 -4.41607e-005 
5.31003 0 -1.12436 -4.41631e-005 
5.32003 0 -1.12436 -4.41607e-005 
5.33003 0 -1.12436 -4.41631e-005 
5.34003 0 -1.12436 -4.41608e-005 
5.35003 0 -1.12436 -4.41631e-005 
5.36003 0 -1.12436 -4.41608e-005 
5.37003 0 -1.12436 -4.41631e-005 
5.38003 0 -1.12436 -4.41608e-005 
5.39003 0 -1.12436 -4.41631e-005 
5.40003 0 -1.12436 -4.41608e-005 
5.41003 0 -1.12436 -4.4163e-005 
5.42003 0 -1.12436 -4.41608e-005 
5.43003 0 -1.12436 -4.4163e-005 
5.44003 0 -1.12436 -4.41608e-005 
5.45003 0 -1.12436 -4.4163e-005 
5.46003 0 -1.12436 -4.41608e-005 
5.47003 0 -1.12436 -4.4163e-005 
5.48003 0 -1.12436 -4.41608e-005 
5.49003 0 -1.12436 -4.4163e-005 
5.50003 0 -1.12436 -4.41609e-005 
5.51003 0 -1.12436 -4.4163e-005 
5.52003 0 -1.12436 -4.41609e-005 
5.53003 0 -1.12436 -4.4163e-005 
5.54003 0 -1.12436 -4.41609e-005 
5.55003 0 -1.12436 -4.41629e-005 
5.56003 0 -1.12436 -4.41609e-005 
5.57003 0 -1.12436 -4.41629e-005 
5.58003 0 -1.12436 -4.41609e-005 
5.59003 0 -1.12436 -4.41629e-005 
5.60003 0 -1.12436 -4.41609e-005 
5.61003 0 -1.12436 -4.41629e-005 
5.62003 0 -1.12436 -4.41609e-005 
5.63003 0 -1.12436 -4.41629e-005 
5.64003 0 -1.12436 -4.41609e-005 
5.65003 0 -1.12436 -4.41629e-005 
5.66003 0 -1.12436 -4.4161e-005 
5.67003 0 -1.12436 -4.41629e-005 
5.68004 0 -1.12436 -4.4161e-005 
5.69004 0 -1.12436 -4.41629e-005 
5.70004 0 -1.12436 -4.4161e-005 
5.71004 0 -1.12436 -4.41629e-005 
5.72004 0 -1.12436 -4.4161e-005 
5.73004 0 -1.12436 -4.41628e-005 
5.74004 0 -1.12436 -4.4161e-005 
5.75004 0 -1.12436 -4.41628e-005 
5.76004 0 -1.12436 -4.4161e-005 
5.77004 0 -1.12436 -4.41628e-005 
5.78004 0 -1.12436 -4.4161e-005 
5.79004 0 -1.12436 -4.41628e-005 
5.80004 0 -1.12436 -4.4161e-005 
5.81004 0 -1.12436 -4.41628e-005 
5.82004 0 -1.12436 -4.41611e-005 
5.83004 0 -1.12436 -4.41628e-005 
5.84004 0 -1.12436 -4.41611e-005 
5.85004 0 -1.12436 -4.41628e-005 
5.86004 0 -1.12436 -4.41611e-005 
5.87004 0 -1.12436 -4.41628e-005 
5.88004 0 -1.12436 -4.41611e-005 
5.89004 0 -1.12436 -4.41628e-005 
5.90004 0 -1.12436 -4.41611e-005 
5.91004 0 -1.12436 -4.41627e-005 
5.92004 0 -1.12436 -4.41611e-005 
5.93004 0 -1.12436 -4.41627e-005 
5.94004 0 -1.12436 -4.41611e-005 
5.95004 0 -1.12436 -4.41627e-005 
5.96004 0 -1.12436 -4.41611e-005 
5.97004 0 -1.12436 -4.41627e-005 
5.98004 0 -1.12436 -4.41611e-005 
5.99004 0 -1.12436 -4.41627e-005 
