0, 1, 0, 0, 0, 0.12, 0, 0
0.083333, 1, 0, 0, 0, 0.12, 0, 0
0.166666, 1, 4.40909e-14, -5.99361e-06, -5.99248e-06, 0.12, 3.85834e-06, -3.85829e-06
0.249999, 1, -3.356e-13, -2.23728e-05, -2.23743e-05, 0.12, 2.04122e-05, -2.04124e-05
0.333332, 1, -1.66353e-12, -4.76098e-05, -4.76142e-05, 0.12, 5.91922e-05, -5.91926e-05
0.416665, 1, -3.58502e-12, -8.1373e-05, -8.1379e-05, 0.12, 0.000129147, -0.000129147
0.499998, 1, -8.39773e-12, -0.000123061, -0.00012307, 0.119999, 0.000238871, -0.000238871
0.583331, 1, -3.29956e-12, -0.000175228, -0.000175234, 0.119998, 0.000398539, -0.00039854
0.666664, 1, -1.57155e-11, -0.000234942, -0.000234949, 0.119996, 0.000617494, -0.000617494
0.749997, 1, -1.3643e-13, -0.00026117, -0.000261174, 0.119992, 0.000877786, -0.000877786
0.83333, 1, 5.96556e-11, -0.000324364, -0.000324362, 0.119986, 0.00119225, -0.00119225
0.916663, 1, -1.51507e-10, -0.000437893, -0.000437901, 0.119974, 0.00160699, -0.00160699
0.999996, 1, -1.27772e-10, -0.00049191, -0.000491916, 0.119955, 0.00210278, -0.00210278
1.08333, 1, -6.88049e-10, -0.000589011, -0.00058903, 0.119927, 0.00268792, -0.00268792
1.16666, 1, -1.39101e-09, -0.00066089, -0.00066091, 0.119886, 0.00336242, -0.00336243
1.25, 1, -1.95064e-09, -0.000738204, -0.000738232, 0.119828, 0.00412223, -0.00412223
1.33333, 1, -1.86756e-09, -0.000791229, -0.000791261, 0.119752, 0.00495468, -0.00495468
1.41666, 1, 1.10369e-09, -0.000881864, -0.000881892, 0.119651, 0.0058762, -0.0058762
1.49999, 1, 1.53515e-09, -0.000952326, -0.000952356, 0.11952, 0.00688766, -0.00688767
1.58333, 1, 4.88358e-09, -0.00100907, -0.00100909, 0.119356, 0.007974, -0.007974
1.66666, 1, -7.02683e-10, -0.00107994, -0.00107997, 0.119153, 0.00913974, -0.00913974
1.74999, 1, -4.74276e-09, -0.0011275, -0.00112752, 0.118907, 0.010375, -0.010375
1.83333, 1, -6.66473e-09, -0.00117288, -0.00117291, 0.118614, 0.0116701, -0.0116701
1.91666, 1, 3.61651e-09, -0.00120773, -0.00120777, 0.11827, 0.0130172, -0.0130172
1.99999, 1, -2.89064e-09, -0.00122577, -0.00122578, 0.117877, 0.0144013, -0.0144013
2.08333, 1, 1.19448e-08, -0.0012428, -0.00124281, 0.117431, 0.0158149, -0.0158149
2.16666, 1, 8.97646e-09, -0.00124601, -0.00124603, 0.116932, 0.0172479, -0.0172479
2.24999, 1, -8.2545e-09, -0.00125265, -0.00125269, 0.11638, 0.0186961, -0.0186961
2.33332, 1.00001, -2.09112e-08, -0.00123861, -0.00123865, 0.115776, 0.0201463, -0.0201463
2.41666, 1.00001, -2.51714e-08, -0.00120857, -0.00120859, 0.115128, 0.0215803, -0.0215802
2.49999, 1.00001, -2.08721e-08, -0.00117864, -0.00117867, 0.114439, 0.022991, -0.022991
2.58332, 1.00001, 2.74256e-08, -0.00114154, -0.00114156, 0.113713, 0.0243723, -0.0243723
2.66666, 1.00001, 3.79309e-08, -0.00109732, -0.00109741, 0.112956, 0.025716, -0.025716
2.74999, 1.00001, 6.40824e-08, -0.00102839, -0.00102841, 0.11218, 0.0270037, -0.0270037
2.83332, 1.00002, 5.89192e-08, -0.000975771, -0.00097583, 0.111389, 0.0282353, -0.0282353
2.91666, 1.00002, 1.58854e-08, -0.000909848, -0.000909911, 0.11059, 0.029407, -0.0294071
2.99999, 1.00002, 3.99247e-08, -0.000835406, -0.000835543, 0.109793, 0.0305086, -0.0305086
3.08332, 1.00002, 6.16461e-08, -0.000778891, -0.000778984, 0.108999, 0.031546, -0.031546
3.16665, 1.00003, 1.36256e-08, -0.000706021, -0.00070611, 0.108215, 0.0325146, -0.0325146
3.24999, 1.00003, 6.42166e-08, -0.000670437, -0.000670481, 0.107433, 0.033428, -0.033428
3.33332, 1.00003, 2.53335e-08, -0.000588231, -0.000588309, 0.106671, 0.0342714, -0.0342714
3.41665, 1.00004, -1.41263e-08, -0.000534853, -0.000534864, 0.105932, 0.0350449, -0.0350449
3.49999, 1.00004, -4.64827e-08, -0.000476168, -0.000476079, 0.105216, 0.0357534, -0.0357534
3.58332, 1.00005, -4.85569e-08, -0.000426587, -0.000426527, 0.104523, 0.0363989, -0.0363988
3.66665, 1.00005, -2.39342e-08, -0.000380276, -0.000380209, 0.103855, 0.0369844, -0.0369844
3.74999, 1.00006, -4.93705e-08, -0.000294313, -0.000294179, 0.103238, 0.0374933, -0.0374933
3.83332, 1.00007, -7.41295e-08, -0.000268696, -0.00026853, 0.102652, 0.0379423, -0.0379424
3.91665, 1.00007, 1.5673e-08, -0.000240333, -0.000240108, 0.102086, 0.0383463, -0.0383465
3.99998, 1.00008, 5.74439e-09, -0.000217918, -0.000217754, 0.10154, 0.0387067, -0.038707
4.08332, 1.00009, -8.84056e-08, -0.000263581, -0.00026367, 0.100969, 0.0390484, -0.0390485
4.16665, 1.0001, 1.5724e-07, -0.000152567, -0.00015243, 0.100464, 0.0393326, -0.0393328
4.24998, 1.00011, -3.61821e-07, -7.45468e-05, -7.59028e-05, 0.100056, 0.0395407, -0.0395399
4.33332, 1.00012, 3.50181e-07, -0.000218824, -0.000218425, 0.0995696, 0.0397474, -0.0397463
4.41665, 1.00014, 3.3531e-07, -0.000227537, -0.000227137, 0.0990389, 0.0399579, -0.0399573
4.49998, 1.00015, 3.56095e-07, -0.000270866, -0.000270086, 0.098479, 0.0401446, -0.040145
4.58332, 1.00017, -1.20017e-07, -0.000185048, -0.000185234, 0.0979943, 0.0402919, -0.0402924
4.66665, 1.00019, -6.13646e-08, -0.000289694, -0.000289766, 0.0974585, 0.0404063, -0.0404066
4.74998, 1.0002, 8.91602e-08, -0.000197764, -0.000197566, 0.0969972, 0.0405036, -0.0405039
4.83331, 1.00022, 9.21322e-08, -0.000207005, -0.000206891, 0.0965833, 0.0405618, -0.0405621
4.91665, 1.00024, 7.852e-08, -0.000263409, -0.000263404, 0.096132, 0.0406047, -0.0406049
4.99998, 1.00026, 7.20134e-08, -0.000267851, -0.000267948, 0.0956832, 0.0406386, -0.0406387
5.08331, 1.00029, 1.05746e-07, -0.00030594, -0.000305953, 0.0952202, 0.0406543, -0.0406542
5.16665, 1.00031, 1.45284e-07, -0.000359784, -0.000359382, 0.0947126, 0.0406546, -0.0406546
5.24998, 1.00034, 8.72713e-08, -0.00035103, -0.000350743, 0.0942317, 0.0406485, -0.0406486
5.33331, 1.00037, 3.154e-08, -0.000408291, -0.000408225, 0.0937198, 0.0406183, -0.0406183
5.41665, 1.0004, 1.94684e-09, -0.000426784, -0.000426603, 0.093202, 0.0405804, -0.0405805
5.49998, 1.00043, 1.69046e-08, -0.00045751, -0.000457304, 0.0926782, 0.0405268, -0.0405268
5.58331, 1.00047, -3.70287e-08, -0.000481639, -0.000481456, 0.0921532, 0.040462, -0.0404619
5.66664, 1.00051, 1.14189e-09, -0.00050129, -0.000500989, 0.0916364, 0.040387, -0.040387
5.74998, 1.00054, -5.83273e-08, -0.000537962, -0.000537732, 0.091104, 0.0402964, -0.0402965
5.83331, 1.00059, -3.52096e-09, -0.000575863, -0.0005757, 0.0905465, 0.0401911, -0.0401911
5.91664, 1.00063, -6.80398e-08, -0.000600419, -0.000600042, 0.0899848, 0.0400762, -0.0400762
5.99998, 1.00067, -9.2848e-08, -0.000628844, -0.000628566, 0.0894185, 0.0399488, -0.0399487
6.08331, 1.00072, -1.33934e-07, -0.000649305, -0.000648974, 0.0888586, 0.0398135, -0.0398135
6.16664, 1.00077, -9.29849e-08, -0.000686638, -0.000686478, 0.0882786, 0.0396608, -0.0396608
6.24998, 1.00082, -1.84379e-08, -0.000705777, -0.000705466, 0.0877024, 0.039502, -0.0395019
6.33331, 1.00088, -1.43027e-07, -0.000740744, -0.00074042, 0.0871092, 0.0393257, -0.0393257
6.41664, 1.00093, -1.50733e-07, -0.000760026, -0.000759842, 0.0865193, 0.0391432, -0.0391432
6.49997, 1.00099, -1.26131e-07, -0.00078568, -0.000785483, 0.0859277, 0.0389488, -0.0389488
6.58331, 1.00105, -1.70614e-07, -0.000814717, -0.000814438, 0.0853232, 0.0387402, -0.0387402
6.66664, 1.00111, -1.34846e-07, -0.000831664, -0.000831425, 0.0847275, 0.0385266, -0.0385266
6.74997, 1.00117, -1.38965e-07, -0.000854801, -0.000854641, 0.0841331, 0.0383025, -0.0383025
6.83331, 1.00124, -1.04588e-07, -0.00088007, -0.000879873, 0.0835302, 0.0380656, -0.0380656
6.91664, 1.00131, -7.68587e-08, -0.000900123, -0.000899881, 0.0829276, 0.0378202, -0.0378202
6.99997, 1.00138, -1.29792e-07, -0.000917625, -0.000917483, 0.082333, 0.0375686, -0.0375686
7.08331, 1.00145, -1.71308e-07, -0.00093805, -0.000937924, 0.0817394, 0.0373076, -0.0373076
7.16664, 1.00152, -1.05744e-07, -0.000958722, -0.000958465, 0.0811429, 0.0370362, -0.0370362
7.24997, 1.0016, -6.35281e-08, -0.000974532, -0.000974309, 0.0805535, 0.0367594, -0.0367594
7.3333, 1.00167, -8.34798e-08, -0.000991892, -0.000991795, 0.0799686, 0.0364752, -0.0364752
7.41664, 1.00175, -3.25352e-08, -0.00100893, -0.0010088, 0.0793865, 0.0361834, -0.0361834
7.49997, 1.00183, -7.18117e-08, -0.00102212, -0.00102185, 0.0788164, 0.0358893, -0.0358893
7.5833, 1.00191, -1.84181e-07, -0.0010393, -0.0010391, 0.0782473, 0.0355863, -0.0355863
7.66664, 1.00199, -6.83382e-08, -0.00105122, -0.00105096, 0.0776902, 0.0352819, -0.0352819
7.74997, 1.00207, -1.08263e-07, -0.00106631, -0.00106609, 0.0771368, 0.0349705, -0.0349705
7.8333, 1.00215, -2.59951e-07, -0.00107687, -0.00107666, 0.076598, 0.0346598, -0.0346598
7.91664, 1.00224, -1.66887e-07, -0.00109039, -0.00109012, 0.0760656, 0.034344, -0.034344
7.99997, 1.00232, -1.98179e-07, -0.00110143, -0.00110133, 0.0755429, 0.0340267, -0.0340267
8.0833, 1.0024, -1.52184e-07, -0.00111187, -0.00111175, 0.0750329, 0.0337094, -0.0337094
8.16663, 1.00249, -6.27659e-08, -0.00112323, -0.00112298, 0.0745303, 0.0333891, -0.0333891
8.24997, 1.00257, -1.36355e-07, -0.0011326, -0.00113231, 0.0740404, 0.0330699, -0.0330699
8.3333, 1.00266, -1.9801e-07, -0.00114135, -0.00114119, 0.0735651, 0.0327532, -0.0327533
8.41663, 1.00274, -1.7699e-07, -0.00115104, -0.00115073, 0.0730994, 0.0324361, -0.0324361
8.49997, 1.00283, -1.85126e-07, -0.00116021, -0.00115985, 0.0726427, 0.0321186, -0.0321186
8.5833, 1.00291, -2.06365e-07, -0.00116783, -0.00116751, 0.0722006, 0.0318052, -0.0318052
8.66663, 1.003, -1.27074e-07, -0.00117621, -0.00117582, 0.0717696, 0.0314933, -0.0314933
8.74997, 1.00308, -1.23142e-07, -0.00118414, -0.00118375, 0.0713489, 0.0311831, -0.0311831
8.8333, 1.00316, -1.60843e-07, -0.001191, -0.00119057, 0.0709433, 0.0308786, -0.0308786
8.91663, 1.00324, -2.26182e-07, -0.00119833, -0.00119788, 0.0705492, 0.0305771, -0.0305771
8.99996, 1.00332, -1.95587e-07, -0.00120543, -0.001205, 0.0701661, 0.030279, -0.030279
9.0833, 1.00341, -2.77381e-07, -0.00121193, -0.0012116, 0.0697939, 0.0299845, -0.0299845
9.16663, 1.00348, -2.17377e-07, -0.00121851, -0.00121814, 0.0694331, 0.0296943, -0.0296943
9.24996, 1.00356, -2.76932e-07, -0.00122498, -0.0012245, 0.0690835, 0.0294085, -0.0294085
9.3333, 1.00364, -2.59204e-07, -0.00123098, -0.00123055, 0.068745, 0.0291275, -0.0291275
9.41663, 1.00372, -3.05405e-07, -0.00123698, -0.00123657, 0.0684176, 0.0288516, -0.0288516
9.49996, 1.00379, -3.48616e-07, -0.00124284, -0.00124239, 0.0681012, 0.0285809, -0.0285809
9.5833, 1.00387, -2.53505e-07, -0.00124855, -0.00124808, 0.0677955, 0.0283158, -0.0283158
9.66663, 1.00394, -2.73317e-07, -0.00125405, -0.00125355, 0.0675004, 0.0280562, -0.0280562
9.74996, 1.00401, -2.84779e-07, -0.0012594, -0.00125895, 0.0672158, 0.0278025, -0.0278025
9.83329, 1.00408, -3.68804e-07, -0.00126472, -0.00126429, 0.0669413, 0.0275547, -0.0275547
9.91663, 1.00415, -3.91549e-07, -0.00127001, -0.00126959, 0.0666768, 0.0273128, -0.0273128
9.99996, 1.00421, -3.92389e-07, -0.00127504, -0.00127453, 0.0664219, 0.0270768, -0.0270768
10.0833, 1.00428, -3.75777e-07, -0.00127994, -0.00127938, 0.0661765, 0.026847, -0.026847
10.1666, 1.00434, -4.25702e-07, -0.0012849, -0.00128433, 0.0659403, 0.0266232, -0.0266232
10.25, 1.00441, -4.11093e-07, -0.0012897, -0.00128912, 0.065713, 0.0264054, -0.0264054
10.3333, 1.00447, -3.71629e-07, -0.00129431, -0.00129373, 0.0654943, 0.0261937, -0.0261937
10.4166, 1.00453, -4.16386e-07, -0.00129899, -0.00129846, 0.0652821, 0.0259861, -0.0259861
10.5, 1.00458, -4.35716e-07, -0.00130352, -0.00130304, 0.0650781, 0.0257845, -0.0257846
10.5833, 1.00464, -3.88084e-07, -0.00130789, -0.00130747, 0.064882, 0.0255889, -0.025589
10.6666, 1.00469, -3.33593e-07, -0.00131217, -0.00131165, 0.0646937, 0.0253992, -0.0253992
10.75, 1.00475, -3.30028e-07, -0.00131649, -0.001316, 0.0645128, 0.0252154, -0.0252154
10.8333, 1.0048, -3.20309e-07, -0.00132061, -0.00132006, 0.0643376, 0.0250357, -0.0250357
10.9166, 1.00485, -3.79157e-07, -0.00132481, -0.00132424, 0.0641694, 0.0248617, -0.0248617
11, 1.0049, -4.11129e-07, -0.00132862, -0.00132815, 0.0640079, 0.0246933, -0.0246933
11.0833, 1.00495, -3.49206e-07, -0.00133272, -0.00133222, 0.063853, 0.0245304, -0.0245304
11.1666, 1.00499, -4.12238e-07, -0.0013365, -0.00133596, 0.0637031, 0.0243716, -0.0243716
11.25, 1.00504, -3.72246e-07, -0.00134036, -0.00133985, 0.0635593, 0.024218, -0.024218
11.3333, 1.00508, -3.47221e-07, -0.00134394, -0.00134343, 0.0634214, 0.0240697, -0.0240697
11.4166, 1.00513, -3.80543e-07, -0.00134752, -0.00134704, 0.0632881, 0.0239253, -0.0239253
11.5, 1.00517, -4.04285e-07, -0.00135113, -0.00135062, 0.0631603, 0.0237859, -0.0237859
11.5833, 1.00521, -4.14486e-07, -0.00135467, -0.00135415, 0.0630377, 0.0236514, -0.0236514
11.6666, 1.00525, -3.85804e-07, -0.00135802, -0.00135744, 0.0629193, 0.0235205, -0.0235205
11.75, 1.00528, -4.43733e-07, -0.00136114, -0.00136063, 0.0628058, 0.0233944, -0.0233944
11.8333, 1.00532, -4.22067e-07, -0.00136449, -0.00136396, 0.0626971, 0.0232728, -0.0232728
11.9166, 1.00536, -4.83453e-07, -0.00136755, -0.00136715, 0.0625921, 0.0231546, -0.0231547
12, 1.00539, -4.15365e-07, -0.00137081, -0.00137031, 0.0624915, 0.0230408, -0.0230408
12.0833, 1.00542, -3.70137e-07, -0.00137364, -0.00137302, 0.0623943, 0.0229304, -0.0229304
12.1666, 1.00545, -3.94039e-07, -0.00137666, -0.00137608, 0.0623013, 0.022824, -0.022824
12.25, 1.00548, -4.19844e-07, -0.00137958, -0.00137904, 0.0622122, 0.0227216, -0.0227216
12.3333, 1.00551, -3.83221e-07, -0.00138221, -0.00138167, 0.0621262, 0.0226223, -0.0226223
12.4166, 1.00554, -3.57105e-07, -0.00138508, -0.00138461, 0.0620439, 0.0225268, -0.0225268
12.5, 1.00557, -3.9428e-07, -0.00138767, -0.0013871, 0.0619644, 0.0224342, -0.0224342
12.5833, 1.0056, -4.09935e-07, -0.00139016, -0.00138961, 0.0618884, 0.0223451, -0.0223451
12.6666, 1.00562, -4.78591e-07, -0.00139267, -0.00139207, 0.061815, 0.0222589, -0.0222589
12.75, 1.00565, -4.68913e-07, -0.00139518, -0.00139465, 0.0617448, 0.022176, -0.022176
12.8333, 1.00567, -4.56351e-07, -0.0013974, -0.00139686, 0.061677, 0.0220957, -0.0220957
12.9166, 1.0057, -3.53381e-07, -0.00139976, -0.00139917, 0.0616117, 0.022018, -0.022018
12.9999, 1.00572, -4.46454e-07, -0.00140187, -0.00140139, 0.0615492, 0.0219434, -0.0219434
13.0833, 1.00574, -3.5263e-07, -0.00140402, -0.0014035, 0.0614889, 0.0218712, -0.0218712
13.1666, 1.00576, -4.26739e-07, -0.00140636, -0.00140587, 0.0614313, 0.0218018, -0.0218019
13.2499, 1.00578, -4.05818e-07, -0.001408, -0.00140756, 0.0613757, 0.0217348, -0.0217348
13.3333, 1.0058, -4.02734e-07, -0.0014102, -0.00140966, 0.0613226, 0.0216705, -0.0216705
13.4166, 1.00582, -3.82751e-07, -0.00141224, -0.00141171, 0.0612714, 0.0216083, -0.0216083
13.4999, 1.00584, -4.22654e-07, -0.00141396, -0.00141339, 0.061222, 0.0215482, -0.0215482
13.5833, 1.00586, -3.71101e-07, -0.0014159, -0.00141524, 0.0611748, 0.0214905, -0.0214905
13.6666, 1.00588, -4.3142e-07, -0.00141753, -0.001417, 0.0611293, 0.0214348, -0.0214348
13.7499, 1.00589, -4.2901e-07, -0.00141917, -0.00141863, 0.0610854, 0.0213809, -0.0213809
13.8333, 1.00591, -4.07588e-07, -0.00142086, -0.00142036, 0.0610435, 0.0213293, -0.0213293
13.9166, 1.00592, -4.18101e-07, -0.00142239, -0.00142191, 0.0610031, 0.0212795, -0.0212795
13.9999, 1.00594, -4.48316e-07, -0.00142402, -0.00142349, 0.0609642, 0.0212313, -0.0212313
14.0833, 1.00595, -4.13822e-07, -0.00142552, -0.00142501, 0.060927, 0.0211852, -0.0211852
14.1666, 1.00597, -4.07169e-07, -0.00142685, -0.00142627, 0.0608912, 0.0211407, -0.0211407
14.2499, 1.00598, -4.24347e-07, -0.00142829, -0.00142779, 0.0608567, 0.0210977, -0.0210977
14.3333, 1.00599, -3.60002e-07, -0.00142964, -0.00142902, 0.0608235, 0.0210562, -0.0210562
14.4166, 1.006, -4.02604e-07, -0.001431, -0.00143042, 0.0607917, 0.0210165, -0.0210165
14.4999, 1.00602, -3.00555e-07, -0.00143232, -0.00143154, 0.0607611, 0.0209782, -0.0209782
14.5833, 1.00603, -4.24223e-07, -0.00143323, -0.00143275, 0.0607316, 0.0209412, -0.0209412
14.6666, 1.00604, -3.96278e-07, -0.00143448, -0.00143395, 0.0607033, 0.0209055, -0.0209055
14.7499, 1.00605, -4.56507e-07, -0.00143574, -0.00143529, 0.0606762, 0.0208714, -0.0208714
14.8333, 1.00606, -4.46364e-07, -0.00143665, -0.00143617, 0.0606501, 0.0208385, -0.0208385
14.9166, 1.00607, -3.57047e-07, -0.00143781, -0.0014372, 0.060625, 0.0208067, -0.0208067
14.9999, 1.00608, -3.93784e-07, -0.00143889, -0.00143831, 0.0606008, 0.0207761, -0.0207761
15.0833, 1.00609, -4.84291e-07, -0.00143974, -0.00143924, 0.0605777, 0.0207468, -0.0207468
15.1666, 1.0061, -3.76922e-07, -0.00144087, -0.00144018, 0.0605555, 0.0207186, -0.0207185
15.2499, 1.0061, -4.07857e-07, -0.00144174, -0.0014411, 0.060534, 0.0206913, -0.0206913
15.3333, 1.00611, -4.77746e-07, -0.00144251, -0.00144199, 0.0605134, 0.0206651, -0.0206651
15.4166, 1.00612, -3.70216e-07, -0.00144343, -0.0014428, 0.0604936, 0.0206398, -0.0206398
15.4999, 1.00613, -3.69179e-07, -0.00144434, -0.00144381, 0.0604745, 0.0206154, -0.0206154
15.5833, 1.00613, -4.74241e-07, -0.00144505, -0.0014445, 0.0604563, 0.0205921, -0.0205921
15.6666, 1.00614, -4.30977e-07, -0.00144583, -0.00144529, 0.0604387, 0.0205697, -0.0205697
15.7499, 1.00615, -3.80784e-07, -0.00144656, -0.0014459, 0.0604218, 0.020548, -0.020548
15.8333, 1.00615, -3.87454e-07, -0.0014473, -0.00144668, 0.0604055, 0.0205272, -0.0205272
15.9166, 1.00616, -3.4411e-07, -0.00144803, -0.00144744, 0.0603899, 0.0205071, -0.0205071
15.9999, 1.00617, -4.09627e-07, -0.00144862, -0.00144813, 0.0603748, 0.0204877, -0.0204877
16.0833, 1.00617, -4.54187e-07, -0.00144923, -0.00144866, 0.0603604, 0.0204692, -0.0204693
16.1666, 1.00618, -3.25638e-07, -0.00144994, -0.00144932, 0.0603466, 0.0204514, -0.0204514
16.2499, 1.00618, -4.01401e-07, -0.00145038, -0.00144991, 0.0603333, 0.0204343, -0.0204343
16.3333, 1.00619, -4.42725e-07, -0.00145102, -0.00145052, 0.0603205, 0.0204177, -0.0204177
16.4166, 1.00619, -4.79704e-07, -0.00145158, -0.00145107, 0.0603081, 0.0204018, -0.0204018
16.4999, 1.0062, -4.23771e-07, -0.00145205, -0.00145157, 0.0602963, 0.0203865, -0.0203865
16.5833, 1.0062, -3.77476e-07, -0.00145266, -0.00145207, 0.0602848, 0.0203717, -0.0203717
16.6666, 1.00621, -4.0049e-07, -0.00145315, -0.00145267, 0.0602739, 0.0203575, -0.0203575
16.7499, 1.00621, -3.18879e-07, -0.00145365, -0.001453, 0.0602633, 0.0203438, -0.0203438
16.8333, 1.00622, -4.40633e-07, -0.00145413, -0.00145361, 0.0602532, 0.0203308, -0.0203308
16.9166, 1.00622, -4.87125e-07, -0.00145451, -0.00145399, 0.0602435, 0.0203182, -0.0203182
16.9999, 1.00622, -4.29243e-07, -0.00145483, -0.00145428, 0.0602341, 0.0203061, -0.0203061
17.0833, 1.00623, -3.62045e-07, -0.00145537, -0.00145492, 0.0602252, 0.0202944, -0.0202944
17.1666, 1.00623, -4.27598e-07, -0.00145568, -0.00145508, 0.0602165, 0.0202832, -0.0202832
17.2499, 1.00623, -3.86077e-07, -0.00145614, -0.00145555, 0.0602082, 0.0202724, -0.0202723
17.3333, 1.00624, -4.2665e-07, -0.00145648, -0.00145581, 0.0602002, 0.020262, -0.020262
17.4166, 1.00624, -4.46391e-07, -0.00145674, -0.00145628, 0.0601925, 0.0202519, -0.0202519
17.4999, 1.00624, -3.44557e-07, -0.00145714, -0.00145648, 0.0601851, 0.0202423, -0.0202423
17.5832, 1.00625, -3.79658e-07, -0.00145754, -0.00145694, 0.0601779, 0.020233, -0.020233
17.6666, 1.00625, -4.33195e-07, -0.00145772, -0.00145727, 0.0601711, 0.0202241, -0.0202241
17.7499, 1.00625, -5.12874e-07, -0.00145819, -0.00145754, 0.0601645, 0.0202155, -0.0202155
17.8332, 1.00625, -4.47553e-07, -0.00145832, -0.00145787, 0.0601582, 0.0202073, -0.0202073
17.9166, 1.00626, -4.99034e-07, -0.00145872, -0.00145809, 0.0601521, 0.0201993, -0.0201993
17.9999, 1.00626, -4.42958e-07, -0.00145909, -0.00145847, 0.0601462, 0.0201917, -0.0201917
18.0832, 1.00626, -4.19122e-07, -0.00145926, -0.00145868, 0.0601406, 0.0201844, -0.0201844
18.1666, 1.00626, -4.29529e-07, -0.00145954, -0.00145897, 0.0601352, 0.0201774, -0.0201774
18.2499, 1.00627, -3.86614e-07, -0.00145969, -0.00145902, 0.06013, 0.0201706, -0.0201706
18.3332, 1.00627, -3.88867e-07, -0.00146004, -0.00145947, 0.0601251, 0.0201641, -0.0201641
18.4166, 1.00627, -4.45586e-07, -0.00146021, -0.00145961, 0.0601203, 0.0201578, -0.0201578
18.4999, 1.00627, -5.41377e-07, -0.00146022, -0.00145978, 0.0601157, 0.0201518, -0.0201518
18.5832, 1.00627, -3.48473e-07, -0.00146064, -0.00146002, 0.0601112, 0.020146, -0.020146
18.6666, 1.00627, -4.28885e-07, -0.00146074, -0.00146028, 0.060107, 0.0201404, -0.0201404
18.7499, 1.00628, -3.26461e-07, -0.00146102, -0.00146036, 0.0601028, 0.020135, -0.020135
18.8332, 1.00628, -3.23009e-07, -0.00146125, -0.00146054, 0.0600989, 0.0201298, -0.0201298
18.9166, 1.00628, -4.39203e-07, -0.00146132, -0.00146081, 0.0600951, 0.0201249, -0.0201249
18.9999, 1.00628, -4.53311e-07, -0.00146157, -0.00146098, 0.0600914, 0.0201201, -0.0201201
19.0832, 1.00628, -3.51334e-07, -0.00146168, -0.00146117, 0.0600879, 0.0201155, -0.0201155
19.1666, 1.00628, -4.87304e-07, -0.00146174, -0.00146125, 0.0600845, 0.0201111, -0.0201111
19.2499, 1.00628, -3.86828e-07, -0.00146198, -0.00146137, 0.0600813, 0.0201068, -0.0201068
19.3332, 1.00629, -3.95501e-07, -0.00146212, -0.00146161, 0.0600782, 0.0201027, -0.0201027
19.4166, 1.00629, -3.79533e-07, -0.00146223, -0.00146166, 0.0600752, 0.0200988, -0.0200988
19.4999, 1.00629, -3.43931e-07, -0.0014624, -0.00146183, 0.0600723, 0.020095, -0.020095
19.5832, 1.00629, -3.90208e-07, -0.00146249, -0.00146187, 0.0600695, 0.0200913, -0.0200913
19.6665, 1.00629, -3.81321e-07, -0.00146264, -0.0014621, 0.0600668, 0.0200878, -0.0200878
19.7499, 1.00629, -4.96101e-07, -0.00146273, -0.00146215, 0.0600642, 0.0200845, -0.0200844
19.8332, 1.00629, -4.96316e-07, -0.00146293, -0.00146235, 0.0600618, 0.0200812, -0.0200812
19.9165, 1.00629, -4.02653e-07, -0.00146311, -0.00146256, 0.0600594, 0.0200781, -0.0200781
19.9999, 1.00629, -4.29153e-07, -0.00146315, -0.00146258, 0.0600571, 0.0200751, -0.0200751
