0, 0, 0, 0, 0, 0, 0, 0, 0, 0, 0, 0, 0
0.083333, 0, 0, 0, 0, 0, 0, 0, 0, 0, 0, 0, 0
0.166666, 3.10599e-10, -1.43403e-10, 1.74233e-11, 4.82783e-12, 2.65307e-14, -2.01654e-13, 3.10602e-10, -1.43404e-10, 1.7423e-11, 4.82782e-12, 2.65512e-14, -2.01656e-13
0.249999, 1.16501e-09, -5.33686e-10, 6.3307e-11, 1.76622e-11, 1.31456e-13, -7.5228e-13, 1.16501e-09, -5.33684e-10, 6.33073e-11, 1.76622e-11, 1.31428e-13, -7.52279e-13
0.333332, 2.49314e-09, -1.13741e-09, 1.3319e-10, 3.7303e-11, 3.18921e-13, -1.60541e-12, 2.49313e-09, -1.13741e-09, 1.3319e-10, 3.7303e-11, 3.18857e-13, -1.60541e-12
0.416665, 4.28592e-09, -1.95188e-09, 2.27286e-10, 6.37718e-11, 5.75894e-13, -2.75776e-12, 4.28597e-09, -1.9519e-09, 2.27287e-10, 6.37724e-11, 5.75984e-13, -2.75779e-12
0.499998, 6.52008e-09, -2.96576e-09, 3.43993e-10, 9.66501e-11, 9.04785e-13, -4.19569e-12, 6.52006e-09, -2.96575e-09, 3.43992e-10, 9.66498e-11, 9.04753e-13, -4.19573e-12
0.583331, 9.33538e-09, -4.24421e-09, 4.9145e-10, 1.38194e-10, 1.31177e-12, -6.01409e-12, 9.33538e-09, -4.24421e-09, 4.9145e-10, 1.38194e-10, 1.31194e-12, -6.01407e-12
0.666664, 1.25897e-08, -5.71947e-09, 6.60621e-10, 1.85984e-10, 1.80131e-12, -8.12271e-12, 1.25898e-08, -5.71948e-09, 6.60623e-10, 1.85985e-10, 1.80122e-12, -8.12287e-12
0.749997, 1.4163e-08, -6.41566e-09, 7.34027e-10, 2.07365e-10, 2.17154e-12, -9.14355e-12, 1.4163e-08, -6.41565e-09, 7.34025e-10, 2.07365e-10, 2.17157e-12, -9.14351e-12
0.83333, 1.76784e-08, -8.03282e-09, 9.28114e-10, 2.61633e-10, 2.52106e-12, -1.1474e-11, 1.76784e-08, -8.03279e-09, 9.28111e-10, 2.61632e-10, 2.52102e-12, -1.14739e-11
0.916663, 2.38613e-08, -1.08438e-08, 1.2533e-09, 3.53555e-10, 3.36085e-12, -1.5551e-11, 2.38614e-08, -1.08438e-08, 1.25331e-09, 3.53555e-10, 3.36061e-12, -1.55511e-11
0.999996, 2.70628e-08, -1.22611e-08, 1.40279e-09, 3.97403e-10, 4.09802e-12, -1.7683e-11, 2.70627e-08, -1.22611e-08, 1.40278e-09, 3.97402e-10, 4.09814e-12, -1.76829e-11
1.08333, 3.25489e-08, -1.47826e-08, 1.70404e-09, 4.8242e-10, 4.6415e-12, -2.1428e-11, 3.25489e-08, -1.47825e-08, 1.70404e-09, 4.82419e-10, 4.64065e-12, -2.1428e-11
1.16666, 3.68159e-08, -1.66866e-08, 1.91028e-09, 5.42827e-10, 5.44682e-12, -2.43602e-11, 3.6816e-08, -1.66866e-08, 1.91029e-09, 5.42829e-10, 5.44701e-12, -2.43601e-11
1.25, 4.1431e-08, -1.87953e-08, 2.15691e-09, 6.13856e-10, 5.96579e-12, -2.76312e-11, 4.14309e-08, -1.87953e-08, 2.15691e-09, 6.13854e-10, 5.96546e-12, -2.76305e-11
1.33333, 4.48586e-08, -2.03299e-08, 2.32427e-09, 6.63842e-10, 6.50521e-12, -3.01291e-11, 4.48586e-08, -2.03298e-08, 2.32426e-09, 6.63842e-10, 6.50564e-12, -3.01289e-11
1.41666, 5.02835e-08, -2.28167e-08, 2.61734e-09, 7.49095e-10, 6.94674e-12, -3.40878e-11, 5.02836e-08, -2.28167e-08, 2.61732e-09, 7.49096e-10, 6.94902e-12, -3.40883e-11
1.49999, 5.4743e-08, -2.4817e-08, 2.83619e-09, 8.15349e-10, 7.52327e-12, -3.74164e-11, 5.4743e-08, -2.48171e-08, 2.8362e-09, 8.15349e-10, 7.52261e-12, -3.74165e-11
1.58333, 5.85521e-08, -2.65512e-08, 3.03435e-09, 8.75908e-10, 7.73709e-12, -4.04082e-11, 5.85522e-08, -2.65512e-08, 3.03433e-09, 8.7591e-10, 7.7395e-12, -4.04065e-11
1.66666, 6.31413e-08, -2.86391e-08, 3.27218e-09, 9.49067e-10, 7.8858e-12, -4.40162e-11, 6.31414e-08, -2.86392e-08, 3.27223e-09, 9.49067e-10, 7.88267e-12, -4.40166e-11
1.74999, 6.65786e-08, -3.01891e-08, 3.44185e-09, 1.00428e-09, 7.90032e-12, -4.68847e-11, 6.65786e-08, -3.01891e-08, 3.44184e-09, 1.00428e-09, 7.89674e-12, -4.68763e-11
1.83333, 6.99385e-08, -3.17234e-08, 3.61575e-09, 1.06176e-09, 7.55208e-12, -4.97827e-11, 6.99385e-08, -3.17234e-08, 3.61575e-09, 1.06176e-09, 7.55173e-12, -4.97885e-11
1.91666, 7.27818e-08, -3.30119e-08, 3.75626e-09, 1.11142e-09, 7.02406e-12, -5.23889e-11, 7.27819e-08, -3.30119e-08, 3.75622e-09, 1.11142e-09, 7.04362e-12, -5.2393e-11
1.99999, 7.47715e-08, -3.39181e-08, 3.85366e-09, 1.15007e-09, 6.20432e-12, -5.44565e-11, 7.47715e-08, -3.39181e-08, 3.85371e-09, 1.15006e-09, 6.19726e-12, -5.44664e-11
2.08333, 7.67103e-08, -3.48084e-08, 3.95056e-09, 1.19032e-09, 5.0283e-12, -5.66123e-11, 7.67103e-08, -3.48083e-08, 3.9505e-09, 1.19033e-09, 5.04658e-12, -5.66064e-11
2.16666, 7.79294e-08, -3.53648e-08, 4.0054e-09, 1.22021e-09, 3.66818e-12, -5.82936e-11, 7.79295e-08, -3.53649e-08, 4.00545e-09, 1.22021e-09, 3.6542e-12, -5.83012e-11
2.24999, 7.93057e-08, -3.60069e-08, 4.07342e-09, 1.25619e-09, 1.87275e-12, -6.02916e-11, 7.93058e-08, -3.6007e-08, 4.07345e-09, 1.25619e-09, 1.87717e-12, -6.02918e-11
2.33332, 7.95905e-08, -3.61378e-08, 4.07635e-09, 1.27486e-09, -3.99695e-14, -6.15811e-11, 7.95906e-08, -3.61379e-08, 4.07636e-09, 1.27486e-09, -4.6635e-14, -6.15736e-11
2.41666, 7.90039e-08, -3.58856e-08, 4.03873e-09, 1.28306e-09, -2.34006e-12, -6.2387e-11, 7.90039e-08, -3.58855e-08, 4.03873e-09, 1.28306e-09, -2.32344e-12, -6.2403e-11
2.49999, 7.83658e-08, -3.56139e-08, 3.99881e-09, 1.29282e-09, -4.87359e-12, -6.34395e-11, 7.83658e-08, -3.56139e-08, 3.99879e-09, 1.29281e-09, -4.87169e-12, -6.34313e-11
2.58332, 7.72925e-08, -3.51419e-08, 3.93373e-09, 1.29693e-09, -7.56172e-12, -6.43749e-11, 7.72924e-08, -3.51417e-08, 3.93366e-09, 1.29695e-09, -7.54159e-12, -6.43782e-11
2.66666, 7.57772e-08, -3.4473e-08, 3.84633e-09, 1.29627e-09, -1.04024e-11, -6.5322e-11, 7.5777e-08, -3.44729e-08, 3.84632e-09, 1.29624e-09, -1.03969e-11, -6.53151e-11
2.74999, 7.29014e-08, -3.3177e-08, 3.68479e-09, 1.27261e-09, -1.30416e-11, -6.53798e-11, 7.29016e-08, -3.3177e-08, 3.68477e-09, 1.27263e-09, -1.30523e-11, -6.53662e-11
2.83332, 7.0765e-08, -3.22438e-08, 3.57115e-09, 1.26732e-09, -1.61994e-11, -6.66055e-11, 7.07649e-08, -3.22438e-08, 3.57117e-09, 1.26732e-09, -1.62017e-11, -6.66146e-11
2.91666, 6.78445e-08, -3.09282e-08, 3.40574e-09, 1.24544e-09, -1.8883e-11, -6.73817e-11, 6.78445e-08, -3.09284e-08, 3.40583e-09, 1.24546e-09, -1.88883e-11, -6.73875e-11
2.99999, 6.43768e-08, -2.93798e-08, 3.21927e-09, 1.21721e-09, -2.15418e-11, -6.81312e-11, 6.43768e-08, -2.93797e-08, 3.21917e-09, 1.21723e-09, -2.15393e-11, -6.81408e-11
3.08332, 6.17143e-08, -2.82056e-08, 3.07511e-09, 1.20639e-09, -2.45156e-11, -7.02709e-11, 6.17144e-08, -2.82057e-08, 3.07514e-09, 1.2064e-09, -2.45256e-11, -7.02734e-11
3.16665, 5.80988e-08, -2.6577e-08, 2.8749e-09, 1.1744e-09, -2.67434e-11, -7.15517e-11, 5.80995e-08, -2.65773e-08, 2.87499e-09, 1.17442e-09, -2.67526e-11, -7.15629e-11
3.24999, 5.62744e-08, -2.58076e-08, 2.77848e-09, 1.18777e-09, -3.03513e-11, -7.6185e-11, 5.62739e-08, -2.58072e-08, 2.77835e-09, 1.18778e-09, -3.03308e-11, -7.61902e-11
3.33332, 5.19474e-08, -2.38304e-08, 2.53341e-09, 1.1374e-09, -3.15717e-11, -7.70447e-11, 5.19471e-08, -2.38303e-08, 2.53351e-09, 1.13737e-09, -3.15863e-11, -7.70422e-11
3.41665, 4.89685e-08, -2.25419e-08, 2.38184e-09, 1.13133e-09, -3.45757e-11, -8.1425e-11, 4.8968e-08, -2.25417e-08, 2.38182e-09, 1.13132e-09, -3.45781e-11, -8.14309e-11
3.49999, 4.56015e-08, -2.10223e-08, 2.19162e-09, 1.10447e-09, -3.62761e-11, -8.4502e-11, 4.56017e-08, -2.10225e-08, 2.19172e-09, 1.10446e-09, -3.62916e-11, -8.44957e-11
3.58332, 4.25807e-08, -1.96962e-08, 2.03084e-09, 1.09387e-09, -3.86905e-11, -8.92682e-11, 4.25825e-08, -1.9697e-08, 2.03088e-09, 1.0939e-09, -3.86825e-11, -8.92576e-11
3.66665, 3.96126e-08, -1.83737e-08, 1.86565e-09, 1.07895e-09, -4.06014e-11, -9.3865e-11, 3.96136e-08, -1.83742e-08, 1.86568e-09, 1.07898e-09, -4.06054e-11, -9.38638e-11
3.74999, 3.45397e-08, -1.60541e-08, 1.59823e-09, 9.96376e-10, -3.95269e-11, -9.21063e-11, 3.45368e-08, -1.60528e-08, 1.59814e-09, 9.96305e-10, -3.95216e-11, -9.21118e-11
3.83332, 3.24581e-08, -1.51859e-08, 1.4932e-09, 1.01339e-09, -4.28055e-11, -9.98819e-11, 3.24521e-08, -1.51832e-08, 1.49292e-09, 1.01323e-09, -4.27454e-11, -9.98844e-11
3.91665, 3.01453e-08, -1.41377e-08, 1.35784e-09, 9.98121e-10, -4.39151e-11, -1.03805e-10, 3.01372e-08, -1.41339e-08, 1.35739e-09, 9.97935e-10, -4.38473e-11, -1.03821e-10
3.99998, 2.8044e-08, -1.32267e-08, 1.24392e-09, 1.00156e-09, -4.61172e-11, -1.10161e-10, 2.80408e-08, -1.32253e-08, 1.24382e-09, 1.00148e-09, -4.6091e-11, -1.10158e-10
4.08332, 2.92411e-08, -1.38972e-08, 1.27891e-09, 1.13749e-09, -5.46976e-11, -1.32314e-10, 2.92553e-08, -1.39038e-08, 1.27964e-09, 1.13786e-09, -5.48401e-11, -1.32308e-10
4.16665, 2.249e-08, -1.06335e-08, 9.34544e-10, 8.95959e-10, -4.39317e-11, -1.07783e-10, 2.24811e-08, -1.0629e-08, 9.33624e-10, 8.95762e-10, -4.37589e-11, -1.07785e-10
4.24998, 1.75288e-08, -8.39947e-09, 7.2048e-10, 7.82797e-10, -4.00512e-11, -9.94274e-11, 1.76107e-08, -8.43765e-09, 7.25055e-10, 7.85022e-10, -4.09445e-11, -9.94105e-11
4.33332, 2.36241e-08, -1.1495e-08, 9.70597e-10, 1.17562e-09, -6.34391e-11, -1.56287e-10, 2.36023e-08, -1.14832e-08, 9.68194e-10, 1.17495e-09, -6.30072e-11, -1.5627e-10
4.41665, 2.26258e-08, -1.09222e-08, 8.76743e-10, 1.12997e-09, -6.14308e-11, -1.5302e-10, 2.2594e-08, -1.09089e-08, 8.76118e-10, 1.12914e-09, -6.12464e-11, -1.53025e-10
4.49998, 2.31949e-08, -1.13922e-08, 8.77622e-10, 1.31751e-09, -7.51055e-11, -1.87524e-10, 2.31467e-08, -1.13699e-08, 8.75088e-10, 1.31612e-09, -7.4546e-11, -1.87503e-10
4.58332, 1.73474e-08, -8.43848e-09, 6.11734e-10, 9.83286e-10, -5.63747e-11, -1.42139e-10, 1.73585e-08, -8.44457e-09, 6.12938e-10, 9.83658e-10, -5.65848e-11, -1.42142e-10
4.66665, 2.09365e-08, -1.05349e-08, 7.21894e-10, 1.44685e-09, -8.82559e-11, -2.21103e-10, 2.09467e-08, -1.05388e-08, 7.21796e-10, 1.44715e-09, -8.82636e-11, -2.21118e-10
4.74998, 1.47604e-08, -7.21057e-09, 4.72806e-10, 9.15809e-10, -5.51831e-11, -1.38079e-10, 1.47576e-08, -7.20945e-09, 4.7288e-10, 9.15729e-10, -5.52118e-11, -1.38085e-10
4.83331, 1.38196e-08, -7.05316e-09, 4.19255e-10, 1.09351e-09, -7.06716e-11, -1.75028e-10, 1.38151e-08, -7.051e-09, 4.18877e-10, 1.09338e-09, -7.05707e-11, -1.75018e-10
4.91665, 1.51375e-08, -7.66991e-09, 4.38879e-10, 1.18472e-09, -7.69257e-11, -1.90524e-10, 1.5144e-08, -7.67303e-09, 4.39279e-10, 1.18493e-09, -7.70251e-11, -1.9054e-10
4.99998, 1.38171e-08, -7.03516e-09, 3.76412e-10, 1.13512e-09, -7.56939e-11, -1.85322e-10, 1.38281e-08, -7.04007e-09, 3.76832e-10, 1.13544e-09, -7.58111e-11, -1.8534e-10
5.08331, 1.41501e-08, -7.29106e-09, 3.58745e-10, 1.25519e-09, -8.57018e-11, -2.09195e-10, 1.4157e-08, -7.29415e-09, 3.59071e-10, 1.25539e-09, -8.57973e-11, -2.0921e-10
5.16665, 1.51339e-08, -7.83236e-09, 3.58615e-10, 1.39793e-09, -9.76313e-11, -2.35805e-10, 1.51228e-08, -7.82724e-09, 3.58068e-10, 1.39757e-09, -9.74848e-11, -2.35772e-10
5.24998, 1.30464e-08, -6.73014e-09, 2.87216e-10, 1.21768e-09, -8.64991e-11, -2.06866e-10, 1.30448e-08, -6.72958e-09, 2.87256e-10, 1.21764e-09, -8.64938e-11, -2.0686e-10
5.33331, 1.42142e-08, -7.49601e-09, 2.73059e-10, 1.48954e-09, -1.0896e-10, -2.59445e-10, 1.42195e-08, -7.49838e-09, 2.73271e-10, 1.48971e-09, -1.09021e-10, -2.59464e-10
5.41665, 1.34201e-08, -7.00847e-09, 2.44434e-10, 1.37626e-09, -1.01992e-10, -2.39734e-10, 1.34192e-08, -7.00805e-09, 2.4438e-10, 1.37622e-09, -1.01977e-10, -2.39728e-10
5.49998, 1.32484e-08, -7.03603e-09, 2.00771e-10, 1.4909e-09, -1.13428e-10, -2.65072e-10, 1.32511e-08, -7.03729e-09, 2.00921e-10, 1.49099e-09, -1.1347e-10, -2.65085e-10
5.58331, 1.27672e-08, -6.77086e-09, 1.73794e-10, 1.45536e-09, -1.12433e-10, -2.60234e-10, 1.27669e-08, -6.77072e-09, 1.73795e-10, 1.45534e-09, -1.12435e-10, -2.60227e-10
5.66664, 1.21098e-08, -6.47961e-09, 1.32525e-10, 1.46139e-09, -1.15309e-10, -2.64853e-10, 1.21061e-08, -6.47789e-09, 1.32296e-10, 1.46128e-09, -1.15236e-10, -2.64838e-10
5.74998, 1.23023e-08, -6.62962e-09, 1.05916e-10, 1.55382e-09, -1.24604e-10, -2.84622e-10, 1.23023e-08, -6.62975e-09, 1.06033e-10, 1.55382e-09, -1.24634e-10, -2.84619e-10
5.83331, 1.25115e-08, -6.77015e-09, 8.066e-11, 1.63437e-09, -1.33219e-10, -3.02009e-10, 1.25155e-08, -6.77186e-09, 8.07544e-11, 1.63451e-09, -1.33259e-10, -3.02039e-10
5.91664, 1.20676e-08, -6.55213e-09, 5.00636e-11, 1.6274e-09, -1.34689e-10, -3.03354e-10, 1.20672e-08, -6.55209e-09, 5.01997e-11, 1.62737e-09, -1.34728e-10, -3.03339e-10
5.99998, 1.18411e-08, -6.48227e-09, 1.43037e-11, 1.67843e-09, -1.41155e-10, -3.16429e-10, 1.18427e-08, -6.48297e-09, 1.43263e-11, 1.6785e-09, -1.41163e-10, -3.16448e-10
6.08331, 1.12694e-08, -6.18842e-09, -1.36381e-11, 1.64575e-09, -1.40317e-10, -3.1281e-10, 1.12661e-08, -6.1869e-09, -1.377e-11, 1.64562e-09, -1.40271e-10, -3.12777e-10
6.16664, 1.15322e-08, -6.40519e-09, -5.41442e-11, 1.78609e-09, -1.54461e-10, -3.43653e-10, 1.1535e-08, -6.40643e-09, -5.40899e-11, 1.78622e-09, -1.54482e-10, -3.43688e-10
6.24998, 1.09174e-08, -6.0559e-09, -7.2438e-11, 1.71289e-09, -1.49812e-10, -3.3138e-10, 1.09156e-08, -6.05504e-09, -7.25341e-11, 1.71281e-09, -1.49785e-10, -3.31356e-10
6.33331, 1.10967e-08, -6.24548e-09, -1.21733e-10, 1.86549e-09, -1.65293e-10, -3.65863e-10, 1.10983e-08, -6.24641e-09, -1.21473e-10, 1.86555e-09, -1.65372e-10, -3.65875e-10
6.41664, 1.05341e-08, -5.91859e-09, -1.36016e-10, 1.79038e-09, -1.6025e-10, -3.52915e-10, 1.05327e-08, -5.9178e-09, -1.36232e-10, 1.79033e-09, -1.60179e-10, -3.52905e-10
6.49997, 1.03207e-08, -5.87995e-09, -1.81864e-10, 1.87322e-09, -1.69577e-10, -3.74111e-10, 1.03204e-08, -5.87988e-09, -1.81839e-10, 1.87321e-09, -1.69581e-10, -3.74108e-10
6.58331, 1.02799e-08, -5.88124e-09, -2.118e-10, 1.92244e-09, -1.75554e-10, -3.86811e-10, 1.02809e-08, -5.88181e-09, -2.11613e-10, 1.92246e-09, -1.75618e-10, -3.86813e-10
6.66664, 9.68561e-09, -5.57547e-09, -2.35556e-10, 1.88177e-09, -1.73491e-10, -3.82101e-10, 9.68411e-09, -5.57466e-09, -2.35786e-10, 1.88173e-09, -1.7341e-10, -3.82093e-10
6.74997, 9.43949e-09, -5.49614e-09, -2.74089e-10, 1.93475e-09, -1.79807e-10, -3.97083e-10, 9.43881e-09, -5.49589e-09, -2.74059e-10, 1.93472e-09, -1.79815e-10, -3.97069e-10
6.83331, 9.31427e-09, -5.46101e-09, -3.06982e-10, 1.9827e-09, -1.85656e-10, -4.10377e-10, 9.31478e-09, -5.46117e-09, -3.07041e-10, 1.98273e-09, -1.85639e-10, -4.10391e-10
6.91664, 8.9617e-09, -5.29611e-09, -3.34854e-10, 1.98784e-09, -1.87408e-10, -4.15167e-10, 8.96161e-09, -5.29612e-09, -3.34806e-10, 1.98783e-09, -1.87423e-10, -4.1516e-10
6.99997, 8.53107e-09, -5.09052e-09, -3.61078e-10, 1.98113e-09, -1.87968e-10, -4.177e-10, 8.53037e-09, -5.09021e-09, -3.61115e-10, 1.98111e-09, -1.8795e-10, -4.1769e-10
7.08331, 8.27731e-09, -4.9942e-09, -3.94885e-10, 2.01826e-09, -1.92571e-10, -4.2961e-10, 8.27744e-09, -4.99426e-09, -3.94868e-10, 2.01827e-09, -1.92579e-10, -4.2961e-10
7.16664, 8.05103e-09, -4.9043e-09, -4.25936e-10, 2.0498e-09, -1.96573e-10, -4.40154e-10, 8.0514e-09, -4.90448e-09, -4.25903e-10, 2.04981e-09, -1.96587e-10, -4.40159e-10
7.24997, 7.6362e-09, -4.6982e-09, -4.46755e-10, 2.03211e-09, -1.95788e-10, -4.40238e-10, 7.63604e-09, -4.69806e-09, -4.46842e-10, 2.03211e-09, -1.95757e-10, -4.40242e-10
7.3333, 7.3327e-09, -4.57248e-09, -4.77691e-10, 2.057e-09, -1.98977e-10, -4.49914e-10, 7.33296e-09, -4.57254e-09, -4.77734e-10, 2.05701e-09, -1.98965e-10, -4.49924e-10
7.41664, 7.04049e-09, -4.44021e-09, -5.03098e-10, 2.06749e-09, -2.00684e-10, -4.56124e-10, 7.04063e-09, -4.4403e-09, -5.03066e-10, 2.06749e-09, -2.00696e-10, -4.56123e-10
7.49997, 6.59877e-09, -4.21399e-09, -5.17677e-10, 2.03413e-09, -1.98037e-10, -4.52758e-10, 6.5985e-09, -4.21394e-09, -5.17591e-10, 2.03411e-09, -1.98067e-10, -4.52743e-10
7.5833, 6.39136e-09, -4.15001e-09, -5.54126e-10, 2.08645e-09, -2.03661e-10, -4.6878e-10, 6.39141e-09, -4.15008e-09, -5.54068e-10, 2.08646e-09, -2.0368e-10, -4.68778e-10
7.66664, 5.96001e-09, -3.91181e-09, -5.5834e-10, 2.02891e-09, -1.98505e-10, -4.59409e-10, 5.96e-09, -3.9117e-09, -5.5846e-10, 2.02892e-09, -1.98462e-10, -4.59418e-10
7.74997, 5.72244e-09, -3.83347e-09, -5.94139e-10, 2.07763e-09, -2.03582e-10, -4.75021e-10, 5.72255e-09, -3.8336e-09, -5.94045e-10, 2.07763e-09, -2.03618e-10, -4.75016e-10
7.8333, 5.29293e-09, -3.58793e-09, -5.91413e-10, 2.00548e-09, -1.9679e-10, -4.61967e-10, 5.29264e-09, -3.58784e-09, -5.91378e-10, 2.00546e-09, -1.96802e-10, -4.61953e-10
7.91664, 5.04242e-09, -3.49937e-09, -6.23759e-10, 2.04588e-09, -2.00961e-10, -4.75769e-10, 5.04276e-09, -3.49949e-09, -6.23784e-10, 2.0459e-09, -2.00952e-10, -4.75783e-10
7.99997, 4.71307e-09, -3.31864e-09, -6.27345e-10, 2.00325e-09, -1.96909e-10, -4.6929e-10, 4.713e-09, -3.31857e-09, -6.27389e-10, 2.00325e-09, -1.96892e-10, -4.69291e-10
8.0833, 4.37765e-09, -3.15575e-09, -6.40163e-10, 1.98671e-09, -1.95341e-10, -4.69523e-10, 4.37773e-09, -3.15576e-09, -6.40186e-10, 1.98671e-09, -1.95334e-10, -4.69527e-10
8.16663, 4.12667e-09, -3.03965e-09, -6.5636e-10, 1.98692e-09, -1.95346e-10, -4.73275e-10, 4.12669e-09, -3.03973e-09, -6.56278e-10, 1.98691e-09, -1.95377e-10, -4.73267e-10
8.24997, 3.80214e-09, -2.86439e-09, -6.5766e-10, 1.94416e-09, -1.9112e-10, -4.66714e-10, 3.80213e-09, -2.86438e-09, -6.57664e-10, 1.94416e-09, -1.91119e-10, -4.66713e-10
8.3333, 3.49206e-09, -2.70323e-09, -6.61531e-10, 1.91116e-09, -1.87774e-10, -4.62485e-10, 3.49189e-09, -2.70314e-09, -6.61555e-10, 1.91115e-09, -1.87763e-10, -4.62482e-10
8.41663, 3.24956e-09, -2.58658e-09, -6.72241e-10, 1.90194e-09, -1.86718e-10, -4.63771e-10, 3.24965e-09, -2.58666e-09, -6.72184e-10, 1.90193e-09, -1.86742e-10, -4.63766e-10
8.49997, 3.00605e-09, -2.46253e-09, -6.78109e-10, 1.88152e-09, -1.84555e-10, -4.62169e-10, 3.00609e-09, -2.46256e-09, -6.78095e-10, 1.88152e-09, -1.84561e-10, -4.62168e-10
8.5833, 2.72097e-09, -2.30177e-09, -6.72268e-10, 1.8302e-09, -1.79315e-10, -4.5289e-10, 2.72088e-09, -2.30172e-09, -6.72278e-10, 1.83019e-09, -1.79311e-10, -4.52886e-10
8.66663, 2.49541e-09, -2.19136e-09, -6.79237e-10, 1.81651e-09, -1.7773e-10, -4.52832e-10, 2.49549e-09, -2.19139e-09, -6.79234e-10, 1.81651e-09, -1.77733e-10, -4.52834e-10
8.74997, 2.27366e-09, -2.07111e-09, -6.78507e-10, 1.78495e-09, -1.7439e-10, -4.4803e-10, 2.27376e-09, -2.07116e-09, -6.785e-10, 1.78496e-09, -1.74393e-10, -4.48034e-10
8.8333, 2.02521e-09, -1.92577e-09, -6.68404e-10, 1.73009e-09, -1.68735e-10, -4.37324e-10, 2.02495e-09, -1.92569e-09, -6.68361e-10, 1.73007e-09, -1.68754e-10, -4.37307e-10
8.91663, 1.82735e-09, -1.82424e-09, -6.70379e-10, 1.7095e-09, -1.66443e-10, -4.35094e-10, 1.8273e-09, -1.82423e-09, -6.70381e-10, 1.7095e-09, -1.66438e-10, -4.35095e-10
8.99996, 1.63412e-09, -1.71432e-09, -6.65087e-10, 1.6724e-09, -1.62521e-10, -4.28407e-10, 1.6341e-09, -1.71432e-09, -6.65075e-10, 1.67239e-09, -1.62528e-10, -4.28402e-10
9.0833, 1.44927e-09, -1.61242e-09, -6.61495e-10, 1.64116e-09, -1.59179e-10, -4.23156e-10, 1.4493e-09, -1.61242e-09, -6.61521e-10, 1.64117e-09, -1.59166e-10, -4.23161e-10
9.16663, 1.27299e-09, -1.51046e-09, -6.54701e-10, 1.60362e-09, -1.55201e-10, -4.16084e-10, 1.27294e-09, -1.51045e-09, -6.54693e-10, 1.60361e-09, -1.55205e-10, -4.16081e-10
9.24996, 1.10698e-09, -1.41488e-09, -6.48201e-10, 1.56845e-09, -1.51458e-10, -4.09498e-10, 1.10698e-09, -1.41493e-09, -6.48144e-10, 1.56845e-09, -1.51481e-10, -4.09492e-10
9.3333, 9.50692e-10, -1.32235e-09, -6.4003e-10, 1.53093e-09, -1.47516e-10, -4.02113e-10, 9.50763e-10, -1.32237e-09, -6.40046e-10, 1.53094e-09, -1.47509e-10, -4.02119e-10
9.41663, 8.03276e-10, -1.23353e-09, -6.31021e-10, 1.49273e-09, -1.43484e-10, -3.94412e-10, 8.03272e-10, -1.23357e-09, -6.30959e-10, 1.49273e-09, -1.43512e-10, -3.94404e-10
9.49996, 6.65956e-10, -1.14948e-09, -6.21363e-10, 1.45465e-09, -1.39516e-10, -3.86564e-10, 6.66012e-10, -1.14947e-09, -6.21407e-10, 1.45466e-09, -1.39496e-10, -3.86572e-10
9.5833, 5.37698e-10, -1.06917e-09, -6.10956e-10, 1.41597e-09, -1.35461e-10, -3.78411e-10, 5.37688e-10, -1.06919e-09, -6.10922e-10, 1.41596e-09, -1.35475e-10, -3.78406e-10
9.66663, 4.18753e-10, -9.9318e-10, -5.9998e-10, 1.37733e-09, -1.3144e-10, -3.70108e-10, 4.18686e-10, -9.93185e-10, -5.99936e-10, 1.37732e-09, -1.31458e-10, -3.70099e-10
9.74996, 3.08362e-10, -9.20917e-10, -5.88262e-10, 1.33831e-09, -1.27419e-10, -3.61537e-10, 3.0843e-10, -9.20911e-10, -5.88307e-10, 1.33831e-09, -1.27399e-10, -3.61546e-10
9.83329, 2.06673e-10, -8.52796e-10, -5.76333e-10, 1.29972e-09, -1.23409e-10, -3.5295e-10, 2.06652e-10, -8.52846e-10, -5.7625e-10, 1.29971e-09, -1.23445e-10, -3.52938e-10
9.91663, 1.13217e-10, -7.88676e-10, -5.63948e-10, 1.26143e-09, -1.19495e-10, -3.4428e-10, 1.13242e-10, -7.88677e-10, -5.63961e-10, 1.26143e-09, -1.19489e-10, -3.44282e-10
9.99996, 2.77679e-11, -7.28466e-10, -5.51426e-10, 1.22371e-09, -1.15621e-10, -3.35628e-10, 2.77523e-11, -7.28485e-10, -5.5139e-10, 1.2237e-09, -1.15637e-10, -3.35623e-10
10.0833, -5.06132e-11, -6.71301e-10, -5.38338e-10, 1.18568e-09, -1.11751e-10, -3.26757e-10, -5.06187e-11, -6.71314e-10, -5.38315e-10, 1.18568e-09, -1.1176e-10, -3.26752e-10
10.1666, -1.21714e-10, -6.17945e-10, -5.25221e-10, 1.14852e-09, -1.07978e-10, -3.17986e-10, -1.21784e-10, -6.17928e-10, -5.25204e-10, 1.14852e-09, -1.07987e-10, -3.17981e-10
10.25, -1.86106e-10, -5.68142e-10, -5.12118e-10, 1.11225e-09, -1.04323e-10, -3.09333e-10, -1.86164e-10, -5.68089e-10, -5.12156e-10, 1.11225e-09, -1.04305e-10, -3.09332e-10
10.3333, -2.44141e-10, -5.2135e-10, -4.9883e-10, 1.07628e-09, -1.00692e-10, -3.00637e-10, -2.44152e-10, -5.21344e-10, -4.98832e-10, 1.07628e-09, -1.00692e-10, -3.00636e-10
10.4166, -2.98005e-10, -4.84995e-10, -4.919e-10, 1.05492e-09, -9.84569e-11, -2.95901e-10, -2.9803e-10, -4.85005e-10, -4.91869e-10, 1.05492e-09, -9.84693e-11, -2.95895e-10
10.5, -3.44327e-10, -4.39874e-10, -4.75164e-10, 1.01279e-09, -9.43149e-11, -2.8526e-10, -3.44296e-10, -4.39816e-10, -4.75259e-10, 1.0128e-09, -9.4273e-11, -2.85274e-10
10.5833, -3.87576e-10, -4.02721e-10, -4.63347e-10, 9.81893e-10, -9.1201e-11, -2.77684e-10, -3.87564e-10, -4.02725e-10, -4.63346e-10, 9.81892e-10, -9.1202e-11, -2.77684e-10
10.6666, -4.24142e-10, -3.65899e-10, -4.49175e-10, 9.4652e-10, -8.77052e-11, -2.68726e-10, -4.24172e-10, -3.65882e-10, -4.49179e-10, 9.46515e-10, -8.77027e-11, -2.68723e-10
10.75, -4.5713e-10, -3.32606e-10, -4.36235e-10, 9.14373e-10, -8.45271e-11, -2.60588e-10, -4.57139e-10, -3.32605e-10, -4.3623e-10, 9.14373e-10, -8.45301e-11, -2.60587e-10
10.8333, -4.89273e-10, -3.06404e-10, -4.28508e-10, 8.93791e-10, -8.24322e-11, -2.55632e-10, -4.89271e-10, -3.06443e-10, -4.28454e-10, 8.93784e-10, -8.24552e-11, -2.55624e-10
10.9166, -5.11992e-10, -2.74434e-10, -4.12501e-10, 8.56056e-10, -7.87787e-11, -2.45726e-10, -5.11991e-10, -2.74426e-10, -4.12514e-10, 8.56058e-10, -7.8773e-11, -2.45728e-10
11, -5.34245e-10, -2.48575e-10, -4.01064e-10, 8.28473e-10, -7.60723e-11, -2.38635e-10, -5.34265e-10, -2.48565e-10, -4.01068e-10, 8.28474e-10, -7.6071e-11, -2.38635e-10
11.0833, -5.50765e-10, -2.22846e-10, -3.87495e-10, 7.96766e-10, -7.29941e-11, -2.30274e-10, -5.50787e-10, -2.2284e-10, -3.87486e-10, 7.96761e-10, -7.29978e-11, -2.3027e-10
11.1666, -5.7076e-10, -2.03554e-10, -3.80251e-10, 7.78723e-10, -7.12009e-11, -2.25768e-10, -5.70787e-10, -2.03539e-10, -3.80256e-10, 7.78724e-10, -7.11991e-11, -2.25768e-10
11.25, -5.79566e-10, -1.79694e-10, -3.6507e-10, 7.4432e-10, -6.78995e-11, -2.16489e-10, -5.7955e-10, -1.79706e-10, -3.65063e-10, 7.44318e-10, -6.79019e-11, -2.16488e-10
11.3333, -5.89807e-10, -1.60843e-10, -3.54338e-10, 7.19643e-10, -6.55203e-11, -2.09951e-10, -5.89844e-10, -1.60824e-10, -3.54342e-10, 7.19641e-10, -6.55186e-11, -2.09949e-10
11.4166, -6.00838e-10, -1.44467e-10, -3.45876e-10, 6.99818e-10, -6.35813e-11, -2.04754e-10, -6.0083e-10, -1.44496e-10, -3.45843e-10, 6.99817e-10, -6.35957e-11, -2.04752e-10
11.5, -6.02968e-10, -1.26111e-10, -3.32285e-10, 6.69751e-10, -6.07325e-11, -1.96534e-10, -6.02981e-10, -1.26096e-10, -3.32297e-10, 6.69751e-10, -6.0727e-11, -1.96535e-10
11.5833, -6.06029e-10, -1.11057e-10, -3.21715e-10, 6.46171e-10, -5.84814e-11, -1.9014e-10, -6.06011e-10, -1.11065e-10, -3.21716e-10, 6.46173e-10, -5.8481e-11, -1.90142e-10
11.6666, -6.11348e-10, -9.84081e-11, -3.13881e-10, 6.28402e-10, -5.67707e-11, -1.85391e-10, -6.11357e-10, -9.84001e-11, -3.13886e-10, 6.28401e-10, -5.67688e-11, -1.85391e-10
11.75, -6.07657e-10, -8.3913e-11, -3.01051e-10, 6.00586e-10, -5.41482e-11, -1.77666e-10, -6.07674e-10, -8.39078e-11, -3.01047e-10, 6.00583e-10, -5.41496e-11, -1.77664e-10
11.8333, -6.05434e-10, -7.23013e-11, -2.91078e-10, 5.78915e-10, -5.21086e-11, -1.71683e-10, -6.0545e-10, -7.22814e-11, -2.91097e-10, 5.78916e-10, -5.21003e-11, -1.71684e-10
11.9166, -6.06157e-10, -6.25032e-11, -2.83692e-10, 5.62592e-10, -5.05497e-11, -1.67233e-10, -6.06149e-10, -6.25063e-11, -2.83689e-10, 5.62589e-10, -5.05504e-11, -1.67231e-10
12, -5.98093e-10, -5.14589e-11, -2.71834e-10, 5.37398e-10, -4.81981e-11, -1.60134e-10, -5.98075e-10, -5.1465e-11, -2.71837e-10, 5.37399e-10, -4.81969e-11, -1.60137e-10
12.0833, -5.97843e-10, -4.3877e-11, -2.65827e-10, 5.24213e-10, -4.6947e-11, -1.56539e-10, -5.97836e-10, -4.38764e-11, -2.6583e-10, 5.24214e-10, -4.69459e-11, -1.5654e-10
12.1666, -5.87047e-10, -3.41272e-11, -2.53911e-10, 4.99161e-10, -4.46157e-11, -1.49414e-10, -5.87078e-10, -3.41241e-11, -2.53899e-10, 4.99159e-10, -4.46214e-11, -1.4941e-10
12.25, -5.79567e-10, -2.71528e-11, -2.45547e-10, 4.81551e-10, -4.29805e-11, -1.4444e-10, -5.79564e-10, -2.71599e-11, -2.45537e-10, 4.81549e-10, -4.29853e-11, -1.44438e-10
12.3333, -5.74743e-10, -2.07642e-11, -2.38629e-10, 4.66874e-10, -4.16124e-11, -1.40315e-10, -5.74727e-10, -2.07643e-11, -2.38639e-10, 4.66877e-10, -4.16077e-11, -1.40317e-10
12.4166, -5.62505e-10, -1.38697e-11, -2.28416e-10, 4.45707e-10, -3.96567e-11, -1.34237e-10, -5.62499e-10, -1.38776e-11, -2.28408e-10, 4.45707e-10, -3.9661e-11, -1.34236e-10
12.5, -5.57684e-10, -9.28877e-12, -2.22978e-10, 4.34247e-10, -3.85943e-11, -1.31013e-10, -5.57673e-10, -9.28664e-12, -2.22986e-10, 4.34247e-10, -3.85895e-11, -1.31014e-10
12.5833, -5.43719e-10, -3.33572e-12, -2.12798e-10, 4.13348e-10, -3.66721e-11, -1.24963e-10, -5.43753e-10, -3.32221e-12, -2.12794e-10, 4.13345e-10, -3.66738e-11, -1.24959e-10
12.6666, -5.38054e-10, 3.56147e-13, -2.07749e-10, 4.02816e-10, -3.57024e-11, -1.21974e-10, -5.38007e-10, 3.4142e-13, -2.07759e-10, 4.02821e-10, -3.5697e-11, -1.2198e-10
12.75, -5.23225e-10, 5.13902e-12, -1.98141e-10, 3.83271e-10, -3.39124e-11, -1.16278e-10, -5.23253e-10, 5.15281e-12, -1.98143e-10, 3.83269e-10, -3.39122e-11, -1.16275e-10
12.8333, -5.16901e-10, 8.09913e-12, -1.93433e-10, 3.73528e-10, -3.30172e-11, -1.13492e-10, -5.16865e-10, 8.08259e-12, -1.9343e-10, 3.73529e-10, -3.30176e-11, -1.13495e-10
12.9166, -5.06119e-10, 1.16162e-11, -1.86403e-10, 3.59238e-10, -3.17109e-11, -1.09332e-10, -5.06129e-10, 1.16278e-11, -1.8641e-10, 3.59237e-10, -3.17076e-11, -1.09333e-10
12.9999, -4.92421e-10, 1.45793e-11, -1.78755e-10, 3.43829e-10, -3.03132e-11, -1.04814e-10, -4.92444e-10, 1.4595e-11, -1.78761e-10, 3.43828e-10, -3.03107e-11, -1.04813e-10
13.0833, -4.84106e-10, 1.68845e-11, -1.73741e-10, 3.33638e-10, -2.93819e-11, -1.01848e-10, -4.84065e-10, 1.68662e-11, -1.73738e-10, 3.3364e-10, -2.93826e-11, -1.01853e-10
13.1666, -4.68894e-10, 1.94361e-11, -1.65773e-10, 3.17715e-10, -2.79414e-11, -9.71469e-11, -4.68927e-10, 1.94492e-11, -1.6577e-10, 3.17712e-10, -2.79425e-11, -9.71426e-11
13.2499, -4.60886e-10, 2.09413e-11, -1.61537e-10, 3.09187e-10, -2.717e-11, -9.46507e-11, -4.60844e-10, 2.09249e-11, -1.61538e-10, 3.0919e-10, -2.71693e-11, -9.46564e-11
13.3333, -4.45378e-10, 2.31055e-11, -1.53744e-10, 2.93683e-10, -2.57695e-11, -9.00499e-11, -4.45363e-10, 2.30945e-11, -1.53739e-10, 2.93683e-10, -2.57719e-11, -9.00491e-11
13.4166, -4.3725e-10, 2.40705e-11, -1.49909e-10, 2.86027e-10, -2.50792e-11, -8.77975e-11, -4.37241e-10, 2.4059e-11, -1.49899e-10, 2.86027e-10, -2.50839e-11, -8.77969e-11
13.4999, -4.25943e-10, 2.55488e-11, -1.44298e-10, 2.74891e-10, -2.40757e-11, -8.4492e-11, -4.25946e-10, 2.55486e-11, -1.44295e-10, 2.74889e-10, -2.4077e-11, -8.44902e-11
13.5833, -4.12021e-10, 2.65235e-11, -1.38128e-10, 2.62747e-10, -2.29915e-11, -8.08618e-11, -4.12027e-10, 2.65304e-11, -1.38133e-10, 2.62748e-10, -2.29889e-11, -8.08633e-11
13.6666, -4.03157e-10, 2.72684e-11, -1.34137e-10, 2.5485e-10, -2.22818e-11, -7.85162e-11, -4.03169e-10, 2.72753e-11, -1.3414e-10, 2.54849e-10, -2.22803e-11, -7.85147e-11
13.7499, -3.92262e-10, 2.80997e-11, -1.29234e-10, 2.45193e-10, -2.14143e-11, -7.56285e-11, -3.9225e-10, 2.80927e-11, -1.29229e-10, 2.45191e-10, -2.14164e-11, -7.56289e-11
13.8333, -3.78793e-10, 2.86229e-11, -1.23583e-10, 2.34153e-10, -2.04347e-11, -7.23096e-11, -3.78809e-10, 2.86391e-11, -1.23597e-10, 2.34156e-10, -2.04285e-11, -7.23116e-11
13.9166, -3.69961e-10, 2.89088e-11, -1.19987e-10, 2.27094e-10, -1.97994e-11, -7.01942e-11, -3.69943e-10, 2.88935e-11, -1.19974e-10, 2.27091e-10, -1.98048e-11, -7.01924e-11
13.9999, -3.59362e-10, 2.93209e-11, -1.15522e-10, 2.18379e-10, -1.90243e-11, -6.75726e-11, -3.59366e-10, 2.93219e-11, -1.15521e-10, 2.1838e-10, -1.90249e-11, -6.75727e-11
14.0833, -3.46436e-10, 2.93735e-11, -1.10477e-10, 2.08586e-10, -1.81535e-11, -6.46091e-11, -3.46427e-10, 2.93622e-11, -1.10464e-10, 2.08583e-10, -1.81589e-11, -6.46069e-11
14.1666, -3.37943e-10, 2.94314e-11, -1.07166e-10, 2.02152e-10, -1.75857e-11, -6.26694e-11, -3.37954e-10, 2.94364e-11, -1.07168e-10, 2.02152e-10, -1.75845e-11, -6.26687e-11
14.2499, -3.27886e-10, 2.95605e-11, -1.03139e-10, 1.94337e-10, -1.68924e-11, -6.03047e-11, -3.27884e-10, 2.95649e-11, -1.03146e-10, 1.94338e-10, -1.68892e-11, -6.03065e-11
14.3333, -3.18569e-10, 2.94058e-11, -9.96821e-11, 1.87649e-10, -1.62976e-11, -5.82762e-11, -3.1855e-10, 2.93914e-11, -9.96734e-11, 1.87649e-10, -1.63016e-11, -5.82766e-11
14.4166, -3.0621e-10, 2.91864e-11, -9.50329e-11, 1.78706e-10, -1.55112e-11, -5.5554e-11, -3.06253e-10, 2.92132e-11, -9.50426e-11, 1.78703e-10, -1.55067e-11, -5.55515e-11
14.4999, -2.98491e-10, 2.89709e-11, -9.22697e-11, 1.73359e-10, -1.50373e-11, -5.39287e-11, -2.98468e-10, 2.89566e-11, -9.22651e-11, 1.73361e-10, -1.50392e-11, -5.39302e-11
14.5833, -2.8899e-10, 2.87762e-11, -8.87088e-11, 1.66518e-10, -1.44341e-11, -5.18465e-11, -2.89032e-10, 2.87983e-11, -8.87138e-11, 1.66515e-10, -1.44319e-11, -5.18426e-11
14.6666, -2.80465e-10, 2.84734e-11, -8.56766e-11, 1.60681e-10, -1.39192e-11, -5.0062e-11, -2.80412e-10, 2.84467e-11, -8.5672e-11, 1.60684e-10, -1.39209e-11, -5.00668e-11
14.7499, -2.69176e-10, 2.79751e-11, -8.16745e-11, 1.53036e-10, -1.32471e-11, -4.77223e-11, -2.6919e-10, 2.798e-11, -8.16744e-11, 1.53036e-10, -1.32475e-11, -4.77207e-11
14.8333, -2.61887e-10, 2.75183e-11, -7.92574e-11, 1.4842e-10, -1.28437e-11, -4.63069e-11, -2.61876e-10, 2.75126e-11, -7.9257e-11, 1.48421e-10, -1.28437e-11, -4.63081e-11
14.9166, -2.53357e-10, 2.72412e-11, -7.61529e-11, 1.42466e-10, -1.23184e-11, -4.44862e-11, -2.53356e-10, 2.72386e-11, -7.61516e-11, 1.42466e-10, -1.23191e-11, -4.44854e-11
14.9999, -2.45438e-10, 2.66793e-11, -7.35476e-11, 1.37521e-10, -1.18872e-11, -4.29648e-11, -2.45447e-10, 2.66852e-11, -7.35497e-11, 1.37521e-10, -1.18863e-11, -4.29651e-11
15.0833, -2.35421e-10, 2.61421e-11, -7.00861e-11, 1.30917e-10, -1.1306e-11, -4.09346e-11, -2.35419e-10, 2.61378e-11, -7.00792e-11, 1.30913e-10, -1.13086e-11, -4.09319e-11
15.1666, -2.28693e-10, 2.55868e-11, -6.79523e-11, 1.26878e-10, -1.0956e-11, -3.96882e-11, -2.2869e-10, 2.55853e-11, -6.79533e-11, 1.26879e-10, -1.09558e-11, -3.96894e-11
15.2499, -2.21009e-10, 2.51379e-11, -6.53133e-11, 1.21862e-10, -1.05173e-11, -3.81465e-11, -2.21048e-10, 2.51585e-11, -6.53204e-11, 1.21861e-10, -1.05144e-11, -3.81437e-11
15.3333, -2.14004e-10, 2.46165e-11, -6.30353e-11, 1.17537e-10, -1.01393e-11, -3.68104e-11, -2.13993e-10, 2.46116e-11, -6.30368e-11, 1.17538e-10, -1.01384e-11, -3.68114e-11
15.4166, -2.06886e-10, 2.40935e-11, -6.06991e-11, 1.13103e-10, -9.74952e-12, -3.54415e-11, -2.06876e-10, 2.40828e-11, -6.06907e-11, 1.13103e-10, -9.75345e-12, -3.54411e-11
15.4999, -2.00066e-10, 2.35342e-11, -5.84951e-11, 1.08955e-10, -9.39349e-12, -3.4159e-11, -2.00092e-10, 2.35564e-11, -5.85102e-11, 1.08955e-10, -9.38668e-12, -3.41596e-11
15.5833, -1.91553e-10, 2.28206e-11, -5.57662e-11, 1.03797e-10, -8.94108e-12, -3.25591e-11, -1.91549e-10, 2.28199e-11, -5.57667e-11, 1.03798e-10, -8.94078e-12, -3.25605e-11
15.6666, -1.8594e-10, 2.23251e-11, -5.40151e-11, 1.00488e-10, -8.65513e-12, -3.15361e-11, -1.85953e-10, 2.23358e-11, -5.40221e-11, 1.00488e-10, -8.65191e-12, -3.15361e-11
15.7499, -1.79422e-10, 2.17827e-11, -5.19089e-11, 9.65149e-11, -8.3077e-12, -3.03024e-11, -1.79404e-10, 2.17774e-11, -5.19102e-11, 9.65164e-11, -8.30694e-12, -3.03056e-11
15.8333, -1.734e-10, 2.11964e-11, -5.00626e-11, 9.30415e-11, -8.00648e-12, -2.9225e-11, -1.73399e-10, 2.1196e-11, -5.00637e-11, 9.30413e-11, -8.0058e-12, -2.92244e-11
15.9166, -1.67468e-10, 2.06555e-11, -4.81929e-11, 8.95241e-11, -7.70094e-12, -2.81326e-11, -1.67481e-10, 2.06642e-11, -4.81962e-11, 8.9524e-11, -7.69956e-12, -2.81327e-11
15.9999, -1.6165e-10, 2.00519e-11, -4.64336e-11, 8.62225e-11, -7.41343e-12, -2.71043e-11, -1.61643e-10, 2.00456e-11, -4.6429e-11, 8.62219e-11, -7.41539e-12, -2.71033e-11
16.0833, -1.54812e-10, 1.94738e-11, -4.42376e-11, 8.20827e-11, -7.05474e-12, -2.58171e-11, -1.54785e-10, 1.94632e-11, -4.42386e-11, 8.20846e-11, -7.05407e-12, -2.58205e-11
16.1666, -1.50112e-10, 1.89671e-11, -4.28477e-11, 7.94714e-11, -6.8279e-12, -2.50047e-11, -1.50099e-10, 1.89579e-11, -4.28431e-11, 7.94716e-11, -6.82984e-12, -2.50049e-11
16.2499, -1.44593e-10, 1.83906e-11, -4.11532e-11, 7.6311e-11, -6.55541e-12, -2.40199e-11, -1.44622e-10, 1.84059e-11, -4.11571e-11, 7.63098e-11, -6.55393e-12, -2.40176e-11
16.3333, -1.39658e-10, 1.78633e-11, -3.96786e-11, 7.35452e-11, -6.3161e-12, -2.31556e-11, -1.39651e-10, 1.78614e-11, -3.96792e-11, 7.35454e-11, -6.31553e-12, -2.31565e-11
16.4166, -1.34751e-10, 1.73518e-11, -3.81907e-11, 7.07555e-11, -6.07297e-12, -2.22864e-11, -1.34758e-10, 1.73506e-11, -3.81859e-11, 7.07545e-11, -6.07529e-12, -2.22844e-11
16.4999, -1.30076e-10, 1.68513e-11, -3.67817e-11, 6.81212e-11, -5.84642e-12, -2.14616e-11, -1.30048e-10, 1.68389e-11, -3.67801e-11, 6.81227e-11, -5.84681e-12, -2.14647e-11
16.5833, -1.25444e-10, 1.63349e-11, -3.54053e-11, 6.55497e-11, -5.62353e-12, -2.06589e-11, -1.25437e-10, 1.63285e-11, -3.54017e-11, 6.55497e-11, -5.62514e-12, -2.06588e-11
16.6666, -1.21008e-10, 1.58381e-11, -3.40875e-11, 6.30904e-11, -5.4113e-12, -1.9891e-11, -1.2102e-10, 1.58418e-11, -3.40856e-11, 6.30892e-11, -5.41243e-12, -1.98889e-11
16.7499, -1.16612e-10, 1.53013e-11, -3.28111e-11, 6.07238e-11, -5.20914e-12, -1.91472e-11, -1.16616e-10, 1.53059e-11, -3.28152e-11, 6.07242e-11, -5.20707e-12, -1.9148e-11
16.8333, -1.11588e-10, 1.48155e-11, -3.12588e-11, 5.78013e-11, -4.95405e-12, -1.82367e-11, -1.11597e-10, 1.48167e-11, -3.12554e-11, 5.78003e-11, -4.95569e-12, -1.82348e-11
16.9166, -1.07948e-10, 1.43122e-11, -3.02594e-11, 5.59601e-11, -4.79798e-12, -1.76546e-11, -1.07928e-10, 1.43054e-11, -3.02613e-11, 5.59617e-11, -4.79684e-12, -1.76577e-11
16.9999, -1.0399e-10, 1.39097e-11, -2.90514e-11, 5.36906e-11, -4.59946e-12, -1.69476e-11, -1.03985e-10, 1.39028e-11, -2.90457e-11, 5.36899e-11, -4.60205e-12, -1.6946e-11
17.0833, -1.00354e-10, 1.34678e-11, -2.80002e-11, 5.17374e-11, -4.43221e-12, -1.6334e-11, -1.00348e-10, 1.34635e-11, -2.79977e-11, 5.17376e-11, -4.43333e-12, -1.63344e-11
17.1666, -9.66233e-11, 1.298e-11, -2.69403e-11, 4.97816e-11, -4.26539e-12, -1.57171e-11, -9.66065e-11, 1.29754e-11, -2.69425e-11, 4.97828e-11, -4.26409e-12, -1.57199e-11
17.2499, -9.32342e-11, 1.26131e-11, -2.59284e-11, 4.7887e-11, -4.10175e-12, -1.51266e-11, -9.32509e-11, 1.2623e-11, -2.59319e-11, 4.78867e-11, -4.1004e-12, -1.51258e-11
17.3333, -8.98024e-11, 1.21675e-11, -2.49655e-11, 4.60967e-11, -3.94485e-12, -1.45637e-11, -8.98118e-11, 1.21644e-11, -2.49547e-11, 4.60925e-11, -3.94948e-12, -1.45591e-11
17.4166, -8.66225e-11, 1.18021e-11, -2.40126e-11, 4.4335e-11, -3.79851e-12, -1.40095e-11, -8.66407e-11, 1.18207e-11, -2.40265e-11, 4.43368e-11, -3.79244e-12, -1.4012e-11
17.4999, -8.34152e-11, 1.13833e-11, -2.31218e-11, 4.26728e-11, -3.65105e-12, -1.34868e-11, -8.34054e-11, 1.13744e-11, -2.31135e-11, 4.26704e-11, -3.65439e-12, -1.34851e-11
17.5832, -8.04197e-11, 1.10254e-11, -2.22443e-11, 4.10468e-11, -3.51371e-12, -1.29771e-11, -8.04485e-11, 1.10405e-11, -2.22496e-11, 4.10469e-11, -3.51185e-12, -1.29754e-11
17.6666, -7.74771e-11, 1.06506e-11, -2.14103e-11, 3.9496e-11, -3.37882e-12, -1.24872e-11, -7.74566e-11, 1.06403e-11, -2.14058e-11, 3.94952e-11, -3.38033e-12, -1.24883e-11
17.7499, -7.46154e-11, 1.02781e-11, -2.06008e-11, 3.79989e-11, -3.25123e-12, -1.20148e-11, -7.45921e-11, 1.02675e-11, -2.06005e-11, 3.80013e-11, -3.25132e-12, -1.20179e-11
17.8332, -7.18795e-11, 9.93491e-12, -1.98273e-11, 3.65558e-11, -3.12446e-12, -1.15627e-11, -7.18596e-11, 9.9184e-12, -1.98152e-11, 3.65537e-11, -3.12964e-12, -1.1561e-11
17.9166, -6.92512e-11, 9.59686e-12, -1.90679e-11, 3.51609e-11, -3.00888e-12, -1.11213e-11, -6.92342e-11, 9.5942e-12, -1.9074e-11, 3.51641e-11, -3.00607e-12, -1.11258e-11
17.9999, -6.61431e-11, 9.23076e-12, -1.81605e-11, 3.34688e-11, -2.86171e-12, -1.05918e-11, -6.61478e-11, 9.23189e-12, -1.81613e-11, 3.34693e-11, -2.86152e-12, -1.05912e-11
18.0832, -6.38315e-11, 8.85876e-12, -1.75737e-11, 3.23963e-11, -2.76991e-12, -1.02504e-11, -6.38315e-11, 8.8582e-12, -1.75703e-11, 3.23943e-11, -2.77112e-12, -1.02494e-11
18.1666, -6.14469e-11, 8.59403e-12, -1.6858e-11, 3.10638e-11, -2.65599e-12, -9.83397e-12, -6.14773e-11, 8.60727e-12, -1.68614e-11, 3.10636e-11, -2.65498e-12, -9.83129e-12
18.2499, -5.91891e-11, 8.2667e-12, -1.62512e-11, 2.9945e-11, -2.55956e-12, -9.47666e-12, -5.91581e-11, 8.25033e-12, -1.62476e-11, 2.9947e-11, -2.56095e-12, -9.47947e-12
18.3332, -5.70223e-11, 8.00622e-12, -1.56155e-11, 2.87697e-11, -2.46045e-12, -9.11033e-12, -5.70676e-11, 8.03109e-12, -1.56242e-11, 2.87687e-11, -2.45713e-12, -9.10741e-12
18.4166, -5.49655e-11, 7.73355e-12, -1.50448e-11, 2.77074e-11, -2.3674e-12, -8.77297e-12, -5.49528e-11, 7.72763e-12, -1.50412e-11, 2.77058e-11, -2.36835e-12, -8.77336e-12
18.4999, -5.2843e-11, 7.43192e-12, -1.44621e-11, 2.66396e-11, -2.27732e-12, -8.4358e-12, -5.28526e-11, 7.43823e-12, -1.44661e-11, 2.66405e-11, -2.27584e-12, -8.43595e-12
18.5832, -5.09679e-11, 7.21254e-12, -1.39184e-11, 2.56213e-11, -2.18845e-12, -8.11536e-12, -5.09564e-11, 7.20707e-12, -1.39153e-11, 2.562e-11, -2.18941e-12, -8.1156e-12
18.6666, -4.90278e-11, 6.9223e-12, -1.33942e-11, 2.46672e-11, -2.10861e-12, -7.81432e-12, -4.90624e-11, 6.94e-12, -1.34003e-11, 2.46672e-11, -2.10644e-12, -7.81207e-12
18.7499, -4.71606e-11, 6.66519e-12, -1.28802e-11, 2.3717e-11, -2.02732e-12, -7.51054e-12, -4.71317e-11, 6.6552e-12, -1.28833e-11, 2.37201e-11, -2.0255e-12, -7.51545e-12
18.8332, -4.53893e-11, 6.41987e-12, -1.23959e-11, 2.28224e-11, -1.94946e-12, -7.23215e-12, -4.54265e-11, 6.43495e-12, -1.23968e-11, 2.28206e-11, -1.94972e-12, -7.22736e-12
18.9166, -4.37397e-11, 6.20973e-12, -1.19183e-11, 2.19435e-11, -1.8767e-12, -6.95224e-12, -4.37505e-11, 6.22218e-12, -1.19287e-11, 2.1945e-11, -1.87185e-12, -6.95456e-12
18.9999, -4.21335e-11, 5.99871e-12, -1.14728e-11, 2.11133e-11, -1.8034e-12, -6.69163e-12, -4.21484e-11, 6.00587e-12, -1.14747e-11, 2.11127e-11, -1.80281e-12, -6.68981e-12
19.0832, -4.05272e-11, 5.76787e-12, -1.10334e-11, 2.03083e-11, -1.73584e-12, -6.4351e-12, -4.05293e-11, 5.77357e-12, -1.10394e-11, 2.03095e-11, -1.7329e-12, -6.43724e-12
19.1666, -3.89713e-11, 5.54817e-12, -1.06192e-11, 1.9536e-11, -1.66655e-12, -6.19188e-12, -3.89655e-11, 5.5392e-12, -1.06114e-11, 1.95351e-11, -1.67019e-12, -6.18991e-12
19.2499, -3.75544e-11, 5.368e-12, -1.0206e-11, 1.87789e-11, -1.60481e-12, -5.95209e-12, -3.7557e-11, 5.37416e-12, -1.0212e-11, 1.87799e-11, -1.60195e-12, -5.95412e-12
19.3332, -3.61282e-11, 5.16354e-12, -9.82675e-12, 1.80739e-11, -1.54168e-12, -5.72997e-12, -3.61244e-11, 5.15648e-12, -9.82047e-12, 1.80731e-11, -1.54469e-12, -5.72802e-12
19.4166, -3.47738e-11, 4.97581e-12, -9.4464e-12, 1.73801e-11, -1.48485e-12, -5.51105e-12, -3.4807e-11, 4.99389e-12, -9.45205e-12, 1.7379e-11, -1.48256e-12, -5.50891e-12
19.4999, -3.34855e-11, 4.80451e-12, -9.08692e-12, 1.67132e-11, -1.42722e-12, -5.29881e-12, -3.34849e-11, 4.80578e-12, -9.08885e-12, 1.67136e-11, -1.42623e-12, -5.29964e-12
19.5832, -3.22257e-11, 4.63017e-12, -8.73935e-12, 1.60735e-11, -1.3727e-12, -5.09782e-12, -3.22476e-11, 4.64226e-12, -8.74332e-12, 1.60728e-11, -1.3711e-12, -5.09626e-12
19.6665, -3.10426e-11, 4.47545e-12, -8.4064e-12, 1.54564e-11, -1.3197e-12, -4.90267e-12, -3.10589e-11, 4.48433e-12, -8.4094e-12, 1.54559e-11, -1.3184e-12, -4.90158e-12
19.7499, -2.9778e-11, 4.267e-12, -8.08296e-12, 1.48712e-11, -1.27033e-12, -4.71681e-12, -2.98137e-11, 4.28535e-12, -8.08809e-12, 1.48698e-11, -1.2683e-12, -4.71385e-12
19.8332, -2.87424e-11, 4.15729e-12, -7.77847e-12, 1.42938e-11, -1.21911e-12, -4.53511e-12, -2.87517e-11, 4.15864e-12, -7.77613e-12, 1.4293e-11, -1.22018e-12, -4.53325e-12
19.9165, -2.75907e-11, 3.96912e-12, -7.47767e-12, 1.37513e-11, -1.17389e-12, -4.36082e-12, -2.75875e-11, 3.96896e-12, -7.47883e-12, 1.37517e-11, -1.17335e-12, -4.3616e-12
19.9999, -2.65588e-11, 3.829e-12, -7.19727e-12, 1.3229e-11, -1.12802e-12, -4.19656e-12, -2.65618e-11, 3.82952e-12, -7.1931e-12, 1.32261e-11, -1.12957e-12, -4.1948e-12
