0, 4.44505e-05, -2.2194e-05, 4.43953e-06, -8.22586e-09, 1.08612e-08, -2.5458e-08, 0, 0, 0, 0, 0, 0
0.083333, 4.44505e-05, -2.22191e-05, 4.43953e-06, -8.2259e-09, 1.08728e-08, -2.54584e-08, 5.21215e-11, -2.50413e-08, 1.60401e-12, -3.10169e-14, 1.15586e-11, -3.63392e-13
0.166666, 4.44495e-05, -2.23007e-05, 4.43947e-06, -8.24337e-09, 1.09106e-08, -2.54587e-08, -9.92426e-10, -1.06641e-07, -6.08145e-11, -1.75542e-11, 4.93421e-11, -7.44827e-13
0.249999, 4.44465e-05, -2.24526e-05, 4.4393e-06, -8.27684e-09, 1.09813e-08, -2.54585e-08, -4.01726e-09, -2.58622e-07, -2.26643e-10, -5.19903e-11, 1.19783e-10, -7.65145e-13
0.333332, 4.44418e-05, -2.26887e-05, 4.43905e-06, -8.28093e-09, 1.10899e-08, -2.54584e-08, -8.7248e-09, -4.94649e-07, -4.72035e-10, -5.73027e-11, 2.29252e-10, -1.0917e-12
0.416665, 4.44354e-05, -2.30214e-05, 4.43873e-06, -8.16088e-09, 1.12423e-08, -2.54587e-08, -1.50671e-08, -8.27446e-07, -7.86305e-10, 5.7372e-11, 3.84546e-10, -1.64716e-12
0.499998, 4.44275e-05, -2.3476e-05, 4.43835e-06, -7.73909e-09, 1.14487e-08, -2.54573e-08, -2.29345e-08, -1.28206e-06, -1.14591e-09, 4.64757e-10, 5.99164e-10, -3.79873e-12
0.583331, 4.44174e-05, -2.40606e-05, 4.43789e-06, -6.73203e-09, 1.17097e-08, -2.54532e-08, -3.29214e-08, -1.86671e-06, -1.55902e-09, 1.43675e-09, 8.80814e-10, -7.3481e-12
0.666664, 4.44052e-05, -2.46167e-05, 4.43733e-06, -5.06207e-09, 1.19487e-08, -2.54422e-08, -4.49147e-08, -2.42304e-06, -2.00183e-09, 3.02655e-09, 1.1645e-09, -1.15788e-11
0.749997, 4.43994e-05, -2.53636e-05, 4.43712e-06, -1.96899e-09, 1.2258e-08, -2.54294e-08, -5.02545e-08, -3.1702e-06, -2.00271e-09, 5.98289e-09, 1.55239e-09, -2.6028e-11
0.83333, 4.4386e-05, -2.64539e-05, 4.43653e-06, 3.75076e-09, 1.27045e-08, -2.54025e-08, -6.2978e-08, -4.26103e-06, -2.24217e-09, 1.14691e-08, 2.12829e-09, -4.54827e-11
0.916663, 4.43606e-05, -2.75243e-05, 4.43542e-06, 1.19319e-08, 1.31053e-08, -2.5346e-08, -8.71472e-08, -5.33234e-06, -2.73795e-09, 1.92316e-08, 2.75846e-09, -7.0572e-11
0.999996, 4.43453e-05, -2.88519e-05, 4.43484e-06, 2.50699e-08, 1.35596e-08, -2.52691e-08, -1.00409e-07, -6.66143e-06, -2.3384e-09, 3.17139e-08, 3.57735e-09, -1.20957e-10
1.08333, 4.43185e-05, -3.02736e-05, 4.43354e-06, 4.33855e-08, 1.39833e-08, -2.51478e-08, -1.2424e-07, -8.0854e-06, -2.13484e-09, 4.90281e-08, 4.55717e-09, -1.91323e-10
1.16666, 4.42929e-05, -3.18461e-05, 4.43228e-06, 6.89286e-08, 1.43705e-08, -2.49787e-08, -1.45414e-07, -9.66123e-06, -1.20938e-09, 7.31172e-08, 5.75065e-09, -2.99126e-10
1.25, 4.42613e-05, -3.34689e-05, 4.43043e-06, 1.01907e-07, 1.46577e-08, -2.47472e-08, -1.70881e-07, -1.12885e-05, -2.96363e-11, 1.04058e-07, 7.15883e-09, -4.526e-10
1.33333, 4.42292e-05, -3.53475e-05, 4.42841e-06, 1.4714e-07, 1.49021e-08, -2.44619e-08, -1.94731e-07, -1.31733e-05, 1.96897e-09, 1.46587e-07, 8.8879e-09, -6.70982e-10
1.41666, 4.41823e-05, -3.73338e-05, 4.4253e-06, 2.05085e-07, 1.50059e-08, -2.40998e-08, -2.30792e-07, -1.51677e-05, 4.26643e-09, 2.00949e-07, 1.09542e-08, -9.70529e-10
1.49999, 4.41304e-05, -3.93959e-05, 4.42154e-06, 2.77422e-07, 1.49084e-08, -2.3668e-08, -2.68481e-07, -1.72404e-05, 7.47869e-09, 2.68642e-07, 1.33934e-08, -1.38163e-09
1.58333, 4.40715e-05, -4.16293e-05, 4.41681e-06, 3.69267e-07, 1.46206e-08, -2.31873e-08, -3.09467e-07, -1.94872e-05, 1.16216e-08, 3.5466e-07, 1.62725e-08, -1.94029e-09
1.66666, 4.39979e-05, -4.3916e-05, 4.41079e-06, 4.8069e-07, 1.40535e-08, -2.26647e-08, -3.60695e-07, -2.17905e-05, 1.65234e-08, 4.58852e-07, 1.96212e-08, -2.68448e-09
1.74999, 4.39161e-05, -4.62877e-05, 4.40354e-06, 6.1577e-07, 1.31791e-08, -2.21507e-08, -4.15251e-07, -2.41825e-05, 2.25905e-08, 5.8516e-07, 2.34775e-08, -3.67407e-09
1.83333, 4.38206e-05, -4.87154e-05, 4.39476e-06, 7.76922e-07, 1.19609e-08, -2.17008e-08, -4.78026e-07, -2.66345e-05, 2.96494e-08, 7.35864e-07, 2.78659e-08, -4.9724e-09
1.91666, 4.3712e-05, -5.11514e-05, 4.38424e-06, 9.65246e-07, 1.03548e-08, -2.13892e-08, -5.47973e-07, -2.90992e-05, 3.7936e-08, 9.11936e-07, 3.27951e-08, -6.65302e-09
1.99999, 4.35914e-05, -5.36298e-05, 4.37214e-06, 1.18608e-06, 8.35441e-09, -2.13421e-08, -6.23795e-07, -3.16109e-05, 4.73338e-08, 1.11869e-06, 3.82611e-08, -8.82372e-09
2.08333, 4.34549e-05, -5.61023e-05, 4.35807e-06, 1.4406e-06, 5.932e-09, -2.16901e-08, -7.09003e-07, -3.41214e-05, 5.79562e-08, 1.35722e-06, 4.42568e-08, -1.15981e-08
2.16666, 4.33049e-05, -5.86106e-05, 4.34226e-06, 1.73653e-06, 3.07996e-09, -2.2648e-08, -8.00852e-07, -3.66726e-05, 6.98856e-08, 1.63525e-06, 5.07581e-08, -1.51595e-08
2.24999, 4.31372e-05, -6.10664e-05, 4.32441e-06, 2.07172e-06, -2.32195e-10, -2.43902e-08, -9.03139e-07, -3.91766e-05, 8.29599e-08, 1.95056e-06, 5.77548e-08, -1.96526e-08
2.33332, 4.29574e-05, -6.34422e-05, 4.30466e-06, 2.44655e-06, -3.99229e-09, -2.71493e-08, -1.01041e-06, -4.16058e-05, 9.72621e-08, 2.3036e-06, 6.5171e-08, -2.52499e-08
2.41666, 4.27664e-05, -6.57788e-05, 4.28321e-06, 2.86903e-06, -8.16184e-09, -3.12894e-08, -1.12214e-06, -4.40005e-05, 1.12669e-07, 2.70265e-06, 7.28986e-08, -3.22362e-08
2.49999, 4.25616e-05, -6.80517e-05, 4.26011e-06, 3.34145e-06, -1.27285e-08, -3.7158e-08, -1.24089e-06, -4.63362e-05, 1.29096e-07, 3.15007e-06, 8.08725e-08, -4.08914e-08
2.58332, 4.23455e-05, -7.02433e-05, 4.23537e-06, 3.86613e-06, -1.76675e-08, -4.51484e-08, -1.36437e-06, -4.85952e-05, 1.46621e-07, 3.6483e-06, 8.9008e-08, -5.15365e-08
2.66666, 4.21194e-05, -7.22662e-05, 4.20908e-06, 4.4304e-06, -2.29148e-08, -5.54141e-08, -1.49149e-06, -5.06899e-05, 1.64911e-07, 4.18489e-06, 9.7234e-08, -6.42358e-08
2.74999, 4.18909e-05, -7.42397e-05, 4.18187e-06, 5.05777e-06, -2.84272e-08, -6.88054e-08, -1.61601e-06, -5.27385e-05, 1.84002e-07, 4.78383e-06, 1.05313e-07, -7.9731e-08
2.83332, 4.16522e-05, -7.60836e-05, 4.15354e-06, 5.7367e-06, -3.41391e-08, -8.55537e-08, -1.74553e-06, -5.46609e-05, 2.03673e-07, 5.43365e-06, 1.13233e-07, -9.8178e-08
2.91666, 4.1411e-05, -7.77795e-05, 4.12456e-06, 6.46184e-06, -3.9993e-08, -1.05956e-07, -1.8728e-06, -5.64383e-05, 2.23715e-07, 6.12925e-06, 1.20901e-07, -1.19787e-07
2.99999, 4.11698e-05, -7.94217e-05, 4.09517e-06, 7.26149e-06, -4.59658e-08, -1.31269e-07, -1.99653e-06, -5.81642e-05, 2.44231e-07, 6.89933e-06, 1.28088e-07, -1.45723e-07
3.08332, 4.09226e-05, -8.09066e-05, 4.06519e-06, 8.10691e-06, -5.19495e-08, -1.61217e-07, -2.12197e-06, -5.97353e-05, 2.65087e-07, 7.71515e-06, 1.3488e-07, -1.75644e-07
3.16665, 4.06789e-05, -8.2409e-05, 4.03547e-06, 9.06794e-06, -5.80991e-08, -1.98729e-07, -2.24061e-06, -6.13256e-05, 2.86282e-07, 8.64685e-06, 1.40945e-07, -2.12403e-07
3.24999, 4.04243e-05, -8.36638e-05, 4.00481e-06, 1.004e-05, -6.40702e-08, -2.4087e-07, -2.36444e-06, -6.26716e-05, 3.07871e-07, 9.58953e-06, 1.467e-07, -2.52962e-07
3.33332, 4.0182e-05, -8.48653e-05, 3.97445e-06, 1.11003e-05, -7.00134e-08, -2.90929e-07, -2.47346e-06, -6.39656e-05, 3.2957e-07, 1.06211e-05, 1.51646e-07, -3.00583e-07
3.41665, 3.99367e-05, -8.59504e-05, 3.94413e-06, 1.22195e-05, -7.57629e-08, -3.48463e-07, -2.58209e-06, -6.51448e-05, 3.51205e-07, 1.17123e-05, 1.55895e-07, -3.54726e-07
3.49999, 3.96956e-05, -8.69513e-05, 3.91413e-06, 1.34142e-05, -8.13503e-08, -4.14836e-07, -2.68338e-06, -6.62414e-05, 3.72884e-07, 1.28798e-05, 1.59362e-07, -4.16725e-07
3.58332, 3.94557e-05, -8.78606e-05, 3.88424e-06, 1.4678e-05, -8.66918e-08, -4.90467e-07, -2.77977e-06, -6.7248e-05, 3.94541e-07, 1.41172e-05, 1.62054e-07, -4.86933e-07
3.66665, 3.92187e-05, -8.85093e-05, 3.8542e-06, 1.58313e-05, -9.1171e-08, -5.65719e-07, -2.86949e-06, -6.79953e-05, 4.16024e-07, 1.52451e-05, 1.6453e-07, -5.55671e-07
3.74999, 3.9003e-05, -8.92198e-05, 3.82564e-06, 1.71434e-05, -9.56356e-08, -6.55175e-07, -2.94083e-06, -6.88017e-05, 4.36465e-07, 1.65337e-05, 1.6568e-07, -6.37863e-07
3.83332, 3.87806e-05, -8.98713e-05, 3.79768e-06, 1.85201e-05, -9.97318e-08, -7.54717e-07, -3.0162e-06, -6.95499e-05, 4.56621e-07, 1.7888e-05, 1.66076e-07, -7.29108e-07
3.91665, 3.85607e-05, -9.04625e-05, 3.76976e-06, 1.99559e-05, -1.03469e-07, -8.64572e-07, -3.08485e-06, -7.02404e-05, 4.76909e-07, 1.93024e-05, 1.65784e-07, -8.29608e-07
3.99998, 3.83403e-05, -9.12371e-05, 3.74186e-06, 2.18583e-05, -1.08032e-07, -1.01473e-06, -3.14957e-06, -7.11178e-05, 4.97077e-07, 2.11842e-05, 1.63613e-07, -9.69329e-07
4.08332, 3.80912e-05, -9.14536e-05, 3.71224e-06, 2.29877e-05, -1.0948e-07, -1.1171e-06, -3.22342e-06, -7.14459e-05, 5.19512e-07, 2.22922e-05, 1.63578e-07, -1.05904e-06
4.16665, 3.78985e-05, -9.15524e-05, 3.68493e-06, 2.38194e-05, -1.09855e-07, -1.19754e-06, -3.25451e-06, -7.16563e-05, 5.39574e-07, 2.31057e-05, 1.63498e-07, -1.12722e-06
4.24998, 3.77301e-05, -9.23604e-05, 3.66019e-06, 2.62251e-05, -1.14496e-07, -1.40907e-06, -3.28439e-06, -7.25473e-05, 5.5417e-07, 2.54965e-05, 1.58286e-07, -1.3276e-06
4.33332, 3.7475e-05, -9.28746e-05, 3.63185e-06, 2.83547e-05, -1.16892e-07, -1.6127e-06, -3.35826e-06, -7.31726e-05, 5.75031e-07, 2.76086e-05, 1.53952e-07, -1.51597e-06
4.41665, 3.72228e-05, -9.33944e-05, 3.5998e-06, 3.07845e-05, -1.19193e-07, -1.85638e-06, -3.40675e-06, -7.38172e-05, 5.97385e-07, 3.00198e-05, 1.48606e-07, -1.74196e-06
4.49998, 3.69469e-05, -9.34574e-05, 3.56667e-06, 3.20381e-05, -1.17225e-07, -2.002e-06, -3.45381e-06, -7.40264e-05, 6.23394e-07, 3.12545e-05, 1.45869e-07, -1.86698e-06
4.58332, 3.67232e-05, -9.39927e-05, 3.53391e-06, 3.48993e-05, -1.19307e-07, -2.30882e-06, -3.47317e-06, -7.46898e-05, 6.42374e-07, 3.41e-05, 1.38761e-07, -2.15491e-06
4.66665, 3.64325e-05, -9.39877e-05, 3.50126e-06, 3.59813e-05, -1.1531e-07, -2.44898e-06, -3.5182e-06, -7.48349e-05, 6.69329e-07, 3.51652e-05, 1.35339e-07, -2.27157e-06
4.74998, 3.62165e-05, -9.41305e-05, 3.47069e-06, 3.75087e-05, -1.13131e-07, -2.63467e-06, -3.52172e-06, -7.51078e-05, 6.89981e-07, 3.66787e-05, 1.30544e-07, -2.43673e-06
4.83331, 3.59943e-05, -9.44394e-05, 3.44077e-06, 3.98259e-05, -1.12115e-07, -2.91203e-06, -3.54116e-06, -7.55411e-05, 7.07268e-07, 3.89841e-05, 1.24076e-07, -2.69406e-06
4.91665, 3.57408e-05, -9.46101e-05, 3.40952e-06, 4.16768e-05, -1.08993e-07, -3.14756e-06, -3.56531e-06, -7.58517e-05, 7.28152e-07, 4.08227e-05, 1.18084e-07, -2.90661e-06
4.99998, 3.54961e-05, -9.4831e-05, 3.37687e-06, 4.3866e-05, -1.06035e-07, -3.42936e-06, -3.57816e-06, -7.62129e-05, 7.47477e-07, 4.30003e-05, 1.11308e-07, -3.16501e-06
5.08331, 3.52316e-05, -9.51031e-05, 3.34186e-06, 4.64894e-05, -1.02783e-07, -3.77374e-06, -3.59555e-06, -7.66321e-05, 7.66644e-07, 4.56125e-05, 1.0354e-07, -3.48417e-06
5.16665, 3.49399e-05, -9.5188e-05, 3.30635e-06, 4.82536e-05, -9.67243e-08, -4.02333e-06, -3.60959e-06, -7.68835e-05, 7.90608e-07, 4.73651e-05, 9.66395e-08, -3.70524e-06
5.24998, 3.46711e-05, -9.54109e-05, 3.26908e-06, 5.08605e-05, -9.19578e-08, -4.3854e-06, -3.61277e-06, -7.7266e-05, 8.09536e-07, 4.99617e-05, 8.85185e-08, -4.03992e-06
5.33331, 3.43689e-05, -9.55447e-05, 3.23115e-06, 5.3089e-05, -8.51232e-08, -4.70946e-06, -3.62279e-06, -7.75731e-05, 8.3192e-07, 5.21802e-05, 8.04921e-08, -4.33362e-06
5.41665, 3.40698e-05, -9.56812e-05, 3.19179e-06, 5.54279e-05, -7.792e-08, -5.05618e-06, -3.62367e-06, -7.78867e-05, 8.53188e-07, 5.45097e-05, 7.20792e-08, -4.64928e-06
5.49998, 3.37625e-05, -9.57906e-05, 3.15216e-06, 5.768e-05, -6.97516e-08, -5.39904e-06, -3.62345e-06, -7.81776e-05, 8.74915e-07, 5.67531e-05, 6.35766e-08, -4.95999e-06
5.58331, 3.34546e-05, -9.58735e-05, 3.11247e-06, 5.98134e-05, -6.09507e-08, -5.73204e-06, -3.61911e-06, -7.8444e-05, 8.96412e-07, 5.88786e-05, 5.49833e-08, -5.26025e-06
5.66664, 3.31493e-05, -9.59891e-05, 3.07179e-06, 6.22416e-05, -5.19754e-08, -6.11386e-06, -3.61287e-06, -7.87426e-05, 9.15821e-07, 6.12999e-05, 4.61333e-08, -5.6094e-06
5.74998, 3.28292e-05, -9.61071e-05, 3.02943e-06, 6.48186e-05, -4.21399e-08, -6.5265e-06, -3.60741e-06, -7.90515e-05, 9.35006e-07, 6.38706e-05, 3.69048e-08, -5.98784e-06
5.83331, 3.24939e-05, -9.61801e-05, 2.986e-06, 6.71933e-05, -3.10479e-08, -6.91791e-06, -3.59835e-06, -7.93251e-05, 9.55838e-07, 6.62395e-05, 2.73537e-08, -6.34307e-06
5.91664, 3.21577e-05, -9.62466e-05, 2.94186e-06, 6.96055e-05, -1.9416e-08, -7.32221e-06, -3.58483e-06, -7.95951e-05, 9.75765e-07, 6.86468e-05, 1.76561e-08, -6.71065e-06
5.99998, 3.18172e-05, -9.62843e-05, 2.8979e-06, 7.18649e-05, -7.04835e-09, -7.70945e-06, -3.56906e-06, -7.98389e-05, 9.96066e-07, 7.0902e-05, 7.8358e-09, -7.06048e-06
6.08331, 3.14798e-05, -9.63536e-05, 2.85243e-06, 7.44609e-05, 5.54796e-09, -8.15652e-06, -3.55152e-06, -8.01139e-05, 1.01352e-06, 7.34948e-05, -2.03189e-09, -7.47035e-06
6.16664, 3.11268e-05, -9.63738e-05, 2.80708e-06, 7.67675e-05, 1.92922e-08, -8.56474e-06, -3.53287e-06, -8.0348e-05, 1.03301e-06, 7.57989e-05, -1.22551e-08, -7.83964e-06
6.24998, 3.07782e-05, -9.64177e-05, 2.75996e-06, 7.93666e-05, 3.33242e-08, -9.0273e-06, -3.51054e-06, -8.06054e-05, 1.04974e-06, 7.83963e-05, -2.25045e-08, -8.26346e-06
6.33331, 3.0416e-05, -9.64192e-05, 2.71329e-06, 8.17126e-05, 4.83396e-08, -9.45507e-06, -3.48722e-06, -8.08276e-05, 1.06811e-06, 8.07415e-05, -3.30695e-08, -8.65102e-06
6.41664, 3.00583e-05, -9.64215e-05, 2.66586e-06, 8.41406e-05, 6.36408e-08, -9.90248e-06, -3.4601e-06, -8.105e-05, 1.08475e-06, 8.31695e-05, -4.3671e-08, -9.0584e-06
6.49997, 2.96967e-05, -9.64249e-05, 2.61755e-06, 8.66936e-05, 7.96044e-08, -1.03779e-05, -3.4326e-06, -8.12754e-05, 1.10022e-06, 8.57234e-05, -5.42788e-08, -9.49344e-06
6.58331, 2.9327e-05, -9.63916e-05, 2.56979e-06, 8.90017e-05, 9.61943e-08, -1.0817e-05, -3.4024e-06, -8.14692e-05, 1.11677e-06, 8.80332e-05, -6.5285e-08, -9.89123e-06
6.66664, 2.89643e-05, -9.63595e-05, 2.52172e-06, 9.13897e-05, 1.12988e-07, -1.12753e-05, -3.36947e-06, -8.16616e-05, 1.1315e-06, 9.04238e-05, -7.61441e-08, -1.03087e-05
6.74997, 2.85999e-05, -9.63263e-05, 2.47308e-06, 9.3877e-05, 1.30297e-07, -1.1757e-05, -3.33644e-06, -8.18532e-05, 1.14483e-06, 9.29145e-05, -8.69251e-08, -1.07497e-05
6.83331, 2.82299e-05, -9.62725e-05, 2.42435e-06, 9.62737e-05, 1.48173e-07, -1.22284e-05, -3.30142e-06, -8.2028e-05, 1.15829e-06, 9.53154e-05, -9.79906e-08, -1.11796e-05
6.91664, 2.78611e-05, -9.62022e-05, 2.37606e-06, 9.85779e-05, 1.66321e-07, -1.26878e-05, -3.26386e-06, -8.21862e-05, 1.1714e-06, 9.76248e-05, -1.09165e-07, -1.15977e-05
6.99997, 2.74969e-05, -9.61294e-05, 2.32768e-06, 0.000100941, 1.84685e-07, -1.31628e-05, -3.22531e-06, -8.23395e-05, 1.1829e-06, 9.99936e-05, -1.20144e-07, -1.20319e-05
7.08331, 2.71322e-05, -9.6049e-05, 2.27906e-06, 0.000103338, 2.03458e-07, -1.36494e-05, -3.18611e-06, -8.24853e-05, 1.19334e-06, 0.000102398, -1.3108e-07, -1.24777e-05
7.16664, 2.67659e-05, -9.59498e-05, 2.23101e-06, 0.000105619, 2.22511e-07, -1.41187e-05, -3.14506e-06, -8.26135e-05, 1.20385e-06, 0.000104686, -1.4223e-07, -1.29061e-05
7.24997, 2.64045e-05, -9.5844e-05, 2.1831e-06, 0.000107912, 2.41699e-07, -1.45947e-05, -3.10266e-06, -8.27326e-05, 1.21306e-06, 0.000106987, -1.53237e-07, -1.33418e-05
7.3333, 2.60452e-05, -9.57295e-05, 2.13539e-06, 0.000110206, 2.61117e-07, -1.50751e-05, -3.05974e-06, -8.28416e-05, 1.22132e-06, 0.000109289, -1.64149e-07, -1.37822e-05
7.41664, 2.56879e-05, -9.55995e-05, 2.08867e-06, 0.000112372, 2.80576e-07, -1.55347e-05, -3.01545e-06, -8.29341e-05, 1.22959e-06, 0.000111466, -1.75211e-07, -1.42022e-05
7.49997, 2.53382e-05, -9.54687e-05, 2.04174e-06, 0.000114639, 3.00118e-07, -1.60178e-05, -2.97087e-06, -8.30213e-05, 1.23571e-06, 0.000113743, -1.85844e-07, -1.46466e-05
7.5833, 2.49887e-05, -9.53215e-05, 1.99613e-06, 0.000116757, 3.19696e-07, -1.64751e-05, -2.92548e-06, -8.30919e-05, 1.24224e-06, 0.000115872, -1.96674e-07, -1.50653e-05
7.66664, 2.46471e-05, -9.51716e-05, 1.95036e-06, 0.000118945, 3.39282e-07, -1.69497e-05, -2.87967e-06, -8.3155e-05, 1.24688e-06, 0.00011807, -2.07141e-07, -1.55025e-05
7.74997, 2.43076e-05, -9.50077e-05, 1.90618e-06, 0.000120977, 3.58779e-07, -1.73961e-05, -2.83325e-06, -8.32029e-05, 1.252e-06, 0.000120114, -2.17771e-07, -1.59116e-05
7.8333, 2.39777e-05, -9.48415e-05, 1.8621e-06, 0.000123069, 3.78135e-07, -1.78578e-05, -2.78682e-06, -8.32427e-05, 1.25514e-06, 0.000122219, -2.2795e-07, -1.63373e-05
7.91664, 2.36512e-05, -9.46658e-05, 1.81909e-06, 0.000125089, 3.97445e-07, -1.83074e-05, -2.74036e-06, -8.32707e-05, 1.25809e-06, 0.000124251, -2.38081e-07, -1.67515e-05
7.99997, 2.33313e-05, -9.44832e-05, 1.77701e-06, 0.000127043, 4.16507e-07, -1.8746e-05, -2.69351e-06, -8.32878e-05, 1.26044e-06, 0.000126218, -2.48122e-07, -1.71555e-05
8.0833, 2.30193e-05, -9.42961e-05, 1.73542e-06, 0.000129018, 4.35459e-07, -1.91918e-05, -2.64713e-06, -8.32955e-05, 1.26153e-06, 0.000128207, -2.5778e-07, -1.75677e-05
8.16663, 2.27119e-05, -9.41015e-05, 1.69506e-06, 0.0001309, 4.54172e-07, -1.96203e-05, -2.60066e-06, -8.32927e-05, 1.26252e-06, 0.000130103, -2.67431e-07, -1.79634e-05
8.24997, 2.2413e-05, -9.39026e-05, 1.65588e-06, 0.000132716, 4.72511e-07, -2.00368e-05, -2.55426e-06, -8.32805e-05, 1.26296e-06, 0.000131933, -2.76905e-07, -1.8348e-05
8.3333, 2.2123e-05, -9.37003e-05, 1.61734e-06, 0.000134543, 4.90613e-07, -2.04576e-05, -2.50871e-06, -8.32593e-05, 1.26224e-06, 0.000133774, -2.85957e-07, -1.87381e-05
8.41663, 2.18388e-05, -9.34929e-05, 1.57959e-06, 0.000136342, 5.0852e-07, -2.08746e-05, -2.46365e-06, -8.3229e-05, 1.2609e-06, 0.000135587, -2.94792e-07, -1.91252e-05
8.49997, 2.15607e-05, -9.32815e-05, 1.54322e-06, 0.000138039, 5.26038e-07, -2.12714e-05, -2.41856e-06, -8.31912e-05, 1.25962e-06, 0.0001373, -3.03625e-07, -1.94928e-05
8.5833, 2.12919e-05, -9.30675e-05, 1.50758e-06, 0.000139732, 5.43225e-07, -2.16687e-05, -2.37428e-06, -8.3145e-05, 1.25734e-06, 0.000139007, -3.12066e-07, -1.98622e-05
8.66663, 2.10299e-05, -9.28502e-05, 1.47286e-06, 0.000141392, 5.60135e-07, -2.20605e-05, -2.33071e-06, -8.3091e-05, 1.25458e-06, 0.000140681, -3.20262e-07, -2.02268e-05
8.74997, 2.07746e-05, -9.26317e-05, 1.43955e-06, 0.000142955, 5.76582e-07, -2.24321e-05, -2.28743e-06, -8.30316e-05, 1.25192e-06, 0.000142259, -3.28424e-07, -2.05722e-05
8.8333, 2.05289e-05, -9.24117e-05, 1.40702e-06, 0.00014451, 5.9264e-07, -2.28033e-05, -2.24524e-06, -8.29648e-05, 1.24837e-06, 0.000143829, -3.36165e-07, -2.09183e-05
8.91663, 2.02903e-05, -9.219e-05, 1.37546e-06, 0.000146028, 6.08365e-07, -2.31677e-05, -2.20386e-06, -8.28917e-05, 1.24446e-06, 0.000145362, -3.43659e-07, -2.12585e-05
8.99996, 2.00586e-05, -9.1967e-05, 1.34482e-06, 0.000147506, 6.23722e-07, -2.35241e-05, -2.16319e-06, -8.2813e-05, 1.24019e-06, 0.000146855, -3.50944e-07, -2.15915e-05
9.0833, 1.9834e-05, -9.17433e-05, 1.31515e-06, 0.00014894, 6.38708e-07, -2.38716e-05, -2.12325e-06, -8.27292e-05, 1.23566e-06, 0.000148303, -3.58022e-07, -2.19165e-05
9.16663, 1.96165e-05, -9.15194e-05, 1.2864e-06, 0.000150335, 6.53309e-07, -2.42111e-05, -2.08412e-06, -8.26406e-05, 1.23085e-06, 0.000149712, -3.64876e-07, -2.22344e-05
9.24996, 1.94061e-05, -9.12956e-05, 1.25861e-06, 0.000151688, 6.67516e-07, -2.45422e-05, -2.04581e-06, -8.25477e-05, 1.22577e-06, 0.00015108, -3.71505e-07, -2.25446e-05
9.3333, 1.92026e-05, -9.10724e-05, 1.23174e-06, 0.000153, 6.81331e-07, -2.48644e-05, -2.00836e-06, -8.24511e-05, 1.22051e-06, 0.000152405, -3.77925e-07, -2.28469e-05
9.41663, 1.90062e-05, -9.08503e-05, 1.20582e-06, 0.000154272, 6.94737e-07, -2.51783e-05, -1.97179e-06, -8.23511e-05, 1.21503e-06, 0.000153692, -3.84115e-07, -2.31417e-05
9.49996, 1.88166e-05, -9.06295e-05, 1.18078e-06, 0.000155504, 7.07751e-07, -2.54836e-05, -1.93614e-06, -8.22481e-05, 1.2094e-06, 0.000154938, -3.90095e-07, -2.34287e-05
9.5833, 1.86337e-05, -9.04104e-05, 1.15663e-06, 0.000156697, 7.20369e-07, -2.57805e-05, -1.9014e-06, -8.21426e-05, 1.20364e-06, 0.000156145, -3.95866e-07, -2.37079e-05
9.66663, 1.84575e-05, -9.01933e-05, 1.13338e-06, 0.000157851, 7.3258e-07, -2.60687e-05, -1.86757e-06, -8.20349e-05, 1.19775e-06, 0.000157312, -4.01419e-07, -2.39794e-05
9.74996, 1.82878e-05, -8.99786e-05, 1.11097e-06, 0.000158968, 7.44408e-07, -2.63487e-05, -1.83467e-06, -8.19255e-05, 1.1918e-06, 0.000158442, -4.06776e-07, -2.42433e-05
9.83329, 1.81244e-05, -8.97664e-05, 1.0894e-06, 0.000160048, 7.55841e-07, -2.66204e-05, -1.8027e-06, -8.18147e-05, 1.18575e-06, 0.000159535, -4.11924e-07, -2.44996e-05
9.91663, 1.79671e-05, -8.95569e-05, 1.06862e-06, 0.000161093, 7.66897e-07, -2.68841e-05, -1.77166e-06, -8.17027e-05, 1.17966e-06, 0.000160592, -4.16876e-07, -2.47486e-05
9.99996, 1.78159e-05, -8.93505e-05, 1.04865e-06, 0.000162101, 7.77575e-07, -2.71395e-05, -1.74152e-06, -8.159e-05, 1.17355e-06, 0.000161613, -4.21641e-07, -2.499e-05
10.0833, 1.76705e-05, -8.91473e-05, 1.02944e-06, 0.000163075, 7.87884e-07, -2.73869e-05, -1.71231e-06, -8.14769e-05, 1.16743e-06, 0.000162599, -4.26221e-07, -2.5224e-05
10.1666, 1.75308e-05, -8.89474e-05, 1.01098e-06, 0.000164016, 7.97828e-07, -2.76268e-05, -1.68399e-06, -8.13635e-05, 1.16128e-06, 0.000163551, -4.30611e-07, -2.54511e-05
10.25, 1.73965e-05, -8.8751e-05, 9.93235e-07, 0.000164924, 8.07422e-07, -2.7859e-05, -1.65656e-06, -8.12503e-05, 1.15517e-06, 0.000164471, -4.34829e-07, -2.56711e-05
10.3333, 1.72675e-05, -8.8555e-05, 9.75907e-07, 0.000165826, 8.16764e-07, -2.809e-05, -1.63009e-06, -8.11341e-05, 1.14882e-06, 0.000165384, -4.38793e-07, -2.58905e-05
10.4166, 1.71426e-05, -8.83643e-05, 9.59428e-07, 0.000166678, 8.25755e-07, -2.83092e-05, -1.60416e-06, -8.10207e-05, 1.14275e-06, 0.000166247, -4.42701e-07, -2.60985e-05
10.5, 1.70227e-05, -8.81776e-05, 9.43553e-07, 0.0001675, 8.34414e-07, -2.8521e-05, -1.57909e-06, -8.09081e-05, 1.13671e-06, 0.00016708, -4.46467e-07, -2.62997e-05
10.5833, 1.69076e-05, -8.79948e-05, 9.28336e-07, 0.000168291, 8.42753e-07, -2.87257e-05, -1.55485e-06, -8.07964e-05, 1.13075e-06, 0.000167882, -4.50073e-07, -2.64942e-05
10.6666, 1.67973e-05, -8.78161e-05, 9.13724e-07, 0.000169054, 8.50777e-07, -2.89234e-05, -1.53144e-06, -8.06859e-05, 1.12487e-06, 0.000168654, -4.53535e-07, -2.66822e-05
10.75, 1.66914e-05, -8.76383e-05, 8.99478e-07, 0.00016981, 8.58577e-07, -2.91198e-05, -1.5089e-06, -8.05735e-05, 1.11884e-06, 0.000169421, -4.56772e-07, -2.68694e-05
10.8333, 1.65891e-05, -8.74664e-05, 8.85953e-07, 0.000170523, 8.66065e-07, -2.93056e-05, -1.48686e-06, -8.04648e-05, 1.11311e-06, 0.000170144, -4.5997e-07, -2.70463e-05
10.9166, 1.6491e-05, -8.72986e-05, 8.72939e-07, 0.000171211, 8.73262e-07, -2.9485e-05, -1.46562e-06, -8.03576e-05, 1.10743e-06, 0.00017084, -4.63038e-07, -2.72173e-05
11, 1.6397e-05, -8.71352e-05, 8.60486e-07, 0.000171872, 8.80181e-07, -2.9658e-05, -1.4451e-06, -8.02522e-05, 1.10188e-06, 0.00017151, -4.65978e-07, -2.73821e-05
11.0833, 1.63068e-05, -8.69729e-05, 8.48335e-07, 0.000172526, 8.86897e-07, -2.98295e-05, -1.42541e-06, -8.01455e-05, 1.09624e-06, 0.000172174, -4.68724e-07, -2.75461e-05
11.1666, 1.62198e-05, -8.68166e-05, 8.36814e-07, 0.000173143, 8.93338e-07, -2.99916e-05, -1.40616e-06, -8.00429e-05, 1.09088e-06, 0.000172799, -4.71436e-07, -2.77008e-05
11.25, 1.61364e-05, -8.66645e-05, 8.25734e-07, 0.000173737, 8.99521e-07, -3.0148e-05, -1.38765e-06, -7.99422e-05, 1.0856e-06, 0.000173401, -4.74038e-07, -2.78502e-05
11.3333, 1.60565e-05, -8.6514e-05, 8.14963e-07, 0.000174324, 9.0552e-07, -3.03026e-05, -1.36985e-06, -7.98409e-05, 1.0803e-06, 0.000173996, -4.7647e-07, -2.79981e-05
11.4166, 1.59794e-05, -8.63692e-05, 8.04741e-07, 0.000174876, 9.11267e-07, -3.04488e-05, -1.3525e-06, -7.97436e-05, 1.07525e-06, 0.000174556, -4.78869e-07, -2.81378e-05
11.5, 1.59056e-05, -8.62285e-05, 7.94926e-07, 0.000175408, 9.1678e-07, -3.05896e-05, -1.33583e-06, -7.96485e-05, 1.07031e-06, 0.000175096, -4.81167e-07, -2.82726e-05
11.5833, 1.58349e-05, -8.60895e-05, 7.85381e-07, 0.000175933, 9.22125e-07, -3.07288e-05, -1.31981e-06, -7.9553e-05, 1.06535e-06, 0.000175628, -4.83311e-07, -2.8406e-05
11.6666, 1.57667e-05, -8.59561e-05, 7.76325e-07, 0.000176428, 9.27245e-07, -3.08602e-05, -1.30421e-06, -7.94616e-05, 1.06064e-06, 0.00017613, -4.85432e-07, -2.85318e-05
11.75, 1.57015e-05, -8.58268e-05, 7.67637e-07, 0.000176903, 9.3215e-07, -3.09866e-05, -1.28922e-06, -7.93725e-05, 1.05604e-06, 0.000176612, -4.87462e-07, -2.86529e-05
11.8333, 1.5639e-05, -8.56992e-05, 7.59191e-07, 0.000177372, 9.36904e-07, -3.11116e-05, -1.27484e-06, -7.92833e-05, 1.05145e-06, 0.000177087, -4.89353e-07, -2.87728e-05
11.9166, 1.55787e-05, -8.55769e-05, 7.51182e-07, 0.000177814, 9.41453e-07, -3.12295e-05, -1.26084e-06, -7.91982e-05, 1.04709e-06, 0.000177536, -4.91222e-07, -2.88859e-05
12, 1.5521e-05, -8.54563e-05, 7.43369e-07, 0.00017825, 9.45858e-07, -3.1346e-05, -1.24745e-06, -7.9113e-05, 1.04271e-06, 0.000177978, -4.92967e-07, -2.89977e-05
12.0833, 1.54654e-05, -8.53409e-05, 7.35975e-07, 0.000178659, 9.50074e-07, -3.14557e-05, -1.2344e-06, -7.90319e-05, 1.03859e-06, 0.000178393, -4.94694e-07, -2.9103e-05
12.1666, 1.54122e-05, -8.52293e-05, 7.28874e-07, 0.000179053, 9.54109e-07, -3.15613e-05, -1.22191e-06, -7.8953e-05, 1.03456e-06, 0.000178793, -4.96344e-07, -2.92045e-05
12.25, 1.53613e-05, -8.51193e-05, 7.21984e-07, 0.000179442, 9.58016e-07, -3.16655e-05, -1.20992e-06, -7.88743e-05, 1.03055e-06, 0.000179187, -4.97879e-07, -2.93046e-05
12.3333, 1.53123e-05, -8.50143e-05, 7.15446e-07, 0.000179807, 9.61754e-07, -3.17636e-05, -1.19826e-06, -7.87995e-05, 1.02676e-06, 0.000179557, -4.994e-07, -2.93989e-05
12.4166, 1.52653e-05, -8.49109e-05, 7.09079e-07, 0.000180167, 9.65368e-07, -3.18605e-05, -1.18711e-06, -7.87249e-05, 1.02297e-06, 0.000179923, -5.00815e-07, -2.94921e-05
12.5, 1.52201e-05, -8.48122e-05, 7.0305e-07, 0.000180506, 9.68825e-07, -3.19518e-05, -1.17627e-06, -7.8654e-05, 1.0194e-06, 0.000180267, -5.02215e-07, -2.95798e-05
12.5833, 1.51768e-05, -8.47151e-05, 6.97173e-07, 0.000180839, 9.72165e-07, -3.20417e-05, -1.16592e-06, -7.85836e-05, 1.01583e-06, 0.000180605, -5.03522e-07, -2.96664e-05
12.6666, 1.51351e-05, -8.46225e-05, 6.91616e-07, 0.000181153, 9.75361e-07, -3.21264e-05, -1.15584e-06, -7.85166e-05, 1.01246e-06, 0.000180924, -5.04809e-07, -2.97479e-05
12.75, 1.50952e-05, -8.45315e-05, 6.86193e-07, 0.000181462, 9.7845e-07, -3.22099e-05, -1.14624e-06, -7.84501e-05, 1.00911e-06, 0.000181237, -5.06013e-07, -2.98284e-05
12.8333, 1.50568e-05, -8.44431e-05, 6.8099e-07, 0.00018176, 9.8143e-07, -3.22906e-05, -1.13691e-06, -7.83854e-05, 1.00587e-06, 0.00018154, -5.07169e-07, -2.99061e-05
12.9166, 1.50198e-05, -8.43589e-05, 6.7604e-07, 0.000182041, 9.84277e-07, -3.23666e-05, -1.12789e-06, -7.83239e-05, 1.00279e-06, 0.000181825, -5.08314e-07, -2.99793e-05
12.9999, 1.49844e-05, -8.42763e-05, 6.71232e-07, 0.000182317, 9.87028e-07, -3.24414e-05, -1.11927e-06, -7.8263e-05, 9.99736e-07, 0.000182105, -5.09381e-07, -3.00514e-05
13.0833, 1.49503e-05, -8.41976e-05, 6.6668e-07, 0.000182576, 9.89655e-07, -3.25119e-05, -1.11089e-06, -7.82052e-05, 9.96855e-07, 0.000182368, -5.10433e-07, -3.01193e-05
13.1666, 1.49177e-05, -8.41203e-05, 6.62243e-07, 0.000182832, 9.92194e-07, -3.25812e-05, -1.10291e-06, -7.8148e-05, 9.9399e-07, 0.000182628, -5.11414e-07, -3.01862e-05
13.2499, 1.48864e-05, -8.40468e-05, 6.58052e-07, 0.000183072, 9.94619e-07, -3.26464e-05, -1.09514e-06, -7.80938e-05, 9.91299e-07, 0.000182871, -5.12384e-07, -3.0249e-05
13.3333, 1.48564e-05, -8.39748e-05, 6.53962e-07, 0.000183308, 9.96962e-07, -3.27107e-05, -1.08775e-06, -7.80402e-05, 9.88624e-07, 0.000183111, -5.13287e-07, -3.0311e-05
13.4166, 1.48275e-05, -8.39049e-05, 6.50039e-07, 0.000183536, 9.99222e-07, -3.27727e-05, -1.08058e-06, -7.79881e-05, 9.8604e-07, 0.000183342, -5.14153e-07, -3.03708e-05
13.4999, 1.47996e-05, -8.38385e-05, 6.46314e-07, 0.00018375, 1.00138e-06, -3.2831e-05, -1.07365e-06, -7.79388e-05, 9.83594e-07, 0.00018356, -5.15014e-07, -3.04271e-05
13.5833, 1.4773e-05, -8.37735e-05, 6.42691e-07, 0.000183961, 1.00346e-06, -3.28884e-05, -1.06703e-06, -7.789e-05, 9.81174e-07, 0.000183773, -5.15813e-07, -3.04825e-05
13.6666, 1.47474e-05, -8.37105e-05, 6.39209e-07, 0.000184163, 1.00547e-06, -3.29437e-05, -1.06063e-06, -7.78428e-05, 9.78842e-07, 0.000183979, -5.16583e-07, -3.0536e-05
13.7499, 1.47228e-05, -8.36507e-05, 6.35905e-07, 0.000184354, 1.00738e-06, -3.29958e-05, -1.05444e-06, -7.77981e-05, 9.76634e-07, 0.000184173, -5.17345e-07, -3.05862e-05
13.8333, 1.46992e-05, -8.35921e-05, 6.32691e-07, 0.000184542, 1.00923e-06, -3.3047e-05, -1.04853e-06, -7.7754e-05, 9.7445e-07, 0.000184363, -5.18052e-07, -3.06357e-05
13.9166, 1.46765e-05, -8.35354e-05, 6.29606e-07, 0.000184722, 1.01102e-06, -3.30964e-05, -1.04282e-06, -7.77112e-05, 9.72348e-07, 0.000184547, -5.18734e-07, -3.06834e-05
13.9999, 1.46547e-05, -8.34816e-05, 6.26676e-07, 0.000184892, 1.01272e-06, -3.31429e-05, -1.03729e-06, -7.76708e-05, 9.70351e-07, 0.000184719, -5.19407e-07, -3.07283e-05
14.0833, 1.46338e-05, -8.34289e-05, 6.23829e-07, 0.000185059, 1.01436e-06, -3.31885e-05, -1.03203e-06, -7.7631e-05, 9.68388e-07, 0.000184888, -5.20034e-07, -3.07724e-05
14.1666, 1.46137e-05, -8.3378e-05, 6.21095e-07, 0.00018522, 1.01594e-06, -3.32325e-05, -1.02693e-06, -7.75924e-05, 9.66497e-07, 0.000185052, -5.20638e-07, -3.08149e-05
14.2499, 1.45944e-05, -8.33288e-05, 6.18458e-07, 0.000185375, 1.01747e-06, -3.32749e-05, -1.02203e-06, -7.7555e-05, 9.64664e-07, 0.000185209, -5.21218e-07, -3.08559e-05
14.3333, 1.45758e-05, -8.32821e-05, 6.15962e-07, 0.00018552, 1.01892e-06, -3.33149e-05, -1.01727e-06, -7.75198e-05, 9.6293e-07, 0.000185357, -5.21792e-07, -3.08945e-05
14.4166, 1.4558e-05, -8.32364e-05, 6.13532e-07, 0.000185663, 1.02032e-06, -3.33541e-05, -1.01275e-06, -7.7485e-05, 9.61226e-07, 0.000185502, -5.22326e-07, -3.09324e-05
14.4999, 1.45409e-05, -8.31923e-05, 6.11201e-07, 0.000185801, 1.02168e-06, -3.33918e-05, -1.00838e-06, -7.74514e-05, 9.59585e-07, 0.000185642, -5.2284e-07, -3.09689e-05
14.5833, 1.45244e-05, -8.31497e-05, 6.08955e-07, 0.000185933, 1.02298e-06, -3.34282e-05, -1.00417e-06, -7.74189e-05, 9.57998e-07, 0.000185776, -5.23336e-07, -3.10041e-05
14.6666, 1.45086e-05, -8.31094e-05, 6.06826e-07, 0.000186058, 1.02422e-06, -3.34624e-05, -1.00009e-06, -7.73883e-05, 9.56496e-07, 0.000185903, -5.23824e-07, -3.10372e-05
14.7499, 1.44934e-05, -8.30699e-05, 6.04757e-07, 0.00018618, 1.02542e-06, -3.3496e-05, -9.96214e-07, -7.73581e-05, 9.55017e-07, 0.000186027, -5.24278e-07, -3.10697e-05
14.8333, 1.44788e-05, -8.30318e-05, 6.02769e-07, 0.000186298, 1.02657e-06, -3.35284e-05, -9.92463e-07, -7.7329e-05, 9.536e-07, 0.000186146, -5.24716e-07, -3.1101e-05
14.9166, 1.44648e-05, -8.2995e-05, 6.00854e-07, 0.000186411, 1.02768e-06, -3.35596e-05, -9.88851e-07, -7.73008e-05, 9.52226e-07, 0.000186262, -5.25137e-07, -3.11312e-05
14.9999, 1.44513e-05, -8.29602e-05, 5.99041e-07, 0.000186518, 1.02874e-06, -3.35889e-05, -9.85358e-07, -7.72742e-05, 9.50928e-07, 0.00018637, -5.25553e-07, -3.11596e-05
15.0833, 1.44384e-05, -8.29262e-05, 5.97278e-07, 0.000186623, 1.02976e-06, -3.36177e-05, -9.82037e-07, -7.72481e-05, 9.49654e-07, 0.000186476, -5.25941e-07, -3.11874e-05
15.1666, 1.4426e-05, -8.28933e-05, 5.95586e-07, 0.000186723, 1.03075e-06, -3.36454e-05, -9.78822e-07, -7.72229e-05, 9.48427e-07, 0.000186578, -5.26312e-07, -3.12143e-05
15.2499, 1.44141e-05, -8.28616e-05, 5.93956e-07, 0.00018682, 1.03169e-06, -3.36721e-05, -9.75735e-07, -7.71985e-05, 9.47243e-07, 0.000186677, -5.2667e-07, -3.12401e-05
15.3333, 1.44026e-05, -8.28311e-05, 5.92385e-07, 0.000186913, 1.0326e-06, -3.36978e-05, -9.72752e-07, -7.7175e-05, 9.46102e-07, 0.000186771, -5.27015e-07, -3.1265e-05
15.4166, 1.43915e-05, -8.28016e-05, 5.90877e-07, 0.000187003, 1.03348e-06, -3.37225e-05, -9.69885e-07, -7.71523e-05, 9.44998e-07, 0.000186863, -5.27347e-07, -3.1289e-05
15.4999, 1.43809e-05, -8.27737e-05, 5.89447e-07, 0.000187088, 1.03432e-06, -3.37458e-05, -9.67109e-07, -7.7131e-05, 9.43957e-07, 0.000186948, -5.27674e-07, -3.13115e-05
15.5833, 1.43707e-05, -8.27465e-05, 5.88056e-07, 0.000187171, 1.03513e-06, -3.37686e-05, -9.64473e-07, -7.711e-05, 9.42936e-07, 0.000187032, -5.27979e-07, -3.13336e-05
15.6666, 1.4361e-05, -8.27202e-05, 5.86722e-07, 0.00018725, 1.0359e-06, -3.37906e-05, -9.61923e-07, -7.70897e-05, 9.41957e-07, 0.000187113, -5.28272e-07, -3.13549e-05
15.7499, 1.43516e-05, -8.26949e-05, 5.85438e-07, 0.000187327, 1.03665e-06, -3.38118e-05, -9.5947e-07, -7.70701e-05, 9.41006e-07, 0.000187191, -5.28554e-07, -3.13754e-05
15.8333, 1.43425e-05, -8.26705e-05, 5.842e-07, 0.000187401, 1.03737e-06, -3.38321e-05, -9.57107e-07, -7.70513e-05, 9.40094e-07, 0.000187266, -5.28826e-07, -3.13951e-05
15.9166, 1.43338e-05, -8.2647e-05, 5.83012e-07, 0.000187472, 1.03806e-06, -3.38518e-05, -9.54831e-07, -7.70331e-05, 9.39211e-07, 0.000187338, -5.29086e-07, -3.14141e-05
15.9999, 1.43255e-05, -8.26247e-05, 5.81886e-07, 0.000187539, 1.03872e-06, -3.38702e-05, -9.52637e-07, -7.7016e-05, 9.38381e-07, 0.000187406, -5.29344e-07, -3.1432e-05
16.0833, 1.43174e-05, -8.26029e-05, 5.80789e-07, 0.000187604, 1.03936e-06, -3.38883e-05, -9.50548e-07, -7.69992e-05, 9.37567e-07, 0.000187473, -5.29585e-07, -3.14495e-05
16.1666, 1.43098e-05, -8.2582e-05, 5.79737e-07, 0.000187667, 1.03997e-06, -3.39057e-05, -9.48527e-07, -7.69829e-05, 9.36785e-07, 0.000187537, -5.29816e-07, -3.14664e-05
16.2499, 1.43024e-05, -8.25618e-05, 5.78726e-07, 0.000187728, 1.04056e-06, -3.39224e-05, -9.46587e-07, -7.69673e-05, 9.36029e-07, 0.000187598, -5.30038e-07, -3.14826e-05
16.3333, 1.42952e-05, -8.25424e-05, 5.77751e-07, 0.000187786, 1.04113e-06, -3.39386e-05, -9.44715e-07, -7.69523e-05, 9.35299e-07, 0.000187658, -5.30251e-07, -3.14982e-05
16.4166, 1.42884e-05, -8.25237e-05, 5.76814e-07, 0.000187842, 1.04168e-06, -3.39541e-05, -9.42914e-07, -7.69377e-05, 9.34601e-07, 0.000187715, -5.30457e-07, -3.15133e-05
16.4999, 1.42818e-05, -8.25056e-05, 5.75913e-07, 0.000187896, 1.0422e-06, -3.3969e-05, -9.41183e-07, -7.69237e-05, 9.33924e-07, 0.00018777, -5.30655e-07, -3.15277e-05
16.5833, 1.42755e-05, -8.24883e-05, 5.75046e-07, 0.000187948, 1.04271e-06, -3.39834e-05, -9.39513e-07, -7.69102e-05, 9.33272e-07, 0.000187822, -5.30845e-07, -3.15417e-05
16.6666, 1.42694e-05, -8.24715e-05, 5.74214e-07, 0.000187998, 1.04319e-06, -3.39972e-05, -9.37905e-07, -7.68973e-05, 9.32643e-07, 0.000187873, -5.31027e-07, -3.15551e-05
16.7499, 1.42635e-05, -8.24557e-05, 5.73422e-07, 0.000188045, 1.04366e-06, -3.40102e-05, -9.36356e-07, -7.6885e-05, 9.32053e-07, 0.000187921, -5.31208e-07, -3.15677e-05
16.8333, 1.42579e-05, -8.24403e-05, 5.72656e-07, 0.000188091, 1.0441e-06, -3.4023e-05, -9.34881e-07, -7.6873e-05, 9.31472e-07, 0.000187968, -5.31376e-07, -3.158e-05
16.9166, 1.42525e-05, -8.24254e-05, 5.71919e-07, 0.000188136, 1.04453e-06, -3.40353e-05, -9.33459e-07, -7.68615e-05, 9.30917e-07, 0.000188013, -5.31538e-07, -3.15919e-05
16.9999, 1.42473e-05, -8.24111e-05, 5.71207e-07, 0.000188178, 1.04495e-06, -3.40471e-05, -9.32089e-07, -7.68503e-05, 9.30382e-07, 0.000188056, -5.31694e-07, -3.16034e-05
17.0833, 1.42423e-05, -8.23973e-05, 5.70526e-07, 0.00018822, 1.04535e-06, -3.40584e-05, -9.30771e-07, -7.68396e-05, 9.29862e-07, 0.000188098, -5.31842e-07, -3.16144e-05
17.1666, 1.42375e-05, -8.2384e-05, 5.6987e-07, 0.000188259, 1.04573e-06, -3.40693e-05, -9.29502e-07, -7.68293e-05, 9.29366e-07, 0.000188138, -5.31986e-07, -3.1625e-05
17.2499, 1.42329e-05, -8.23713e-05, 5.69238e-07, 0.000188297, 1.0461e-06, -3.40799e-05, -9.28281e-07, -7.68193e-05, 9.28886e-07, 0.000188176, -5.32124e-07, -3.16352e-05
17.3333, 1.42285e-05, -8.2359e-05, 5.6863e-07, 0.000188334, 1.04645e-06, -3.409e-05, -9.27108e-07, -7.68097e-05, 9.28427e-07, 0.000188214, -5.32259e-07, -3.1645e-05
17.4166, 1.42242e-05, -8.23471e-05, 5.68046e-07, 0.000188369, 1.04679e-06, -3.40997e-05, -9.25977e-07, -7.68005e-05, 9.27982e-07, 0.000188249, -5.32386e-07, -3.16544e-05
17.4999, 1.42201e-05, -8.23357e-05, 5.67484e-07, 0.000188403, 1.04712e-06, -3.41091e-05, -9.2489e-07, -7.67916e-05, 9.27555e-07, 0.000188284, -5.32509e-07, -3.16635e-05
17.5832, 1.42162e-05, -8.23247e-05, 5.66945e-07, 0.000188435, 1.04744e-06, -3.41181e-05, -9.23841e-07, -7.67831e-05, 9.27142e-07, 0.000188317, -5.32628e-07, -3.16722e-05
17.6666, 1.42124e-05, -8.23141e-05, 5.66426e-07, 0.000188466, 1.04774e-06, -3.41268e-05, -9.22835e-07, -7.67748e-05, 9.26745e-07, 0.000188349, -5.32742e-07, -3.16807e-05
17.7499, 1.42087e-05, -8.2304e-05, 5.65926e-07, 0.000188497, 1.04803e-06, -3.41351e-05, -9.21864e-07, -7.67669e-05, 9.26362e-07, 0.000188379, -5.32851e-07, -3.16888e-05
17.8332, 1.42052e-05, -8.22942e-05, 5.65445e-07, 0.000188526, 1.04831e-06, -3.41431e-05, -9.2093e-07, -7.67593e-05, 9.25996e-07, 0.000188409, -5.32957e-07, -3.16965e-05
17.9166, 1.42018e-05, -8.22849e-05, 5.64988e-07, 0.000188553, 1.04858e-06, -3.41507e-05, -9.20032e-07, -7.67521e-05, 9.25649e-07, 0.000188436, -5.3306e-07, -3.17039e-05
17.9999, 1.41986e-05, -8.22759e-05, 5.64547e-07, 0.000188579, 1.04884e-06, -3.41581e-05, -9.19175e-07, -7.67451e-05, 9.25308e-07, 0.000188463, -5.33157e-07, -3.1711e-05
18.0832, 1.41955e-05, -8.22672e-05, 5.64121e-07, 0.000188605, 1.04909e-06, -3.41652e-05, -9.18353e-07, -7.67383e-05, 9.24987e-07, 0.000188489, -5.3325e-07, -3.17179e-05
18.1666, 1.41925e-05, -8.22589e-05, 5.63713e-07, 0.00018863, 1.04933e-06, -3.4172e-05, -9.17556e-07, -7.67318e-05, 9.24672e-07, 0.000188514, -5.3334e-07, -3.17245e-05
18.2499, 1.41897e-05, -8.22508e-05, 5.63319e-07, 0.000188653, 1.04956e-06, -3.41786e-05, -9.16793e-07, -7.67255e-05, 9.24371e-07, 0.000188539, -5.33426e-07, -3.17309e-05
18.3332, 1.41869e-05, -8.22431e-05, 5.6294e-07, 0.000188676, 1.04978e-06, -3.41849e-05, -9.16062e-07, -7.67194e-05, 9.24082e-07, 0.000188562, -5.33509e-07, -3.17371e-05
18.4166, 1.41842e-05, -8.22357e-05, 5.62578e-07, 0.000188698, 1.04999e-06, -3.4191e-05, -9.15353e-07, -7.67136e-05, 9.23801e-07, 0.000188584, -5.33588e-07, -3.1743e-05
18.4999, 1.41817e-05, -8.22285e-05, 5.62227e-07, 0.000188719, 1.05019e-06, -3.41969e-05, -9.14674e-07, -7.6708e-05, 9.23531e-07, 0.000188605, -5.33665e-07, -3.17486e-05
18.5832, 1.41792e-05, -8.22216e-05, 5.61892e-07, 0.00018874, 1.05039e-06, -3.42025e-05, -9.14018e-07, -7.67026e-05, 9.23274e-07, 0.000188626, -5.33739e-07, -3.17541e-05
18.6666, 1.41769e-05, -8.2215e-05, 5.61568e-07, 0.000188759, 1.05058e-06, -3.42079e-05, -9.13388e-07, -7.66975e-05, 9.23023e-07, 0.000188646, -5.33809e-07, -3.17594e-05
18.7499, 1.41746e-05, -8.22086e-05, 5.61256e-07, 0.000188778, 1.05076e-06, -3.42131e-05, -9.12783e-07, -7.66925e-05, 9.22785e-07, 0.000188665, -5.33878e-07, -3.17644e-05
18.8332, 1.41724e-05, -8.22024e-05, 5.60956e-07, 0.000188796, 1.05094e-06, -3.42182e-05, -9.12201e-07, -7.66877e-05, 9.22554e-07, 0.000188683, -5.33943e-07, -3.17693e-05
18.9166, 1.41703e-05, -8.21965e-05, 5.6067e-07, 0.000188814, 1.0511e-06, -3.4223e-05, -9.1164e-07, -7.6683e-05, 9.22333e-07, 0.000188701, -5.34006e-07, -3.1774e-05
18.9999, 1.41683e-05, -8.21908e-05, 5.60393e-07, 0.00018883, 1.05127e-06, -3.42276e-05, -9.11099e-07, -7.66786e-05, 9.22119e-07, 0.000188718, -5.34067e-07, -3.17785e-05
19.0832, 1.41663e-05, -8.21854e-05, 5.60126e-07, 0.000188846, 1.05142e-06, -3.42321e-05, -9.10582e-07, -7.66743e-05, 9.21913e-07, 0.000188734, -5.34125e-07, -3.17828e-05
19.1666, 1.41645e-05, -8.21801e-05, 5.5987e-07, 0.000188862, 1.05157e-06, -3.42364e-05, -9.10084e-07, -7.66702e-05, 9.21715e-07, 0.00018875, -5.34181e-07, -3.1787e-05
19.2499, 1.41627e-05, -8.2175e-05, 5.59623e-07, 0.000188877, 1.05172e-06, -3.42405e-05, -9.09603e-07, -7.66662e-05, 9.21525e-07, 0.000188765, -5.34235e-07, -3.1791e-05
19.3332, 1.4161e-05, -8.21701e-05, 5.59386e-07, 0.000188891, 1.05185e-06, -3.42445e-05, -9.09142e-07, -7.66624e-05, 9.21342e-07, 0.00018878, -5.34287e-07, -3.17948e-05
19.4166, 1.41593e-05, -8.21655e-05, 5.59159e-07, 0.000188905, 1.05199e-06, -3.42483e-05, -9.08697e-07, -7.66588e-05, 9.21166e-07, 0.000188794, -5.34337e-07, -3.17985e-05
19.4999, 1.41577e-05, -8.21609e-05, 5.5894e-07, 0.000188918, 1.05212e-06, -3.4252e-05, -9.0827e-07, -7.66552e-05, 9.20998e-07, 0.000188807, -5.34386e-07, -3.18021e-05
19.5832, 1.41562e-05, -8.21566e-05, 5.58729e-07, 0.000188931, 1.05224e-06, -3.42555e-05, -9.07859e-07, -7.66518e-05, 9.20836e-07, 0.00018882, -5.34432e-07, -3.18055e-05
19.6665, 1.41547e-05, -8.21524e-05, 5.58527e-07, 0.000188943, 1.05236e-06, -3.42589e-05, -9.07464e-07, -7.66486e-05, 9.20678e-07, 0.000188833, -5.34476e-07, -3.18088e-05
19.7499, 1.41533e-05, -8.21484e-05, 5.58332e-07, 0.000188955, 1.05247e-06, -3.42622e-05, -9.07083e-07, -7.66454e-05, 9.20526e-07, 0.000188845, -5.34518e-07, -3.1812e-05
19.8332, 1.41519e-05, -8.21446e-05, 5.58145e-07, 0.000188966, 1.05258e-06, -3.42653e-05, -9.06717e-07, -7.66424e-05, 9.20381e-07, 0.000188856, -5.34559e-07, -3.1815e-05
19.9165, 1.41506e-05, -8.21408e-05, 5.57964e-07, 0.000188977, 1.05269e-06, -3.42683e-05, -9.06367e-07, -7.66395e-05, 9.20243e-07, 0.000188867, -5.34599e-07, -3.1818e-05
19.9999, 1.41493e-05, -8.21373e-05, 5.57791e-07, 0.000188988, 1.05279e-06, -3.42713e-05, -9.06027e-07, -7.66367e-05, 9.20106e-07, 0.000188878, -5.34636e-07, -3.18208e-05
