0, 1, 0, 0, 0, 0.05, 0, -0.01
0.01, 1, 0, 0, 0, 0.05, 0, -0.01
0.02, 1, 0, 0, 0, 0.05, 0, -0.01
0.03, 1, 0, 0, 0, 0.05, 0, -0.01
0.04, 1, 0, 0, 0, 0.05, 0, -0.01
0.05, 1, 0, 0, 0, 0.05, 0, -0.01
0.06, 1, 0, 0, 0, 0.05, 0, -0.01
0.07, 1, 0, 0, 0, 0.05, 0, -0.01
0.08, 1, 0, 0, 0, 0.05, 0, -0.01
0.09, 1, 0, 0, 0, 0.05, 0, -0.01
0.1, 1, 0, 0, 0, 0.05, 0, -0.01
0.11, 1, 0, 0, 0, 0.05, 0, -0.01
0.12, 1, 0, 0, 0, 0.05, 0, -0.01
0.13, 1, 0, 0, 0, 0.05, 0, -0.01
0.14, 1, 0, 0, 0, 0.05, 0, -0.01
0.15, 1, 0, 0, 0, 0.05, 0, -0.01
0.16, 1, 0, 0, 0, 0.05, 0, -0.01
0.17, 1, 0, 0, 0, 0.05, 0, -0.01
0.18, 1, 0, 0, 0, 0.05, 0, -0.01
0.19, 1, 0, 0, 0, 0.05, 0, -0.01
0.2, 1, 0, 0, 0, 0.05, 0, -0.01
0.21, 1, 0, 0, 0, 0.05, 0, -0.01
0.22, 1, 0, 0, 0, 0.05, 0, -0.01
0.23, 1, 0, 0, 0, 0.05, 0, -0.01
0.24, 1, 0, 0, 0, 0.05, 0, -0.01
0.25, 1, 0, 0, 0, 0.05, 0, -0.01
0.26, 1, 0, 0, 0, 0.05, 0, -0.01
0.27, 1, 0, 0, 0, 0.05, 0, -0.01
0.28, 1, 0, 0, 0, 0.05, 0, -0.01
0.29, 1, 0, 0, 0, 0.05, 0, -0.01
0.3, 1, 0, 0, 0, 0.05, 0, -0.01
0.31, 1, 0, 0, 0, 0.05, 0, -0.01
0.32, 1, 0, 0, 0, 0.05, 0, -0.01
0.33, 1, 0, 0, 0, 0.05, 0, -0.01
0.34, 1, 0, 0, 0, 0.05, 0, -0.01
0.35, 1, 0, 0, 0, 0.05, 0, -0.01
0.36, 1, 0, 0, 0, 0.05, 0, -0.01
0.37, 1, 0, 0, 0, 0.05, 0, -0.01
0.38, 1, 0, 0, 0, 0.05, 0, -0.01
0.39, 1, 0, 0, 0, 0.05, 0, -0.01
0.4, 1, 0, 0, 0, 0.05, 0, -0.01
0.41, 1, 0, 0, 0, 0.05, 0, -0.01
0.42, 1, 0, 0, 0, 0.05, 0, -0.01
0.43, 1, 0, 0, 0, 0.05, 0, -0.01
0.44, 1, 0, 0, 0, 0.05, 0, -0.01
0.45, 1, 0, 0, 0, 0.05, 0, -0.01
0.46, 1, 0, 0, 0, 0.05, 0, -0.01
0.47, 1, 0, 0, 0, 0.05, 0, -0.01
0.48, 1, 0, 0, 0, 0.05, 0, -0.01
0.49, 1, 0, 0, 0, 0.05, 0, -0.01
0.5, 1, 0, 0, 0, 0.05, 0, -0.01
0.51, 1, 0, 0, 0, 0.05, 0, -0.01
0.52, 1, 0, 0, 0, 0.05, 0, -0.01
0.53, 1, 0, 0, 0, 0.05, 0, -0.01
0.54, 1, 0, 0, 0, 0.05, 0, -0.01
0.55, 1, 0, 0, 0, 0.05, 0, -0.01
0.56, 1, 0, 0, 0, 0.05, 0, -0.01
0.57, 1, 0, 0, 0, 0.05, 0, -0.01
0.58, 1, 0, 0, 0, 0.05, 0, -0.01
0.59, 1, 0, 0, 0, 0.05, 0, -0.01
0.6, 1, 0, 0, 0, 0.05, 0, -0.01
0.61, 1, 0, 0, 0, 0.05, 0, -0.01
0.62, 1, 0, 0, 0, 0.05, 0, -0.01
0.63, 1, 0, 0, 0, 0.05, 0, -0.01
0.64, 1, 0, 0, 0, 0.05, 0, -0.01
0.65, 1, 0, 0, 0, 0.05, 0, -0.01
0.66, 1, 0, 0, 0, 0.05, 0, -0.01
0.67, 1, 0, 0, 0, 0.05, 0, -0.01
0.68, 1, 0, 0, 0, 0.05, 0, -0.01
0.69, 1, 0, 0, 0, 0.05, 0, -0.01
0.7, 1, 0, 0, 0, 0.05, 0, -0.01
0.71, 1, 0, 0, 0, 0.05, 0, -0.01
0.72, 1, 0, 0, 0, 0.05, 0, -0.01
0.73, 1, 0, 0, 0, 0.05, 0, -0.01
0.74, 1, 0, 0, 0, 0.05, 0, -0.01
0.75, 1, 0, 0, 0, 0.05, 0, -0.01
0.76, 1, 0, 0, 0, 0.05, 0, -0.01
0.77, 1, 0, 0, 0, 0.05, 0, -0.01
0.78, 1, 0, 0, 0, 0.05, 0, -0.01
0.79, 1, 0, 0, 0, 0.05, 0, -0.01
0.8, 1, 0, 0, 0, 0.05, 0, -0.01
0.81, 1, 0, 0, 0, 0.05, 0, -0.01
0.82, 1, 0, 0, 0, 0.05, 0, -0.01
0.83, 1, 0, 0, 0, 0.05, 0, -0.01
0.839999, 1, 0, 0, 0, 0.05, 0, -0.01
0.849999, 1, 0, 0, 0, 0.05, 0, -0.01
0.859999, 1, 0, 0, 0, 0.05, 0, -0.01
0.869999, 1, 0, 0, 0, 0.05, 0, -0.01
0.879999, 1, 0, 0, 0, 0.05, 0, -0.01
0.889999, 1, 0, 0, 0, 0.05, 0, -0.01
0.899999, 1, 0, 0, 0, 0.05, 0, -0.01
0.909999, 1, 0, 0, 0, 0.05, 0, -0.01
0.919999, 1, 0, 0, 0, 0.05, 0, -0.01
0.929999, 1, 0, 0, 0, 0.05, 0, -0.01
0.939999, 1, 0, 0, 0, 0.05, 0, -0.01
0.949999, 1, 0, 0, 0, 0.05, 0, -0.01
0.959999, 1, 0, 0, 0, 0.05, 0, -0.01
0.969999, 1, 0, 0, 0, 0.05, 0, -0.01
0.979999, 1, 0, 0, 0, 0.05, 0, -0.01
0.989999, 1, 0, 0, 0, 0.05, 0, -0.01
0.999999, 1, 0, 0, 0, 0.05, 0, -0.01
1.01, 1, 0, 0, 0, 0.05, 0, -0.01
1.02, 1, 0, 0, 0, 0.05, 0, -0.01
1.03, 1, 0, 0, 0, 0.05, 0, -0.01
1.04, 1, 0, 0, 0, 0.05, 0, -0.01
1.05, 1, 0, 0, 0, 0.05, 0, -0.01
1.06, 1, 0, 0, 0, 0.05, 0, -0.01
1.07, 1, 0, 0, 0, 0.05, 0, -0.01
1.08, 1, 0, 0, 0, 0.05, 0, -0.01
1.09, 1, 0, 0, 0, 0.05, 0, -0.01
1.1, 1, 0, 0, 0, 0.05, 0, -0.01
1.11, 1, 0, 0, 0, 0.05, 0, -0.01
1.12, 1, 0, 0, 0, 0.05, 0, -0.01
1.13, 1, 0, 0, 0, 0.05, 0, -0.01
1.14, 1, 0, 0, 0, 0.05, 0, -0.01
1.15, 1, 0, 0, 0, 0.05, 0, -0.01
1.16, 1, 0, 0, 0, 0.05, 0, -0.01
1.17, 1, 0, 0, 0, 0.05, 0, -0.01
1.18, 1, 0, 0, 0, 0.05, 0, -0.01
1.19, 1, 0, 0, 0, 0.05, 0, -0.01
1.2, 1, 0, 0, 0, 0.05, 0, -0.01
1.21, 1, 0, 0, 0, 0.05, 0, -0.01
1.22, 1, 0, 0, 0, 0.05, 0, -0.01
1.23, 1, 0, 0, 0, 0.05, 0, -0.01
1.24, 1, 0, 0, 0, 0.05, 0, -0.01
1.25, 1, 0, 0, 0, 0.05, 0, -0.01
1.26, 1, 0, 0, 0, 0.05, 0, -0.01
1.27, 1, 0, 0, 0, 0.05, 0, -0.01
1.28, 1, 0, 0, 0, 0.05, 0, -0.01
1.29, 1, 0, 0, 0, 0.05, 0, -0.01
1.3, 1, 0, 0, 0, 0.05, 0, -0.01
1.31, 1, 0, 0, 0, 0.05, 0, -0.01
1.32, 1, 0, 0, 0, 0.05, 0, -0.01
1.33, 1, 0, 0, 0, 0.05, 0, -0.01
1.34, 1, 0, 0, 0, 0.05, 0, -0.01
1.35, 1, 0, 0, 0, 0.05, 0, -0.01
1.36, 1, 0, 0, 0, 0.05, 0, -0.01
1.37, 1, 0, 0, 0, 0.05, 0, -0.01
1.38, 1, 0, 0, 0, 0.05, 0, -0.01
1.39, 1, 0, 0, 0, 0.05, 0, -0.01
1.4, 1, 0, 0, 0, 0.05, 0, -0.01
1.41, 1, 0, 0, 0, 0.05, 0, -0.01
1.42, 1, 0, 0, 0, 0.05, 0, -0.01
1.43, 1, 0, 0, 0, 0.05, 0, -0.01
1.44, 1, 0, 0, 0, 0.05, 0, -0.01
1.45, 1, 0, 0, 0, 0.05, 0, -0.01
1.46, 1, 0, 0, 0, 0.05, 0, -0.01
1.47, 1, 0, 0, 0, 0.05, 0, -0.01
1.48, 1, 0, 0, 0, 0.05, 0, -0.01
1.49, 1, 0, 0, 0, 0.05, 0, -0.01
1.5, 1, 0, 0, 0, 0.05, 0, -0.01
1.51, 1, 0, 0, 0, 0.05, 0, -0.01
1.52, 1, 0, 0, 0, 0.05, 0, -0.01
1.53, 1, 0, 0, 0, 0.05, 0, -0.01
1.54, 1, 0, 0, 0, 0.05, 0, -0.01
1.55, 1, 0, 0, 0, 0.05, 0, -0.01
1.56, 1, 0, 0, 0, 0.05, 0, -0.01
1.57, 1, 0, 0, 0, 0.05, 0, -0.01
1.58, 1, 0, 0, 0, 0.05, 0, -0.01
1.59, 1, 0, 0, 0, 0.05, 0, -0.01
1.6, 1, 0, 0, 0, 0.05, 0, -0.01
1.61, 1, 0, 0, 0, 0.05, 0, -0.01
1.62, 1, 0, 0, 0, 0.05, 0, -0.01
1.63, 1, 0, 0, 0, 0.05, 0, -0.01
1.64, 1, 0, 0, 0, 0.05, 0, -0.01
1.65, 1, 0, 0, 0, 0.05, 0, -0.01
1.66, 1, 0, 0, 0, 0.05, 0, -0.01
1.67, 1, 0, 0, 0, 0.05, 0, -0.01
1.68, 1, 0, 0, 0, 0.05, 0, -0.01
1.69, 1, 0, 0, 0, 0.05, 0, -0.01
1.7, 1, 0, 0, 0, 0.05, 0, -0.01
1.71, 1, 0, 0, 0, 0.05, 0, -0.01
1.72, 1, 0, 0, 0, 0.05, 0, -0.01
1.73, 1, 0, 0, 0, 0.05, 0, -0.01
1.74, 1, 0, 0, 0, 0.05, 0, -0.01
1.75, 1, 0, 0, 0, 0.05, 0, -0.01
1.76, 1, 0, 0, 0, 0.05, 0, -0.01
1.77, 1, 0, 0, 0, 0.05, 0, -0.01
1.78, 1, 0, 0, 0, 0.05, 0, -0.01
1.79, 1, 0, 0, 0, 0.05, 0, -0.01
1.8, 1, 0, 0, 0, 0.05, 0, -0.01
1.81, 1, 0, 0, 0, 0.05, 0, -0.01
1.82, 1, 0, 0, 0, 0.05, 0, -0.01
1.83, 1, 0, 0, 0, 0.05, 0, -0.01
1.84, 1, 0, 0, 0, 0.05, 0, -0.01
1.85, 1, 0, 0, 0, 0.05, 0, -0.01
1.86, 1, 0, 0, 0, 0.05, 0, -0.01
1.87, 1, 0, 0, 0, 0.05, 0, -0.01
1.88, 1, 0, 0, 0, 0.05, 0, -0.01
1.89, 1, 0, 0, 0, 0.05, 0, -0.01
1.9, 1, 0, 0, 0, 0.05, 0, -0.01
1.91, 1, 0, 0, 0, 0.05, 0, -0.01
1.92, 1, 0, 0, 0, 0.05, 0, -0.01
1.93, 1, 0, 0, 0, 0.05, 0, -0.01
1.94, 1, 0, 0, 0, 0.05, 0, -0.01
1.95, 1, 0, 0, 0, 0.05, 0, -0.01
1.96, 1, 0, 0, 0, 0.05, 0, -0.01
1.97, 1, 0, 0, 0, 0.05, 0, -0.01
1.98, 1, 0, 0, 0, 0.05, 0, -0.01
1.99, 1, 0, 0, 0, 0.05, 0, -0.01
2, 1, 0, 0, 0, 0.05, 0, -0.01
2.01, 1, 0, 0, 0, 0.05, 0, -0.01
2.02, 1, 0, 0, 0, 0.05, 0, -0.01
2.03, 1, 0, 0, 0, 0.05, 0, -0.01
2.04, 1, 0, 0, 0, 0.05, 0, -0.01
2.05, 1, 0, 0, 0, 0.05, 0, -0.01
2.06, 1, 0, 0, 0, 0.05, 0, -0.01
2.07, 1, 0, 0, 0, 0.05, 0, -0.01
2.08, 1, 0, 0, 0, 0.05, 0, -0.01
2.09, 1, 0, 0, 0, 0.05, 0, -0.01
2.1, 1, 0, 0, 0, 0.05, 0, -0.01
2.11, 1, 0, 0, 0, 0.05, 0, -0.01
2.12, 1, 0, 0, 0, 0.05, 0, -0.01
2.13, 1, 0, 0, 0, 0.05, 0, -0.01
2.14, 1, 0, 0, 0, 0.05, 0, -0.01
2.15, 1, 0, 0, 0, 0.05, 0, -0.01
2.16, 1, 0, 0, 0, 0.05, 0, -0.01
2.17, 1, 0, 0, 0, 0.05, 0, -0.01
2.18, 1, 0, 0, 0, 0.05, 0, -0.01
2.19, 1, 0, 0, 0, 0.05, 0, -0.01
2.2, 1, 0, 0, 0, 0.05, 0, -0.01
2.21, 1, 0, 0, 0, 0.05, 0, -0.01
2.22, 1, 0, 0, 0, 0.05, 0, -0.01
2.23, 1, 0, 0, 0, 0.05, 0, -0.01
2.24, 1, 0, 0, 0, 0.05, 0, -0.01
2.25, 1, 0, 0, 0, 0.05, 0, -0.01
2.26, 1, 0, 0, 0, 0.05, 0, -0.01
2.27, 1, 0, 0, 0, 0.05, 0, -0.01
2.28, 1, 0, 0, 0, 0.05, 0, -0.01
2.29, 1, 0, 0, 0, 0.05, 0, -0.01
2.3, 1, 0, 0, 0, 0.05, 0, -0.01
2.31, 1, 0, 0, 0, 0.05, 0, -0.01
2.32, 1, 0, 0, 0, 0.05, 0, -0.01
2.33, 1, 0, 0, 0, 0.05, 0, -0.01
2.34, 1, 0, 0, 0, 0.05, 0, -0.01
2.35, 1, 0, 0, 0, 0.05, 0, -0.01
2.36, 1, 0, 0, 0, 0.05, 0, -0.01
2.37, 1, 0, 0, 0, 0.05, 0, -0.01
2.38, 1, 0, 0, 0, 0.05, 0, -0.01
2.39, 1, 0, 0, 0, 0.05, 0, -0.01
2.4, 1, 0, 0, 0, 0.05, 0, -0.01
2.41, 1, 0, 0, 0, 0.05, 0, -0.01
2.42, 1, 0, 0, 0, 0.05, 0, -0.01
2.43, 1, 0, 0, 0, 0.05, 0, -0.01
2.44, 1, 0, 0, 0, 0.05, 0, -0.01
2.45, 1, 0, 0, 0, 0.05, 0, -0.01
2.46, 1, 0, 0, 0, 0.05, 0, -0.01
2.47, 1, 0, 0, 0, 0.05, 0, -0.01
2.48, 1, 0, 0, 0, 0.05, 0, -0.01
2.49, 1, 0, 0, 0, 0.05, 0, -0.01
2.5, 1, 0, 0, 0, 0.05, 0, -0.01
2.51, 1, 0, 0, 0, 0.05, 0, -0.01
2.52, 1, 0, 0, 0, 0.05, 0, -0.01
2.53, 1, 0, 0, 0, 0.05, 0, -0.01
2.54, 1, 0, 0, 0, 0.05, 0, -0.01
2.55, 1, 0, 0, 0, 0.05, 0, -0.01
2.56, 1, 0, 0, 0, 0.05, 0, -0.01
2.57, 1, 0, 0, 0, 0.05, 0, -0.01
2.58, 1, 0, 0, 0, 0.05, 0, -0.01
2.59, 1, 0, 0, 0, 0.05, 0, -0.01
2.6, 1, 0, 0, 0, 0.05, 0, -0.01
2.61, 1, 0, 0, 0, 0.05, 0, -0.01
2.62, 1, 0, 0, 0, 0.05, 0, -0.01
2.63, 1, 0, 0, 0, 0.05, 0, -0.01
2.64, 1, 0, 0, 0, 0.05, 0, -0.01
2.65, 1, 0, 0, 0, 0.05, 0, -0.01
2.66, 1, 0, 0, 0, 0.05, 0, -0.01
2.67, 1, 0, 0, 0, 0.05, 0, -0.01
2.68, 1, 0, 0, 0, 0.05, 0, -0.01
2.69, 1, 0, 0, 0, 0.05, 0, -0.01
2.7, 1, 0, 0, 0, 0.05, 0, -0.01
2.71, 1, 0, 0, 0, 0.05, 0, -0.01
2.72, 1, 0, 0, 0, 0.05, 0, -0.01
2.73, 1, 0, 0, 0, 0.05, 0, -0.01
2.74, 1, 0, 0, 0, 0.05, 0, -0.01
2.75, 1, 0, 0, 0, 0.05, 0, -0.01
2.76, 1, 0, 0, 0, 0.05, 0, -0.01
2.77, 1, 0, 0, 0, 0.05, 0, -0.01
2.78, 1, 0, 0, 0, 0.05, 0, -0.01
2.79, 1, 0, 0, 0, 0.05, 0, -0.01
2.8, 1, 0, 0, 0, 0.05, 0, -0.01
2.81, 1, 0, 0, 0, 0.05, 0, -0.01
2.82, 1, 0, 0, 0, 0.05, 0, -0.01
2.83, 1, 0, 0, 0, 0.05, 0, -0.01
2.84, 1, 0, 0, 0, 0.05, 0, -0.01
2.85, 1, 0, 0, 0, 0.05, 0, -0.01
2.86, 1, 0, 0, 0, 0.05, 0, -0.01
2.87, 1, 0, 0, 0, 0.05, 0, -0.01
2.88, 1, 0, 0, 0, 0.05, 0, -0.01
2.89, 1, 0, 0, 0, 0.05, 0, -0.01
2.9, 1, 0, 0, 0, 0.05, 0, -0.01
2.91, 1, 0, 0, 0, 0.05, 0, -0.01
2.92, 1, 0, 0, 0, 0.05, 0, -0.01
2.93, 1, 0, 0, 0, 0.05, 0, -0.01
2.94, 1, 0, 0, 0, 0.05, 0, -0.01
2.95, 1, 0, 0, 0, 0.05, 0, -0.01
2.96, 1, 0, 0, 0, 0.05, 0, -0.01
2.97, 1, 0, 0, 0, 0.05, 0, -0.01
2.98, 1, 0, 0, 0, 0.05, 0, -0.01
2.99, 1, 0, 0, 0, 0.05, 0, -0.01
3, 1, 0, 0, 0, 0.05, 0, -0.01
3.01, 1, 0, 0, 0, 0.05, 0, -0.01
3.02, 1, 0, 0, 0, 0.05, 0, -0.01
3.03, 1, 0, 0, 0, 0.05, 0, -0.01
3.04, 1, 0, 0, 0, 0.05, 0, -0.01
3.05, 1, 0, 0, 0, 0.05, 0, -0.01
3.06, 1, 0, 0, 0, 0.05, 0, -0.01
3.07, 1, 0, 0, 0, 0.05, 0, -0.01
3.08, 1, 0, 0, 0, 0.05, 0, -0.01
3.09, 1, 0, 0, 0, 0.05, 0, -0.01
3.1, 1, 0, 0, 0, 0.05, 0, -0.01
3.11, 1, 0, 0, 0, 0.05, 0, -0.01
3.12, 1, 0, 0, 0, 0.05, 0, -0.01
3.13, 1, 0, 0, 0, 0.05, 0, -0.01
3.14, 1, 0, 0, 0, 0.05, 0, -0.01
3.15, 1, 0, 0, 0, 0.05, 0, -0.01
3.16, 1, 0, 0, 0, 0.05, 0, -0.01
3.17, 1, 0, 0, 0, 0.05, 0, -0.01
3.18, 1, 0, 0, 0, 0.05, 0, -0.01
3.19, 1, 0, 0, 0, 0.05, 0, -0.01
3.2, 1, 0, 0, 0, 0.05, 0, -0.01
3.21, 1, 0, 0, 0, 0.05, 0, -0.01
3.22, 1, 0, 0, 0, 0.05, 0, -0.01
3.23, 1, 0, 0, 0, 0.05, 0, -0.01
3.24, 1, 0, 0, 0, 0.05, 0, -0.01
3.25, 1, 0, 0, 0, 0.05, 0, -0.01
3.26, 1, 0, 0, 0, 0.05, 0, -0.01
3.27, 1, 0, 0, 0, 0.05, 0, -0.01
3.28, 1, 0, 0, 0, 0.05, 0, -0.01
3.29, 1, 0, 0, 0, 0.05, 0, -0.01
3.3, 1, 0, 0, 0, 0.05, 0, -0.01
3.31, 1, 0, 0, 0, 0.05, 0, -0.01
3.32, 1, 0, 0, 0, 0.05, 0, -0.01
3.33, 1, 0, 0, 0, 0.05, 0, -0.01
3.34, 1, 0, 0, 0, 0.05, 0, -0.01
3.35, 1, 0, 0, 0, 0.05, 0, -0.01
3.36, 1, 0, 0, 0, 0.05, 0, -0.01
3.37, 1, 0, 0, 0, 0.05, 0, -0.01
3.38, 1, 0, 0, 0, 0.05, 0, -0.01
3.39, 1, 0, 0, 0, 0.05, 0, -0.01
3.4, 1, 0, 0, 0, 0.05, 0, -0.01
3.41, 1, 0, 0, 0, 0.05, 0, -0.01
3.42, 1, 0, 0, 0, 0.05, 0, -0.01
3.43, 1, 0, 0, 0, 0.05, 0, -0.01
3.44, 1, 0, 0, 0, 0.05, 0, -0.01
3.45, 1, 0, 0, 0, 0.05, 0, -0.01
3.46, 1, 0, 0, 0, 0.05, 0, -0.01
3.47, 1, 0, 0, 0, 0.05, 0, -0.01
3.48, 1, 0, 0, 0, 0.05, 0, -0.01
3.49, 1, 0, 0, 0, 0.05, 0, -0.01
3.5, 1, 0, 0, 0, 0.05, 0, -0.01
3.51, 1, 0, 0, 0, 0.05, 0, -0.01
3.52, 1, 0, 0, 0, 0.05, 0, -0.01
3.53, 1, 0, 0, 0, 0.05, 0, -0.01
3.54, 1, 0, 0, 0, 0.05, 0, -0.01
3.55, 1, 0, 0, 0, 0.05, 0, -0.01
3.56, 1, 0, 0, 0, 0.05, 0, -0.01
3.57, 1, 0, 0, 0, 0.05, 0, -0.01
3.58, 1, 0, 0, 0, 0.05, 0, -0.01
3.59, 1, 0, 0, 0, 0.05, 0, -0.01
3.6, 1, 0, 0, 0, 0.05, 0, -0.01
3.61, 1, 0, 0, 0, 0.05, 0, -0.01
3.62, 1, 0, 0, 0, 0.05, 0, -0.01
3.63, 1, 0, 0, 0, 0.05, 0, -0.01
3.64, 1, 0, 0, 0, 0.05, 0, -0.01
3.65, 1, 0, 0, 0, 0.05, 0, -0.01
3.66, 1, 0, 0, 0, 0.05, 0, -0.01
3.67, 1, 0, 0, 0, 0.05, 0, -0.01
3.68, 1, 0, 0, 0, 0.05, 0, -0.01
3.69, 1, 0, 0, 0, 0.05, 0, -0.01
3.7, 1, 0, 0, 0, 0.05, 0, -0.01
3.71, 1, 0, 0, 0, 0.05, 0, -0.01
3.72, 1, 0, 0, 0, 0.05, 0, -0.01
3.73, 1, 0, 0, 0, 0.05, 0, -0.01
3.74, 1, 0, 0, 0, 0.05, 0, -0.01
3.75, 1, 0, 0, 0, 0.05, 0, -0.01
3.76, 1, 0, 0, 0, 0.05, 0, -0.01
3.77, 1, 0, 0, 0, 0.05, 0, -0.01
3.78, 1, 0, 0, 0, 0.05, 0, -0.01
3.79, 1, 0, 0, 0, 0.05, 0, -0.01
3.8, 1, 0, 0, 0, 0.05, 0, -0.01
3.81, 1, 0, 0, 0, 0.05, 0, -0.01
3.82, 1, 0, 0, 0, 0.05, 0, -0.01
3.83, 1, 0, 0, 0, 0.05, 0, -0.01
3.84, 1, 0, 0, 0, 0.05, 0, -0.01
3.85, 1, 0, 0, 0, 0.05, 0, -0.01
3.86, 1, 0, 0, 0, 0.05, 0, -0.01
3.87, 1, 0, 0, 0, 0.05, 0, -0.01
3.88, 1, 0, 0, 0, 0.05, 0, -0.01
3.89, 1, 0, 0, 0, 0.05, 0, -0.01
3.9, 1, 0, 0, 0, 0.05, 0, -0.01
3.91, 1, 0, 0, 0, 0.05, 0, -0.01
3.92, 1, 0, 0, 0, 0.05, 0, -0.01
3.93, 1, 0, 0, 0, 0.05, 0, -0.01
3.94, 1, 0, 0, 0, 0.05, 0, -0.01
3.95, 1, 0, 0, 0, 0.05, 0, -0.01
3.96, 1, 0, 0, 0, 0.05, 0, -0.01
3.97, 1, 0, 0, 0, 0.05, 0, -0.01
3.98, 1, 0, 0, 0, 0.05, 0, -0.01
3.99, 1, 0, 0, 0, 0.05, 0, -0.01
4, 1, 0, 0, 0, 0.05, 0, -0.01
4.01, 1, 0, 0, 0, 0.05, 0, -0.01
4.02, 1, 0, 0, 0, 0.05, 0, -0.01
4.03, 1, 0, 0, 0, 0.05, 0, -0.01
4.04, 1, 0, 0, 0, 0.05, 0, -0.01
4.05, 1, 0, 0, 0, 0.05, 0, -0.01
4.06, 1, 0, 0, 0, 0.05, 0, -0.01
4.07, 1, 0, 0, 0, 0.05, 0, -0.01
4.08, 1, 0, 0, 0, 0.05, 0, -0.01
4.09, 1, 0, 0, 0, 0.05, 0, -0.01
4.1, 1, 0, 0, 0, 0.05, 0, -0.01
4.11, 1, 0, 0, 0, 0.05, 0, -0.01
4.12, 1, 0, 0, 0, 0.05, 0, -0.01
4.13, 1, 0, 0, 0, 0.05, 0, -0.01
4.14, 1, 0, 0, 0, 0.05, 0, -0.01
4.15, 1, 0, 0, 0, 0.05, 0, -0.01
4.16, 1, 0, 0, 0, 0.05, 0, -0.01
4.17, 1, 0, 0, 0, 0.05, 0, -0.01
4.18, 1, 0, 0, 0, 0.05, 0, -0.01
4.19, 1, 0, 0, 0, 0.05, 0, -0.01
4.2, 1, 0, 0, 0, 0.05, 0, -0.01
4.21, 1, 0, 0, 0, 0.05, 0, -0.01
4.22, 1, 0, 0, 0, 0.05, 0, -0.01
4.23, 1, 0, 0, 0, 0.05, 0, -0.01
4.24, 1, 0, 0, 0, 0.05, 0, -0.01
4.25, 1, 0, 0, 0, 0.05, 0, -0.01
4.26, 1, 0, 0, 0, 0.05, 0, -0.01
4.27, 1, 0, 0, 0, 0.05, 0, -0.01
4.28, 1, 0, 0, 0, 0.05, 0, -0.01
4.29, 1, 0, 0, 0, 0.05, 0, -0.01
4.3, 1, 0, 0, 0, 0.05, 0, -0.01
4.31, 1, 0, 0, 0, 0.05, 0, -0.01
4.32, 1, 0, 0, 0, 0.05, 0, -0.01
4.33, 1, 0, 0, 0, 0.05, 0, -0.01
4.34, 1, 0, 0, 0, 0.05, 0, -0.01
4.35, 1, 0, 0, 0, 0.05, 0, -0.01
4.36, 1, 0, 0, 0, 0.05, 0, -0.01
4.37001, 1, 0, 0, 0, 0.05, 0, -0.01
4.38001, 1, 0, 0, 0, 0.05, 0, -0.01
4.39001, 1, 0, 0, 0, 0.05, 0, -0.01
4.40001, 1, 0, 0, 0, 0.05, 0, -0.01
4.41001, 1, 0, 0, 0, 0.05, 0, -0.01
4.42001, 1, 0, 0, 0, 0.05, 0, -0.01
4.43001, 1, 0, 0, 0, 0.05, 0, -0.01
4.44001, 1, 0, 0, 0, 0.05, 0, -0.01
4.45001, 1, 0, 0, 0, 0.05, 0, -0.01
4.46001, 1, 0, 0, 0, 0.05, 0, -0.01
4.47001, 1, 0, 0, 0, 0.05, 0, -0.01
4.48001, 1, 0, 0, 0, 0.05, 0, -0.01
4.49001, 1, 0, 0, 0, 0.05, 0, -0.01
4.50001, 1, 0, 0, 0, 0.05, 0, -0.01
4.51001, 1, 0, 0, 0, 0.05, 0, -0.01
4.52001, 1, 0, 0, 0, 0.05, 0, -0.01
4.53001, 1, 0, 0, 0, 0.05, 0, -0.01
4.54001, 1, 0, 0, 0, 0.05, 0, -0.01
4.55001, 1, 0, 0, 0, 0.05, 0, -0.01
4.56001, 1, 0, 0, 0, 0.05, 0, -0.01
4.57001, 1, 0, 0, 0, 0.05, 0, -0.01
4.58001, 1, 0, 0, 0, 0.05, 0, -0.01
4.59001, 1, 0, 0, 0, 0.05, 0, -0.01
4.60001, 1, 0, 0, 0, 0.05, 0, -0.01
4.61001, 1, 0, 0, 0, 0.05, 0, -0.01
4.62001, 1, 0, 0, 0, 0.05, 0, -0.01
4.63001, 1, 0, 0, 0, 0.05, 0, -0.01
4.64001, 1, 0, 0, 0, 0.05, 0, -0.01
4.65001, 1, 0, 0, 0, 0.05, 0, -0.01
4.66001, 1, 0, 0, 0, 0.05, 0, -0.01
4.67001, 1, 0, 0, 0, 0.05, 0, -0.01
4.68001, 1, 0, 0, 0, 0.05, 0, -0.01
4.69001, 1, 0, 0, 0, 0.05, 0, -0.01
4.70001, 1, 0, 0, 0, 0.05, 0, -0.01
4.71001, 1, 0, 0, 0, 0.05, 0, -0.01
4.72001, 1, 0, 0, 0, 0.05, 0, -0.01
4.73001, 1, 0, 0, 0, 0.05, 0, -0.01
4.74001, 1, 0, 0, 0, 0.05, 0, -0.01
4.75001, 1, 0, 0, 0, 0.05, 0, -0.01
4.76001, 1, 0, 0, 0, 0.05, 0, -0.01
4.77001, 1, 0, 0, 0, 0.05, 0, -0.01
4.78001, 1, 0, 0, 0, 0.05, 0, -0.01
4.79001, 1, 0, 0, 0, 0.05, 0, -0.01
4.80001, 1, 0, 0, 0, 0.05, 0, -0.01
4.81002, 1, 0, 0, 0, 0.05, 0, -0.01
4.82002, 1, 0, 0, 0, 0.05, 0, -0.01
4.83002, 1, 0, 0, 0, 0.05, 0, -0.01
4.84002, 1, 0, 0, 0, 0.05, 0, -0.01
4.85002, 1, 0, 0, 0, 0.05, 0, -0.01
4.86002, 1, 0, 0, 0, 0.05, 0, -0.01
4.87002, 1, 0, 0, 0, 0.05, 0, -0.01
4.88002, 1, 0, 0, 0, 0.05, 0, -0.01
4.89002, 1, 0, 0, 0, 0.05, 0, -0.01
4.90002, 1, 0, 0, 0, 0.05, 0, -0.01
4.91002, 1, 0, 0, 0, 0.05, 0, -0.01
4.92002, 1, 0, 0, 0, 0.05, 0, -0.01
4.93002, 1, 0, 0, 0, 0.05, 0, -0.01
4.94002, 1, 0, 0, 0, 0.05, 0, -0.01
4.95002, 1, 0, 0, 0, 0.05, 0, -0.01
4.96002, 1, 0, 0, 0, 0.05, 0, -0.01
4.97002, 1, 0, 0, 0, 0.05, 0, -0.01
4.98002, 1, 0, 0, 0, 0.05, 0, -0.01
4.99002, 1, 0, 0, 0, 0.05, 0, -0.01
5.00002, 1, 0, 0, 0, 0.05, 0, -0.01
5.01002, 1, 0, 0, 0, 0.05, 0, -0.01
5.02002, 1, 0, 0, 0, 0.05, 0, -0.01
5.03002, 1, 0, 0, 0, 0.05, 0, -0.01
5.04002, 1, 0, 0, 0, 0.05, 0, -0.01
5.05002, 1, 0, 0, 0, 0.05, 0, -0.01
5.06002, 1, 0, 0, 0, 0.05, 0, -0.01
5.07002, 1, 0, 0, 0, 0.05, 0, -0.01
5.08002, 1, 0, 0, 0, 0.05, 0, -0.01
5.09002, 1, 0, 0, 0, 0.05, 0, -0.01
5.10002, 1, 0, 0, 0, 0.05, 0, -0.01
5.11002, 1, 0, 0, 0, 0.05, 0, -0.01
5.12002, 1, 0, 0, 0, 0.05, 0, -0.01
5.13002, 1, 0, 0, 0, 0.05, 0, -0.01
5.14002, 1, 0, 0, 0, 0.05, 0, -0.01
5.15002, 1, 0, 0, 0, 0.05, 0, -0.01
5.16002, 1, 0, 0, 0, 0.05, 0, -0.01
5.17002, 1, 0, 0, 0, 0.05, 0, -0.01
5.18002, 1, 0, 0, 0, 0.05, 0, -0.01
5.19002, 1, 0, 0, 0, 0.05, 0, -0.01
5.20002, 1, 0, 0, 0, 0.05, 0, -0.01
5.21002, 1, 0, 0, 0, 0.05, 0, -0.01
5.22002, 1, 0, 0, 0, 0.05, 0, -0.01
5.23002, 1, 0, 0, 0, 0.05, 0, -0.01
5.24003, 1, 0, 0, 0, 0.05, 0, -0.01
5.25003, 1, 0, 0, 0, 0.05, 0, -0.01
5.26003, 1, 0, 0, 0, 0.05, 0, -0.01
5.27003, 1, 0, 0, 0, 0.05, 0, -0.01
5.28003, 1, 0, 0, 0, 0.05, 0, -0.01
5.29003, 1, 0, 0, 0, 0.05, 0, -0.01
5.30003, 1, 0, 0, 0, 0.05, 0, -0.01
5.31003, 1, 0, 0, 0, 0.05, 0, -0.01
5.32003, 1, 0, 0, 0, 0.05, 0, -0.01
5.33003, 1, 0, 0, 0, 0.05, 0, -0.01
5.34003, 1, 0, 0, 0, 0.05, 0, -0.01
5.35003, 1, 0, 0, 0, 0.05, 0, -0.01
5.36003, 1, 0, 0, 0, 0.05, 0, -0.01
5.37003, 1, 0, 0, 0, 0.05, 0, -0.01
5.38003, 1, 0, 0, 0, 0.05, 0, -0.01
5.39003, 1, 0, 0, 0, 0.05, 0, -0.01
5.40003, 1, 0, 0, 0, 0.05, 0, -0.01
5.41003, 1, 0, 0, 0, 0.05, 0, -0.01
5.42003, 1, 0, 0, 0, 0.05, 0, -0.01
5.43003, 1, 0, 0, 0, 0.05, 0, -0.01
5.44003, 1, 0, 0, 0, 0.05, 0, -0.01
5.45003, 1, 0, 0, 0, 0.05, 0, -0.01
5.46003, 1, 0, 0, 0, 0.05, 0, -0.01
5.47003, 1, 0, 0, 0, 0.05, 0, -0.01
5.48003, 1, 0, 0, 0, 0.05, 0, -0.01
5.49003, 1, 0, 0, 0, 0.05, 0, -0.01
5.50003, 1, 0, 0, 0, 0.05, 0, -0.01
5.51003, 1, 0, 0, 0, 0.05, 0, -0.01
5.52003, 1, 0, 0, 0, 0.05, 0, -0.01
5.53003, 1, 0, 0, 0, 0.05, 0, -0.01
5.54003, 1, 0, 0, 0, 0.05, 0, -0.01
5.55003, 1, 0, 0, 0, 0.05, 0, -0.01
5.56003, 1, 0, 0, 0, 0.05, 0, -0.01
5.57003, 1, 0, 0, 0, 0.05, 0, -0.01
5.58003, 1, 0, 0, 0, 0.05, 0, -0.01
5.59003, 1, 0, 0, 0, 0.05, 0, -0.01
5.60003, 1, 0, 0, 0, 0.05, 0, -0.01
5.61003, 1, 0, 0, 0, 0.05, 0, -0.01
5.62003, 1, 0, 0, 0, 0.05, 0, -0.01
5.63003, 1, 0, 0, 0, 0.05, 0, -0.01
5.64003, 1, 0, 0, 0, 0.05, 0, -0.01
5.65003, 1, 0, 0, 0, 0.05, 0, -0.01
5.66003, 1, 0, 0, 0, 0.05, 0, -0.01
5.67003, 1, 0, 0, 0, 0.05, 0, -0.01
5.68004, 1, 0, 0, 0, 0.05, 0, -0.01
5.69004, 1, 0, 0, 0, 0.05, 0, -0.01
5.70004, 1, 0, 0, 0, 0.05, 0, -0.01
5.71004, 1, 0, 0, 0, 0.05, 0, -0.01
5.72004, 1, 0, 0, 0, 0.05, 0, -0.01
5.73004, 1, 0, 0, 0, 0.05, 0, -0.01
5.74004, 1, 0, 0, 0, 0.05, 0, -0.01
5.75004, 1, 0, 0, 0, 0.05, 0, -0.01
5.76004, 1, 0, 0, 0, 0.05, 0, -0.01
5.77004, 1, 0, 0, 0, 0.05, 0, -0.01
5.78004, 1, 0, 0, 0, 0.05, 0, -0.01
5.79004, 1, 0, 0, 0, 0.05, 0, -0.01
5.80004, 1, 0, 0, 0, 0.05, 0, -0.01
5.81004, 1, 0, 0, 0, 0.05, 0, -0.01
5.82004, 1, 0, 0, 0, 0.05, 0, -0.01
5.83004, 1, 0, 0, 0, 0.05, 0, -0.01
5.84004, 1, 0, 0, 0, 0.05, 0, -0.01
5.85004, 1, 0, 0, 0, 0.05, 0, -0.01
5.86004, 1, 0, 0, 0, 0.05, 0, -0.01
5.87004, 1, 0, 0, 0, 0.05, 0, -0.01
5.88004, 1, 0, 0, 0, 0.05, 0, -0.01
5.89004, 1, 0, 0, 0, 0.05, 0, -0.01
5.90004, 1, 0, 0, 0, 0.05, 0, -0.01
5.91004, 1, 0, 0, 0, 0.05, 0, -0.01
5.92004, 1, 0, 0, 0, 0.05, 0, -0.01
5.93004, 1, 0, 0, 0, 0.05, 0, -0.01
5.94004, 1, 0, 0, 0, 0.05, 0, -0.01
5.95004, 1, 0, 0, 0, 0.05, 0, -0.01
5.96004, 1, 0, 0, 0, 0.05, 0, -0.01
5.97004, 1, 0, 0, 0, 0.05, 0, -0.01
5.98004, 1, 0, 0, 0, 0.05, 0, -0.01
5.99004, 1, 0, 0, 0, 0.05, 0, -0.01
6.00004, 1, 0, 0, 0, 0.05, 0, -0.01
6.01004, 1, 0, 0, 0, 0.05, 0, -0.01
6.02004, 1, 0, 0, 0, 0.05, 0, -0.01
6.03004, 1, 0, 0, 0, 0.05, 0, -0.01
6.04004, 1, 0, 0, 0, 0.05, 0, -0.01
6.05004, 1, 0, 0, 0, 0.05, 0, -0.01
6.06004, 1, 0, 0, 0, 0.05, 0, -0.01
6.07004, 1, 0, 0, 0, 0.05, 0, -0.01
6.08004, 1, 0, 0, 0, 0.05, 0, -0.01
6.09004, 1, 0, 0, 0, 0.05, 0, -0.01
6.10004, 1, 0, 0, 0, 0.05, 0, -0.01
6.11004, 1, 0, 0, 0, 0.05, 0, -0.01
6.12005, 1, 0, 0, 0, 0.05, 0, -0.01
6.13005, 1, 0, 0, 0, 0.05, 0, -0.01
6.14005, 1, 0, 0, 0, 0.05, 0, -0.01
6.15005, 1, 0, 0, 0, 0.05, 0, -0.01
6.16005, 1, 0, 0, 0, 0.05, 0, -0.01
6.17005, 1, 0, 0, 0, 0.05, 0, -0.01
6.18005, 1, 0, 0, 0, 0.05, 0, -0.01
6.19005, 1, 0, 0, 0, 0.05, 0, -0.01
6.20005, 1, 0, 0, 0, 0.05, 0, -0.01
6.21005, 1, 0, 0, 0, 0.05, 0, -0.01
6.22005, 1, 0, 0, 0, 0.05, 0, -0.01
6.23005, 1, 0, 0, 0, 0.05, 0, -0.01
6.24005, 1, 0, 0, 0, 0.05, 0, -0.01
6.25005, 1, 0, 0, 0, 0.05, 0, -0.01
6.26005, 1, 0, 0, 0, 0.05, 0, -0.01
6.27005, 1, 0, 0, 0, 0.05, 0, -0.01
6.28005, 1, 0, 0, 0, 0.05, 0, -0.01
6.29005, 1, 0, 0, 0, 0.05, 0, -0.01
6.30005, 1, 0, 0, 0, 0.05, 0, -0.01
6.31005, 1, 0, 0, 0, 0.05, 0, -0.01
6.32005, 1, 0, 0, 0, 0.05, 0, -0.01
6.33005, 1, 0, 0, 0, 0.05, 0, -0.01
6.34005, 1, 0, 0, 0, 0.05, 0, -0.01
6.35005, 1, 0, 0, 0, 0.05, 0, -0.01
6.36005, 1, 0, 0, 0, 0.05, 0, -0.01
6.37005, 1, 0, 0, 0, 0.05, 0, -0.01
6.38005, 1, 0, 0, 0, 0.05, 0, -0.01
6.39005, 1, 0, 0, 0, 0.05, 0, -0.01
6.40005, 1, 0, 0, 0, 0.05, 0, -0.01
6.41005, 1, 0, 0, 0, 0.05, 0, -0.01
6.42005, 1, 0, 0, 0, 0.05, 0, -0.01
6.43005, 1, 0, 0, 0, 0.05, 0, -0.01
6.44005, 1, 0, 0, 0, 0.05, 0, -0.01
6.45005, 1, 0, 0, 0, 0.05, 0, -0.01
6.46005, 1, 0, 0, 0, 0.05, 0, -0.01
6.47005, 1, 0, 0, 0, 0.05, 0, -0.01
6.48005, 1, 0, 0, 0, 0.05, 0, -0.01
6.49005, 1, 0, 0, 0, 0.05, 0, -0.01
6.50005, 1, 0, 0, 0, 0.05, 0, -0.01
6.51005, 1, 0, 0, 0, 0.05, 0, -0.01
6.52005, 1, 0, 0, 0, 0.05, 0, -0.01
6.53005, 1, 0, 0, 0, 0.05, 0, -0.01
6.54005, 1, 0, 0, 0, 0.05, 0, -0.01
6.55006, 1, 0, 0, 0, 0.05, 0, -0.01
6.56006, 1, 0, 0, 0, 0.05, 0, -0.01
6.57006, 1, 0, 0, 0, 0.05, 0, -0.01
6.58006, 1, 0, 0, 0, 0.05, 0, -0.01
6.59006, 1, 0, 0, 0, 0.05, 0, -0.01
6.60006, 1, 0, 0, 0, 0.05, 0, -0.01
6.61006, 1, 0, 0, 0, 0.05, 0, -0.01
6.62006, 1, 0, 0, 0, 0.05, 0, -0.01
6.63006, 1, 0, 0, 0, 0.05, 0, -0.01
6.64006, 1, 0, 0, 0, 0.05, 0, -0.01
6.65006, 1, 0, 0, 0, 0.05, 0, -0.01
6.66006, 1, 0, 0, 0, 0.05, 0, -0.01
6.67006, 1, 0, 0, 0, 0.05, 0, -0.01
6.68006, 1, 0, 0, 0, 0.05, 0, -0.01
6.69006, 1, 0, 0, 0, 0.05, 0, -0.01
6.70006, 1, 0, 0, 0, 0.05, 0, -0.01
6.71006, 1, 0, 0, 0, 0.05, 0, -0.01
6.72006, 1, 0, 0, 0, 0.05, 0, -0.01
6.73006, 1, 0, 0, 0, 0.05, 0, -0.01
6.74006, 1, 0, 0, 0, 0.05, 0, -0.01
6.75006, 1, 0, 0, 0, 0.05, 0, -0.01
6.76006, 1, 0, 0, 0, 0.05, 0, -0.01
6.77006, 1, 0, 0, 0, 0.05, 0, -0.01
6.78006, 1, 0, 0, 0, 0.05, 0, -0.01
6.79006, 1, 0, 0, 0, 0.05, 0, -0.01
6.80006, 1, 0, 0, 0, 0.05, 0, -0.01
6.81006, 1, 0, 0, 0, 0.05, 0, -0.01
6.82006, 1, 0, 0, 0, 0.05, 0, -0.01
6.83006, 1, 0, 0, 0, 0.05, 0, -0.01
6.84006, 1, 0, 0, 0, 0.05, 0, -0.01
6.85006, 1, 0, 0, 0, 0.05, 0, -0.01
6.86006, 1, 0, 0, 0, 0.05, 0, -0.01
6.87006, 1, 0, 0, 0, 0.05, 0, -0.01
6.88006, 1, 0, 0, 0, 0.05, 0, -0.01
6.89006, 1, 0, 0, 0, 0.05, 0, -0.01
6.90006, 1, 0, 0, 0, 0.05, 0, -0.01
6.91006, 1, 0, 0, 0, 0.05, 0, -0.01
6.92006, 1, 0, 0, 0, 0.05, 0, -0.01
6.93006, 1, 0, 0, 0, 0.05, 0, -0.01
6.94006, 1, 0, 0, 0, 0.05, 0, -0.01
6.95006, 1, 0, 0, 0, 0.05, 0, -0.01
6.96006, 1, 0, 0, 0, 0.05, 0, -0.01
6.97006, 1, 0, 0, 0, 0.05, 0, -0.01
6.98006, 1, 0, 0, 0, 0.05, 0, -0.01
6.99007, 1, 0, 0, 0, 0.05, 0, -0.01
7.00007, 1, 0, 0, 0, 0.05, 0, -0.01
7.01007, 1, 0, 0, 0, 0.05, 0, -0.01
7.02007, 1, 0, 0, 0, 0.05, 0, -0.01
7.03007, 1, 0, 0, 0, 0.05, 0, -0.01
7.04007, 1, 0, 0, 0, 0.05, 0, -0.01
7.05007, 1, 0, 0, 0, 0.05, 0, -0.01
7.06007, 1, 0, 0, 0, 0.05, 0, -0.01
7.07007, 1, 0, 0, 0, 0.05, 0, -0.01
7.08007, 1, 0, 0, 0, 0.05, 0, -0.01
7.09007, 1, 0, 0, 0, 0.05, 0, -0.01
7.10007, 1, 0, 0, 0, 0.05, 0, -0.01
7.11007, 1, 0, 0, 0, 0.05, 0, -0.01
7.12007, 1, 0, 0, 0, 0.05, 0, -0.01
7.13007, 1, 0, 0, 0, 0.05, 0, -0.01
7.14007, 1, 0, 0, 0, 0.05, 0, -0.01
7.15007, 1, 0, 0, 0, 0.05, 0, -0.01
7.16007, 1, 0, 0, 0, 0.05, 0, -0.01
7.17007, 1, 0, 0, 0, 0.05, 0, -0.01
7.18007, 1, 0, 0, 0, 0.05, 0, -0.01
7.19007, 1, 0, 0, 0, 0.05, 0, -0.01
7.20007, 1, 0, 0, 0, 0.05, 0, -0.01
7.21007, 1, 0, 0, 0, 0.05, 0, -0.01
7.22007, 1, 0, 0, 0, 0.05, 0, -0.01
7.23007, 1, 0, 0, 0, 0.05, 0, -0.01
7.24007, 1, 0, 0, 0, 0.05, 0, -0.01
7.25007, 1, 0, 0, 0, 0.05, 0, -0.01
7.26007, 1, 0, 0, 0, 0.05, 0, -0.01
7.27007, 1, 0, 0, 0, 0.05, 0, -0.01
7.28007, 1, 0, 0, 0, 0.05, 0, -0.01
7.29007, 1, 0, 0, 0, 0.05, 0, -0.01
7.30007, 1, 0, 0, 0, 0.05, 0, -0.01
7.31007, 1, 0, 0, 0, 0.05, 0, -0.01
7.32007, 1, 0, 0, 0, 0.05, 0, -0.01
7.33007, 1, 0, 0, 0, 0.05, 0, -0.01
7.34007, 1, 0, 0, 0, 0.05, 0, -0.01
7.35007, 1, 0, 0, 0, 0.05, 0, -0.01
7.36007, 1, 0, 0, 0, 0.05, 0, -0.01
7.37007, 1, 0, 0, 0, 0.05, 0, -0.01
7.38007, 1, 0, 0, 0, 0.05, 0, -0.01
7.39007, 1, 0, 0, 0, 0.05, 0, -0.01
7.40007, 1, 0, 0, 0, 0.05, 0, -0.01
7.41007, 1, 0, 0, 0, 0.05, 0, -0.01
7.42007, 1, 0, 0, 0, 0.05, 0, -0.01
7.43008, 1, 0, 0, 0, 0.05, 0, -0.01
7.44008, 1, 0, 0, 0, 0.05, 0, -0.01
7.45008, 1, 0, 0, 0, 0.05, 0, -0.01
7.46008, 1, 0, 0, 0, 0.05, 0, -0.01
7.47008, 1, 0, 0, 0, 0.05, 0, -0.01
7.48008, 1, 0, 0, 0, 0.05, 0, -0.01
7.49008, 1, 0, 0, 0, 0.05, 0, -0.01
7.50008, 1, 0, 0, 0, 0.05, 0, -0.01
7.51008, 1, 0, 0, 0, 0.05, 0, -0.01
7.52008, 1, 0, 0, 0, 0.05, 0, -0.01
7.53008, 1, 0, 0, 0, 0.05, 0, -0.01
7.54008, 1, 0, 0, 0, 0.05, 0, -0.01
7.55008, 1, 0, 0, 0, 0.05, 0, -0.01
7.56008, 1, 0, 0, 0, 0.05, 0, -0.01
7.57008, 1, 0, 0, 0, 0.05, 0, -0.01
7.58008, 1, 0, 0, 0, 0.05, 0, -0.01
7.59008, 1, 0, 0, 0, 0.05, 0, -0.01
7.60008, 1, 0, 0, 0, 0.05, 0, -0.01
7.61008, 1, 0, 0, 0, 0.05, 0, -0.01
7.62008, 1, 0, 0, 0, 0.05, 0, -0.01
7.63008, 1, 0, 0, 0, 0.05, 0, -0.01
7.64008, 1, 0, 0, 0, 0.05, 0, -0.01
7.65008, 1, 0, 0, 0, 0.05, 0, -0.01
7.66008, 1, 0, 0, 0, 0.05, 0, -0.01
7.67008, 1, 0, 0, 0, 0.05, 0, -0.01
7.68008, 1, 0, 0, 0, 0.05, 0, -0.01
7.69008, 1, 0, 0, 0, 0.05, 0, -0.01
7.70008, 1, 0, 0, 0, 0.05, 0, -0.01
7.71008, 1, 0, 0, 0, 0.05, 0, -0.01
7.72008, 1, 0, 0, 0, 0.05, 0, -0.01
7.73008, 1, 0, 0, 0, 0.05, 0, -0.01
7.74008, 1, 0, 0, 0, 0.05, 0, -0.01
7.75008, 1, 0, 0, 0, 0.05, 0, -0.01
7.76008, 1, 0, 0, 0, 0.05, 0, -0.01
7.77008, 1, 0, 0, 0, 0.05, 0, -0.01
7.78008, 1, 0, 0, 0, 0.05, 0, -0.01
7.79008, 1, 0, 0, 0, 0.05, 0, -0.01
7.80008, 1, 0, 0, 0, 0.05, 0, -0.01
7.81008, 1, 0, 0, 0, 0.05, 0, -0.01
7.82008, 1, 0, 0, 0, 0.05, 0, -0.01
7.83008, 1, 0, 0, 0, 0.05, 0, -0.01
7.84008, 1, 0, 0, 0, 0.05, 0, -0.01
7.85008, 1, 0, 0, 0, 0.05, 0, -0.01
7.86009, 1, 0, 0, 0, 0.05, 0, -0.01
7.87009, 1, 0, 0, 0, 0.05, 0, -0.01
7.88009, 1, 0, 0, 0, 0.05, 0, -0.01
7.89009, 1, 0, 0, 0, 0.05, 0, -0.01
7.90009, 1, 0, 0, 0, 0.05, 0, -0.01
7.91009, 1, 0, 0, 0, 0.05, 0, -0.01
7.92009, 1, 0, 0, 0, 0.05, 0, -0.01
7.93009, 1, 0, 0, 0, 0.05, 0, -0.01
7.94009, 1, 0, 0, 0, 0.05, 0, -0.01
7.95009, 1, 0, 0, 0, 0.05, 0, -0.01
7.96009, 1, 0, 0, 0, 0.05, 0, -0.01
7.97009, 1, 0, 0, 0, 0.05, 0, -0.01
7.98009, 1, 0, 0, 0, 0.05, 0, -0.01
7.99009, 1, 0, 0, 0, 0.05, 0, -0.01
8.00009, 1, 0, 0, 0, 0.05, 0, -0.01
8.01009, 1, 0, 0, 0, 0.05, 0, -0.01
8.02009, 1, 0, 0, 0, 0.05, 0, -0.01
8.03009, 1, 0, 0, 0, 0.05, 0, -0.01
8.04009, 1, 0, 0, 0, 0.05, 0, -0.01
8.05009, 1, 0, 0, 0, 0.05, 0, -0.01
8.06009, 1, 0, 0, 0, 0.05, 0, -0.01
8.07009, 1, 0, 0, 0, 0.05, 0, -0.01
8.08009, 1, 0, 0, 0, 0.05, 0, -0.01
8.09009, 1, 0, 0, 0, 0.05, 0, -0.01
8.10009, 1, 0, 0, 0, 0.05, 0, -0.01
8.11009, 1, 0, 0, 0, 0.05, 0, -0.01
8.12009, 1, 0, 0, 0, 0.05, 0, -0.01
8.13009, 1, 0, 0, 0, 0.05, 0, -0.01
8.14009, 1, 0, 0, 0, 0.05, 0, -0.01
8.15009, 1, 0, 0, 0, 0.05, 0, -0.01
8.16009, 1, 0, 0, 0, 0.05, 0, -0.01
8.17009, 1, 0, 0, 0, 0.05, 0, -0.01
8.18009, 1, 0, 0, 0, 0.05, 0, -0.01
8.19009, 1, 0, 0, 0, 0.05, 0, -0.01
8.20009, 1, 0, 0, 0, 0.05, 0, -0.01
8.21009, 1, 0, 0, 0, 0.05, 0, -0.01
8.22009, 1, 0, 0, 0, 0.05, 0, -0.01
8.23009, 1, 0, 0, 0, 0.05, 0, -0.01
8.24009, 1, 0, 0, 0, 0.05, 0, -0.01
8.25009, 1, 0, 0, 0, 0.05, 0, -0.01
8.26009, 1, 0, 0, 0, 0.05, 0, -0.01
8.27009, 1, 0, 0, 0, 0.05, 0, -0.01
8.28009, 1, 0, 0, 0, 0.05, 0, -0.01
8.29009, 1, 0, 0, 0, 0.05, 0, -0.01
8.30009, 1, 0, 0, 0, 0.05, 0, -0.01
8.31009, 1, 0, 0, 0, 0.05, 0, -0.01
8.3201, 1, 0, 0, 0, 0.05, 0, -0.01
8.3301, 1, 0, 0, 0, 0.05, 0, -0.01
8.3401, 1, 0, 0, 0, 0.05, 0, -0.01
8.3501, 1, 0, 0, 0, 0.05, 0, -0.01
8.3601, 1, 0, 0, 0, 0.05, 0, -0.01
8.3701, 1, 0, 0, 0, 0.05, 0, -0.01
8.3801, 1, 0, 0, 0, 0.05, 0, -0.01
8.3901, 1, 0, 0, 0, 0.05, 0, -0.01
8.4001, 1, 0, 0, 0, 0.05, 0, -0.01
8.4101, 1, 0, 0, 0, 0.05, 0, -0.01
8.4201, 1, 0, 0, 0, 0.05, 0, -0.01
8.4301, 1, 0, 0, 0, 0.05, 0, -0.01
8.4401, 1, 0, 0, 0, 0.05, 0, -0.01
8.4501, 1, 0, 0, 0, 0.05, 0, -0.01
8.4601, 1, 0, 0, 0, 0.05, 0, -0.01
8.4701, 1, 0, 0, 0, 0.05, 0, -0.01
8.4801, 1, 0, 0, 0, 0.05, 0, -0.01
8.4901, 1, 0, 0, 0, 0.05, 0, -0.01
8.5001, 1, 0, 0, 0, 0.05, 0, -0.01
8.5101, 1, 0, 0, 0, 0.05, 0, -0.01
8.5201, 1, 0, 0, 0, 0.05, 0, -0.01
8.5301, 1, 0, 0, 0, 0.05, 0, -0.01
8.5401, 1, 0, 0, 0, 0.05, 0, -0.01
8.5501, 1, 0, 0, 0, 0.05, 0, -0.01
8.5601, 1, 0, 0, 0, 0.05, 0, -0.01
8.5701, 1, 0, 0, 0, 0.05, 0, -0.01
8.5801, 1, 0, 0, 0, 0.05, 0, -0.01
8.5901, 1, 0, 0, 0, 0.05, 0, -0.01
8.6001, 1, 0, 0, 0, 0.05, 0, -0.01
8.6101, 1, 0, 0, 0, 0.05, 0, -0.01
8.6201, 1, 0, 0, 0, 0.05, 0, -0.01
8.6301, 1, 0, 0, 0, 0.05, 0, -0.01
8.6401, 1, 0, 0, 0, 0.05, 0, -0.01
8.6501, 1, 0, 0, 0, 0.05, 0, -0.01
8.6601, 1, 0, 0, 0, 0.05, 0, -0.01
8.6701, 1, 0, 0, 0, 0.05, 0, -0.01
8.6801, 1, 0, 0, 0, 0.05, 0, -0.01
8.6901, 1, 0, 0, 0, 0.05, 0, -0.01
8.7001, 1, 0, 0, 0, 0.05, 0, -0.01
8.7101, 1, 0, 0, 0, 0.05, 0, -0.01
8.7201, 1, 0, 0, 0, 0.05, 0, -0.01
8.7301, 1, 0, 0, 0, 0.05, 0, -0.01
8.7401, 1, 0, 0, 0, 0.05, 0, -0.01
8.7501, 1, 0, 0, 0, 0.05, 0, -0.01
8.76011, 1, 0, 0, 0, 0.05, 0, -0.01
8.77011, 1, 0, 0, 0, 0.05, 0, -0.01
8.78011, 1, 0, 0, 0, 0.05, 0, -0.01
8.79011, 1, 0, 0, 0, 0.05, 0, -0.01
8.80011, 1, 0, 0, 0, 0.05, 0, -0.01
8.81011, 1, 0, 0, 0, 0.05, 0, -0.01
8.82011, 1, 0, 0, 0, 0.05, 0, -0.01
8.83011, 1, 0, 0, 0, 0.05, 0, -0.01
8.84011, 1, 0, 0, 0, 0.05, 0, -0.01
8.85011, 1, 0, 0, 0, 0.05, 0, -0.01
8.86011, 1, 0, 0, 0, 0.05, 0, -0.01
8.87011, 1, 0, 0, 0, 0.05, 0, -0.01
8.88011, 1, 0, 0, 0, 0.05, 0, -0.01
8.89011, 1, 0, 0, 0, 0.05, 0, -0.01
8.90011, 1, 0, 0, 0, 0.05, 0, -0.01
8.91011, 1, 0, 0, 0, 0.05, 0, -0.01
8.92011, 1, 0, 0, 0, 0.05, 0, -0.01
8.93011, 1, 0, 0, 0, 0.05, 0, -0.01
8.94011, 1, 0, 0, 0, 0.05, 0, -0.01
8.95011, 1, 0, 0, 0, 0.05, 0, -0.01
8.96011, 1, 0, 0, 0, 0.05, 0, -0.01
8.97011, 1, 0, 0, 0, 0.05, 0, -0.01
8.98011, 1, 0, 0, 0, 0.05, 0, -0.01
8.99011, 1, 0, 0, 0, 0.05, 0, -0.01
9.00011, 1, 0, 0, 0, 0.05, 0, -0.01
9.01011, 1, 0, 0, 0, 0.05, 0, -0.01
9.02011, 1, 0, 0, 0, 0.05, 0, -0.01
9.03011, 1, 0, 0, 0, 0.05, 0, -0.01
9.04011, 1, 0, 0, 0, 0.05, 0, -0.01
9.05011, 1, 0, 0, 0, 0.05, 0, -0.01
9.06011, 1, 0, 0, 0, 0.05, 0, -0.01
9.07011, 1, 0, 0, 0, 0.05, 0, -0.01
9.08011, 1, 0, 0, 0, 0.05, 0, -0.01
9.09011, 1, 0, 0, 0, 0.05, 0, -0.01
9.10011, 1, 0, 0, 0, 0.05, 0, -0.01
9.11011, 1, 0, 0, 0, 0.05, 0, -0.01
9.12011, 1, 0, 0, 0, 0.05, 0, -0.01
9.13011, 1, 0, 0, 0, 0.05, 0, -0.01
9.14011, 1, 0, 0, 0, 0.05, 0, -0.01
9.15011, 1, 0, 0, 0, 0.05, 0, -0.01
9.16011, 1, 0, 0, 0, 0.05, 0, -0.01
9.17011, 1, 0, 0, 0, 0.05, 0, -0.01
9.18011, 1, 0, 0, 0, 0.05, 0, -0.01
9.19011, 1, 0, 0, 0, 0.05, 0, -0.01
9.20012, 1, 0, 0, 0, 0.05, 0, -0.01
9.21012, 1, 0, 0, 0, 0.05, 0, -0.01
9.22012, 1, 0, 0, 0, 0.05, 0, -0.01
9.23012, 1, 0, 0, 0, 0.05, 0, -0.01
9.24012, 1, 0, 0, 0, 0.05, 0, -0.01
9.25012, 1, 0, 0, 0, 0.05, 0, -0.01
9.26012, 1, 0, 0, 0, 0.05, 0, -0.01
9.27012, 1, 0, 0, 0, 0.05, 0, -0.01
9.28012, 1, 0, 0, 0, 0.05, 0, -0.01
9.29012, 1, 0, 0, 0, 0.05, 0, -0.01
9.30012, 1, 0, 0, 0, 0.05, 0, -0.01
9.31012, 1, 0, 0, 0, 0.05, 0, -0.01
9.32012, 1, 0, 0, 0, 0.05, 0, -0.01
9.33012, 1, 0, 0, 0, 0.05, 0, -0.01
9.34012, 1, 0, 0, 0, 0.05, 0, -0.01
9.35012, 1, 0, 0, 0, 0.05, 0, -0.01
9.36012, 1, 0, 0, 0, 0.05, 0, -0.01
9.37012, 1, 0, 0, 0, 0.05, 0, -0.01
9.38012, 1, 0, 0, 0, 0.05, 0, -0.01
9.39012, 1, 0, 0, 0, 0.05, 0, -0.01
9.40012, 1, 0, 0, 0, 0.05, 0, -0.01
9.41012, 1, 0, 0, 0, 0.05, 0, -0.01
9.42012, 1, 0, 0, 0, 0.05, 0, -0.01
9.43012, 1, 0, 0, 0, 0.05, 0, -0.01
9.44012, 1, 0, 0, 0, 0.05, 0, -0.01
9.45012, 1, 0, 0, 0, 0.05, 0, -0.01
9.46012, 1, 0, 0, 0, 0.05, 0, -0.01
9.47012, 1, 0, 0, 0, 0.05, 0, -0.01
9.48012, 1, 0, 0, 0, 0.05, 0, -0.01
9.49012, 1, 0, 0, 0, 0.05, 0, -0.01
9.50012, 1, 0, 0, 0, 0.05, 0, -0.01
9.51012, 1, 0, 0, 0, 0.05, 0, -0.01
9.52012, 1, 0, 0, 0, 0.05, 0, -0.01
9.53012, 1, 0, 0, 0, 0.05, 0, -0.01
9.54012, 1, 0, 0, 0, 0.05, 0, -0.01
9.55012, 1, 0, 0, 0, 0.05, 0, -0.01
9.56012, 1, 0, 0, 0, 0.05, 0, -0.01
9.57012, 1, 0, 0, 0, 0.05, 0, -0.01
9.58012, 1, 0, 0, 0, 0.05, 0, -0.01
9.59012, 1, 0, 0, 0, 0.05, 0, -0.01
9.60012, 1, 0, 0, 0, 0.05, 0, -0.01
9.61012, 1, 0, 0, 0, 0.05, 0, -0.01
9.62012, 1, 0, 0, 0, 0.05, 0, -0.01
9.63013, 1, 0, 0, 0, 0.05, 0, -0.01
9.64013, 1, 0, 0, 0, 0.05, 0, -0.01
9.65013, 1, 0, 0, 0, 0.05, 0, -0.01
9.66013, 1, 0, 0, 0, 0.05, 0, -0.01
9.67013, 1, 0, 0, 0, 0.05, 0, -0.01
9.68013, 1, 0, 0, 0, 0.05, 0, -0.01
9.69013, 1, 0, 0, 0, 0.05, 0, -0.01
9.70013, 1, 0, 0, 0, 0.05, 0, -0.01
9.71013, 1, 0, 0, 0, 0.05, 0, -0.01
9.72013, 1, 0, 0, 0, 0.05, 0, -0.01
9.73013, 1, 0, 0, 0, 0.05, 0, -0.01
9.74013, 1, 0, 0, 0, 0.05, 0, -0.01
9.75013, 1, 0, 0, 0, 0.05, 0, -0.01
9.76013, 1, 0, 0, 0, 0.05, 0, -0.01
9.77013, 1, 0, 0, 0, 0.05, 0, -0.01
9.78013, 1, 0, 0, 0, 0.05, 0, -0.01
9.79013, 1, 0, 0, 0, 0.05, 0, -0.01
9.80013, 1, 0, 0, 0, 0.05, 0, -0.01
9.81013, 1, 0, 0, 0, 0.05, 0, -0.01
9.82013, 1, 0, 0, 0, 0.05, 0, -0.01
9.83013, 1, 0, 0, 0, 0.05, 0, -0.01
9.84013, 1, 0, 0, 0, 0.05, 0, -0.01
9.85013, 1, 0, 0, 0, 0.05, 0, -0.01
9.86013, 1, 0, 0, 0, 0.05, 0, -0.01
9.87013, 1, 0, 0, 0, 0.05, 0, -0.01
9.88013, 1, 0, 0, 0, 0.05, 0, -0.01
9.89013, 1, 0, 0, 0, 0.05, 0, -0.01
9.90013, 1, 0, 0, 0, 0.05, 0, -0.01
9.91013, 1, 0, 0, 0, 0.05, 0, -0.01
9.92013, 1, 0, 0, 0, 0.05, 0, -0.01
9.93013, 1, 0, 0, 0, 0.05, 0, -0.01
9.94013, 1, 0, 0, 0, 0.05, 0, -0.01
9.95013, 1, 0, 0, 0, 0.05, 0, -0.01
9.96013, 1, 0, 0, 0, 0.05, 0, -0.01
9.97013, 1, 0, 0, 0, 0.05, 0, -0.01
9.98013, 1, 0, 0, 0, 0.05, 0, -0.01
9.99013, 1, 0, 0, 0, 0.05, 0, -0.01
10.0001, 1, 0, 0, 0, 0.05, 0, -0.01
10.0101, 1, 0, 0, 0, 0.05, 0, -0.01
10.0201, 1, 0, 0, 0, 0.05, 0, -0.01
10.0301, 1, 0, 0, 0, 0.05, 0, -0.01
10.0401, 1, 0, 0, 0, 0.05, 0, -0.01
10.0501, 1, 0, 0, 0, 0.05, 0, -0.01
10.0601, 1, 0, 0, 0, 0.05, 0, -0.01
10.0701, 1, 0, 0, 0, 0.05, 0, -0.01
10.0801, 1, 0, 0, 0, 0.05, 0, -0.01
10.0901, 1, 0, 0, 0, 0.05, 0, -0.01
10.1001, 1, 0, 0, 0, 0.05, 0, -0.01
10.1101, 1, 0, 0, 0, 0.05, 0, -0.01
10.1201, 1, 0, 0, 0, 0.05, 0, -0.01
10.1301, 1, 0, 0, 0, 0.05, 0, -0.01
10.1401, 1, 0, 0, 0, 0.05, 0, -0.01
10.1501, 1, 0, 0, 0, 0.05, 0, -0.01
10.1601, 1, 0, 0, 0, 0.05, 0, -0.01
10.1701, 1, 0, 0, 0, 0.05, 0, -0.01
10.1801, 1, 0, 0, 0, 0.05, 0, -0.01
10.1901, 1, 0, 0, 0, 0.05, 0, -0.01
10.2001, 1, 0, 0, 0, 0.05, 0, -0.01
10.2101, 1, 0, 0, 0, 0.05, 0, -0.01
10.2201, 1, 0, 0, 0, 0.05, 0, -0.01
10.2301, 1, 0, 0, 0, 0.05, 0, -0.01
10.2401, 1, 0, 0, 0, 0.05, 0, -0.01
10.2501, 1, 0, 0, 0, 0.05, 0, -0.01
10.2601, 1, 0, 0, 0, 0.05, 0, -0.01
10.2701, 1, 0, 0, 0, 0.05, 0, -0.01
10.2801, 1, 0, 0, 0, 0.05, 0, -0.01
10.2901, 1, 0, 0, 0, 0.05, 0, -0.01
10.3001, 1, 0, 0, 0, 0.05, 0, -0.01
10.3101, 1, 0, 0, 0, 0.05, 0, -0.01
10.3201, 1, 0, 0, 0, 0.05, 0, -0.01
10.3301, 1, 0, 0, 0, 0.05, 0, -0.01
10.3401, 1, 0, 0, 0, 0.05, 0, -0.01
10.3501, 1, 0, 0, 0, 0.05, 0, -0.01
10.3601, 1, 0, 0, 0, 0.05, 0, -0.01
10.3701, 1, 0, 0, 0, 0.05, 0, -0.01
10.3801, 1, 0, 0, 0, 0.05, 0, -0.01
10.3901, 1, 0, 0, 0, 0.05, 0, -0.01
10.4001, 1, 0, 0, 0, 0.05, 0, -0.01
10.4101, 1, 0, 0, 0, 0.05, 0, -0.01
10.4201, 1, 0, 0, 0, 0.05, 0, -0.01
10.4301, 1, 0, 0, 0, 0.05, 0, -0.01
10.4401, 1, 0, 0, 0, 0.05, 0, -0.01
10.4501, 1, 0, 0, 0, 0.05, 0, -0.01
10.4601, 1, 0, 0, 0, 0.05, 0, -0.01
10.4701, 1, 0, 0, 0, 0.05, 0, -0.01
10.4801, 1, 0, 0, 0, 0.05, 0, -0.01
10.4901, 1, 0, 0, 0, 0.05, 0, -0.01
10.5001, 1, 0, 0, 0, 0.05, 0, -0.01
10.5101, 1, 0, 0, 0, 0.05, 0, -0.01
10.5201, 1, 0, 0, 0, 0.05, 0, -0.01
10.5301, 1, 0, 0, 0, 0.05, 0, -0.01
10.5401, 1, 0, 0, 0, 0.05, 0, -0.01
10.5501, 1, 0, 0, 0, 0.05, 0, -0.01
10.5601, 1, 0, 0, 0, 0.05, 0, -0.01
10.5701, 1, 0, 0, 0, 0.05, 0, -0.01
10.5801, 1, 0, 0, 0, 0.05, 0, -0.01
10.5901, 1, 0, 0, 0, 0.05, 0, -0.01
10.6001, 1, 0, 0, 0, 0.05, 0, -0.01
10.6101, 1, 0, 0, 0, 0.05, 0, -0.01
10.6201, 1, 0, 0, 0, 0.05, 0, -0.01
10.6301, 1, 0, 0, 0, 0.05, 0, -0.01
10.6401, 1, 0, 0, 0, 0.05, 0, -0.01
10.6501, 1, 0, 0, 0, 0.05, 0, -0.01
10.6601, 1, 0, 0, 0, 0.05, 0, -0.01
10.6701, 1, 0, 0, 0, 0.05, 0, -0.01
10.6801, 1, 0, 0, 0, 0.05, 0, -0.01
10.6901, 1, 0, 0, 0, 0.05, 0, -0.01
10.7001, 1, 0, 0, 0, 0.05, 0, -0.01
10.7101, 1, 0, 0, 0, 0.05, 0, -0.01
10.7201, 1, 0, 0, 0, 0.05, 0, -0.01
10.7302, 1, 0, 0, 0, 0.05, 0, -0.01
10.7402, 1, 0, 0, 0, 0.05, 0, -0.01
10.7502, 1, 0, 0, 0, 0.05, 0, -0.01
10.7602, 1, 0, 0, 0, 0.05, 0, -0.01
10.7702, 1, 0, 0, 0, 0.05, 0, -0.01
10.7802, 1, 0, 0, 0, 0.05, 0, -0.01
10.7902, 1, 0, 0, 0, 0.05, 0, -0.01
10.8002, 1, 0, 0, 0, 0.05, 0, -0.01
10.8102, 1, 0, 0, 0, 0.05, 0, -0.01
10.8202, 1, 0, 0, 0, 0.05, 0, -0.01
10.8302, 1, 0, 0, 0, 0.05, 0, -0.01
10.8402, 1, 0, 0, 0, 0.05, 0, -0.01
10.8502, 1, 0, 0, 0, 0.05, 0, -0.01
10.8602, 1, 0, 0, 0, 0.05, 0, -0.01
10.8702, 1, 0, 0, 0, 0.05, 0, -0.01
10.8802, 1, 0, 0, 0, 0.05, 0, -0.01
10.8902, 1, 0, 0, 0, 0.05, 0, -0.01
10.9002, 1, 0, 0, 0, 0.05, 0, -0.01
10.9102, 1, 0, 0, 0, 0.05, 0, -0.01
10.9202, 1, 0, 0, 0, 0.05, 0, -0.01
10.9302, 1, 0, 0, 0, 0.05, 0, -0.01
10.9402, 1, 0, 0, 0, 0.05, 0, -0.01
10.9502, 1, 0, 0, 0, 0.05, 0, -0.01
10.9602, 1, 0, 0, 0, 0.05, 0, -0.01
10.9702, 1, 0, 0, 0, 0.05, 0, -0.01
10.9802, 1, 0, 0, 0, 0.05, 0, -0.01
10.9902, 1, 0, 0, 0, 0.05, 0, -0.01
11.0002, 1, 0, 0, 0, 0.05, 0, -0.01
11.0102, 1, 0, 0, 0, 0.05, 0, -0.01
11.0202, 1, 0, 0, 0, 0.05, 0, -0.01
11.0302, 1, 0, 0, 0, 0.05, 0, -0.01
11.0402, 1, 0, 0, 0, 0.05, 0, -0.01
11.0502, 1, 0, 0, 0, 0.05, 0, -0.01
11.0602, 1, 0, 0, 0, 0.05, 0, -0.01
11.0702, 1, 0, 0, 0, 0.05, 0, -0.01
11.0802, 1, 0, 0, 0, 0.05, 0, -0.01
11.0902, 1, 0, 0, 0, 0.05, 0, -0.01
11.1002, 1, 0, 0, 0, 0.05, 0, -0.01
11.1102, 1, 0, 0, 0, 0.05, 0, -0.01
11.1202, 1, 0, 0, 0, 0.05, 0, -0.01
11.1302, 1, 0, 0, 0, 0.05, 0, -0.01
11.1402, 1, 0, 0, 0, 0.05, 0, -0.01
11.1502, 1, 0, 0, 0, 0.05, 0, -0.01
11.1602, 1, 0, 0, 0, 0.05, 0, -0.01
11.1702, 1, 0, 0, 0, 0.05, 0, -0.01
11.1802, 1, 0, 0, 0, 0.05, 0, -0.01
11.1902, 1, 0, 0, 0, 0.05, 0, -0.01
11.2002, 1, 0, 0, 0, 0.05, 0, -0.01
11.2102, 1, 0, 0, 0, 0.05, 0, -0.01
11.2202, 1, 0, 0, 0, 0.05, 0, -0.01
11.2302, 1, 0, 0, 0, 0.05, 0, -0.01
11.2402, 1, 0, 0, 0, 0.05, 0, -0.01
11.2502, 1, 0, 0, 0, 0.05, 0, -0.01
11.2602, 1, 0, 0, 0, 0.05, 0, -0.01
11.2702, 1, 0, 0, 0, 0.05, 0, -0.01
11.2802, 1, 0, 0, 0, 0.05, 0, -0.01
11.2902, 1, 0, 0, 0, 0.05, 0, -0.01
11.3002, 1, 0, 0, 0, 0.05, 0, -0.01
11.3102, 1, 0, 0, 0, 0.05, 0, -0.01
11.3202, 1, 0, 0, 0, 0.05, 0, -0.01
11.3302, 1, 0, 0, 0, 0.05, 0, -0.01
11.3402, 1, 0, 0, 0, 0.05, 0, -0.01
11.3502, 1, 0, 0, 0, 0.05, 0, -0.01
11.3602, 1, 0, 0, 0, 0.05, 0, -0.01
11.3702, 1, 0, 0, 0, 0.05, 0, -0.01
11.3802, 1, 0, 0, 0, 0.05, 0, -0.01
11.3902, 1, 0, 0, 0, 0.05, 0, -0.01
11.4002, 1, 0, 0, 0, 0.05, 0, -0.01
11.4102, 1, 0, 0, 0, 0.05, 0, -0.01
11.4202, 1, 0, 0, 0, 0.05, 0, -0.01
11.4302, 1, 0, 0, 0, 0.05, 0, -0.01
11.4402, 1, 0, 0, 0, 0.05, 0, -0.01
11.4502, 1, 0, 0, 0, 0.05, 0, -0.01
11.4602, 1, 0, 0, 0, 0.05, 0, -0.01
11.4702, 1, 0, 0, 0, 0.05, 0, -0.01
11.4802, 1, 0, 0, 0, 0.05, 0, -0.01
11.4902, 1, 0, 0, 0, 0.05, 0, -0.01
11.5002, 1, 0, 0, 0, 0.05, 0, -0.01
11.5102, 1, 0, 0, 0, 0.05, 0, -0.01
11.5202, 1, 0, 0, 0, 0.05, 0, -0.01
11.5302, 1, 0, 0, 0, 0.05, 0, -0.01
11.5402, 1, 0, 0, 0, 0.05, 0, -0.01
11.5502, 1, 0, 0, 0, 0.05, 0, -0.01
11.5602, 1, 0, 0, 0, 0.05, 0, -0.01
11.5702, 1, 0, 0, 0, 0.05, 0, -0.01
11.5802, 1, 0, 0, 0, 0.05, 0, -0.01
11.5902, 1, 0, 0, 0, 0.05, 0, -0.01
11.6002, 1, 0, 0, 0, 0.05, 0, -0.01
11.6102, 1, 0, 0, 0, 0.05, 0, -0.01
11.6202, 1, 0, 0, 0, 0.05, 0, -0.01
11.6302, 1, 0, 0, 0, 0.05, 0, -0.01
11.6402, 1, 0, 0, 0, 0.05, 0, -0.01
11.6502, 1, 0, 0, 0, 0.05, 0, -0.01
11.6602, 1, 0, 0, 0, 0.05, 0, -0.01
11.6702, 1, 0, 0, 0, 0.05, 0, -0.01
11.6802, 1, 0, 0, 0, 0.05, 0, -0.01
11.6902, 1, 0, 0, 0, 0.05, 0, -0.01
11.7002, 1, 0, 0, 0, 0.05, 0, -0.01
11.7102, 1, 0, 0, 0, 0.05, 0, -0.01
11.7202, 1, 0, 0, 0, 0.05, 0, -0.01
11.7302, 1, 0, 0, 0, 0.05, 0, -0.01
11.7402, 1, 0, 0, 0, 0.05, 0, -0.01
11.7502, 1, 0, 0, 0, 0.05, 0, -0.01
11.7602, 1, 0, 0, 0, 0.05, 0, -0.01
11.7702, 1, 0, 0, 0, 0.05, 0, -0.01
11.7802, 1, 0, 0, 0, 0.05, 0, -0.01
11.7902, 1, 0, 0, 0, 0.05, 0, -0.01
11.8002, 1, 0, 0, 0, 0.05, 0, -0.01
11.8102, 1, 0, 0, 0, 0.05, 0, -0.01
11.8202, 1, 0, 0, 0, 0.05, 0, -0.01
11.8302, 1, 0, 0, 0, 0.05, 0, -0.01
11.8402, 1, 0, 0, 0, 0.05, 0, -0.01
11.8502, 1, 0, 0, 0, 0.05, 0, -0.01
11.8602, 1, 0, 0, 0, 0.05, 0, -0.01
11.8702, 1, 0, 0, 0, 0.05, 0, -0.01
11.8802, 1, 0, 0, 0, 0.05, 0, -0.01
11.8902, 1, 0, 0, 0, 0.05, 0, -0.01
11.9002, 1, 0, 0, 0, 0.05, 0, -0.01
11.9102, 1, 0, 0, 0, 0.05, 0, -0.01
11.9202, 1, 0, 0, 0, 0.05, 0, -0.01
11.9302, 1, 0, 0, 0, 0.05, 0, -0.01
11.9402, 1, 0, 0, 0, 0.05, 0, -0.01
11.9502, 1, 0, 0, 0, 0.05, 0, -0.01
11.9602, 1, 0, 0, 0, 0.05, 0, -0.01
11.9702, 1, 0, 0, 0, 0.05, 0, -0.01
11.9802, 1, 0, 0, 0, 0.05, 0, -0.01
11.9902, 1, 0, 0, 0, 0.05, 0, -0.01
12.0002, 1, 0, 0, 0, 0.05, 0, -0.01
12.0102, 1, 0, 0, 0, 0.05, 0, -0.01
12.0202, 1, 0, 0, 0, 0.05, 0, -0.01
12.0302, 1, 0, 0, 0, 0.05, 0, -0.01
12.0402, 1, 0, 0, 0, 0.05, 0, -0.01
12.0502, 1, 0, 0, 0, 0.05, 0, -0.01
12.0602, 1, 0, 0, 0, 0.05, 0, -0.01
12.0702, 1, 0, 0, 0, 0.05, 0, -0.01
12.0802, 1, 0, 0, 0, 0.05, 0, -0.01
12.0902, 1, 0, 0, 0, 0.05, 0, -0.01
12.1002, 1, 0, 0, 0, 0.05, 0, -0.01
12.1102, 1, 0, 0, 0, 0.05, 0, -0.01
12.1202, 1, 0, 0, 0, 0.05, 0, -0.01
12.1302, 1, 0, 0, 0, 0.05, 0, -0.01
12.1402, 1, 0, 0, 0, 0.05, 0, -0.01
12.1502, 1, 0, 0, 0, 0.05, 0, -0.01
12.1602, 1, 0, 0, 0, 0.05, 0, -0.01
12.1702, 1, 0, 0, 0, 0.05, 0, -0.01
12.1802, 1, 0, 0, 0, 0.05, 0, -0.01
12.1902, 1, 0, 0, 0, 0.05, 0, -0.01
12.2002, 1, 0, 0, 0, 0.05, 0, -0.01
12.2102, 1, 0, 0, 0, 0.05, 0, -0.01
12.2202, 1, 0, 0, 0, 0.05, 0, -0.01
12.2302, 1, 0, 0, 0, 0.05, 0, -0.01
12.2402, 1, 0, 0, 0, 0.05, 0, -0.01
12.2502, 1, 0, 0, 0, 0.05, 0, -0.01
12.2602, 1, 0, 0, 0, 0.05, 0, -0.01
12.2702, 1, 0, 0, 0, 0.05, 0, -0.01
12.2802, 1, 0, 0, 0, 0.05, 0, -0.01
12.2902, 1, 0, 0, 0, 0.05, 0, -0.01
12.3002, 1, 0, 0, 0, 0.05, 0, -0.01
12.3102, 1, 0, 0, 0, 0.05, 0, -0.01
12.3202, 1, 0, 0, 0, 0.05, 0, -0.01
12.3302, 1, 0, 0, 0, 0.05, 0, -0.01
12.3402, 1, 0, 0, 0, 0.05, 0, -0.01
12.3502, 1, 0, 0, 0, 0.05, 0, -0.01
12.3602, 1, 0, 0, 0, 0.05, 0, -0.01
12.3702, 1, 0, 0, 0, 0.05, 0, -0.01
12.3802, 1, 0, 0, 0, 0.05, 0, -0.01
12.3902, 1, 0, 0, 0, 0.05, 0, -0.01
12.4002, 1, 0, 0, 0, 0.05, 0, -0.01
12.4102, 1, 0, 0, 0, 0.05, 0, -0.01
12.4202, 1, 0, 0, 0, 0.05, 0, -0.01
12.4302, 1, 0, 0, 0, 0.05, 0, -0.01
12.4402, 1, 0, 0, 0, 0.05, 0, -0.01
12.4502, 1, 0, 0, 0, 0.05, 0, -0.01
12.4602, 1, 0, 0, 0, 0.05, 0, -0.01
12.4702, 1, 0, 0, 0, 0.05, 0, -0.01
12.4802, 1, 0, 0, 0, 0.05, 0, -0.01
12.4902, 1, 0, 0, 0, 0.05, 0, -0.01
12.5002, 1, 0, 0, 0, 0.05, 0, -0.01
12.5102, 1, 0, 0, 0, 0.05, 0, -0.01
12.5202, 1, 0, 0, 0, 0.05, 0, -0.01
12.5302, 1, 0, 0, 0, 0.05, 0, -0.01
12.5402, 1, 0, 0, 0, 0.05, 0, -0.01
12.5502, 1, 0, 0, 0, 0.05, 0, -0.01
12.5602, 1, 0, 0, 0, 0.05, 0, -0.01
12.5702, 1, 0, 0, 0, 0.05, 0, -0.01
12.5802, 1, 0, 0, 0, 0.05, 0, -0.01
12.5902, 1, 0, 0, 0, 0.05, 0, -0.01
12.6002, 1, 0, 0, 0, 0.05, 0, -0.01
12.6102, 1, 0, 0, 0, 0.05, 0, -0.01
12.6202, 1, 0, 0, 0, 0.05, 0, -0.01
12.6302, 1, 0, 0, 0, 0.05, 0, -0.01
12.6402, 1, 0, 0, 0, 0.05, 0, -0.01
12.6502, 1, 0, 0, 0, 0.05, 0, -0.01
12.6602, 1, 0, 0, 0, 0.05, 0, -0.01
12.6702, 1, 0, 0, 0, 0.05, 0, -0.01
12.6802, 1, 0, 0, 0, 0.05, 0, -0.01
12.6902, 1, 0, 0, 0, 0.05, 0, -0.01
12.7002, 1, 0, 0, 0, 0.05, 0, -0.01
12.7102, 1, 0, 0, 0, 0.05, 0, -0.01
12.7202, 1, 0, 0, 0, 0.05, 0, -0.01
12.7302, 1, 0, 0, 0, 0.05, 0, -0.01
12.7402, 1, 0, 0, 0, 0.05, 0, -0.01
12.7502, 1, 0, 0, 0, 0.05, 0, -0.01
12.7602, 1, 0, 0, 0, 0.05, 0, -0.01
12.7702, 1, 0, 0, 0, 0.05, 0, -0.01
12.7802, 1, 0, 0, 0, 0.05, 0, -0.01
12.7902, 1, 0, 0, 0, 0.05, 0, -0.01
12.8002, 1, 0, 0, 0, 0.05, 0, -0.01
12.8102, 1, 0, 0, 0, 0.05, 0, -0.01
12.8202, 1, 0, 0, 0, 0.05, 0, -0.01
12.8302, 1, 0, 0, 0, 0.05, 0, -0.01
12.8402, 1, 0, 0, 0, 0.05, 0, -0.01
12.8502, 1, 0, 0, 0, 0.05, 0, -0.01
12.8602, 1, 0, 0, 0, 0.05, 0, -0.01
12.8702, 1, 0, 0, 0, 0.05, 0, -0.01
12.8802, 1, 0, 0, 0, 0.05, 0, -0.01
12.8902, 1, 0, 0, 0, 0.05, 0, -0.01
12.9002, 1, 0, 0, 0, 0.05, 0, -0.01
12.9102, 1, 0, 0, 0, 0.05, 0, -0.01
12.9202, 1, 0, 0, 0, 0.05, 0, -0.01
12.9302, 1, 0, 0, 0, 0.05, 0, -0.01
12.9402, 1, 0, 0, 0, 0.05, 0, -0.01
12.9502, 1, 0, 0, 0, 0.05, 0, -0.01
12.9602, 1, 0, 0, 0, 0.05, 0, -0.01
12.9702, 1, 0, 0, 0, 0.05, 0, -0.01
12.9802, 1, 0, 0, 0, 0.05, 0, -0.01
12.9902, 1, 0, 0, 0, 0.05, 0, -0.01
13.0002, 1, 0, 0, 0, 0.05, 0, -0.01
13.0102, 1, 0, 0, 0, 0.05, 0, -0.01
13.0202, 1, 0, 0, 0, 0.05, 0, -0.01
13.0302, 1, 0, 0, 0, 0.05, 0, -0.01
13.0402, 1, 0, 0, 0, 0.05, 0, -0.01
13.0502, 1, 0, 0, 0, 0.05, 0, -0.01
13.0602, 1, 0, 0, 0, 0.05, 0, -0.01
13.0702, 1, 0, 0, 0, 0.05, 0, -0.01
13.0802, 1, 0, 0, 0, 0.05, 0, -0.01
13.0902, 1, 0, 0, 0, 0.05, 0, -0.01
13.1002, 1, 0, 0, 0, 0.05, 0, -0.01
13.1102, 1, 0, 0, 0, 0.05, 0, -0.01
13.1202, 1, 0, 0, 0, 0.05, 0, -0.01
13.1302, 1, 0, 0, 0, 0.05, 0, -0.01
13.1402, 1, 0, 0, 0, 0.05, 0, -0.01
13.1502, 1, 0, 0, 0, 0.05, 0, -0.01
13.1602, 1, 0, 0, 0, 0.05, 0, -0.01
13.1702, 1, 0, 0, 0, 0.05, 0, -0.01
13.1802, 1, 0, 0, 0, 0.05, 0, -0.01
13.1902, 1, 0, 0, 0, 0.05, 0, -0.01
13.2002, 1, 0, 0, 0, 0.05, 0, -0.01
13.2102, 1, 0, 0, 0, 0.05, 0, -0.01
13.2202, 1, 0, 0, 0, 0.05, 0, -0.01
13.2302, 1, 0, 0, 0, 0.05, 0, -0.01
13.2402, 1, 0, 0, 0, 0.05, 0, -0.01
13.2502, 1, 0, 0, 0, 0.05, 0, -0.01
13.2602, 1, 0, 0, 0, 0.05, 0, -0.01
13.2702, 1, 0, 0, 0, 0.05, 0, -0.01
13.2802, 1, 0, 0, 0, 0.05, 0, -0.01
13.2902, 1, 0, 0, 0, 0.05, 0, -0.01
13.3002, 1, 0, 0, 0, 0.05, 0, -0.01
13.3102, 1, 0, 0, 0, 0.05, 0, -0.01
13.3202, 1, 0, 0, 0, 0.05, 0, -0.01
13.3302, 1, 0, 0, 0, 0.05, 0, -0.01
13.3402, 1, 0, 0, 0, 0.05, 0, -0.01
13.3502, 1, 0, 0, 0, 0.05, 0, -0.01
13.3602, 1, 0, 0, 0, 0.05, 0, -0.01
13.3702, 1, 0, 0, 0, 0.05, 0, -0.01
13.3802, 1, 0, 0, 0, 0.05, 0, -0.01
13.3902, 1, 0, 0, 0, 0.05, 0, -0.01
13.4002, 1, 0, 0, 0, 0.05, 0, -0.01
13.4102, 1, 0, 0, 0, 0.05, 0, -0.01
13.4202, 1, 0, 0, 0, 0.05, 0, -0.01
13.4302, 1, 0, 0, 0, 0.05, 0, -0.01
13.4402, 1, 0, 0, 0, 0.05, 0, -0.01
13.4502, 1, 0, 0, 0, 0.05, 0, -0.01
13.4602, 1, 0, 0, 0, 0.05, 0, -0.01
13.4702, 1, 0, 0, 0, 0.05, 0, -0.01
13.4802, 1, 0, 0, 0, 0.05, 0, -0.01
13.4902, 1, 0, 0, 0, 0.05, 0, -0.01
13.5002, 1, 0, 0, 0, 0.05, 0, -0.01
13.5102, 1, 0, 0, 0, 0.05, 0, -0.01
13.5202, 1, 0, 0, 0, 0.05, 0, -0.01
13.5302, 1, 0, 0, 0, 0.05, 0, -0.01
13.5402, 1, 0, 0, 0, 0.05, 0, -0.01
13.5502, 1, 0, 0, 0, 0.05, 0, -0.01
13.5602, 1, 0, 0, 0, 0.05, 0, -0.01
13.5702, 1, 0, 0, 0, 0.05, 0, -0.01
13.5802, 1, 0, 0, 0, 0.05, 0, -0.01
13.5902, 1, 0, 0, 0, 0.05, 0, -0.01
13.6002, 1, 0, 0, 0, 0.05, 0, -0.01
13.6102, 1, 0, 0, 0, 0.05, 0, -0.01
13.6202, 1, 0, 0, 0, 0.05, 0, -0.01
13.6302, 1, 0, 0, 0, 0.05, 0, -0.01
13.6402, 1, 0, 0, 0, 0.05, 0, -0.01
13.6502, 1, 0, 0, 0, 0.05, 0, -0.01
13.6602, 1, 0, 0, 0, 0.05, 0, -0.01
13.6702, 1, 0, 0, 0, 0.05, 0, -0.01
13.6802, 1, 0, 0, 0, 0.05, 0, -0.01
13.6902, 1, 0, 0, 0, 0.05, 0, -0.01
13.7002, 1, 0, 0, 0, 0.05, 0, -0.01
13.7102, 1, 0, 0, 0, 0.05, 0, -0.01
13.7202, 1, 0, 0, 0, 0.05, 0, -0.01
13.7302, 1, 0, 0, 0, 0.05, 0, -0.01
13.7402, 1, 0, 0, 0, 0.05, 0, -0.01
13.7502, 1, 0, 0, 0, 0.05, 0, -0.01
13.7602, 1, 0, 0, 0, 0.05, 0, -0.01
13.7702, 1, 0, 0, 0, 0.05, 0, -0.01
13.7802, 1, 0, 0, 0, 0.05, 0, -0.01
13.7902, 1, 0, 0, 0, 0.05, 0, -0.01
13.8002, 1, 0, 0, 0, 0.05, 0, -0.01
13.8102, 1, 0, 0, 0, 0.05, 0, -0.01
13.8202, 1, 0, 0, 0, 0.05, 0, -0.01
13.8302, 1, 0, 0, 0, 0.05, 0, -0.01
13.8402, 1, 0, 0, 0, 0.05, 0, -0.01
13.8502, 1, 0, 0, 0, 0.05, 0, -0.01
13.8602, 1, 0, 0, 0, 0.05, 0, -0.01
13.8702, 1, 0, 0, 0, 0.05, 0, -0.01
13.8802, 1, 0, 0, 0, 0.05, 0, -0.01
13.8902, 1, 0, 0, 0, 0.05, 0, -0.01
13.9002, 1, 0, 0, 0, 0.05, 0, -0.01
13.9102, 1, 0, 0, 0, 0.05, 0, -0.01
13.9202, 1, 0, 0, 0, 0.05, 0, -0.01
13.9302, 1, 0, 0, 0, 0.05, 0, -0.01
13.9402, 1, 0, 0, 0, 0.05, 0, -0.01
13.9502, 1, 0, 0, 0, 0.05, 0, -0.01
13.9602, 1, 0, 0, 0, 0.05, 0, -0.01
13.9702, 1, 0, 0, 0, 0.05, 0, -0.01
13.9802, 1, 0, 0, 0, 0.05, 0, -0.01
13.9902, 1, 0, 0, 0, 0.05, 0, -0.01
14.0002, 1, 0, 0, 0, 0.05, 0, -0.01
14.0102, 1, 0, 0, 0, 0.05, 0, -0.01
14.0202, 1, 0, 0, 0, 0.05, 0, -0.01
14.0302, 1, 0, 0, 0, 0.05, 0, -0.01
14.0402, 1, 0, 0, 0, 0.05, 0, -0.01
14.0502, 1, 0, 0, 0, 0.05, 0, -0.01
14.0602, 1, 0, 0, 0, 0.05, 0, -0.01
14.0702, 1, 0, 0, 0, 0.05, 0, -0.01
14.0802, 1, 0, 0, 0, 0.05, 0, -0.01
14.0902, 1, 0, 0, 0, 0.05, 0, -0.01
14.1002, 1, 0, 0, 0, 0.05, 0, -0.01
14.1102, 1, 0, 0, 0, 0.05, 0, -0.01
14.1202, 1, 0, 0, 0, 0.05, 0, -0.01
14.1302, 1, 0, 0, 0, 0.05, 0, -0.01
14.1402, 1, 0, 0, 0, 0.05, 0, -0.01
14.1502, 1, 0, 0, 0, 0.05, 0, -0.01
14.1602, 1, 0, 0, 0, 0.05, 0, -0.01
14.1702, 1, 0, 0, 0, 0.05, 0, -0.01
14.1802, 1, 0, 0, 0, 0.05, 0, -0.01
14.1902, 1, 0, 0, 0, 0.05, 0, -0.01
14.2002, 1, 0, 0, 0, 0.05, 0, -0.01
14.2102, 1, 0, 0, 0, 0.05, 0, -0.01
14.2202, 1, 0, 0, 0, 0.05, 0, -0.01
14.2302, 1, 0, 0, 0, 0.05, 0, -0.01
14.2402, 1, 0, 0, 0, 0.05, 0, -0.01
14.2502, 1, 0, 0, 0, 0.05, 0, -0.01
14.2602, 1, 0, 0, 0, 0.05, 0, -0.01
14.2702, 1, 0, 0, 0, 0.05, 0, -0.01
14.2802, 1, 0, 0, 0, 0.05, 0, -0.01
14.2902, 1, 0, 0, 0, 0.05, 0, -0.01
14.3002, 1, 0, 0, 0, 0.05, 0, -0.01
14.3102, 1, 0, 0, 0, 0.05, 0, -0.01
14.3202, 1, 0, 0, 0, 0.05, 0, -0.01
14.3302, 1, 0, 0, 0, 0.05, 0, -0.01
14.3402, 1, 0, 0, 0, 0.05, 0, -0.01
14.3502, 1, 0, 0, 0, 0.05, 0, -0.01
14.3602, 1, 0, 0, 0, 0.05, 0, -0.01
14.3702, 1, 0, 0, 0, 0.05, 0, -0.01
14.3802, 1, 0, 0, 0, 0.05, 0, -0.01
14.3902, 1, 0, 0, 0, 0.05, 0, -0.01
14.4002, 1, 0, 0, 0, 0.05, 0, -0.01
14.4102, 1, 0, 0, 0, 0.05, 0, -0.01
14.4202, 1, 0, 0, 0, 0.05, 0, -0.01
14.4302, 1, 0, 0, 0, 0.05, 0, -0.01
14.4402, 1, 0, 0, 0, 0.05, 0, -0.01
14.4502, 1, 0, 0, 0, 0.05, 0, -0.01
14.4602, 1, 0, 0, 0, 0.05, 0, -0.01
14.4702, 1, 0, 0, 0, 0.05, 0, -0.01
14.4802, 1, 0, 0, 0, 0.05, 0, -0.01
14.4902, 1, 0, 0, 0, 0.05, 0, -0.01
14.5002, 1, 0, 0, 0, 0.05, 0, -0.01
14.5102, 1, 0, 0, 0, 0.05, 0, -0.01
14.5202, 1, 0, 0, 0, 0.05, 0, -0.01
14.5302, 1, 0, 0, 0, 0.05, 0, -0.01
14.5402, 1, 0, 0, 0, 0.05, 0, -0.01
14.5502, 1, 0, 0, 0, 0.05, 0, -0.01
14.5602, 1, 0, 0, 0, 0.05, 0, -0.01
14.5702, 1, 0, 0, 0, 0.05, 0, -0.01
14.5802, 1, 0, 0, 0, 0.05, 0, -0.01
14.5902, 1, 0, 0, 0, 0.05, 0, -0.01
14.6002, 1, 0, 0, 0, 0.05, 0, -0.01
14.6102, 1, 0, 0, 0, 0.05, 0, -0.01
14.6202, 1, 0, 0, 0, 0.05, 0, -0.01
14.6302, 1, 0, 0, 0, 0.05, 0, -0.01
14.6402, 1, 0, 0, 0, 0.05, 0, -0.01
14.6502, 1, 0, 0, 0, 0.05, 0, -0.01
14.6602, 1, 0, 0, 0, 0.05, 0, -0.01
14.6702, 1, 0, 0, 0, 0.05, 0, -0.01
14.6802, 1, 0, 0, 0, 0.05, 0, -0.01
14.6902, 1, 0, 0, 0, 0.05, 0, -0.01
14.7002, 1, 0, 0, 0, 0.05, 0, -0.01
14.7102, 1, 0, 0, 0, 0.05, 0, -0.01
14.7202, 1, 0, 0, 0, 0.05, 0, -0.01
14.7302, 1, 0, 0, 0, 0.05, 0, -0.01
14.7402, 1, 0, 0, 0, 0.05, 0, -0.01
14.7502, 1, 0, 0, 0, 0.05, 0, -0.01
14.7602, 1, 0, 0, 0, 0.05, 0, -0.01
14.7702, 1, 0, 0, 0, 0.05, 0, -0.01
14.7802, 1, 0, 0, 0, 0.05, 0, -0.01
14.7902, 1, 0, 0, 0, 0.05, 0, -0.01
14.8002, 1, 0, 0, 0, 0.05, 0, -0.01
14.8102, 1, 0, 0, 0, 0.05, 0, -0.01
14.8202, 1, 0, 0, 0, 0.05, 0, -0.01
14.8302, 1, 0, 0, 0, 0.05, 0, -0.01
14.8402, 1, 0, 0, 0, 0.05, 0, -0.01
14.8502, 1, 0, 0, 0, 0.05, 0, -0.01
14.8602, 1, 0, 0, 0, 0.05, 0, -0.01
14.8702, 1, 0, 0, 0, 0.05, 0, -0.01
14.8802, 1, 0, 0, 0, 0.05, 0, -0.01
14.8902, 1, 0, 0, 0, 0.05, 0, -0.01
14.9002, 1, 0, 0, 0, 0.05, 0, -0.01
14.9102, 1, 0, 0, 0, 0.05, 0, -0.01
14.9202, 1, 0, 0, 0, 0.05, 0, -0.01
14.9302, 1, 0, 0, 0, 0.05, 0, -0.01
14.9402, 1, 0, 0, 0, 0.05, 0, -0.01
14.9502, 1, 0, 0, 0, 0.05, 0, -0.01
14.9602, 1, 0, 0, 0, 0.05, 0, -0.01
14.9702, 1, 0, 0, 0, 0.05, 0, -0.01
14.9802, 1, 0, 0, 0, 0.05, 0, -0.01
14.9902, 1, 0, 0, 0, 0.05, 0, -0.01
15.0002, 1, 0, 0, 0, 0.05, 0, -0.01
15.0102, 1, 0, 0, 0, 0.05, 0, -0.01
15.0202, 1, 0, 0, 0, 0.05, 0, -0.01
15.0302, 1, 0, 0, 0, 0.05, 0, -0.01
15.0402, 1, 0, 0, 0, 0.05, 0, -0.01
15.0502, 1, 0, 0, 0, 0.05, 0, -0.01
15.0602, 1, 0, 0, 0, 0.05, 0, -0.01
15.0702, 1, 0, 0, 0, 0.05, 0, -0.01
15.0802, 1, 0, 0, 0, 0.05, 0, -0.01
15.0903, 1, 0, 0, 0, 0.05, 0, -0.01
15.1003, 1, 0, 0, 0, 0.05, 0, -0.01
15.1103, 1, 0, 0, 0, 0.05, 0, -0.01
15.1203, 1, 0, 0, 0, 0.05, 0, -0.01
15.1303, 1, 0, 0, 0, 0.05, 0, -0.01
15.1403, 1, 0, 0, 0, 0.05, 0, -0.01
15.1503, 1, 0, 0, 0, 0.05, 0, -0.01
15.1603, 1, 0, 0, 0, 0.05, 0, -0.01
15.1703, 1, 0, 0, 0, 0.05, 0, -0.01
15.1803, 1, 0, 0, 0, 0.05, 0, -0.01
15.1903, 1, 0, 0, 0, 0.05, 0, -0.01
15.2003, 1, 0, 0, 0, 0.05, 0, -0.01
15.2103, 1, 0, 0, 0, 0.05, 0, -0.01
15.2203, 1, 0, 0, 0, 0.05, 0, -0.01
15.2303, 1, 0, 0, 0, 0.05, 0, -0.01
15.2403, 1, 0, 0, 0, 0.05, 0, -0.01
15.2503, 1, 0, 0, 0, 0.05, 0, -0.01
15.2603, 1, 0, 0, 0, 0.05, 0, -0.01
15.2703, 1, 0, 0, 0, 0.05, 0, -0.01
15.2803, 1, 0, 0, 0, 0.05, 0, -0.01
15.2903, 1, 0, 0, 0, 0.05, 0, -0.01
15.3003, 1, 0, 0, 0, 0.05, 0, -0.01
15.3103, 1, 0, 0, 0, 0.05, 0, -0.01
15.3203, 1, 0, 0, 0, 0.05, 0, -0.01
15.3303, 1, 0, 0, 0, 0.05, 0, -0.01
15.3403, 1, 0, 0, 0, 0.05, 0, -0.01
15.3503, 1, 0, 0, 0, 0.05, 0, -0.01
15.3603, 1, 0, 0, 0, 0.05, 0, -0.01
15.3703, 1, 0, 0, 0, 0.05, 0, -0.01
15.3803, 1, 0, 0, 0, 0.05, 0, -0.01
15.3903, 1, 0, 0, 0, 0.05, 0, -0.01
15.4003, 1, 0, 0, 0, 0.05, 0, -0.01
15.4103, 1, 0, 0, 0, 0.05, 0, -0.01
15.4203, 1, 0, 0, 0, 0.05, 0, -0.01
15.4303, 1, 0, 0, 0, 0.05, 0, -0.01
15.4403, 1, 0, 0, 0, 0.05, 0, -0.01
15.4503, 1, 0, 0, 0, 0.05, 0, -0.01
15.4603, 1, 0, 0, 0, 0.05, 0, -0.01
15.4703, 1, 0, 0, 0, 0.05, 0, -0.01
15.4803, 1, 0, 0, 0, 0.05, 0, -0.01
15.4903, 1, 0, 0, 0, 0.05, 0, -0.01
15.5003, 1, 0, 0, 0, 0.05, 0, -0.01
15.5103, 1, 0, 0, 0, 0.05, 0, -0.01
15.5203, 1, 0, 0, 0, 0.05, 0, -0.01
15.5303, 1, 0, 0, 0, 0.05, 0, -0.01
15.5403, 1, 0, 0, 0, 0.05, 0, -0.01
15.5503, 1, 0, 0, 0, 0.05, 0, -0.01
15.5603, 1, 0, 0, 0, 0.05, 0, -0.01
15.5703, 1, 0, 0, 0, 0.05, 0, -0.01
15.5803, 1, 0, 0, 0, 0.05, 0, -0.01
15.5903, 1, 0, 0, 0, 0.05, 0, -0.01
15.6003, 1, 0, 0, 0, 0.05, 0, -0.01
15.6103, 1, 0, 0, 0, 0.05, 0, -0.01
15.6203, 1, 0, 0, 0, 0.05, 0, -0.01
15.6303, 1, 0, 0, 0, 0.05, 0, -0.01
15.6403, 1, 0, 0, 0, 0.05, 0, -0.01
15.6503, 1, 0, 0, 0, 0.05, 0, -0.01
15.6603, 1, 0, 0, 0, 0.05, 0, -0.01
15.6703, 1, 0, 0, 0, 0.05, 0, -0.01
15.6803, 1, 0, 0, 0, 0.05, 0, -0.01
15.6903, 1, 0, 0, 0, 0.05, 0, -0.01
15.7003, 1, 0, 0, 0, 0.05, 0, -0.01
15.7103, 1, 0, 0, 0, 0.05, 0, -0.01
15.7203, 1, 0, 0, 0, 0.05, 0, -0.01
15.7303, 1, 0, 0, 0, 0.05, 0, -0.01
15.7403, 1, 0, 0, 0, 0.05, 0, -0.01
15.7503, 1, 0, 0, 0, 0.05, 0, -0.01
15.7603, 1, 0, 0, 0, 0.05, 0, -0.01
15.7703, 1, 0, 0, 0, 0.05, 0, -0.01
15.7803, 1, 0, 0, 0, 0.05, 0, -0.01
15.7903, 1, 0, 0, 0, 0.05, 0, -0.01
15.8003, 1, 0, 0, 0, 0.05, 0, -0.01
15.8103, 1, 0, 0, 0, 0.05, 0, -0.01
15.8203, 1, 0, 0, 0, 0.05, 0, -0.01
15.8303, 1, 0, 0, 0, 0.05, 0, -0.01
15.8403, 1, 0, 0, 0, 0.05, 0, -0.01
15.8503, 1, 0, 0, 0, 0.05, 0, -0.01
15.8603, 1, 0, 0, 0, 0.05, 0, -0.01
15.8703, 1, 0, 0, 0, 0.05, 0, -0.01
15.8803, 1, 0, 0, 0, 0.05, 0, -0.01
15.8903, 1, 0, 0, 0, 0.05, 0, -0.01
15.9003, 1, 0, 0, 0, 0.05, 0, -0.01
15.9103, 1, 0, 0, 0, 0.05, 0, -0.01
15.9203, 1, 0, 0, 0, 0.05, 0, -0.01
15.9303, 1, 0, 0, 0, 0.05, 0, -0.01
15.9403, 1, 0, 0, 0, 0.05, 0, -0.01
15.9503, 1, 0, 0, 0, 0.05, 0, -0.01
15.9603, 1, 0, 0, 0, 0.05, 0, -0.01
15.9703, 1, 0, 0, 0, 0.05, 0, -0.01
15.9803, 1, 0, 0, 0, 0.05, 0, -0.01
15.9903, 1, 0, 0, 0, 0.05, 0, -0.01
16.0003, 1, 0, 0, 0, 0.05, 0, -0.01
16.0103, 1, 0, 0, 0, 0.05, 0, -0.01
16.0203, 1, 0, 0, 0, 0.05, 0, -0.01
16.0303, 1, 0, 0, 0, 0.05, 0, -0.01
16.0403, 1, 0, 0, 0, 0.05, 0, -0.01
16.0503, 1, 0, 0, 0, 0.05, 0, -0.01
16.0603, 1, 0, 0, 0, 0.05, 0, -0.01
16.0703, 1, 0, 0, 0, 0.05, 0, -0.01
16.0803, 1, 0, 0, 0, 0.05, 0, -0.01
16.0903, 1, 0, 0, 0, 0.05, 0, -0.01
16.1003, 1, 0, 0, 0, 0.05, 0, -0.01
16.1103, 1, 0, 0, 0, 0.05, 0, -0.01
16.1203, 1, 0, 0, 0, 0.05, 0, -0.01
16.1303, 1, 0, 0, 0, 0.05, 0, -0.01
16.1403, 1, 0, 0, 0, 0.05, 0, -0.01
16.1503, 1, 0, 0, 0, 0.05, 0, -0.01
16.1603, 1, 0, 0, 0, 0.05, 0, -0.01
16.1703, 1, 0, 0, 0, 0.05, 0, -0.01
16.1803, 1, 0, 0, 0, 0.05, 0, -0.01
16.1903, 1, 0, 0, 0, 0.05, 0, -0.01
16.2003, 1, 0, 0, 0, 0.05, 0, -0.01
16.2103, 1, 0, 0, 0, 0.05, 0, -0.01
16.2203, 1, 0, 0, 0, 0.05, 0, -0.01
16.2303, 1, 0, 0, 0, 0.05, 0, -0.01
16.2403, 1, 0, 0, 0, 0.05, 0, -0.01
16.2503, 1, 0, 0, 0, 0.05, 0, -0.01
16.2603, 1, 0, 0, 0, 0.05, 0, -0.01
16.2703, 1, 0, 0, 0, 0.05, 0, -0.01
16.2803, 1, 0, 0, 0, 0.05, 0, -0.01
16.2903, 1, 0, 0, 0, 0.05, 0, -0.01
16.3003, 1, 0, 0, 0, 0.05, 0, -0.01
16.3103, 1, 0, 0, 0, 0.05, 0, -0.01
16.3203, 1, 0, 0, 0, 0.05, 0, -0.01
16.3303, 1, 0, 0, 0, 0.05, 0, -0.01
16.3403, 1, 0, 0, 0, 0.05, 0, -0.01
16.3503, 1, 0, 0, 0, 0.05, 0, -0.01
16.3603, 1, 0, 0, 0, 0.05, 0, -0.01
16.3703, 1, 0, 0, 0, 0.05, 0, -0.01
16.3803, 1, 0, 0, 0, 0.05, 0, -0.01
16.3903, 1, 0, 0, 0, 0.05, 0, -0.01
16.4003, 1, 0, 0, 0, 0.05, 0, -0.01
16.4103, 1, 0, 0, 0, 0.05, 0, -0.01
16.4203, 1, 0, 0, 0, 0.05, 0, -0.01
16.4303, 1, 0, 0, 0, 0.05, 0, -0.01
16.4403, 1, 0, 0, 0, 0.05, 0, -0.01
16.4503, 1, 0, 0, 0, 0.05, 0, -0.01
16.4603, 1, 0, 0, 0, 0.05, 0, -0.01
16.4703, 1, 0, 0, 0, 0.05, 0, -0.01
16.4803, 1, 0, 0, 0, 0.05, 0, -0.01
16.4903, 1, 0, 0, 0, 0.05, 0, -0.01
16.5003, 1, 0, 0, 0, 0.05, 0, -0.01
16.5103, 1, 0, 0, 0, 0.05, 0, -0.01
16.5203, 1, 0, 0, 0, 0.05, 0, -0.01
16.5303, 1, 0, 0, 0, 0.05, 0, -0.01
16.5403, 1, 0, 0, 0, 0.05, 0, -0.01
16.5503, 1, 0, 0, 0, 0.05, 0, -0.01
16.5603, 1, 0, 0, 0, 0.05, 0, -0.01
16.5703, 1, 0, 0, 0, 0.05, 0, -0.01
16.5803, 1, 0, 0, 0, 0.05, 0, -0.01
16.5903, 1, 0, 0, 0, 0.05, 0, -0.01
16.6003, 1, 0, 0, 0, 0.05, 0, -0.01
16.6103, 1, 0, 0, 0, 0.05, 0, -0.01
16.6203, 1, 0, 0, 0, 0.05, 0, -0.01
16.6303, 1, 0, 0, 0, 0.05, 0, -0.01
16.6403, 1, 0, 0, 0, 0.05, 0, -0.01
16.6503, 1, 0, 0, 0, 0.05, 0, -0.01
16.6603, 1, 0, 0, 0, 0.05, 0, -0.01
16.6703, 1, 0, 0, 0, 0.05, 0, -0.01
16.6803, 1, 0, 0, 0, 0.05, 0, -0.01
16.6903, 1, 0, 0, 0, 0.05, 0, -0.01
16.7003, 1, 0, 0, 0, 0.05, 0, -0.01
16.7103, 1, 0, 0, 0, 0.05, 0, -0.01
16.7203, 1, 0, 0, 0, 0.05, 0, -0.01
16.7303, 1, 0, 0, 0, 0.05, 0, -0.01
16.7403, 1, 0, 0, 0, 0.05, 0, -0.01
16.7503, 1, 0, 0, 0, 0.05, 0, -0.01
16.7603, 1, 0, 0, 0, 0.05, 0, -0.01
16.7703, 1, 0, 0, 0, 0.05, 0, -0.01
16.7803, 1, 0, 0, 0, 0.05, 0, -0.01
16.7903, 1, 0, 0, 0, 0.05, 0, -0.01
16.8003, 1, 0, 0, 0, 0.05, 0, -0.01
16.8103, 1, 0, 0, 0, 0.05, 0, -0.01
16.8203, 1, 0, 0, 0, 0.05, 0, -0.01
16.8303, 1, 0, 0, 0, 0.05, 0, -0.01
16.8403, 1, 0, 0, 0, 0.05, 0, -0.01
16.8503, 1, 0, 0, 0, 0.05, 0, -0.01
16.8603, 1, 0, 0, 0, 0.05, 0, -0.01
16.8703, 1, 0, 0, 0, 0.05, 0, -0.01
16.8803, 1, 0, 0, 0, 0.05, 0, -0.01
16.8903, 1, 0, 0, 0, 0.05, 0, -0.01
16.9003, 1, 0, 0, 0, 0.05, 0, -0.01
16.9103, 1, 0, 0, 0, 0.05, 0, -0.01
16.9203, 1, 0, 0, 0, 0.05, 0, -0.01
16.9303, 1, 0, 0, 0, 0.05, 0, -0.01
16.9403, 1, 0, 0, 0, 0.05, 0, -0.01
16.9503, 1, 0, 0, 0, 0.05, 0, -0.01
16.9603, 1, 0, 0, 0, 0.05, 0, -0.01
16.9703, 1, 0, 0, 0, 0.05, 0, -0.01
16.9803, 1, 0, 0, 0, 0.05, 0, -0.01
16.9903, 1, 0, 0, 0, 0.05, 0, -0.01
17.0003, 1, 0, 0, 0, 0.05, 0, -0.01
17.0103, 1, 0, 0, 0, 0.05, 0, -0.01
17.0203, 1, 0, 0, 0, 0.05, 0, -0.01
17.0303, 1, 0, 0, 0, 0.05, 0, -0.01
17.0403, 1, 0, 0, 0, 0.05, 0, -0.01
17.0503, 1, 0, 0, 0, 0.05, 0, -0.01
17.0603, 1, 0, 0, 0, 0.05, 0, -0.01
17.0703, 1, 0, 0, 0, 0.05, 0, -0.01
17.0803, 1, 0, 0, 0, 0.05, 0, -0.01
17.0903, 1, 0, 0, 0, 0.05, 0, -0.01
17.1003, 1, 0, 0, 0, 0.05, 0, -0.01
17.1103, 1, 0, 0, 0, 0.05, 0, -0.01
17.1203, 1, 0, 0, 0, 0.05, 0, -0.01
17.1303, 1, 0, 0, 0, 0.05, 0, -0.01
17.1403, 1, 0, 0, 0, 0.05, 0, -0.01
17.1503, 1, 0, 0, 0, 0.05, 0, -0.01
17.1603, 1, 0, 0, 0, 0.05, 0, -0.01
17.1703, 1, 0, 0, 0, 0.05, 0, -0.01
17.1803, 1, 0, 0, 0, 0.05, 0, -0.01
17.1903, 1, 0, 0, 0, 0.05, 0, -0.01
17.2003, 1, 0, 0, 0, 0.05, 0, -0.01
17.2103, 1, 0, 0, 0, 0.05, 0, -0.01
17.2203, 1, 0, 0, 0, 0.05, 0, -0.01
17.2303, 1, 0, 0, 0, 0.05, 0, -0.01
17.2403, 1, 0, 0, 0, 0.05, 0, -0.01
17.2503, 1, 0, 0, 0, 0.05, 0, -0.01
17.2603, 1, 0, 0, 0, 0.05, 0, -0.01
17.2703, 1, 0, 0, 0, 0.05, 0, -0.01
17.2803, 1, 0, 0, 0, 0.05, 0, -0.01
17.2903, 1, 0, 0, 0, 0.05, 0, -0.01
17.3003, 1, 0, 0, 0, 0.05, 0, -0.01
17.3103, 1, 0, 0, 0, 0.05, 0, -0.01
17.3203, 1, 0, 0, 0, 0.05, 0, -0.01
17.3303, 1, 0, 0, 0, 0.05, 0, -0.01
17.3403, 1, 0, 0, 0, 0.05, 0, -0.01
17.3503, 1, 0, 0, 0, 0.05, 0, -0.01
17.3603, 1, 0, 0, 0, 0.05, 0, -0.01
17.3703, 1, 0, 0, 0, 0.05, 0, -0.01
17.3803, 1, 0, 0, 0, 0.05, 0, -0.01
17.3903, 1, 0, 0, 0, 0.05, 0, -0.01
17.4003, 1, 0, 0, 0, 0.05, 0, -0.01
17.4103, 1, 0, 0, 0, 0.05, 0, -0.01
17.4203, 1, 0, 0, 0, 0.05, 0, -0.01
17.4303, 1, 0, 0, 0, 0.05, 0, -0.01
17.4403, 1, 0, 0, 0, 0.05, 0, -0.01
17.4503, 1, 0, 0, 0, 0.05, 0, -0.01
17.4603, 1, 0, 0, 0, 0.05, 0, -0.01
17.4703, 1, 0, 0, 0, 0.05, 0, -0.01
17.4803, 1, 0, 0, 0, 0.05, 0, -0.01
17.4903, 1, 0, 0, 0, 0.05, 0, -0.01
17.5003, 1, 0, 0, 0, 0.05, 0, -0.01
17.5103, 1, 0, 0, 0, 0.05, 0, -0.01
17.5203, 1, 0, 0, 0, 0.05, 0, -0.01
17.5303, 1, 0, 0, 0, 0.05, 0, -0.01
17.5403, 1, 0, 0, 0, 0.05, 0, -0.01
17.5503, 1, 0, 0, 0, 0.05, 0, -0.01
17.5603, 1, 0, 0, 0, 0.05, 0, -0.01
17.5703, 1, 0, 0, 0, 0.05, 0, -0.01
17.5803, 1, 0, 0, 0, 0.05, 0, -0.01
17.5903, 1, 0, 0, 0, 0.05, 0, -0.01
17.6003, 1, 0, 0, 0, 0.05, 0, -0.01
17.6103, 1, 0, 0, 0, 0.05, 0, -0.01
17.6203, 1, 0, 0, 0, 0.05, 0, -0.01
17.6303, 1, 0, 0, 0, 0.05, 0, -0.01
17.6403, 1, 0, 0, 0, 0.05, 0, -0.01
17.6503, 1, 0, 0, 0, 0.05, 0, -0.01
17.6603, 1, 0, 0, 0, 0.05, 0, -0.01
17.6703, 1, 0, 0, 0, 0.05, 0, -0.01
17.6803, 1, 0, 0, 0, 0.05, 0, -0.01
17.6903, 1, 0, 0, 0, 0.05, 0, -0.01
17.7003, 1, 0, 0, 0, 0.05, 0, -0.01
17.7103, 1, 0, 0, 0, 0.05, 0, -0.01
17.7203, 1, 0, 0, 0, 0.05, 0, -0.01
17.7303, 1, 0, 0, 0, 0.05, 0, -0.01
17.7403, 1, 0, 0, 0, 0.05, 0, -0.01
17.7503, 1, 0, 0, 0, 0.05, 0, -0.01
17.7603, 1, 0, 0, 0, 0.05, 0, -0.01
17.7703, 1, 0, 0, 0, 0.05, 0, -0.01
17.7803, 1, 0, 0, 0, 0.05, 0, -0.01
17.7903, 1, 0, 0, 0, 0.05, 0, -0.01
17.8003, 1, 0, 0, 0, 0.05, 0, -0.01
17.8103, 1, 0, 0, 0, 0.05, 0, -0.01
17.8203, 1, 0, 0, 0, 0.05, 0, -0.01
17.8303, 1, 0, 0, 0, 0.05, 0, -0.01
17.8403, 1, 0, 0, 0, 0.05, 0, -0.01
17.8503, 1, 0, 0, 0, 0.05, 0, -0.01
17.8603, 1, 0, 0, 0, 0.05, 0, -0.01
17.8703, 1, 0, 0, 0, 0.05, 0, -0.01
17.8803, 1, 0, 0, 0, 0.05, 0, -0.01
17.8903, 1, 0, 0, 0, 0.05, 0, -0.01
17.9003, 1, 0, 0, 0, 0.05, 0, -0.01
17.9103, 1, 0, 0, 0, 0.05, 0, -0.01
17.9203, 1, 0, 0, 0, 0.05, 0, -0.01
17.9303, 1, 0, 0, 0, 0.05, 0, -0.01
17.9403, 1, 0, 0, 0, 0.05, 0, -0.01
17.9503, 1, 0, 0, 0, 0.05, 0, -0.01
17.9603, 1, 0, 0, 0, 0.05, 0, -0.01
17.9703, 1, 0, 0, 0, 0.05, 0, -0.01
17.9803, 1, 0, 0, 0, 0.05, 0, -0.01
17.9903, 1, 0, 0, 0, 0.05, 0, -0.01
18.0003, 1, 0, 0, 0, 0.05, 0, -0.01
18.0103, 1, 0, 0, 0, 0.05, 0, -0.01
18.0203, 1, 0, 0, 0, 0.05, 0, -0.01
18.0303, 1, 0, 0, 0, 0.05, 0, -0.01
18.0403, 1, 0, 0, 0, 0.05, 0, -0.01
18.0503, 1, 0, 0, 0, 0.05, 0, -0.01
18.0603, 1, 0, 0, 0, 0.05, 0, -0.01
18.0703, 1, 0, 0, 0, 0.05, 0, -0.01
18.0803, 1, 0, 0, 0, 0.05, 0, -0.01
18.0903, 1, 0, 0, 0, 0.05, 0, -0.01
18.1003, 1, 0, 0, 0, 0.05, 0, -0.01
18.1103, 1, 0, 0, 0, 0.05, 0, -0.01
18.1203, 1, 0, 0, 0, 0.05, 0, -0.01
18.1303, 1, 0, 0, 0, 0.05, 0, -0.01
18.1403, 1, 0, 0, 0, 0.05, 0, -0.01
18.1503, 1, 0, 0, 0, 0.05, 0, -0.01
18.1603, 1, 0, 0, 0, 0.05, 0, -0.01
18.1703, 1, 0, 0, 0, 0.05, 0, -0.01
18.1803, 1, 0, 0, 0, 0.05, 0, -0.01
18.1903, 1, 0, 0, 0, 0.05, 0, -0.01
18.2003, 1, 0, 0, 0, 0.05, 0, -0.01
18.2103, 1, 0, 0, 0, 0.05, 0, -0.01
18.2203, 1, 0, 0, 0, 0.05, 0, -0.01
18.2303, 1, 0, 0, 0, 0.05, 0, -0.01
18.2403, 1, 0, 0, 0, 0.05, 0, -0.01
18.2503, 1, 0, 0, 0, 0.05, 0, -0.01
18.2603, 1, 0, 0, 0, 0.05, 0, -0.01
18.2703, 1, 0, 0, 0, 0.05, 0, -0.01
18.2803, 1, 0, 0, 0, 0.05, 0, -0.01
18.2903, 1, 0, 0, 0, 0.05, 0, -0.01
18.3003, 1, 0, 0, 0, 0.05, 0, -0.01
18.3103, 1, 0, 0, 0, 0.05, 0, -0.01
18.3203, 1, 0, 0, 0, 0.05, 0, -0.01
18.3303, 1, 0, 0, 0, 0.05, 0, -0.01
18.3403, 1, 0, 0, 0, 0.05, 0, -0.01
18.3503, 1, 0, 0, 0, 0.05, 0, -0.01
18.3603, 1, 0, 0, 0, 0.05, 0, -0.01
18.3703, 1, 0, 0, 0, 0.05, 0, -0.01
18.3803, 1, 0, 0, 0, 0.05, 0, -0.01
18.3903, 1, 0, 0, 0, 0.05, 0, -0.01
18.4003, 1, 0, 0, 0, 0.05, 0, -0.01
18.4103, 1, 0, 0, 0, 0.05, 0, -0.01
18.4203, 1, 0, 0, 0, 0.05, 0, -0.01
18.4303, 1, 0, 0, 0, 0.05, 0, -0.01
18.4403, 1, 0, 0, 0, 0.05, 0, -0.01
18.4503, 1, 0, 0, 0, 0.05, 0, -0.01
18.4603, 1, 0, 0, 0, 0.05, 0, -0.01
18.4703, 1, 0, 0, 0, 0.05, 0, -0.01
18.4803, 1, 0, 0, 0, 0.05, 0, -0.01
18.4903, 1, 0, 0, 0, 0.05, 0, -0.01
18.5003, 1, 0, 0, 0, 0.05, 0, -0.01
18.5103, 1, 0, 0, 0, 0.05, 0, -0.01
18.5203, 1, 0, 0, 0, 0.05, 0, -0.01
18.5303, 1, 0, 0, 0, 0.05, 0, -0.01
18.5403, 1, 0, 0, 0, 0.05, 0, -0.01
18.5503, 1, 0, 0, 0, 0.05, 0, -0.01
18.5603, 1, 0, 0, 0, 0.05, 0, -0.01
18.5703, 1, 0, 0, 0, 0.05, 0, -0.01
18.5803, 1, 0, 0, 0, 0.05, 0, -0.01
18.5903, 1, 0, 0, 0, 0.05, 0, -0.01
18.6003, 1, 0, 0, 0, 0.05, 0, -0.01
18.6103, 1, 0, 0, 0, 0.05, 0, -0.01
18.6203, 1, 0, 0, 0, 0.05, 0, -0.01
18.6303, 1, 0, 0, 0, 0.05, 0, -0.01
18.6403, 1, 0, 0, 0, 0.05, 0, -0.01
18.6503, 1, 0, 0, 0, 0.05, 0, -0.01
18.6603, 1, 0, 0, 0, 0.05, 0, -0.01
18.6703, 1, 0, 0, 0, 0.05, 0, -0.01
18.6803, 1, 0, 0, 0, 0.05, 0, -0.01
18.6903, 1, 0, 0, 0, 0.05, 0, -0.01
18.7003, 1, 0, 0, 0, 0.05, 0, -0.01
18.7103, 1, 0, 0, 0, 0.05, 0, -0.01
18.7203, 1, 0, 0, 0, 0.05, 0, -0.01
18.7303, 1, 0, 0, 0, 0.05, 0, -0.01
18.7403, 1, 0, 0, 0, 0.05, 0, -0.01
18.7503, 1, 0, 0, 0, 0.05, 0, -0.01
18.7603, 1, 0, 0, 0, 0.05, 0, -0.01
18.7703, 1, 0, 0, 0, 0.05, 0, -0.01
18.7803, 1, 0, 0, 0, 0.05, 0, -0.01
18.7903, 1, 0, 0, 0, 0.05, 0, -0.01
18.8003, 1, 0, 0, 0, 0.05, 0, -0.01
18.8103, 1, 0, 0, 0, 0.05, 0, -0.01
18.8203, 1, 0, 0, 0, 0.05, 0, -0.01
18.8303, 1, 0, 0, 0, 0.05, 0, -0.01
18.8403, 1, 0, 0, 0, 0.05, 0, -0.01
18.8503, 1, 0, 0, 0, 0.05, 0, -0.01
18.8603, 1, 0, 0, 0, 0.05, 0, -0.01
18.8703, 1, 0, 0, 0, 0.05, 0, -0.01
18.8803, 1, 0, 0, 0, 0.05, 0, -0.01
18.8903, 1, 0, 0, 0, 0.05, 0, -0.01
18.9003, 1, 0, 0, 0, 0.05, 0, -0.01
18.9103, 1, 0, 0, 0, 0.05, 0, -0.01
18.9203, 1, 0, 0, 0, 0.05, 0, -0.01
18.9303, 1, 0, 0, 0, 0.05, 0, -0.01
18.9403, 1, 0, 0, 0, 0.05, 0, -0.01
18.9503, 1, 0, 0, 0, 0.05, 0, -0.01
18.9603, 1, 0, 0, 0, 0.05, 0, -0.01
18.9703, 1, 0, 0, 0, 0.05, 0, -0.01
18.9803, 1, 0, 0, 0, 0.05, 0, -0.01
18.9903, 1, 0, 0, 0, 0.05, 0, -0.01
19.0003, 1, 0, 0, 0, 0.05, 0, -0.01
19.0103, 1, 0, 0, 0, 0.05, 0, -0.01
19.0203, 1, 0, 0, 0, 0.05, 0, -0.01
19.0303, 1, 0, 0, 0, 0.05, 0, -0.01
19.0403, 1, 0, 0, 0, 0.05, 0, -0.01
19.0503, 1, 0, 0, 0, 0.05, 0, -0.01
19.0603, 1, 0, 0, 0, 0.05, 0, -0.01
19.0703, 1, 0, 0, 0, 0.05, 0, -0.01
19.0803, 1, 0, 0, 0, 0.05, 0, -0.01
19.0903, 1, 0, 0, 0, 0.05, 0, -0.01
19.1003, 1, 0, 0, 0, 0.05, 0, -0.01
19.1103, 1, 0, 0, 0, 0.05, 0, -0.01
19.1203, 1, 0, 0, 0, 0.05, 0, -0.01
19.1303, 1, 0, 0, 0, 0.05, 0, -0.01
19.1403, 1, 0, 0, 0, 0.05, 0, -0.01
19.1503, 1, 0, 0, 0, 0.05, 0, -0.01
19.1603, 1, 0, 0, 0, 0.05, 0, -0.01
19.1703, 1, 0, 0, 0, 0.05, 0, -0.01
19.1803, 1, 0, 0, 0, 0.05, 0, -0.01
19.1903, 1, 0, 0, 0, 0.05, 0, -0.01
19.2003, 1, 0, 0, 0, 0.05, 0, -0.01
19.2103, 1, 0, 0, 0, 0.05, 0, -0.01
19.2203, 1, 0, 0, 0, 0.05, 0, -0.01
19.2303, 1, 0, 0, 0, 0.05, 0, -0.01
19.2403, 1, 0, 0, 0, 0.05, 0, -0.01
19.2503, 1, 0, 0, 0, 0.05, 0, -0.01
19.2603, 1, 0, 0, 0, 0.05, 0, -0.01
19.2703, 1, 0, 0, 0, 0.05, 0, -0.01
19.2803, 1, 0, 0, 0, 0.05, 0, -0.01
19.2903, 1, 0, 0, 0, 0.05, 0, -0.01
19.3003, 1, 0, 0, 0, 0.05, 0, -0.01
19.3103, 1, 0, 0, 0, 0.05, 0, -0.01
19.3203, 1, 0, 0, 0, 0.05, 0, -0.01
19.3303, 1, 0, 0, 0, 0.05, 0, -0.01
19.3403, 1, 0, 0, 0, 0.05, 0, -0.01
19.3503, 1, 0, 0, 0, 0.05, 0, -0.01
19.3603, 1, 0, 0, 0, 0.05, 0, -0.01
19.3703, 1, 0, 0, 0, 0.05, 0, -0.01
19.3803, 1, 0, 0, 0, 0.05, 0, -0.01
19.3903, 1, 0, 0, 0, 0.05, 0, -0.01
19.4003, 1, 0, 0, 0, 0.05, 0, -0.01
19.4103, 1, 0, 0, 0, 0.05, 0, -0.01
19.4203, 1, 0, 0, 0, 0.05, 0, -0.01
19.4303, 1, 0, 0, 0, 0.05, 0, -0.01
19.4403, 1, 0, 0, 0, 0.05, 0, -0.01
19.4503, 1, 0, 0, 0, 0.05, 0, -0.01
19.4604, 1, 0, 0, 0, 0.05, 0, -0.01
19.4704, 1, 0, 0, 0, 0.05, 0, -0.01
19.4804, 1, 0, 0, 0, 0.05, 0, -0.01
19.4904, 1, 0, 0, 0, 0.05, 0, -0.01
19.5004, 1, 0, 0, 0, 0.05, 0, -0.01
19.5104, 1, 0, 0, 0, 0.05, 0, -0.01
19.5204, 1, 0, 0, 0, 0.05, 0, -0.01
19.5304, 1, 0, 0, 0, 0.05, 0, -0.01
19.5404, 1, 0, 0, 0, 0.05, 0, -0.01
19.5504, 1, 0, 0, 0, 0.05, 0, -0.01
19.5604, 1, 0, 0, 0, 0.05, 0, -0.01
19.5704, 1, 0, 0, 0, 0.05, 0, -0.01
19.5804, 1, 0, 0, 0, 0.05, 0, -0.01
19.5904, 1, 0, 0, 0, 0.05, 0, -0.01
19.6004, 1, 0, 0, 0, 0.05, 0, -0.01
19.6104, 1, 0, 0, 0, 0.05, 0, -0.01
19.6204, 1, 0, 0, 0, 0.05, 0, -0.01
19.6304, 1, 0, 0, 0, 0.05, 0, -0.01
19.6404, 1, 0, 0, 0, 0.05, 0, -0.01
19.6504, 1, 0, 0, 0, 0.05, 0, -0.01
19.6604, 1, 0, 0, 0, 0.05, 0, -0.01
19.6704, 1, 0, 0, 0, 0.05, 0, -0.01
19.6804, 1, 0, 0, 0, 0.05, 0, -0.01
19.6904, 1, 0, 0, 0, 0.05, 0, -0.01
19.7004, 1, 0, 0, 0, 0.05, 0, -0.01
19.7104, 1, 0, 0, 0, 0.05, 0, -0.01
19.7204, 1, 0, 0, 0, 0.05, 0, -0.01
19.7304, 1, 0, 0, 0, 0.05, 0, -0.01
19.7404, 1, 0, 0, 0, 0.05, 0, -0.01
19.7504, 1, 0, 0, 0, 0.05, 0, -0.01
19.7604, 1, 0, 0, 0, 0.05, 0, -0.01
19.7704, 1, 0, 0, 0, 0.05, 0, -0.01
19.7804, 1, 0, 0, 0, 0.05, 0, -0.01
19.7904, 1, 0, 0, 0, 0.05, 0, -0.01
19.8004, 1, 0, 0, 0, 0.05, 0, -0.01
19.8104, 1, 0, 0, 0, 0.05, 0, -0.01
19.8204, 1, 0, 0, 0, 0.05, 0, -0.01
19.8304, 1, 0, 0, 0, 0.05, 0, -0.01
19.8404, 1, 0, 0, 0, 0.05, 0, -0.01
19.8504, 1, 0, 0, 0, 0.05, 0, -0.01
19.8604, 1, 0, 0, 0, 0.05, 0, -0.01
19.8704, 1, 0, 0, 0, 0.05, 0, -0.01
19.8804, 1, 0, 0, 0, 0.05, 0, -0.01
19.8904, 1, 0, 0, 0, 0.05, 0, -0.01
19.9004, 1, 0, 0, 0, 0.05, 0, -0.01
19.9104, 1, 0, 0, 0, 0.05, 0, -0.01
19.9204, 1, 0, 0, 0, 0.05, 0, -0.01
19.9304, 1, 0, 0, 0, 0.05, 0, -0.01
19.9404, 1, 0, 0, 0, 0.05, 0, -0.01
19.9504, 1, 0, 0, 0, 0.05, 0, -0.01
19.9604, 1, 0, 0, 0, 0.05, 0, -0.01
19.9704, 1, 0, 0, 0, 0.05, 0, -0.01
19.9804, 1, 0, 0, 0, 0.05, 0, -0.01
19.9904, 1, 0, 0, 0, 0.05, 0, -0.01
